ARM GAS  C:\Users\Jeremias\AppData\Local\Temp\ccwtdESe.s 			page 1


   1              		.syntax unified
   2              		.cpu cortex-m0
   3              		.fpu softvfp
   4              		.eabi_attribute 20, 1
   5              		.eabi_attribute 21, 1
   6              		.eabi_attribute 23, 3
   7              		.eabi_attribute 24, 1
   8              		.eabi_attribute 25, 1
   9              		.eabi_attribute 26, 1
  10              		.eabi_attribute 30, 1
  11              		.eabi_attribute 34, 0
  12              		.eabi_attribute 18, 4
  13              		.thumb
  14              		.syntax unified
  15              		.file	"cyfitter_cfg.c"
  16              		.text
  17              	.Ltext0:
  18              		.cfi_sections	.debug_frame
  19              		.section	.text.CYMEMZERO,"ax",%progbits
  20              		.align	2
  21              		.code	16
  22              		.thumb_func
  23              		.type	CYMEMZERO, %function
  24              	CYMEMZERO:
  25              	.LFB0:
  26              		.file 1 "Generated_Source\\PSoC4\\cyfitter_cfg.c"
   1:Generated_Source\PSoC4/cyfitter_cfg.c **** 
   2:Generated_Source\PSoC4/cyfitter_cfg.c **** /*******************************************************************************
   3:Generated_Source\PSoC4/cyfitter_cfg.c **** * File Name: cyfitter_cfg.c
   4:Generated_Source\PSoC4/cyfitter_cfg.c **** * 
   5:Generated_Source\PSoC4/cyfitter_cfg.c **** * PSoC Creator  4.4
   6:Generated_Source\PSoC4/cyfitter_cfg.c **** *
   7:Generated_Source\PSoC4/cyfitter_cfg.c **** * Description:
   8:Generated_Source\PSoC4/cyfitter_cfg.c **** * This file contains device initialization code.
   9:Generated_Source\PSoC4/cyfitter_cfg.c **** * Except for the user defined sections in CyClockStartupError(), this file should not be modified.
  10:Generated_Source\PSoC4/cyfitter_cfg.c **** * This file is automatically generated by PSoC Creator.
  11:Generated_Source\PSoC4/cyfitter_cfg.c **** *
  12:Generated_Source\PSoC4/cyfitter_cfg.c **** ********************************************************************************
  13:Generated_Source\PSoC4/cyfitter_cfg.c **** * Copyright (c) 2007-2020 Cypress Semiconductor.  All rights reserved.
  14:Generated_Source\PSoC4/cyfitter_cfg.c **** * You may use this file only in accordance with the license, terms, conditions, 
  15:Generated_Source\PSoC4/cyfitter_cfg.c **** * disclaimers, and limitations in the end user license agreement accompanying 
  16:Generated_Source\PSoC4/cyfitter_cfg.c **** * the software package with which this file was provided.
  17:Generated_Source\PSoC4/cyfitter_cfg.c **** ********************************************************************************/
  18:Generated_Source\PSoC4/cyfitter_cfg.c **** 
  19:Generated_Source\PSoC4/cyfitter_cfg.c **** #include <string.h>
  20:Generated_Source\PSoC4/cyfitter_cfg.c **** #include "cytypes.h"
  21:Generated_Source\PSoC4/cyfitter_cfg.c **** #include "cydevice_trm.h"
  22:Generated_Source\PSoC4/cyfitter_cfg.c **** #include "cyfitter.h"
  23:Generated_Source\PSoC4/cyfitter_cfg.c **** #include "CyLib.h"
  24:Generated_Source\PSoC4/cyfitter_cfg.c **** #include "CyLFClk.h"
  25:Generated_Source\PSoC4/cyfitter_cfg.c **** #include "cyfitter_cfg.h"
  26:Generated_Source\PSoC4/cyfitter_cfg.c **** #include "cyapicallbacks.h"
  27:Generated_Source\PSoC4/cyfitter_cfg.c **** 
  28:Generated_Source\PSoC4/cyfitter_cfg.c **** 
  29:Generated_Source\PSoC4/cyfitter_cfg.c **** #if defined(__GNUC__) || defined(__ARMCC_VERSION)
  30:Generated_Source\PSoC4/cyfitter_cfg.c ****     #define CYPACKED 
  31:Generated_Source\PSoC4/cyfitter_cfg.c ****     #define CYPACKED_ATTR __attribute__ ((packed))
ARM GAS  C:\Users\Jeremias\AppData\Local\Temp\ccwtdESe.s 			page 2


  32:Generated_Source\PSoC4/cyfitter_cfg.c ****     #define CYALIGNED __attribute__ ((aligned))
  33:Generated_Source\PSoC4/cyfitter_cfg.c ****     #define CY_CFG_UNUSED __attribute__ ((unused))
  34:Generated_Source\PSoC4/cyfitter_cfg.c ****     #ifndef CY_CFG_SECTION
  35:Generated_Source\PSoC4/cyfitter_cfg.c ****         #define CY_CFG_SECTION __attribute__ ((section(".psocinit")))
  36:Generated_Source\PSoC4/cyfitter_cfg.c ****     #endif
  37:Generated_Source\PSoC4/cyfitter_cfg.c ****     
  38:Generated_Source\PSoC4/cyfitter_cfg.c ****     #if defined(__ARMCC_VERSION)
  39:Generated_Source\PSoC4/cyfitter_cfg.c ****         #define CY_CFG_MEMORY_BARRIER() __memory_changed()
  40:Generated_Source\PSoC4/cyfitter_cfg.c ****     #else
  41:Generated_Source\PSoC4/cyfitter_cfg.c ****         #define CY_CFG_MEMORY_BARRIER() __sync_synchronize()
  42:Generated_Source\PSoC4/cyfitter_cfg.c ****     #endif
  43:Generated_Source\PSoC4/cyfitter_cfg.c ****     
  44:Generated_Source\PSoC4/cyfitter_cfg.c **** #elif defined(__ICCARM__)
  45:Generated_Source\PSoC4/cyfitter_cfg.c ****     #include <intrinsics.h>
  46:Generated_Source\PSoC4/cyfitter_cfg.c **** 
  47:Generated_Source\PSoC4/cyfitter_cfg.c ****     #define CYPACKED __packed
  48:Generated_Source\PSoC4/cyfitter_cfg.c ****     #define CYPACKED_ATTR 
  49:Generated_Source\PSoC4/cyfitter_cfg.c ****     #define CYALIGNED _Pragma("data_alignment=4")
  50:Generated_Source\PSoC4/cyfitter_cfg.c ****     #define CY_CFG_UNUSED _Pragma("diag_suppress=Pe177")
  51:Generated_Source\PSoC4/cyfitter_cfg.c ****     #define CY_CFG_SECTION _Pragma("location=\".psocinit\"")
  52:Generated_Source\PSoC4/cyfitter_cfg.c ****     
  53:Generated_Source\PSoC4/cyfitter_cfg.c ****     #define CY_CFG_MEMORY_BARRIER() __DMB()
  54:Generated_Source\PSoC4/cyfitter_cfg.c ****     
  55:Generated_Source\PSoC4/cyfitter_cfg.c **** #else
  56:Generated_Source\PSoC4/cyfitter_cfg.c ****     #error Unsupported toolchain
  57:Generated_Source\PSoC4/cyfitter_cfg.c **** #endif
  58:Generated_Source\PSoC4/cyfitter_cfg.c **** 
  59:Generated_Source\PSoC4/cyfitter_cfg.c **** #ifndef CYCODE
  60:Generated_Source\PSoC4/cyfitter_cfg.c ****     #define CYCODE
  61:Generated_Source\PSoC4/cyfitter_cfg.c **** #endif
  62:Generated_Source\PSoC4/cyfitter_cfg.c **** #ifndef CYDATA
  63:Generated_Source\PSoC4/cyfitter_cfg.c ****     #define CYDATA
  64:Generated_Source\PSoC4/cyfitter_cfg.c **** #endif
  65:Generated_Source\PSoC4/cyfitter_cfg.c **** #ifndef CYFAR
  66:Generated_Source\PSoC4/cyfitter_cfg.c ****     #define CYFAR
  67:Generated_Source\PSoC4/cyfitter_cfg.c **** #endif
  68:Generated_Source\PSoC4/cyfitter_cfg.c **** #ifndef CYXDATA
  69:Generated_Source\PSoC4/cyfitter_cfg.c ****     #define CYXDATA
  70:Generated_Source\PSoC4/cyfitter_cfg.c **** #endif
  71:Generated_Source\PSoC4/cyfitter_cfg.c **** 
  72:Generated_Source\PSoC4/cyfitter_cfg.c **** 
  73:Generated_Source\PSoC4/cyfitter_cfg.c **** CY_CFG_UNUSED
  74:Generated_Source\PSoC4/cyfitter_cfg.c **** static void CYMEMZERO(void *s, size_t n);
  75:Generated_Source\PSoC4/cyfitter_cfg.c **** CY_CFG_UNUSED
  76:Generated_Source\PSoC4/cyfitter_cfg.c **** static void CYMEMZERO(void *s, size_t n)
  77:Generated_Source\PSoC4/cyfitter_cfg.c **** {
  27              		.loc 1 77 0
  28              		.cfi_startproc
  29              		@ args = 0, pretend = 0, frame = 0
  30              		@ frame_needed = 0, uses_anonymous_args = 0
  31              	.LVL0:
  32 0000 10B5     		push	{r4, lr}
  33              		.cfi_def_cfa_offset 8
  34              		.cfi_offset 4, -8
  35              		.cfi_offset 14, -4
  36 0002 0A00     		movs	r2, r1
  78:Generated_Source\PSoC4/cyfitter_cfg.c **** 	(void)memset(s, 0, n);
ARM GAS  C:\Users\Jeremias\AppData\Local\Temp\ccwtdESe.s 			page 3


  37              		.loc 1 78 0
  38 0004 0021     		movs	r1, #0
  39              	.LVL1:
  40 0006 FFF7FEFF 		bl	memset
  41              	.LVL2:
  79:Generated_Source\PSoC4/cyfitter_cfg.c **** }
  42              		.loc 1 79 0
  43              		@ sp needed
  44 000a 10BD     		pop	{r4, pc}
  45              		.cfi_endproc
  46              	.LFE0:
  47              		.size	CYMEMZERO, .-CYMEMZERO
  48              		.section	.psocinit,"ax",%progbits
  49              		.align	2
  50              		.code	16
  51              		.thumb_func
  52              		.type	ClockSetup, %function
  53              	ClockSetup:
  54              	.LFB3:
  80:Generated_Source\PSoC4/cyfitter_cfg.c **** CY_CFG_UNUSED
  81:Generated_Source\PSoC4/cyfitter_cfg.c **** static void CYCONFIGCPY(void *dest, const void *src, size_t n);
  82:Generated_Source\PSoC4/cyfitter_cfg.c **** CY_CFG_UNUSED
  83:Generated_Source\PSoC4/cyfitter_cfg.c **** static void CYCONFIGCPY(void *dest, const void *src, size_t n)
  84:Generated_Source\PSoC4/cyfitter_cfg.c **** {
  85:Generated_Source\PSoC4/cyfitter_cfg.c **** 	(void)memcpy(dest, src, n);
  86:Generated_Source\PSoC4/cyfitter_cfg.c **** }
  87:Generated_Source\PSoC4/cyfitter_cfg.c **** CY_CFG_UNUSED
  88:Generated_Source\PSoC4/cyfitter_cfg.c **** static void CYCONFIGCPYCODE(void *dest, const void *src, size_t n);
  89:Generated_Source\PSoC4/cyfitter_cfg.c **** CY_CFG_UNUSED
  90:Generated_Source\PSoC4/cyfitter_cfg.c **** static void CYCONFIGCPYCODE(void *dest, const void *src, size_t n)
  91:Generated_Source\PSoC4/cyfitter_cfg.c **** {
  92:Generated_Source\PSoC4/cyfitter_cfg.c **** 	(void)memcpy(dest, src, n);
  93:Generated_Source\PSoC4/cyfitter_cfg.c **** }
  94:Generated_Source\PSoC4/cyfitter_cfg.c **** 
  95:Generated_Source\PSoC4/cyfitter_cfg.c **** 
  96:Generated_Source\PSoC4/cyfitter_cfg.c **** 
  97:Generated_Source\PSoC4/cyfitter_cfg.c **** 
  98:Generated_Source\PSoC4/cyfitter_cfg.c **** /* Clock startup error codes                                                   */
  99:Generated_Source\PSoC4/cyfitter_cfg.c **** #define CYCLOCKSTART_NO_ERROR    0u
 100:Generated_Source\PSoC4/cyfitter_cfg.c **** #define CYCLOCKSTART_XTAL_ERROR  1u
 101:Generated_Source\PSoC4/cyfitter_cfg.c **** #define CYCLOCKSTART_32KHZ_ERROR 2u
 102:Generated_Source\PSoC4/cyfitter_cfg.c **** #define CYCLOCKSTART_PLL_ERROR   3u
 103:Generated_Source\PSoC4/cyfitter_cfg.c **** #define CYCLOCKSTART_FLL_ERROR   4u
 104:Generated_Source\PSoC4/cyfitter_cfg.c **** #define CYCLOCKSTART_WCO_ERROR   5u
 105:Generated_Source\PSoC4/cyfitter_cfg.c **** 
 106:Generated_Source\PSoC4/cyfitter_cfg.c **** 
 107:Generated_Source\PSoC4/cyfitter_cfg.c **** #ifdef CY_NEED_CYCLOCKSTARTUPERROR
 108:Generated_Source\PSoC4/cyfitter_cfg.c **** /*******************************************************************************
 109:Generated_Source\PSoC4/cyfitter_cfg.c **** * Function Name: CyClockStartupError
 110:Generated_Source\PSoC4/cyfitter_cfg.c **** ********************************************************************************
 111:Generated_Source\PSoC4/cyfitter_cfg.c **** * Summary:
 112:Generated_Source\PSoC4/cyfitter_cfg.c **** *  If an error is encountered during clock configuration (crystal startup error,
 113:Generated_Source\PSoC4/cyfitter_cfg.c **** *  PLL lock error, etc.), the system will end up here.  Unless reimplemented by
 114:Generated_Source\PSoC4/cyfitter_cfg.c **** *  the customer, this function will stop in an infinite loop.
 115:Generated_Source\PSoC4/cyfitter_cfg.c **** *
 116:Generated_Source\PSoC4/cyfitter_cfg.c **** * Parameters:
 117:Generated_Source\PSoC4/cyfitter_cfg.c **** *   void
ARM GAS  C:\Users\Jeremias\AppData\Local\Temp\ccwtdESe.s 			page 4


 118:Generated_Source\PSoC4/cyfitter_cfg.c **** *
 119:Generated_Source\PSoC4/cyfitter_cfg.c **** * Return:
 120:Generated_Source\PSoC4/cyfitter_cfg.c **** *   void
 121:Generated_Source\PSoC4/cyfitter_cfg.c **** *
 122:Generated_Source\PSoC4/cyfitter_cfg.c **** *******************************************************************************/
 123:Generated_Source\PSoC4/cyfitter_cfg.c **** CY_CFG_UNUSED
 124:Generated_Source\PSoC4/cyfitter_cfg.c **** static void CyClockStartupError(uint8 errorCode);
 125:Generated_Source\PSoC4/cyfitter_cfg.c **** CY_CFG_UNUSED
 126:Generated_Source\PSoC4/cyfitter_cfg.c **** static void CyClockStartupError(uint8 errorCode)
 127:Generated_Source\PSoC4/cyfitter_cfg.c **** {
 128:Generated_Source\PSoC4/cyfitter_cfg.c ****     /* To remove the compiler warning if errorCode not used.                */
 129:Generated_Source\PSoC4/cyfitter_cfg.c ****     errorCode = errorCode;
 130:Generated_Source\PSoC4/cyfitter_cfg.c **** 
 131:Generated_Source\PSoC4/cyfitter_cfg.c ****     /* If we have a clock startup error (bad MHz crystal, PLL lock, etc.),  */
 132:Generated_Source\PSoC4/cyfitter_cfg.c ****     /* we will end up here to allow the customer to implement something to  */
 133:Generated_Source\PSoC4/cyfitter_cfg.c ****     /* deal with the clock condition.                                       */
 134:Generated_Source\PSoC4/cyfitter_cfg.c **** 
 135:Generated_Source\PSoC4/cyfitter_cfg.c **** #ifdef CY_CFG_CLOCK_STARTUP_ERROR_CALLBACK
 136:Generated_Source\PSoC4/cyfitter_cfg.c ****     CY_CFG_Clock_Startup_ErrorCallback();
 137:Generated_Source\PSoC4/cyfitter_cfg.c **** #else
 138:Generated_Source\PSoC4/cyfitter_cfg.c ****     /*  If not using CY_CFG_CLOCK_STARTUP_ERROR_CALLBACK, place your clock startup code here. */
 139:Generated_Source\PSoC4/cyfitter_cfg.c ****     /* `#START CyClockStartupError` */
 140:Generated_Source\PSoC4/cyfitter_cfg.c **** 
 141:Generated_Source\PSoC4/cyfitter_cfg.c **** 
 142:Generated_Source\PSoC4/cyfitter_cfg.c **** 
 143:Generated_Source\PSoC4/cyfitter_cfg.c ****     /* `#END` */
 144:Generated_Source\PSoC4/cyfitter_cfg.c **** 
 145:Generated_Source\PSoC4/cyfitter_cfg.c ****     while(1) {}
 146:Generated_Source\PSoC4/cyfitter_cfg.c **** #endif /* CY_CFG_CLOCK_STARTUP_ERROR_CALLBACK */
 147:Generated_Source\PSoC4/cyfitter_cfg.c **** }
 148:Generated_Source\PSoC4/cyfitter_cfg.c **** #endif
 149:Generated_Source\PSoC4/cyfitter_cfg.c **** 
 150:Generated_Source\PSoC4/cyfitter_cfg.c **** 
 151:Generated_Source\PSoC4/cyfitter_cfg.c **** 
 152:Generated_Source\PSoC4/cyfitter_cfg.c **** /*******************************************************************************
 153:Generated_Source\PSoC4/cyfitter_cfg.c **** * Function Name: ClockSetup
 154:Generated_Source\PSoC4/cyfitter_cfg.c **** ********************************************************************************
 155:Generated_Source\PSoC4/cyfitter_cfg.c **** *
 156:Generated_Source\PSoC4/cyfitter_cfg.c **** * Summary:
 157:Generated_Source\PSoC4/cyfitter_cfg.c **** *   Performs the initialization of all of the clocks in the device based on the
 158:Generated_Source\PSoC4/cyfitter_cfg.c **** *   settings in the Clock tab of the DWR.  This includes enabling the requested
 159:Generated_Source\PSoC4/cyfitter_cfg.c **** *   clocks and setting the necessary dividers to produce the desired frequency. 
 160:Generated_Source\PSoC4/cyfitter_cfg.c **** *
 161:Generated_Source\PSoC4/cyfitter_cfg.c **** * Parameters:
 162:Generated_Source\PSoC4/cyfitter_cfg.c **** *   void
 163:Generated_Source\PSoC4/cyfitter_cfg.c **** *
 164:Generated_Source\PSoC4/cyfitter_cfg.c **** * Return:
 165:Generated_Source\PSoC4/cyfitter_cfg.c **** *   void
 166:Generated_Source\PSoC4/cyfitter_cfg.c **** *
 167:Generated_Source\PSoC4/cyfitter_cfg.c **** *******************************************************************************/
 168:Generated_Source\PSoC4/cyfitter_cfg.c **** static void ClockSetup(void);
 169:Generated_Source\PSoC4/cyfitter_cfg.c **** CY_CFG_SECTION
 170:Generated_Source\PSoC4/cyfitter_cfg.c **** static void ClockSetup(void)
 171:Generated_Source\PSoC4/cyfitter_cfg.c **** {
  55              		.loc 1 171 0
  56              		.cfi_startproc
  57              		@ args = 0, pretend = 0, frame = 0
ARM GAS  C:\Users\Jeremias\AppData\Local\Temp\ccwtdESe.s 			page 5


  58              		@ frame_needed = 0, uses_anonymous_args = 0
  59 0000 70B5     		push	{r4, r5, r6, lr}
  60              		.cfi_def_cfa_offset 16
  61              		.cfi_offset 4, -16
  62              		.cfi_offset 5, -12
  63              		.cfi_offset 6, -8
  64              		.cfi_offset 14, -4
 172:Generated_Source\PSoC4/cyfitter_cfg.c **** 	/* Enable HALF_EN before trimming for the flash accelerator. */
 173:Generated_Source\PSoC4/cyfitter_cfg.c **** 	CY_SET_REG32((void CYXDATA *)(CYREG_CLK_SELECT), (CY_GET_REG32((void *)CYREG_CLK_SELECT) | 0x00040
  65              		.loc 1 173 0
  66 0002 114C     		ldr	r4, .L3
  67 0004 2368     		ldr	r3, [r4]
  68 0006 8025     		movs	r5, #128
  69 0008 ED02     		lsls	r5, r5, #11
  70 000a 2B43     		orrs	r3, r5
  71 000c 2360     		str	r3, [r4]
 174:Generated_Source\PSoC4/cyfitter_cfg.c **** 
 175:Generated_Source\PSoC4/cyfitter_cfg.c **** 	/* Setup and trim IMO based on desired frequency. */
 176:Generated_Source\PSoC4/cyfitter_cfg.c **** 	CySysClkWriteImoFreq(48u);
  72              		.loc 1 176 0
  73 000e 3020     		movs	r0, #48
  74 0010 FFF7FEFF 		bl	CySysClkWriteImoFreq
  75              	.LVL3:
 177:Generated_Source\PSoC4/cyfitter_cfg.c **** 	/* CYDEV_CLK_ILO_CONFIG Starting address: CYDEV_CLK_ILO_CONFIG */
 178:Generated_Source\PSoC4/cyfitter_cfg.c **** 	CY_SET_REG32((void *)(CYREG_CLK_ILO_CONFIG), 0x80000006u);
  76              		.loc 1 178 0
  77 0014 0D4A     		ldr	r2, .L3+4
  78 0016 0E4B     		ldr	r3, .L3+8
  79 0018 1A60     		str	r2, [r3]
 179:Generated_Source\PSoC4/cyfitter_cfg.c **** 
 180:Generated_Source\PSoC4/cyfitter_cfg.c **** 
 181:Generated_Source\PSoC4/cyfitter_cfg.c **** 	/* CYDEV_CLK_SELECT00 Starting address: CYDEV_CLK_SELECT00 */
 182:Generated_Source\PSoC4/cyfitter_cfg.c **** 	CY_SET_REG32((void *)(CYREG_CLK_SELECT10), 0x00000010u);
  80              		.loc 1 182 0
  81 001a 1022     		movs	r2, #16
  82 001c 0D4B     		ldr	r3, .L3+12
  83 001e 1A60     		str	r2, [r3]
 183:Generated_Source\PSoC4/cyfitter_cfg.c **** 
 184:Generated_Source\PSoC4/cyfitter_cfg.c **** 	/* CYDEV_CLK_IMO_CONFIG Starting address: CYDEV_CLK_IMO_CONFIG */
 185:Generated_Source\PSoC4/cyfitter_cfg.c **** 	CY_SET_REG32((void *)(CYREG_CLK_IMO_CONFIG), 0x80000000u);
  84              		.loc 1 185 0
  85 0020 8022     		movs	r2, #128
  86 0022 1206     		lsls	r2, r2, #24
  87 0024 0C4B     		ldr	r3, .L3+16
  88 0026 1A60     		str	r2, [r3]
 186:Generated_Source\PSoC4/cyfitter_cfg.c **** 
 187:Generated_Source\PSoC4/cyfitter_cfg.c **** 	/* CYDEV_CLK_SELECT Starting address: CYDEV_CLK_SELECT */
 188:Generated_Source\PSoC4/cyfitter_cfg.c **** 	CY_SET_REG32((void *)(CYREG_CLK_SELECT), 0x00040000u);
  89              		.loc 1 188 0
  90 0028 2560     		str	r5, [r4]
 189:Generated_Source\PSoC4/cyfitter_cfg.c **** 
 190:Generated_Source\PSoC4/cyfitter_cfg.c **** 	/* CYDEV_CLK_DIVIDER_A00 Starting address: CYDEV_CLK_DIVIDER_A00 */
 191:Generated_Source\PSoC4/cyfitter_cfg.c **** 	CY_SET_REG32((void *)(CYREG_CLK_DIVIDER_A00), 0x8000002Fu);
  91              		.loc 1 191 0
  92 002a 0C4A     		ldr	r2, .L3+20
  93 002c 0C4B     		ldr	r3, .L3+24
  94 002e 1A60     		str	r2, [r3]
ARM GAS  C:\Users\Jeremias\AppData\Local\Temp\ccwtdESe.s 			page 6


 192:Generated_Source\PSoC4/cyfitter_cfg.c **** 
 193:Generated_Source\PSoC4/cyfitter_cfg.c **** 	(void)CyIntSetVector(9u, &CySysWdtIsr);
  95              		.loc 1 193 0
  96 0030 0C49     		ldr	r1, .L3+28
  97 0032 0920     		movs	r0, #9
  98 0034 FFF7FEFF 		bl	CyIntSetVector
  99              	.LVL4:
 194:Generated_Source\PSoC4/cyfitter_cfg.c **** 	CyIntEnable(9u);
 100              		.loc 1 194 0
 101 0038 0920     		movs	r0, #9
 102 003a FFF7FEFF 		bl	CyIntEnable
 103              	.LVL5:
 195:Generated_Source\PSoC4/cyfitter_cfg.c **** 	CY_SET_REG32((void *)(CYREG_WDT_CONFIG), 0x00000000u);
 104              		.loc 1 195 0
 105 003e 0022     		movs	r2, #0
 106 0040 094B     		ldr	r3, .L3+32
 107 0042 1A60     		str	r2, [r3]
 196:Generated_Source\PSoC4/cyfitter_cfg.c **** }
 108              		.loc 1 196 0
 109              		@ sp needed
 110 0044 70BD     		pop	{r4, r5, r6, pc}
 111              	.L4:
 112 0046 C046     		.align	2
 113              	.L3:
 114 0048 00010B40 		.word	1074462976
 115 004c 06000080 		.word	-2147483642
 116 0050 04010B40 		.word	1074462980
 117 0054 28020240 		.word	1073873448
 118 0058 08010B40 		.word	1074462984
 119 005c 2F000080 		.word	-2147483601
 120 0060 00000240 		.word	1073872896
 121 0064 00000000 		.word	CySysWdtIsr
 122 0068 0C020B40 		.word	1074463244
 123              		.cfi_endproc
 124              	.LFE3:
 125              		.size	ClockSetup, .-ClockSetup
 126              		.align	2
 127              		.global	cyfitter_cfg
 128              		.code	16
 129              		.thumb_func
 130              		.type	cyfitter_cfg, %function
 131              	cyfitter_cfg:
 132              	.LFB5:
 197:Generated_Source\PSoC4/cyfitter_cfg.c **** 
 198:Generated_Source\PSoC4/cyfitter_cfg.c **** 
 199:Generated_Source\PSoC4/cyfitter_cfg.c **** /* Analog API Functions */
 200:Generated_Source\PSoC4/cyfitter_cfg.c **** 
 201:Generated_Source\PSoC4/cyfitter_cfg.c **** 
 202:Generated_Source\PSoC4/cyfitter_cfg.c **** /*******************************************************************************
 203:Generated_Source\PSoC4/cyfitter_cfg.c **** * Function Name: AnalogSetDefault
 204:Generated_Source\PSoC4/cyfitter_cfg.c **** ********************************************************************************
 205:Generated_Source\PSoC4/cyfitter_cfg.c **** *
 206:Generated_Source\PSoC4/cyfitter_cfg.c **** * Summary:
 207:Generated_Source\PSoC4/cyfitter_cfg.c **** *  Sets up the analog portions of the chip to default values based on chip
 208:Generated_Source\PSoC4/cyfitter_cfg.c **** *  configuration options from the project.
 209:Generated_Source\PSoC4/cyfitter_cfg.c **** *
 210:Generated_Source\PSoC4/cyfitter_cfg.c **** * Parameters:
ARM GAS  C:\Users\Jeremias\AppData\Local\Temp\ccwtdESe.s 			page 7


 211:Generated_Source\PSoC4/cyfitter_cfg.c **** *  void
 212:Generated_Source\PSoC4/cyfitter_cfg.c **** *
 213:Generated_Source\PSoC4/cyfitter_cfg.c **** * Return:
 214:Generated_Source\PSoC4/cyfitter_cfg.c **** *  void
 215:Generated_Source\PSoC4/cyfitter_cfg.c **** *
 216:Generated_Source\PSoC4/cyfitter_cfg.c **** *******************************************************************************/
 217:Generated_Source\PSoC4/cyfitter_cfg.c **** static void AnalogSetDefault(void);
 218:Generated_Source\PSoC4/cyfitter_cfg.c **** static void AnalogSetDefault(void)
 219:Generated_Source\PSoC4/cyfitter_cfg.c **** {
 220:Generated_Source\PSoC4/cyfitter_cfg.c **** }
 221:Generated_Source\PSoC4/cyfitter_cfg.c **** 
 222:Generated_Source\PSoC4/cyfitter_cfg.c **** 
 223:Generated_Source\PSoC4/cyfitter_cfg.c **** 
 224:Generated_Source\PSoC4/cyfitter_cfg.c **** 
 225:Generated_Source\PSoC4/cyfitter_cfg.c **** /*******************************************************************************
 226:Generated_Source\PSoC4/cyfitter_cfg.c **** * Function Name: cyfitter_cfg
 227:Generated_Source\PSoC4/cyfitter_cfg.c **** ********************************************************************************
 228:Generated_Source\PSoC4/cyfitter_cfg.c **** * Summary:
 229:Generated_Source\PSoC4/cyfitter_cfg.c **** *  This function is called by the start-up code for the selected device. It
 230:Generated_Source\PSoC4/cyfitter_cfg.c **** *  performs all of the necessary device configuration based on the design
 231:Generated_Source\PSoC4/cyfitter_cfg.c **** *  settings.  This includes settings from the Design Wide Resources (DWR) such
 232:Generated_Source\PSoC4/cyfitter_cfg.c **** *  as Clocks and Pins as well as any component configuration that is necessary.
 233:Generated_Source\PSoC4/cyfitter_cfg.c **** *
 234:Generated_Source\PSoC4/cyfitter_cfg.c **** * Parameters:
 235:Generated_Source\PSoC4/cyfitter_cfg.c **** *   void
 236:Generated_Source\PSoC4/cyfitter_cfg.c **** *
 237:Generated_Source\PSoC4/cyfitter_cfg.c **** * Return:
 238:Generated_Source\PSoC4/cyfitter_cfg.c **** *   void
 239:Generated_Source\PSoC4/cyfitter_cfg.c **** *
 240:Generated_Source\PSoC4/cyfitter_cfg.c **** *******************************************************************************/
 241:Generated_Source\PSoC4/cyfitter_cfg.c **** CY_CFG_SECTION
 242:Generated_Source\PSoC4/cyfitter_cfg.c **** void cyfitter_cfg(void)
 243:Generated_Source\PSoC4/cyfitter_cfg.c **** {
 133              		.loc 1 243 0
 134              		.cfi_startproc
 135              		@ args = 0, pretend = 0, frame = 0
 136              		@ frame_needed = 0, uses_anonymous_args = 0
 137 006c 10B5     		push	{r4, lr}
 138              		.cfi_def_cfa_offset 8
 139              		.cfi_offset 4, -8
 140              		.cfi_offset 14, -4
 244:Generated_Source\PSoC4/cyfitter_cfg.c **** 	/* Disable interrupts by default. Let user enable if/when they want. */
 245:Generated_Source\PSoC4/cyfitter_cfg.c **** 	CyGlobalIntDisable;
 141              		.loc 1 245 0
 142              		.syntax divided
 143              	@ 245 "Generated_Source\PSoC4\cyfitter_cfg.c" 1
 144 006e 72B6     		CPSID   i
 145              	@ 0 "" 2
 146              	.LVL6:
 147              		.thumb
 148              		.syntax unified
 149              	.LBB2:
 246:Generated_Source\PSoC4/cyfitter_cfg.c **** 
 247:Generated_Source\PSoC4/cyfitter_cfg.c **** 	{
 248:Generated_Source\PSoC4/cyfitter_cfg.c **** 
 249:Generated_Source\PSoC4/cyfitter_cfg.c **** 		CYPACKED typedef struct {
 250:Generated_Source\PSoC4/cyfitter_cfg.c **** 			void CYFAR *address;
ARM GAS  C:\Users\Jeremias\AppData\Local\Temp\ccwtdESe.s 			page 8


 251:Generated_Source\PSoC4/cyfitter_cfg.c **** 			uint16 size;
 252:Generated_Source\PSoC4/cyfitter_cfg.c **** 		} CYPACKED_ATTR cfg_memset_t;
 253:Generated_Source\PSoC4/cyfitter_cfg.c **** 
 254:Generated_Source\PSoC4/cyfitter_cfg.c **** 		static const cfg_memset_t CYCODE cfg_memset_list[] = {
 255:Generated_Source\PSoC4/cyfitter_cfg.c **** 			/* address, size */
 256:Generated_Source\PSoC4/cyfitter_cfg.c **** 			{(void CYFAR *)(CYDEV_UDB_P0_U0_BASE), 1024u},
 257:Generated_Source\PSoC4/cyfitter_cfg.c **** 			{(void CYFAR *)(CYDEV_UDB_DSI0_BASE), 1024u},
 258:Generated_Source\PSoC4/cyfitter_cfg.c **** 		};
 259:Generated_Source\PSoC4/cyfitter_cfg.c **** 
 260:Generated_Source\PSoC4/cyfitter_cfg.c **** 		uint8 CYDATA i;
 261:Generated_Source\PSoC4/cyfitter_cfg.c **** 
 262:Generated_Source\PSoC4/cyfitter_cfg.c **** 		/* Zero out critical memory blocks before beginning configuration */
 263:Generated_Source\PSoC4/cyfitter_cfg.c **** 		for (i = 0u; i < (sizeof(cfg_memset_list)/sizeof(cfg_memset_list[0])); i++)
 150              		.loc 1 263 0
 151 0070 0024     		movs	r4, #0
 152 0072 0FE0     		b	.L6
 153              	.LVL7:
 154              	.L7:
 155              	.LBB3:
 264:Generated_Source\PSoC4/cyfitter_cfg.c **** 		{
 265:Generated_Source\PSoC4/cyfitter_cfg.c **** 			const cfg_memset_t CYCODE * CYDATA ms = &cfg_memset_list[i];
 266:Generated_Source\PSoC4/cyfitter_cfg.c **** 			CYMEMZERO(ms->address, (size_t)(uint32)(ms->size));
 156              		.loc 1 266 0 discriminator 3
 157 0074 1C48     		ldr	r0, .L8
 158 0076 6200     		lsls	r2, r4, #1
 159 0078 1319     		adds	r3, r2, r4
 160 007a 5900     		lsls	r1, r3, #1
 161 007c 0B00     		movs	r3, r1
 162 007e 4118     		adds	r1, r0, r1
 163 0080 8988     		ldrh	r1, [r1, #4]
 164 0082 1A5A     		ldrh	r2, [r3, r0]
 165 0084 C318     		adds	r3, r0, r3
 166 0086 5888     		ldrh	r0, [r3, #2]
 167 0088 0004     		lsls	r0, r0, #16
 168 008a 1043     		orrs	r0, r2
 169 008c FFF7FEFF 		bl	CYMEMZERO
 170              	.LVL8:
 171              	.LBE3:
 263:Generated_Source\PSoC4/cyfitter_cfg.c **** 		{
 172              		.loc 1 263 0 discriminator 3
 173 0090 0134     		adds	r4, r4, #1
 174              	.LVL9:
 175 0092 E4B2     		uxtb	r4, r4
 176              	.LVL10:
 177              	.L6:
 263:Generated_Source\PSoC4/cyfitter_cfg.c **** 		{
 178              		.loc 1 263 0 is_stmt 0 discriminator 1
 179 0094 012C     		cmp	r4, #1
 180 0096 EDD9     		bls	.L7
 267:Generated_Source\PSoC4/cyfitter_cfg.c **** 		}
 268:Generated_Source\PSoC4/cyfitter_cfg.c **** 
 269:Generated_Source\PSoC4/cyfitter_cfg.c **** 		/* HSIOM Starting address: CYDEV_HSIOM_BASE */
 270:Generated_Source\PSoC4/cyfitter_cfg.c **** 		CY_SET_REG32((void *)(CYREG_HSIOM_PORT_SEL1), 0x00000088u);
 181              		.loc 1 270 0 is_stmt 1
 182 0098 8822     		movs	r2, #136
 183 009a 144B     		ldr	r3, .L8+4
 184 009c 1A60     		str	r2, [r3]
ARM GAS  C:\Users\Jeremias\AppData\Local\Temp\ccwtdESe.s 			page 9


 271:Generated_Source\PSoC4/cyfitter_cfg.c **** 
 272:Generated_Source\PSoC4/cyfitter_cfg.c **** 		/* FORCED_HSIOM Starting address: CYDEV_HSIOM_PORT_SEL3 */
 273:Generated_Source\PSoC4/cyfitter_cfg.c **** 		CY_SET_REG32((void *)(CYREG_HSIOM_PORT_SEL3), 0x00000000u);
 185              		.loc 1 273 0
 186 009e 0023     		movs	r3, #0
 187 00a0 134A     		ldr	r2, .L8+8
 188 00a2 1360     		str	r3, [r2]
 274:Generated_Source\PSoC4/cyfitter_cfg.c **** 
 275:Generated_Source\PSoC4/cyfitter_cfg.c **** 		/* IOPINS0_3 Starting address: CYDEV_PRT3_PC */
 276:Generated_Source\PSoC4/cyfitter_cfg.c **** 		CY_SET_REG32((void *)(CYREG_PRT3_PC), 0x00000000u);
 189              		.loc 1 276 0
 190 00a4 134A     		ldr	r2, .L8+12
 191 00a6 1360     		str	r3, [r2]
 277:Generated_Source\PSoC4/cyfitter_cfg.c **** 
 278:Generated_Source\PSoC4/cyfitter_cfg.c **** 		/* UDB_PA_0 Starting address: CYDEV_UDB_PA0_BASE */
 279:Generated_Source\PSoC4/cyfitter_cfg.c **** 		CY_SET_REG32((void *)(CYDEV_UDB_PA0_BASE), 0x00990000u);
 192              		.loc 1 279 0
 193 00a8 9923     		movs	r3, #153
 194 00aa 1B04     		lsls	r3, r3, #16
 195 00ac 124A     		ldr	r2, .L8+16
 196 00ae 1360     		str	r3, [r2]
 280:Generated_Source\PSoC4/cyfitter_cfg.c **** 
 281:Generated_Source\PSoC4/cyfitter_cfg.c **** 		/* UDB_PA_1 Starting address: CYDEV_UDB_PA1_BASE */
 282:Generated_Source\PSoC4/cyfitter_cfg.c **** 		CY_SET_REG32((void *)(CYDEV_UDB_PA1_BASE), 0x00990000u);
 197              		.loc 1 282 0
 198 00b0 124A     		ldr	r2, .L8+20
 199 00b2 1360     		str	r3, [r2]
 283:Generated_Source\PSoC4/cyfitter_cfg.c **** 
 284:Generated_Source\PSoC4/cyfitter_cfg.c **** 		/* Enable digital routing */
 285:Generated_Source\PSoC4/cyfitter_cfg.c **** 		CY_SET_XTND_REG8((void *)CYREG_UDB_UDBIF_BANK_CTL, (uint8)(CY_GET_XTND_REG8((void *)CYREG_UDB_UDB
 200              		.loc 1 285 0
 201 00b4 124A     		ldr	r2, .L8+24
 202 00b6 1178     		ldrb	r1, [r2]
 203 00b8 0623     		movs	r3, #6
 204 00ba 0B43     		orrs	r3, r1
 205 00bc DBB2     		uxtb	r3, r3
 206 00be 1370     		strb	r3, [r2]
 207              	.LBE2:
 286:Generated_Source\PSoC4/cyfitter_cfg.c **** 	}
 287:Generated_Source\PSoC4/cyfitter_cfg.c **** 
 288:Generated_Source\PSoC4/cyfitter_cfg.c **** 	/* Perform second pass device configuration. These items must be configured in specific order afte
 289:Generated_Source\PSoC4/cyfitter_cfg.c **** 	/* IOPINS0_0 Starting address: CYDEV_PRT0_BASE */
 290:Generated_Source\PSoC4/cyfitter_cfg.c **** 	CY_SET_REG32((void *)(CYDEV_PRT0_BASE), 0x00000080u);
 208              		.loc 1 290 0
 209 00c0 8022     		movs	r2, #128
 210 00c2 104B     		ldr	r3, .L8+28
 211 00c4 1A60     		str	r2, [r3]
 291:Generated_Source\PSoC4/cyfitter_cfg.c **** 	CY_SET_REG32((void *)(CYREG_PRT0_PC), 0x00400000u);
 212              		.loc 1 291 0
 213 00c6 8022     		movs	r2, #128
 214 00c8 D203     		lsls	r2, r2, #15
 215 00ca 0F4B     		ldr	r3, .L8+32
 216 00cc 1A60     		str	r2, [r3]
 292:Generated_Source\PSoC4/cyfitter_cfg.c **** 	CY_SET_REG32((void *)(CYREG_PRT0_INTCFG), 0x00008000u);
 217              		.loc 1 292 0
 218 00ce 8022     		movs	r2, #128
 219 00d0 1202     		lsls	r2, r2, #8
ARM GAS  C:\Users\Jeremias\AppData\Local\Temp\ccwtdESe.s 			page 10


 220 00d2 0E4B     		ldr	r3, .L8+36
 221 00d4 1A60     		str	r2, [r3]
 293:Generated_Source\PSoC4/cyfitter_cfg.c **** 
 294:Generated_Source\PSoC4/cyfitter_cfg.c **** 	/* IOPINS0_1 Starting address: CYDEV_PRT1_BASE */
 295:Generated_Source\PSoC4/cyfitter_cfg.c **** 	CY_SET_REG32((void *)(CYDEV_PRT1_BASE), 0x00000003u);
 222              		.loc 1 295 0
 223 00d6 0322     		movs	r2, #3
 224 00d8 0D4B     		ldr	r3, .L8+40
 225 00da 1A60     		str	r2, [r3]
 296:Generated_Source\PSoC4/cyfitter_cfg.c **** 	CY_SET_REG32((void *)(CYREG_PRT1_PC), 0x001B0036u);
 226              		.loc 1 296 0
 227 00dc 0D4A     		ldr	r2, .L8+44
 228 00de 0E4B     		ldr	r3, .L8+48
 229 00e0 1A60     		str	r2, [r3]
 297:Generated_Source\PSoC4/cyfitter_cfg.c **** 
 298:Generated_Source\PSoC4/cyfitter_cfg.c **** 
 299:Generated_Source\PSoC4/cyfitter_cfg.c **** 	/* Setup clocks based on selections from Clock DWR */
 300:Generated_Source\PSoC4/cyfitter_cfg.c **** 	ClockSetup();
 230              		.loc 1 300 0
 231 00e2 FFF78DFF 		bl	ClockSetup
 232              	.LVL11:
 301:Generated_Source\PSoC4/cyfitter_cfg.c **** 
 302:Generated_Source\PSoC4/cyfitter_cfg.c **** 	/* Perform basic analog initialization to defaults */
 303:Generated_Source\PSoC4/cyfitter_cfg.c **** 	AnalogSetDefault();
 304:Generated_Source\PSoC4/cyfitter_cfg.c **** 
 305:Generated_Source\PSoC4/cyfitter_cfg.c **** }
 233              		.loc 1 305 0
 234              		@ sp needed
 235              	.LVL12:
 236 00e6 10BD     		pop	{r4, pc}
 237              	.L9:
 238              		.align	2
 239              	.L8:
 240 00e8 00000000 		.word	.LANCHOR0
 241 00ec 04000140 		.word	1073807364
 242 00f0 0C000140 		.word	1073807372
 243 00f4 08030440 		.word	1074004744
 244 00f8 00500F40 		.word	1074745344
 245 00fc 10500F40 		.word	1074745360
 246 0100 00700F40 		.word	1074753536
 247 0104 00000440 		.word	1074003968
 248 0108 08000440 		.word	1074003976
 249 010c 0C000440 		.word	1074003980
 250 0110 00010440 		.word	1074004224
 251 0114 36001B00 		.word	1769526
 252 0118 08010440 		.word	1074004232
 253              		.cfi_endproc
 254              	.LFE5:
 255              		.size	cyfitter_cfg, .-cyfitter_cfg
 256              		.section	.rodata
 257              		.align	2
 258              		.set	.LANCHOR0,. + 0
 259              		.type	cfg_memset_list.4847, %object
 260              		.size	cfg_memset_list.4847, 12
 261              	cfg_memset_list.4847:
 262 0000 00300F40 		.word	1074737152
 263 0004 0004     		.short	1024
ARM GAS  C:\Users\Jeremias\AppData\Local\Temp\ccwtdESe.s 			page 11


 264 0006 00400F40 		.4byte	1074741248
 265 000a 0004     		.short	1024
 266              		.text
 267              	.Letext0:
 268              		.file 2 "c:\\program files (x86)\\cypress\\psoc creator\\4.4\\psoc creator\\import\\gnu\\arm\\5.4.
 269              		.file 3 "Generated_Source\\PSoC4\\cytypes.h"
 270              		.file 4 "Generated_Source\\PSoC4\\CyLib.h"
 271              		.section	.debug_info,"",%progbits
 272              	.Ldebug_info0:
 273 0000 75020000 		.4byte	0x275
 274 0004 0400     		.2byte	0x4
 275 0006 00000000 		.4byte	.Ldebug_abbrev0
 276 000a 04       		.byte	0x4
 277 000b 01       		.uleb128 0x1
 278 000c 00010000 		.4byte	.LASF29
 279 0010 0C       		.byte	0xc
 280 0011 60020000 		.4byte	.LASF30
 281 0015 C1010000 		.4byte	.LASF31
 282 0019 00000000 		.4byte	.Ldebug_ranges0+0
 283 001d 00000000 		.4byte	0
 284 0021 00000000 		.4byte	.Ldebug_line0
 285 0025 02       		.uleb128 0x2
 286 0026 04       		.byte	0x4
 287 0027 05       		.byte	0x5
 288 0028 696E7400 		.ascii	"int\000"
 289 002c 03       		.uleb128 0x3
 290 002d 06000000 		.4byte	.LASF12
 291 0031 02       		.byte	0x2
 292 0032 D8       		.byte	0xd8
 293 0033 37000000 		.4byte	0x37
 294 0037 04       		.uleb128 0x4
 295 0038 04       		.byte	0x4
 296 0039 07       		.byte	0x7
 297 003a C7000000 		.4byte	.LASF0
 298 003e 04       		.uleb128 0x4
 299 003f 08       		.byte	0x8
 300 0040 05       		.byte	0x5
 301 0041 A4010000 		.4byte	.LASF1
 302 0045 04       		.uleb128 0x4
 303 0046 08       		.byte	0x8
 304 0047 04       		.byte	0x4
 305 0048 48020000 		.4byte	.LASF2
 306 004c 04       		.uleb128 0x4
 307 004d 01       		.byte	0x1
 308 004e 06       		.byte	0x6
 309 004f 54020000 		.4byte	.LASF3
 310 0053 04       		.uleb128 0x4
 311 0054 01       		.byte	0x1
 312 0055 08       		.byte	0x8
 313 0056 91000000 		.4byte	.LASF4
 314 005a 04       		.uleb128 0x4
 315 005b 02       		.byte	0x2
 316 005c 05       		.byte	0x5
 317 005d B7010000 		.4byte	.LASF5
 318 0061 04       		.uleb128 0x4
 319 0062 02       		.byte	0x2
 320 0063 07       		.byte	0x7
ARM GAS  C:\Users\Jeremias\AppData\Local\Temp\ccwtdESe.s 			page 12


 321 0064 37000000 		.4byte	.LASF6
 322 0068 04       		.uleb128 0x4
 323 0069 04       		.byte	0x4
 324 006a 05       		.byte	0x5
 325 006b 3F020000 		.4byte	.LASF7
 326 006f 04       		.uleb128 0x4
 327 0070 04       		.byte	0x4
 328 0071 07       		.byte	0x7
 329 0072 6F000000 		.4byte	.LASF8
 330 0076 04       		.uleb128 0x4
 331 0077 08       		.byte	0x8
 332 0078 07       		.byte	0x7
 333 0079 E9000000 		.4byte	.LASF9
 334 007d 04       		.uleb128 0x4
 335 007e 04       		.byte	0x4
 336 007f 07       		.byte	0x7
 337 0080 9B010000 		.4byte	.LASF10
 338 0084 05       		.uleb128 0x5
 339 0085 04       		.byte	0x4
 340 0086 04       		.uleb128 0x4
 341 0087 01       		.byte	0x1
 342 0088 08       		.byte	0x8
 343 0089 B2010000 		.4byte	.LASF11
 344 008d 06       		.uleb128 0x6
 345 008e 81000000 		.4byte	.LASF13
 346 0092 03       		.byte	0x3
 347 0093 FB01     		.2byte	0x1fb
 348 0095 53000000 		.4byte	0x53
 349 0099 06       		.uleb128 0x6
 350 009a B9000000 		.4byte	.LASF14
 351 009e 03       		.byte	0x3
 352 009f FC01     		.2byte	0x1fc
 353 00a1 61000000 		.4byte	0x61
 354 00a5 06       		.uleb128 0x6
 355 00a6 C0000000 		.4byte	.LASF15
 356 00aa 03       		.byte	0x3
 357 00ab FD01     		.2byte	0x1fd
 358 00ad 6F000000 		.4byte	0x6f
 359 00b1 04       		.uleb128 0x4
 360 00b2 04       		.byte	0x4
 361 00b3 04       		.byte	0x4
 362 00b4 4A000000 		.4byte	.LASF16
 363 00b8 04       		.uleb128 0x4
 364 00b9 08       		.byte	0x8
 365 00ba 04       		.byte	0x4
 366 00bb A6000000 		.4byte	.LASF17
 367 00bf 06       		.uleb128 0x6
 368 00c0 6A000000 		.4byte	.LASF18
 369 00c4 03       		.byte	0x3
 370 00c5 A502     		.2byte	0x2a5
 371 00c7 CB000000 		.4byte	0xcb
 372 00cb 07       		.uleb128 0x7
 373 00cc 8D000000 		.4byte	0x8d
 374 00d0 06       		.uleb128 0x6
 375 00d1 00000000 		.4byte	.LASF19
 376 00d5 03       		.byte	0x3
 377 00d6 A702     		.2byte	0x2a7
ARM GAS  C:\Users\Jeremias\AppData\Local\Temp\ccwtdESe.s 			page 13


 378 00d8 DC000000 		.4byte	0xdc
 379 00dc 07       		.uleb128 0x7
 380 00dd A5000000 		.4byte	0xa5
 381 00e1 08       		.uleb128 0x8
 382 00e2 87000000 		.4byte	.LASF20
 383 00e6 01       		.byte	0x1
 384 00e7 4C       		.byte	0x4c
 385 00e8 00000000 		.4byte	.LFB0
 386 00ec 0C000000 		.4byte	.LFE0-.LFB0
 387 00f0 01       		.uleb128 0x1
 388 00f1 9C       		.byte	0x9c
 389 00f2 2E010000 		.4byte	0x12e
 390 00f6 09       		.uleb128 0x9
 391 00f7 7300     		.ascii	"s\000"
 392 00f9 01       		.byte	0x1
 393 00fa 4C       		.byte	0x4c
 394 00fb 84000000 		.4byte	0x84
 395 00ff 00000000 		.4byte	.LLST0
 396 0103 09       		.uleb128 0x9
 397 0104 6E00     		.ascii	"n\000"
 398 0106 01       		.byte	0x1
 399 0107 4C       		.byte	0x4c
 400 0108 2C000000 		.4byte	0x2c
 401 010c 21000000 		.4byte	.LLST1
 402 0110 0A       		.uleb128 0xa
 403 0111 0A000000 		.4byte	.LVL2
 404 0115 4E020000 		.4byte	0x24e
 405 0119 0B       		.uleb128 0xb
 406 011a 01       		.uleb128 0x1
 407 011b 50       		.byte	0x50
 408 011c 03       		.uleb128 0x3
 409 011d F3       		.byte	0xf3
 410 011e 01       		.uleb128 0x1
 411 011f 50       		.byte	0x50
 412 0120 0B       		.uleb128 0xb
 413 0121 01       		.uleb128 0x1
 414 0122 51       		.byte	0x51
 415 0123 01       		.uleb128 0x1
 416 0124 30       		.byte	0x30
 417 0125 0B       		.uleb128 0xb
 418 0126 01       		.uleb128 0x1
 419 0127 52       		.byte	0x52
 420 0128 03       		.uleb128 0x3
 421 0129 F3       		.byte	0xf3
 422 012a 01       		.uleb128 0x1
 423 012b 51       		.byte	0x51
 424 012c 00       		.byte	0
 425 012d 00       		.byte	0
 426 012e 08       		.uleb128 0x8
 427 012f 2C000000 		.4byte	.LASF21
 428 0133 01       		.byte	0x1
 429 0134 AA       		.byte	0xaa
 430 0135 00000000 		.4byte	.LFB3
 431 0139 6C000000 		.4byte	.LFE3-.LFB3
 432 013d 01       		.uleb128 0x1
 433 013e 9C       		.byte	0x9c
 434 013f 7A010000 		.4byte	0x17a
ARM GAS  C:\Users\Jeremias\AppData\Local\Temp\ccwtdESe.s 			page 14


 435 0143 0C       		.uleb128 0xc
 436 0144 14000000 		.4byte	.LVL3
 437 0148 57020000 		.4byte	0x257
 438 014c 57010000 		.4byte	0x157
 439 0150 0B       		.uleb128 0xb
 440 0151 01       		.uleb128 0x1
 441 0152 50       		.byte	0x50
 442 0153 02       		.uleb128 0x2
 443 0154 08       		.byte	0x8
 444 0155 30       		.byte	0x30
 445 0156 00       		.byte	0
 446 0157 0C       		.uleb128 0xc
 447 0158 38000000 		.4byte	.LVL4
 448 015c 62020000 		.4byte	0x262
 449 0160 6A010000 		.4byte	0x16a
 450 0164 0B       		.uleb128 0xb
 451 0165 01       		.uleb128 0x1
 452 0166 50       		.byte	0x50
 453 0167 01       		.uleb128 0x1
 454 0168 39       		.byte	0x39
 455 0169 00       		.byte	0
 456 016a 0A       		.uleb128 0xa
 457 016b 3E000000 		.4byte	.LVL5
 458 016f 6D020000 		.4byte	0x26d
 459 0173 0B       		.uleb128 0xb
 460 0174 01       		.uleb128 0x1
 461 0175 50       		.byte	0x50
 462 0176 01       		.uleb128 0x1
 463 0177 39       		.byte	0x39
 464 0178 00       		.byte	0
 465 0179 00       		.byte	0
 466 017a 0D       		.uleb128 0xd
 467 017b D4000000 		.4byte	.LASF32
 468 017f 01       		.byte	0x1
 469 0180 F2       		.byte	0xf2
 470 0181 6C000000 		.4byte	.LFB5
 471 0185 B0000000 		.4byte	.LFE5-.LFB5
 472 0189 01       		.uleb128 0x1
 473 018a 9C       		.byte	0x9c
 474 018b 4E020000 		.4byte	0x24e
 475 018f 0E       		.uleb128 0xe
 476 0190 70000000 		.4byte	.LBB2
 477 0194 50000000 		.4byte	.LBE2-.LBB2
 478 0198 44020000 		.4byte	0x244
 479 019c 0F       		.uleb128 0xf
 480 019d 06       		.byte	0x6
 481 019e 01       		.byte	0x1
 482 019f F9       		.byte	0xf9
 483 01a0 BD010000 		.4byte	0x1bd
 484 01a4 10       		.uleb128 0x10
 485 01a5 E1000000 		.4byte	.LASF22
 486 01a9 01       		.byte	0x1
 487 01aa FA       		.byte	0xfa
 488 01ab 84000000 		.4byte	0x84
 489 01af 00       		.byte	0
 490 01b0 10       		.uleb128 0x10
 491 01b1 65000000 		.4byte	.LASF23
ARM GAS  C:\Users\Jeremias\AppData\Local\Temp\ccwtdESe.s 			page 15


 492 01b5 01       		.byte	0x1
 493 01b6 FB       		.byte	0xfb
 494 01b7 99000000 		.4byte	0x99
 495 01bb 04       		.byte	0x4
 496 01bc 00       		.byte	0
 497 01bd 03       		.uleb128 0x3
 498 01be 8E010000 		.4byte	.LASF24
 499 01c2 01       		.byte	0x1
 500 01c3 FC       		.byte	0xfc
 501 01c4 9C010000 		.4byte	0x19c
 502 01c8 11       		.uleb128 0x11
 503 01c9 D8010000 		.4byte	0x1d8
 504 01cd D8010000 		.4byte	0x1d8
 505 01d1 12       		.uleb128 0x12
 506 01d2 7D000000 		.4byte	0x7d
 507 01d6 01       		.byte	0x1
 508 01d7 00       		.byte	0
 509 01d8 13       		.uleb128 0x13
 510 01d9 BD010000 		.4byte	0x1bd
 511 01dd 14       		.uleb128 0x14
 512 01de 1C000000 		.4byte	.LASF25
 513 01e2 01       		.byte	0x1
 514 01e3 FE       		.byte	0xfe
 515 01e4 EE010000 		.4byte	0x1ee
 516 01e8 05       		.uleb128 0x5
 517 01e9 03       		.byte	0x3
 518 01ea 00000000 		.4byte	cfg_memset_list.4847
 519 01ee 13       		.uleb128 0x13
 520 01ef C8010000 		.4byte	0x1c8
 521 01f3 15       		.uleb128 0x15
 522 01f4 6900     		.ascii	"i\000"
 523 01f6 01       		.byte	0x1
 524 01f7 0401     		.2byte	0x104
 525 01f9 8D000000 		.4byte	0x8d
 526 01fd 4D000000 		.4byte	.LLST2
 527 0201 16       		.uleb128 0x16
 528 0202 74000000 		.4byte	.LBB3
 529 0206 1C000000 		.4byte	.LBE3-.LBB3
 530 020a 15       		.uleb128 0x15
 531 020b 6D7300   		.ascii	"ms\000"
 532 020e 01       		.byte	0x1
 533 020f 0901     		.2byte	0x109
 534 0211 19020000 		.4byte	0x219
 535 0215 77000000 		.4byte	.LLST3
 536 0219 17       		.uleb128 0x17
 537 021a 04       		.byte	0x4
 538 021b D8010000 		.4byte	0x1d8
 539 021f 0A       		.uleb128 0xa
 540 0220 90000000 		.4byte	.LVL8
 541 0224 E1000000 		.4byte	0xe1
 542 0228 0B       		.uleb128 0xb
 543 0229 01       		.uleb128 0x1
 544 022a 51       		.byte	0x51
 545 022b 15       		.uleb128 0x15
 546 022c 74       		.byte	0x74
 547 022d 00       		.sleb128 0
 548 022e 31       		.byte	0x31
ARM GAS  C:\Users\Jeremias\AppData\Local\Temp\ccwtdESe.s 			page 16


 549 022f 24       		.byte	0x24
 550 0230 74       		.byte	0x74
 551 0231 00       		.sleb128 0
 552 0232 22       		.byte	0x22
 553 0233 31       		.byte	0x31
 554 0234 24       		.byte	0x24
 555 0235 03       		.byte	0x3
 556 0236 04000000 		.4byte	.LANCHOR0+4
 557 023a 22       		.byte	0x22
 558 023b 94       		.byte	0x94
 559 023c 02       		.byte	0x2
 560 023d 0A       		.byte	0xa
 561 023e FFFF     		.2byte	0xffff
 562 0240 1A       		.byte	0x1a
 563 0241 00       		.byte	0
 564 0242 00       		.byte	0
 565 0243 00       		.byte	0
 566 0244 18       		.uleb128 0x18
 567 0245 E6000000 		.4byte	.LVL11
 568 0249 2E010000 		.4byte	0x12e
 569 024d 00       		.byte	0
 570 024e 19       		.uleb128 0x19
 571 024f 9F000000 		.4byte	.LASF33
 572 0253 9F000000 		.4byte	.LASF33
 573 0257 1A       		.uleb128 0x1a
 574 0258 50000000 		.4byte	.LASF26
 575 025c 50000000 		.4byte	.LASF26
 576 0260 04       		.byte	0x4
 577 0261 6C       		.byte	0x6c
 578 0262 1A       		.uleb128 0x1a
 579 0263 0D000000 		.4byte	.LASF27
 580 0267 0D000000 		.4byte	.LASF27
 581 026b 04       		.byte	0x4
 582 026c D0       		.byte	0xd0
 583 026d 1A       		.uleb128 0x1a
 584 026e AD000000 		.4byte	.LASF28
 585 0272 AD000000 		.4byte	.LASF28
 586 0276 04       		.byte	0x4
 587 0277 D6       		.byte	0xd6
 588 0278 00       		.byte	0
 589              		.section	.debug_abbrev,"",%progbits
 590              	.Ldebug_abbrev0:
 591 0000 01       		.uleb128 0x1
 592 0001 11       		.uleb128 0x11
 593 0002 01       		.byte	0x1
 594 0003 25       		.uleb128 0x25
 595 0004 0E       		.uleb128 0xe
 596 0005 13       		.uleb128 0x13
 597 0006 0B       		.uleb128 0xb
 598 0007 03       		.uleb128 0x3
 599 0008 0E       		.uleb128 0xe
 600 0009 1B       		.uleb128 0x1b
 601 000a 0E       		.uleb128 0xe
 602 000b 55       		.uleb128 0x55
 603 000c 17       		.uleb128 0x17
 604 000d 11       		.uleb128 0x11
 605 000e 01       		.uleb128 0x1
ARM GAS  C:\Users\Jeremias\AppData\Local\Temp\ccwtdESe.s 			page 17


 606 000f 10       		.uleb128 0x10
 607 0010 17       		.uleb128 0x17
 608 0011 00       		.byte	0
 609 0012 00       		.byte	0
 610 0013 02       		.uleb128 0x2
 611 0014 24       		.uleb128 0x24
 612 0015 00       		.byte	0
 613 0016 0B       		.uleb128 0xb
 614 0017 0B       		.uleb128 0xb
 615 0018 3E       		.uleb128 0x3e
 616 0019 0B       		.uleb128 0xb
 617 001a 03       		.uleb128 0x3
 618 001b 08       		.uleb128 0x8
 619 001c 00       		.byte	0
 620 001d 00       		.byte	0
 621 001e 03       		.uleb128 0x3
 622 001f 16       		.uleb128 0x16
 623 0020 00       		.byte	0
 624 0021 03       		.uleb128 0x3
 625 0022 0E       		.uleb128 0xe
 626 0023 3A       		.uleb128 0x3a
 627 0024 0B       		.uleb128 0xb
 628 0025 3B       		.uleb128 0x3b
 629 0026 0B       		.uleb128 0xb
 630 0027 49       		.uleb128 0x49
 631 0028 13       		.uleb128 0x13
 632 0029 00       		.byte	0
 633 002a 00       		.byte	0
 634 002b 04       		.uleb128 0x4
 635 002c 24       		.uleb128 0x24
 636 002d 00       		.byte	0
 637 002e 0B       		.uleb128 0xb
 638 002f 0B       		.uleb128 0xb
 639 0030 3E       		.uleb128 0x3e
 640 0031 0B       		.uleb128 0xb
 641 0032 03       		.uleb128 0x3
 642 0033 0E       		.uleb128 0xe
 643 0034 00       		.byte	0
 644 0035 00       		.byte	0
 645 0036 05       		.uleb128 0x5
 646 0037 0F       		.uleb128 0xf
 647 0038 00       		.byte	0
 648 0039 0B       		.uleb128 0xb
 649 003a 0B       		.uleb128 0xb
 650 003b 00       		.byte	0
 651 003c 00       		.byte	0
 652 003d 06       		.uleb128 0x6
 653 003e 16       		.uleb128 0x16
 654 003f 00       		.byte	0
 655 0040 03       		.uleb128 0x3
 656 0041 0E       		.uleb128 0xe
 657 0042 3A       		.uleb128 0x3a
 658 0043 0B       		.uleb128 0xb
 659 0044 3B       		.uleb128 0x3b
 660 0045 05       		.uleb128 0x5
 661 0046 49       		.uleb128 0x49
 662 0047 13       		.uleb128 0x13
ARM GAS  C:\Users\Jeremias\AppData\Local\Temp\ccwtdESe.s 			page 18


 663 0048 00       		.byte	0
 664 0049 00       		.byte	0
 665 004a 07       		.uleb128 0x7
 666 004b 35       		.uleb128 0x35
 667 004c 00       		.byte	0
 668 004d 49       		.uleb128 0x49
 669 004e 13       		.uleb128 0x13
 670 004f 00       		.byte	0
 671 0050 00       		.byte	0
 672 0051 08       		.uleb128 0x8
 673 0052 2E       		.uleb128 0x2e
 674 0053 01       		.byte	0x1
 675 0054 03       		.uleb128 0x3
 676 0055 0E       		.uleb128 0xe
 677 0056 3A       		.uleb128 0x3a
 678 0057 0B       		.uleb128 0xb
 679 0058 3B       		.uleb128 0x3b
 680 0059 0B       		.uleb128 0xb
 681 005a 27       		.uleb128 0x27
 682 005b 19       		.uleb128 0x19
 683 005c 11       		.uleb128 0x11
 684 005d 01       		.uleb128 0x1
 685 005e 12       		.uleb128 0x12
 686 005f 06       		.uleb128 0x6
 687 0060 40       		.uleb128 0x40
 688 0061 18       		.uleb128 0x18
 689 0062 9742     		.uleb128 0x2117
 690 0064 19       		.uleb128 0x19
 691 0065 01       		.uleb128 0x1
 692 0066 13       		.uleb128 0x13
 693 0067 00       		.byte	0
 694 0068 00       		.byte	0
 695 0069 09       		.uleb128 0x9
 696 006a 05       		.uleb128 0x5
 697 006b 00       		.byte	0
 698 006c 03       		.uleb128 0x3
 699 006d 08       		.uleb128 0x8
 700 006e 3A       		.uleb128 0x3a
 701 006f 0B       		.uleb128 0xb
 702 0070 3B       		.uleb128 0x3b
 703 0071 0B       		.uleb128 0xb
 704 0072 49       		.uleb128 0x49
 705 0073 13       		.uleb128 0x13
 706 0074 02       		.uleb128 0x2
 707 0075 17       		.uleb128 0x17
 708 0076 00       		.byte	0
 709 0077 00       		.byte	0
 710 0078 0A       		.uleb128 0xa
 711 0079 898201   		.uleb128 0x4109
 712 007c 01       		.byte	0x1
 713 007d 11       		.uleb128 0x11
 714 007e 01       		.uleb128 0x1
 715 007f 31       		.uleb128 0x31
 716 0080 13       		.uleb128 0x13
 717 0081 00       		.byte	0
 718 0082 00       		.byte	0
 719 0083 0B       		.uleb128 0xb
ARM GAS  C:\Users\Jeremias\AppData\Local\Temp\ccwtdESe.s 			page 19


 720 0084 8A8201   		.uleb128 0x410a
 721 0087 00       		.byte	0
 722 0088 02       		.uleb128 0x2
 723 0089 18       		.uleb128 0x18
 724 008a 9142     		.uleb128 0x2111
 725 008c 18       		.uleb128 0x18
 726 008d 00       		.byte	0
 727 008e 00       		.byte	0
 728 008f 0C       		.uleb128 0xc
 729 0090 898201   		.uleb128 0x4109
 730 0093 01       		.byte	0x1
 731 0094 11       		.uleb128 0x11
 732 0095 01       		.uleb128 0x1
 733 0096 31       		.uleb128 0x31
 734 0097 13       		.uleb128 0x13
 735 0098 01       		.uleb128 0x1
 736 0099 13       		.uleb128 0x13
 737 009a 00       		.byte	0
 738 009b 00       		.byte	0
 739 009c 0D       		.uleb128 0xd
 740 009d 2E       		.uleb128 0x2e
 741 009e 01       		.byte	0x1
 742 009f 3F       		.uleb128 0x3f
 743 00a0 19       		.uleb128 0x19
 744 00a1 03       		.uleb128 0x3
 745 00a2 0E       		.uleb128 0xe
 746 00a3 3A       		.uleb128 0x3a
 747 00a4 0B       		.uleb128 0xb
 748 00a5 3B       		.uleb128 0x3b
 749 00a6 0B       		.uleb128 0xb
 750 00a7 27       		.uleb128 0x27
 751 00a8 19       		.uleb128 0x19
 752 00a9 11       		.uleb128 0x11
 753 00aa 01       		.uleb128 0x1
 754 00ab 12       		.uleb128 0x12
 755 00ac 06       		.uleb128 0x6
 756 00ad 40       		.uleb128 0x40
 757 00ae 18       		.uleb128 0x18
 758 00af 9742     		.uleb128 0x2117
 759 00b1 19       		.uleb128 0x19
 760 00b2 01       		.uleb128 0x1
 761 00b3 13       		.uleb128 0x13
 762 00b4 00       		.byte	0
 763 00b5 00       		.byte	0
 764 00b6 0E       		.uleb128 0xe
 765 00b7 0B       		.uleb128 0xb
 766 00b8 01       		.byte	0x1
 767 00b9 11       		.uleb128 0x11
 768 00ba 01       		.uleb128 0x1
 769 00bb 12       		.uleb128 0x12
 770 00bc 06       		.uleb128 0x6
 771 00bd 01       		.uleb128 0x1
 772 00be 13       		.uleb128 0x13
 773 00bf 00       		.byte	0
 774 00c0 00       		.byte	0
 775 00c1 0F       		.uleb128 0xf
 776 00c2 13       		.uleb128 0x13
ARM GAS  C:\Users\Jeremias\AppData\Local\Temp\ccwtdESe.s 			page 20


 777 00c3 01       		.byte	0x1
 778 00c4 0B       		.uleb128 0xb
 779 00c5 0B       		.uleb128 0xb
 780 00c6 3A       		.uleb128 0x3a
 781 00c7 0B       		.uleb128 0xb
 782 00c8 3B       		.uleb128 0x3b
 783 00c9 0B       		.uleb128 0xb
 784 00ca 01       		.uleb128 0x1
 785 00cb 13       		.uleb128 0x13
 786 00cc 00       		.byte	0
 787 00cd 00       		.byte	0
 788 00ce 10       		.uleb128 0x10
 789 00cf 0D       		.uleb128 0xd
 790 00d0 00       		.byte	0
 791 00d1 03       		.uleb128 0x3
 792 00d2 0E       		.uleb128 0xe
 793 00d3 3A       		.uleb128 0x3a
 794 00d4 0B       		.uleb128 0xb
 795 00d5 3B       		.uleb128 0x3b
 796 00d6 0B       		.uleb128 0xb
 797 00d7 49       		.uleb128 0x49
 798 00d8 13       		.uleb128 0x13
 799 00d9 38       		.uleb128 0x38
 800 00da 0B       		.uleb128 0xb
 801 00db 00       		.byte	0
 802 00dc 00       		.byte	0
 803 00dd 11       		.uleb128 0x11
 804 00de 01       		.uleb128 0x1
 805 00df 01       		.byte	0x1
 806 00e0 49       		.uleb128 0x49
 807 00e1 13       		.uleb128 0x13
 808 00e2 01       		.uleb128 0x1
 809 00e3 13       		.uleb128 0x13
 810 00e4 00       		.byte	0
 811 00e5 00       		.byte	0
 812 00e6 12       		.uleb128 0x12
 813 00e7 21       		.uleb128 0x21
 814 00e8 00       		.byte	0
 815 00e9 49       		.uleb128 0x49
 816 00ea 13       		.uleb128 0x13
 817 00eb 2F       		.uleb128 0x2f
 818 00ec 0B       		.uleb128 0xb
 819 00ed 00       		.byte	0
 820 00ee 00       		.byte	0
 821 00ef 13       		.uleb128 0x13
 822 00f0 26       		.uleb128 0x26
 823 00f1 00       		.byte	0
 824 00f2 49       		.uleb128 0x49
 825 00f3 13       		.uleb128 0x13
 826 00f4 00       		.byte	0
 827 00f5 00       		.byte	0
 828 00f6 14       		.uleb128 0x14
 829 00f7 34       		.uleb128 0x34
 830 00f8 00       		.byte	0
 831 00f9 03       		.uleb128 0x3
 832 00fa 0E       		.uleb128 0xe
 833 00fb 3A       		.uleb128 0x3a
ARM GAS  C:\Users\Jeremias\AppData\Local\Temp\ccwtdESe.s 			page 21


 834 00fc 0B       		.uleb128 0xb
 835 00fd 3B       		.uleb128 0x3b
 836 00fe 0B       		.uleb128 0xb
 837 00ff 49       		.uleb128 0x49
 838 0100 13       		.uleb128 0x13
 839 0101 02       		.uleb128 0x2
 840 0102 18       		.uleb128 0x18
 841 0103 00       		.byte	0
 842 0104 00       		.byte	0
 843 0105 15       		.uleb128 0x15
 844 0106 34       		.uleb128 0x34
 845 0107 00       		.byte	0
 846 0108 03       		.uleb128 0x3
 847 0109 08       		.uleb128 0x8
 848 010a 3A       		.uleb128 0x3a
 849 010b 0B       		.uleb128 0xb
 850 010c 3B       		.uleb128 0x3b
 851 010d 05       		.uleb128 0x5
 852 010e 49       		.uleb128 0x49
 853 010f 13       		.uleb128 0x13
 854 0110 02       		.uleb128 0x2
 855 0111 17       		.uleb128 0x17
 856 0112 00       		.byte	0
 857 0113 00       		.byte	0
 858 0114 16       		.uleb128 0x16
 859 0115 0B       		.uleb128 0xb
 860 0116 01       		.byte	0x1
 861 0117 11       		.uleb128 0x11
 862 0118 01       		.uleb128 0x1
 863 0119 12       		.uleb128 0x12
 864 011a 06       		.uleb128 0x6
 865 011b 00       		.byte	0
 866 011c 00       		.byte	0
 867 011d 17       		.uleb128 0x17
 868 011e 0F       		.uleb128 0xf
 869 011f 00       		.byte	0
 870 0120 0B       		.uleb128 0xb
 871 0121 0B       		.uleb128 0xb
 872 0122 49       		.uleb128 0x49
 873 0123 13       		.uleb128 0x13
 874 0124 00       		.byte	0
 875 0125 00       		.byte	0
 876 0126 18       		.uleb128 0x18
 877 0127 898201   		.uleb128 0x4109
 878 012a 00       		.byte	0
 879 012b 11       		.uleb128 0x11
 880 012c 01       		.uleb128 0x1
 881 012d 31       		.uleb128 0x31
 882 012e 13       		.uleb128 0x13
 883 012f 00       		.byte	0
 884 0130 00       		.byte	0
 885 0131 19       		.uleb128 0x19
 886 0132 2E       		.uleb128 0x2e
 887 0133 00       		.byte	0
 888 0134 3F       		.uleb128 0x3f
 889 0135 19       		.uleb128 0x19
 890 0136 3C       		.uleb128 0x3c
ARM GAS  C:\Users\Jeremias\AppData\Local\Temp\ccwtdESe.s 			page 22


 891 0137 19       		.uleb128 0x19
 892 0138 6E       		.uleb128 0x6e
 893 0139 0E       		.uleb128 0xe
 894 013a 03       		.uleb128 0x3
 895 013b 0E       		.uleb128 0xe
 896 013c 00       		.byte	0
 897 013d 00       		.byte	0
 898 013e 1A       		.uleb128 0x1a
 899 013f 2E       		.uleb128 0x2e
 900 0140 00       		.byte	0
 901 0141 3F       		.uleb128 0x3f
 902 0142 19       		.uleb128 0x19
 903 0143 3C       		.uleb128 0x3c
 904 0144 19       		.uleb128 0x19
 905 0145 6E       		.uleb128 0x6e
 906 0146 0E       		.uleb128 0xe
 907 0147 03       		.uleb128 0x3
 908 0148 0E       		.uleb128 0xe
 909 0149 3A       		.uleb128 0x3a
 910 014a 0B       		.uleb128 0xb
 911 014b 3B       		.uleb128 0x3b
 912 014c 0B       		.uleb128 0xb
 913 014d 00       		.byte	0
 914 014e 00       		.byte	0
 915 014f 00       		.byte	0
 916              		.section	.debug_loc,"",%progbits
 917              	.Ldebug_loc0:
 918              	.LLST0:
 919 0000 00000000 		.4byte	.LVL0
 920 0004 09000000 		.4byte	.LVL2-1
 921 0008 0100     		.2byte	0x1
 922 000a 50       		.byte	0x50
 923 000b 09000000 		.4byte	.LVL2-1
 924 000f 0C000000 		.4byte	.LFE0
 925 0013 0400     		.2byte	0x4
 926 0015 F3       		.byte	0xf3
 927 0016 01       		.uleb128 0x1
 928 0017 50       		.byte	0x50
 929 0018 9F       		.byte	0x9f
 930 0019 00000000 		.4byte	0
 931 001d 00000000 		.4byte	0
 932              	.LLST1:
 933 0021 00000000 		.4byte	.LVL0
 934 0025 06000000 		.4byte	.LVL1
 935 0029 0100     		.2byte	0x1
 936 002b 51       		.byte	0x51
 937 002c 06000000 		.4byte	.LVL1
 938 0030 09000000 		.4byte	.LVL2-1
 939 0034 0100     		.2byte	0x1
 940 0036 52       		.byte	0x52
 941 0037 09000000 		.4byte	.LVL2-1
 942 003b 0C000000 		.4byte	.LFE0
 943 003f 0400     		.2byte	0x4
 944 0041 F3       		.byte	0xf3
 945 0042 01       		.uleb128 0x1
 946 0043 51       		.byte	0x51
 947 0044 9F       		.byte	0x9f
ARM GAS  C:\Users\Jeremias\AppData\Local\Temp\ccwtdESe.s 			page 23


 948 0045 00000000 		.4byte	0
 949 0049 00000000 		.4byte	0
 950              	.LLST2:
 951 004d 70000000 		.4byte	.LVL6
 952 0051 74000000 		.4byte	.LVL7
 953 0055 0200     		.2byte	0x2
 954 0057 30       		.byte	0x30
 955 0058 9F       		.byte	0x9f
 956 0059 74000000 		.4byte	.LVL7
 957 005d 92000000 		.4byte	.LVL9
 958 0061 0100     		.2byte	0x1
 959 0063 54       		.byte	0x54
 960 0064 94000000 		.4byte	.LVL10
 961 0068 E6000000 		.4byte	.LVL12
 962 006c 0100     		.2byte	0x1
 963 006e 54       		.byte	0x54
 964 006f 00000000 		.4byte	0
 965 0073 00000000 		.4byte	0
 966              	.LLST3:
 967 0077 74000000 		.4byte	.LVL7
 968 007b 92000000 		.4byte	.LVL9
 969 007f 0B00     		.2byte	0xb
 970 0081 74       		.byte	0x74
 971 0082 00       		.sleb128 0
 972 0083 36       		.byte	0x36
 973 0084 1E       		.byte	0x1e
 974 0085 03       		.byte	0x3
 975 0086 00000000 		.4byte	cfg_memset_list.4847
 976 008a 22       		.byte	0x22
 977 008b 9F       		.byte	0x9f
 978 008c 92000000 		.4byte	.LVL9
 979 0090 94000000 		.4byte	.LVL10
 980 0094 0B00     		.2byte	0xb
 981 0096 74       		.byte	0x74
 982 0097 7F       		.sleb128 -1
 983 0098 36       		.byte	0x36
 984 0099 1E       		.byte	0x1e
 985 009a 03       		.byte	0x3
 986 009b 00000000 		.4byte	cfg_memset_list.4847
 987 009f 22       		.byte	0x22
 988 00a0 9F       		.byte	0x9f
 989 00a1 00000000 		.4byte	0
 990 00a5 00000000 		.4byte	0
 991              		.section	.debug_aranges,"",%progbits
 992 0000 2C000000 		.4byte	0x2c
 993 0004 0200     		.2byte	0x2
 994 0006 00000000 		.4byte	.Ldebug_info0
 995 000a 04       		.byte	0x4
 996 000b 00       		.byte	0
 997 000c 0000     		.2byte	0
 998 000e 0000     		.2byte	0
 999 0010 00000000 		.4byte	.LFB0
 1000 0014 0C000000 		.4byte	.LFE0-.LFB0
 1001 0018 00000000 		.4byte	.LFB3
 1002 001c 6C000000 		.4byte	.LFE3-.LFB3
 1003 0020 6C000000 		.4byte	.LFB5
 1004 0024 B0000000 		.4byte	.LFE5-.LFB5
ARM GAS  C:\Users\Jeremias\AppData\Local\Temp\ccwtdESe.s 			page 24


 1005 0028 00000000 		.4byte	0
 1006 002c 00000000 		.4byte	0
 1007              		.section	.debug_ranges,"",%progbits
 1008              	.Ldebug_ranges0:
 1009 0000 00000000 		.4byte	.LFB0
 1010 0004 0C000000 		.4byte	.LFE0
 1011 0008 00000000 		.4byte	.LFB3
 1012 000c 6C000000 		.4byte	.LFE3
 1013 0010 6C000000 		.4byte	.LFB5
 1014 0014 1C010000 		.4byte	.LFE5
 1015 0018 00000000 		.4byte	0
 1016 001c 00000000 		.4byte	0
 1017              		.section	.debug_line,"",%progbits
 1018              	.Ldebug_line0:
 1019 0000 2F010000 		.section	.debug_str,"MS",%progbits,1
 1019      0200D600 
 1019      00000201 
 1019      FB0E0D00 
 1019      01010101 
 1020              	.LASF19:
 1021 0000 72656733 		.ascii	"reg32\000"
 1021      3200
 1022              	.LASF12:
 1023 0006 73697A65 		.ascii	"size_t\000"
 1023      5F7400
 1024              	.LASF27:
 1025 000d 4379496E 		.ascii	"CyIntSetVector\000"
 1025      74536574 
 1025      56656374 
 1025      6F7200
 1026              	.LASF25:
 1027 001c 6366675F 		.ascii	"cfg_memset_list\000"
 1027      6D656D73 
 1027      65745F6C 
 1027      69737400 
 1028              	.LASF21:
 1029 002c 436C6F63 		.ascii	"ClockSetup\000"
 1029      6B536574 
 1029      757000
 1030              	.LASF6:
 1031 0037 73686F72 		.ascii	"short unsigned int\000"
 1031      7420756E 
 1031      7369676E 
 1031      65642069 
 1031      6E7400
 1032              	.LASF16:
 1033 004a 666C6F61 		.ascii	"float\000"
 1033      7400
 1034              	.LASF26:
 1035 0050 43795379 		.ascii	"CySysClkWriteImoFreq\000"
 1035      73436C6B 
 1035      57726974 
 1035      65496D6F 
 1035      46726571 
 1036              	.LASF23:
 1037 0065 73697A65 		.ascii	"size\000"
 1037      00
ARM GAS  C:\Users\Jeremias\AppData\Local\Temp\ccwtdESe.s 			page 25


 1038              	.LASF18:
 1039 006a 72656738 		.ascii	"reg8\000"
 1039      00
 1040              	.LASF8:
 1041 006f 6C6F6E67 		.ascii	"long unsigned int\000"
 1041      20756E73 
 1041      69676E65 
 1041      6420696E 
 1041      7400
 1042              	.LASF13:
 1043 0081 75696E74 		.ascii	"uint8\000"
 1043      3800
 1044              	.LASF20:
 1045 0087 43594D45 		.ascii	"CYMEMZERO\000"
 1045      4D5A4552 
 1045      4F00
 1046              	.LASF4:
 1047 0091 756E7369 		.ascii	"unsigned char\000"
 1047      676E6564 
 1047      20636861 
 1047      7200
 1048              	.LASF33:
 1049 009f 6D656D73 		.ascii	"memset\000"
 1049      657400
 1050              	.LASF17:
 1051 00a6 646F7562 		.ascii	"double\000"
 1051      6C6500
 1052              	.LASF28:
 1053 00ad 4379496E 		.ascii	"CyIntEnable\000"
 1053      74456E61 
 1053      626C6500 
 1054              	.LASF14:
 1055 00b9 75696E74 		.ascii	"uint16\000"
 1055      313600
 1056              	.LASF15:
 1057 00c0 75696E74 		.ascii	"uint32\000"
 1057      333200
 1058              	.LASF0:
 1059 00c7 756E7369 		.ascii	"unsigned int\000"
 1059      676E6564 
 1059      20696E74 
 1059      00
 1060              	.LASF32:
 1061 00d4 63796669 		.ascii	"cyfitter_cfg\000"
 1061      74746572 
 1061      5F636667 
 1061      00
 1062              	.LASF22:
 1063 00e1 61646472 		.ascii	"address\000"
 1063      65737300 
 1064              	.LASF9:
 1065 00e9 6C6F6E67 		.ascii	"long long unsigned int\000"
 1065      206C6F6E 
 1065      6720756E 
 1065      7369676E 
 1065      65642069 
 1066              	.LASF29:
ARM GAS  C:\Users\Jeremias\AppData\Local\Temp\ccwtdESe.s 			page 26


 1067 0100 474E5520 		.ascii	"GNU C11 5.4.1 20160609 (release) [ARM/embedded-5-br"
 1067      43313120 
 1067      352E342E 
 1067      31203230 
 1067      31363036 
 1068 0133 616E6368 		.ascii	"anch revision 237715] -mcpu=cortex-m0 -mthumb -g -O"
 1068      20726576 
 1068      6973696F 
 1068      6E203233 
 1068      37373135 
 1069 0166 67202D66 		.ascii	"g -ffunction-sections -ffat-lto-objects\000"
 1069      66756E63 
 1069      74696F6E 
 1069      2D736563 
 1069      74696F6E 
 1070              	.LASF24:
 1071 018e 6366675F 		.ascii	"cfg_memset_t\000"
 1071      6D656D73 
 1071      65745F74 
 1071      00
 1072              	.LASF10:
 1073 019b 73697A65 		.ascii	"sizetype\000"
 1073      74797065 
 1073      00
 1074              	.LASF1:
 1075 01a4 6C6F6E67 		.ascii	"long long int\000"
 1075      206C6F6E 
 1075      6720696E 
 1075      7400
 1076              	.LASF11:
 1077 01b2 63686172 		.ascii	"char\000"
 1077      00
 1078              	.LASF5:
 1079 01b7 73686F72 		.ascii	"short int\000"
 1079      7420696E 
 1079      7400
 1080              	.LASF31:
 1081 01c1 443A5C45 		.ascii	"D:\\ESCRITORIO\\Tesis MIB\\Proyecto de Tesis\\elect"
 1081      53435249 
 1081      544F5249 
 1081      4F5C5465 
 1081      73697320 
 1082 01f0 726F6573 		.ascii	"roestimulador\\PSoC\\electroestimulador\\WorkspaceM"
 1082      74696D75 
 1082      6C61646F 
 1082      725C5053 
 1082      6F435C65 
 1083 0220 4942325C 		.ascii	"IB2\\Prueba PWM con TCPWM.cydsn\000"
 1083      50727565 
 1083      62612050 
 1083      574D2063 
 1083      6F6E2054 
 1084              	.LASF7:
 1085 023f 6C6F6E67 		.ascii	"long int\000"
 1085      20696E74 
 1085      00
 1086              	.LASF2:
ARM GAS  C:\Users\Jeremias\AppData\Local\Temp\ccwtdESe.s 			page 27


 1087 0248 6C6F6E67 		.ascii	"long double\000"
 1087      20646F75 
 1087      626C6500 
 1088              	.LASF3:
 1089 0254 7369676E 		.ascii	"signed char\000"
 1089      65642063 
 1089      68617200 
 1090              	.LASF30:
 1091 0260 47656E65 		.ascii	"Generated_Source\\PSoC4\\cyfitter_cfg.c\000"
 1091      72617465 
 1091      645F536F 
 1091      75726365 
 1091      5C50536F 
 1092              		.ident	"GCC: (GNU Tools for ARM Embedded Processors) 5.4.1 20160609 (release) [ARM/embedded-5-bran
