ARM GAS  C:\Users\Jeremias\AppData\Local\Temp\ccSm0KX8.s 			page 1


   1              		.syntax unified
   2              		.cpu cortex-m0
   3              		.fpu softvfp
   4              		.eabi_attribute 20, 1
   5              		.eabi_attribute 21, 1
   6              		.eabi_attribute 23, 3
   7              		.eabi_attribute 24, 1
   8              		.eabi_attribute 25, 1
   9              		.eabi_attribute 26, 1
  10              		.eabi_attribute 30, 1
  11              		.eabi_attribute 34, 0
  12              		.eabi_attribute 18, 4
  13              		.thumb
  14              		.syntax unified
  15              		.file	"cyfitter_cfg.c"
  16              		.text
  17              	.Ltext0:
  18              		.cfi_sections	.debug_frame
  19              		.section	.text.CYMEMZERO,"ax",%progbits
  20              		.align	2
  21              		.code	16
  22              		.thumb_func
  23              		.type	CYMEMZERO, %function
  24              	CYMEMZERO:
  25              	.LFB0:
  26              		.file 1 "Generated_Source\\PSoC4\\cyfitter_cfg.c"
   1:Generated_Source\PSoC4/cyfitter_cfg.c **** 
   2:Generated_Source\PSoC4/cyfitter_cfg.c **** /*******************************************************************************
   3:Generated_Source\PSoC4/cyfitter_cfg.c **** * File Name: cyfitter_cfg.c
   4:Generated_Source\PSoC4/cyfitter_cfg.c **** * 
   5:Generated_Source\PSoC4/cyfitter_cfg.c **** * PSoC Creator  4.4
   6:Generated_Source\PSoC4/cyfitter_cfg.c **** *
   7:Generated_Source\PSoC4/cyfitter_cfg.c **** * Description:
   8:Generated_Source\PSoC4/cyfitter_cfg.c **** * This file contains device initialization code.
   9:Generated_Source\PSoC4/cyfitter_cfg.c **** * Except for the user defined sections in CyClockStartupError(), this file should not be modified.
  10:Generated_Source\PSoC4/cyfitter_cfg.c **** * This file is automatically generated by PSoC Creator.
  11:Generated_Source\PSoC4/cyfitter_cfg.c **** *
  12:Generated_Source\PSoC4/cyfitter_cfg.c **** ********************************************************************************
  13:Generated_Source\PSoC4/cyfitter_cfg.c **** * Copyright (c) 2007-2020 Cypress Semiconductor.  All rights reserved.
  14:Generated_Source\PSoC4/cyfitter_cfg.c **** * You may use this file only in accordance with the license, terms, conditions, 
  15:Generated_Source\PSoC4/cyfitter_cfg.c **** * disclaimers, and limitations in the end user license agreement accompanying 
  16:Generated_Source\PSoC4/cyfitter_cfg.c **** * the software package with which this file was provided.
  17:Generated_Source\PSoC4/cyfitter_cfg.c **** ********************************************************************************/
  18:Generated_Source\PSoC4/cyfitter_cfg.c **** 
  19:Generated_Source\PSoC4/cyfitter_cfg.c **** #include <string.h>
  20:Generated_Source\PSoC4/cyfitter_cfg.c **** #include "cytypes.h"
  21:Generated_Source\PSoC4/cyfitter_cfg.c **** #include "cydevice_trm.h"
  22:Generated_Source\PSoC4/cyfitter_cfg.c **** #include "cyfitter.h"
  23:Generated_Source\PSoC4/cyfitter_cfg.c **** #include "CyLib.h"
  24:Generated_Source\PSoC4/cyfitter_cfg.c **** #include "CyLFClk.h"
  25:Generated_Source\PSoC4/cyfitter_cfg.c **** #include "cyfitter_cfg.h"
  26:Generated_Source\PSoC4/cyfitter_cfg.c **** #include "cyapicallbacks.h"
  27:Generated_Source\PSoC4/cyfitter_cfg.c **** 
  28:Generated_Source\PSoC4/cyfitter_cfg.c **** 
  29:Generated_Source\PSoC4/cyfitter_cfg.c **** #if defined(__GNUC__) || defined(__ARMCC_VERSION)
  30:Generated_Source\PSoC4/cyfitter_cfg.c ****     #define CYPACKED 
  31:Generated_Source\PSoC4/cyfitter_cfg.c ****     #define CYPACKED_ATTR __attribute__ ((packed))
ARM GAS  C:\Users\Jeremias\AppData\Local\Temp\ccSm0KX8.s 			page 2


  32:Generated_Source\PSoC4/cyfitter_cfg.c ****     #define CYALIGNED __attribute__ ((aligned))
  33:Generated_Source\PSoC4/cyfitter_cfg.c ****     #define CY_CFG_UNUSED __attribute__ ((unused))
  34:Generated_Source\PSoC4/cyfitter_cfg.c ****     #ifndef CY_CFG_SECTION
  35:Generated_Source\PSoC4/cyfitter_cfg.c ****         #define CY_CFG_SECTION __attribute__ ((section(".psocinit")))
  36:Generated_Source\PSoC4/cyfitter_cfg.c ****     #endif
  37:Generated_Source\PSoC4/cyfitter_cfg.c ****     
  38:Generated_Source\PSoC4/cyfitter_cfg.c ****     #if defined(__ARMCC_VERSION)
  39:Generated_Source\PSoC4/cyfitter_cfg.c ****         #define CY_CFG_MEMORY_BARRIER() __memory_changed()
  40:Generated_Source\PSoC4/cyfitter_cfg.c ****     #else
  41:Generated_Source\PSoC4/cyfitter_cfg.c ****         #define CY_CFG_MEMORY_BARRIER() __sync_synchronize()
  42:Generated_Source\PSoC4/cyfitter_cfg.c ****     #endif
  43:Generated_Source\PSoC4/cyfitter_cfg.c ****     
  44:Generated_Source\PSoC4/cyfitter_cfg.c **** #elif defined(__ICCARM__)
  45:Generated_Source\PSoC4/cyfitter_cfg.c ****     #include <intrinsics.h>
  46:Generated_Source\PSoC4/cyfitter_cfg.c **** 
  47:Generated_Source\PSoC4/cyfitter_cfg.c ****     #define CYPACKED __packed
  48:Generated_Source\PSoC4/cyfitter_cfg.c ****     #define CYPACKED_ATTR 
  49:Generated_Source\PSoC4/cyfitter_cfg.c ****     #define CYALIGNED _Pragma("data_alignment=4")
  50:Generated_Source\PSoC4/cyfitter_cfg.c ****     #define CY_CFG_UNUSED _Pragma("diag_suppress=Pe177")
  51:Generated_Source\PSoC4/cyfitter_cfg.c ****     #define CY_CFG_SECTION _Pragma("location=\".psocinit\"")
  52:Generated_Source\PSoC4/cyfitter_cfg.c ****     
  53:Generated_Source\PSoC4/cyfitter_cfg.c ****     #define CY_CFG_MEMORY_BARRIER() __DMB()
  54:Generated_Source\PSoC4/cyfitter_cfg.c ****     
  55:Generated_Source\PSoC4/cyfitter_cfg.c **** #else
  56:Generated_Source\PSoC4/cyfitter_cfg.c ****     #error Unsupported toolchain
  57:Generated_Source\PSoC4/cyfitter_cfg.c **** #endif
  58:Generated_Source\PSoC4/cyfitter_cfg.c **** 
  59:Generated_Source\PSoC4/cyfitter_cfg.c **** #ifndef CYCODE
  60:Generated_Source\PSoC4/cyfitter_cfg.c ****     #define CYCODE
  61:Generated_Source\PSoC4/cyfitter_cfg.c **** #endif
  62:Generated_Source\PSoC4/cyfitter_cfg.c **** #ifndef CYDATA
  63:Generated_Source\PSoC4/cyfitter_cfg.c ****     #define CYDATA
  64:Generated_Source\PSoC4/cyfitter_cfg.c **** #endif
  65:Generated_Source\PSoC4/cyfitter_cfg.c **** #ifndef CYFAR
  66:Generated_Source\PSoC4/cyfitter_cfg.c ****     #define CYFAR
  67:Generated_Source\PSoC4/cyfitter_cfg.c **** #endif
  68:Generated_Source\PSoC4/cyfitter_cfg.c **** #ifndef CYXDATA
  69:Generated_Source\PSoC4/cyfitter_cfg.c ****     #define CYXDATA
  70:Generated_Source\PSoC4/cyfitter_cfg.c **** #endif
  71:Generated_Source\PSoC4/cyfitter_cfg.c **** 
  72:Generated_Source\PSoC4/cyfitter_cfg.c **** 
  73:Generated_Source\PSoC4/cyfitter_cfg.c **** CY_CFG_UNUSED
  74:Generated_Source\PSoC4/cyfitter_cfg.c **** static void CYMEMZERO(void *s, size_t n);
  75:Generated_Source\PSoC4/cyfitter_cfg.c **** CY_CFG_UNUSED
  76:Generated_Source\PSoC4/cyfitter_cfg.c **** static void CYMEMZERO(void *s, size_t n)
  77:Generated_Source\PSoC4/cyfitter_cfg.c **** {
  27              		.loc 1 77 0
  28              		.cfi_startproc
  29              		@ args = 0, pretend = 0, frame = 0
  30              		@ frame_needed = 0, uses_anonymous_args = 0
  31              	.LVL0:
  32 0000 10B5     		push	{r4, lr}
  33              		.cfi_def_cfa_offset 8
  34              		.cfi_offset 4, -8
  35              		.cfi_offset 14, -4
  36 0002 0A00     		movs	r2, r1
  78:Generated_Source\PSoC4/cyfitter_cfg.c **** 	(void)memset(s, 0, n);
ARM GAS  C:\Users\Jeremias\AppData\Local\Temp\ccSm0KX8.s 			page 3


  37              		.loc 1 78 0
  38 0004 0021     		movs	r1, #0
  39              	.LVL1:
  40 0006 FFF7FEFF 		bl	memset
  41              	.LVL2:
  79:Generated_Source\PSoC4/cyfitter_cfg.c **** }
  42              		.loc 1 79 0
  43              		@ sp needed
  44 000a 10BD     		pop	{r4, pc}
  45              		.cfi_endproc
  46              	.LFE0:
  47              		.size	CYMEMZERO, .-CYMEMZERO
  48              		.section	.psocinit,"ax",%progbits
  49              		.align	2
  50              		.code	16
  51              		.thumb_func
  52              		.type	ClockSetup, %function
  53              	ClockSetup:
  54              	.LFB3:
  80:Generated_Source\PSoC4/cyfitter_cfg.c **** CY_CFG_UNUSED
  81:Generated_Source\PSoC4/cyfitter_cfg.c **** static void CYCONFIGCPY(void *dest, const void *src, size_t n);
  82:Generated_Source\PSoC4/cyfitter_cfg.c **** CY_CFG_UNUSED
  83:Generated_Source\PSoC4/cyfitter_cfg.c **** static void CYCONFIGCPY(void *dest, const void *src, size_t n)
  84:Generated_Source\PSoC4/cyfitter_cfg.c **** {
  85:Generated_Source\PSoC4/cyfitter_cfg.c **** 	(void)memcpy(dest, src, n);
  86:Generated_Source\PSoC4/cyfitter_cfg.c **** }
  87:Generated_Source\PSoC4/cyfitter_cfg.c **** CY_CFG_UNUSED
  88:Generated_Source\PSoC4/cyfitter_cfg.c **** static void CYCONFIGCPYCODE(void *dest, const void *src, size_t n);
  89:Generated_Source\PSoC4/cyfitter_cfg.c **** CY_CFG_UNUSED
  90:Generated_Source\PSoC4/cyfitter_cfg.c **** static void CYCONFIGCPYCODE(void *dest, const void *src, size_t n)
  91:Generated_Source\PSoC4/cyfitter_cfg.c **** {
  92:Generated_Source\PSoC4/cyfitter_cfg.c **** 	(void)memcpy(dest, src, n);
  93:Generated_Source\PSoC4/cyfitter_cfg.c **** }
  94:Generated_Source\PSoC4/cyfitter_cfg.c **** 
  95:Generated_Source\PSoC4/cyfitter_cfg.c **** 
  96:Generated_Source\PSoC4/cyfitter_cfg.c **** 
  97:Generated_Source\PSoC4/cyfitter_cfg.c **** 
  98:Generated_Source\PSoC4/cyfitter_cfg.c **** /* Clock startup error codes                                                   */
  99:Generated_Source\PSoC4/cyfitter_cfg.c **** #define CYCLOCKSTART_NO_ERROR    0u
 100:Generated_Source\PSoC4/cyfitter_cfg.c **** #define CYCLOCKSTART_XTAL_ERROR  1u
 101:Generated_Source\PSoC4/cyfitter_cfg.c **** #define CYCLOCKSTART_32KHZ_ERROR 2u
 102:Generated_Source\PSoC4/cyfitter_cfg.c **** #define CYCLOCKSTART_PLL_ERROR   3u
 103:Generated_Source\PSoC4/cyfitter_cfg.c **** #define CYCLOCKSTART_FLL_ERROR   4u
 104:Generated_Source\PSoC4/cyfitter_cfg.c **** #define CYCLOCKSTART_WCO_ERROR   5u
 105:Generated_Source\PSoC4/cyfitter_cfg.c **** 
 106:Generated_Source\PSoC4/cyfitter_cfg.c **** 
 107:Generated_Source\PSoC4/cyfitter_cfg.c **** #ifdef CY_NEED_CYCLOCKSTARTUPERROR
 108:Generated_Source\PSoC4/cyfitter_cfg.c **** /*******************************************************************************
 109:Generated_Source\PSoC4/cyfitter_cfg.c **** * Function Name: CyClockStartupError
 110:Generated_Source\PSoC4/cyfitter_cfg.c **** ********************************************************************************
 111:Generated_Source\PSoC4/cyfitter_cfg.c **** * Summary:
 112:Generated_Source\PSoC4/cyfitter_cfg.c **** *  If an error is encountered during clock configuration (crystal startup error,
 113:Generated_Source\PSoC4/cyfitter_cfg.c **** *  PLL lock error, etc.), the system will end up here.  Unless reimplemented by
 114:Generated_Source\PSoC4/cyfitter_cfg.c **** *  the customer, this function will stop in an infinite loop.
 115:Generated_Source\PSoC4/cyfitter_cfg.c **** *
 116:Generated_Source\PSoC4/cyfitter_cfg.c **** * Parameters:
 117:Generated_Source\PSoC4/cyfitter_cfg.c **** *   void
ARM GAS  C:\Users\Jeremias\AppData\Local\Temp\ccSm0KX8.s 			page 4


 118:Generated_Source\PSoC4/cyfitter_cfg.c **** *
 119:Generated_Source\PSoC4/cyfitter_cfg.c **** * Return:
 120:Generated_Source\PSoC4/cyfitter_cfg.c **** *   void
 121:Generated_Source\PSoC4/cyfitter_cfg.c **** *
 122:Generated_Source\PSoC4/cyfitter_cfg.c **** *******************************************************************************/
 123:Generated_Source\PSoC4/cyfitter_cfg.c **** CY_CFG_UNUSED
 124:Generated_Source\PSoC4/cyfitter_cfg.c **** static void CyClockStartupError(uint8 errorCode);
 125:Generated_Source\PSoC4/cyfitter_cfg.c **** CY_CFG_UNUSED
 126:Generated_Source\PSoC4/cyfitter_cfg.c **** static void CyClockStartupError(uint8 errorCode)
 127:Generated_Source\PSoC4/cyfitter_cfg.c **** {
 128:Generated_Source\PSoC4/cyfitter_cfg.c ****     /* To remove the compiler warning if errorCode not used.                */
 129:Generated_Source\PSoC4/cyfitter_cfg.c ****     errorCode = errorCode;
 130:Generated_Source\PSoC4/cyfitter_cfg.c **** 
 131:Generated_Source\PSoC4/cyfitter_cfg.c ****     /* If we have a clock startup error (bad MHz crystal, PLL lock, etc.),  */
 132:Generated_Source\PSoC4/cyfitter_cfg.c ****     /* we will end up here to allow the customer to implement something to  */
 133:Generated_Source\PSoC4/cyfitter_cfg.c ****     /* deal with the clock condition.                                       */
 134:Generated_Source\PSoC4/cyfitter_cfg.c **** 
 135:Generated_Source\PSoC4/cyfitter_cfg.c **** #ifdef CY_CFG_CLOCK_STARTUP_ERROR_CALLBACK
 136:Generated_Source\PSoC4/cyfitter_cfg.c ****     CY_CFG_Clock_Startup_ErrorCallback();
 137:Generated_Source\PSoC4/cyfitter_cfg.c **** #else
 138:Generated_Source\PSoC4/cyfitter_cfg.c ****     /*  If not using CY_CFG_CLOCK_STARTUP_ERROR_CALLBACK, place your clock startup code here. */
 139:Generated_Source\PSoC4/cyfitter_cfg.c ****     /* `#START CyClockStartupError` */
 140:Generated_Source\PSoC4/cyfitter_cfg.c **** 
 141:Generated_Source\PSoC4/cyfitter_cfg.c **** 
 142:Generated_Source\PSoC4/cyfitter_cfg.c **** 
 143:Generated_Source\PSoC4/cyfitter_cfg.c ****     /* `#END` */
 144:Generated_Source\PSoC4/cyfitter_cfg.c **** 
 145:Generated_Source\PSoC4/cyfitter_cfg.c ****     while(1) {}
 146:Generated_Source\PSoC4/cyfitter_cfg.c **** #endif /* CY_CFG_CLOCK_STARTUP_ERROR_CALLBACK */
 147:Generated_Source\PSoC4/cyfitter_cfg.c **** }
 148:Generated_Source\PSoC4/cyfitter_cfg.c **** #endif
 149:Generated_Source\PSoC4/cyfitter_cfg.c **** 
 150:Generated_Source\PSoC4/cyfitter_cfg.c **** 
 151:Generated_Source\PSoC4/cyfitter_cfg.c **** 
 152:Generated_Source\PSoC4/cyfitter_cfg.c **** /*******************************************************************************
 153:Generated_Source\PSoC4/cyfitter_cfg.c **** * Function Name: ClockSetup
 154:Generated_Source\PSoC4/cyfitter_cfg.c **** ********************************************************************************
 155:Generated_Source\PSoC4/cyfitter_cfg.c **** *
 156:Generated_Source\PSoC4/cyfitter_cfg.c **** * Summary:
 157:Generated_Source\PSoC4/cyfitter_cfg.c **** *   Performs the initialization of all of the clocks in the device based on the
 158:Generated_Source\PSoC4/cyfitter_cfg.c **** *   settings in the Clock tab of the DWR.  This includes enabling the requested
 159:Generated_Source\PSoC4/cyfitter_cfg.c **** *   clocks and setting the necessary dividers to produce the desired frequency. 
 160:Generated_Source\PSoC4/cyfitter_cfg.c **** *
 161:Generated_Source\PSoC4/cyfitter_cfg.c **** * Parameters:
 162:Generated_Source\PSoC4/cyfitter_cfg.c **** *   void
 163:Generated_Source\PSoC4/cyfitter_cfg.c **** *
 164:Generated_Source\PSoC4/cyfitter_cfg.c **** * Return:
 165:Generated_Source\PSoC4/cyfitter_cfg.c **** *   void
 166:Generated_Source\PSoC4/cyfitter_cfg.c **** *
 167:Generated_Source\PSoC4/cyfitter_cfg.c **** *******************************************************************************/
 168:Generated_Source\PSoC4/cyfitter_cfg.c **** static void ClockSetup(void);
 169:Generated_Source\PSoC4/cyfitter_cfg.c **** CY_CFG_SECTION
 170:Generated_Source\PSoC4/cyfitter_cfg.c **** static void ClockSetup(void)
 171:Generated_Source\PSoC4/cyfitter_cfg.c **** {
  55              		.loc 1 171 0
  56              		.cfi_startproc
  57              		@ args = 0, pretend = 0, frame = 0
ARM GAS  C:\Users\Jeremias\AppData\Local\Temp\ccSm0KX8.s 			page 5


  58              		@ frame_needed = 0, uses_anonymous_args = 0
  59 0000 70B5     		push	{r4, r5, r6, lr}
  60              		.cfi_def_cfa_offset 16
  61              		.cfi_offset 4, -16
  62              		.cfi_offset 5, -12
  63              		.cfi_offset 6, -8
  64              		.cfi_offset 14, -4
 172:Generated_Source\PSoC4/cyfitter_cfg.c **** 	/* Enable HALF_EN before trimming for the flash accelerator. */
 173:Generated_Source\PSoC4/cyfitter_cfg.c **** 	CY_SET_REG32((void CYXDATA *)(CYREG_CLK_SELECT), (CY_GET_REG32((void *)CYREG_CLK_SELECT) | 0x00040
  65              		.loc 1 173 0
  66 0002 104C     		ldr	r4, .L3
  67 0004 2368     		ldr	r3, [r4]
  68 0006 8022     		movs	r2, #128
  69 0008 D202     		lsls	r2, r2, #11
  70 000a 1343     		orrs	r3, r2
  71 000c 2360     		str	r3, [r4]
 174:Generated_Source\PSoC4/cyfitter_cfg.c **** 
 175:Generated_Source\PSoC4/cyfitter_cfg.c **** 	/* Setup and trim IMO based on desired frequency. */
 176:Generated_Source\PSoC4/cyfitter_cfg.c **** 	CySysClkWriteImoFreq(24u);
  72              		.loc 1 176 0
  73 000e 1820     		movs	r0, #24
  74 0010 FFF7FEFF 		bl	CySysClkWriteImoFreq
  75              	.LVL3:
 177:Generated_Source\PSoC4/cyfitter_cfg.c **** 
 178:Generated_Source\PSoC4/cyfitter_cfg.c **** 	/* Disable HALF_EN since it is not required at this IMO frequency. */
 179:Generated_Source\PSoC4/cyfitter_cfg.c **** 	CY_SET_REG32((void CYXDATA *)(CYREG_CLK_SELECT), (CY_GET_REG32((void *)CYREG_CLK_SELECT) & 0xFFFBF
  76              		.loc 1 179 0
  77 0014 2268     		ldr	r2, [r4]
  78 0016 0C4B     		ldr	r3, .L3+4
  79 0018 1340     		ands	r3, r2
  80 001a 2360     		str	r3, [r4]
 180:Generated_Source\PSoC4/cyfitter_cfg.c **** 	/* CYDEV_CLK_ILO_CONFIG Starting address: CYDEV_CLK_ILO_CONFIG */
 181:Generated_Source\PSoC4/cyfitter_cfg.c **** 	CY_SET_REG32((void *)(CYREG_CLK_ILO_CONFIG), 0x80000006u);
  81              		.loc 1 181 0
  82 001c 0B4A     		ldr	r2, .L3+8
  83 001e 0C4B     		ldr	r3, .L3+12
  84 0020 1A60     		str	r2, [r3]
 182:Generated_Source\PSoC4/cyfitter_cfg.c **** 
 183:Generated_Source\PSoC4/cyfitter_cfg.c **** 
 184:Generated_Source\PSoC4/cyfitter_cfg.c **** 	/* CYDEV_CLK_IMO_CONFIG Starting address: CYDEV_CLK_IMO_CONFIG */
 185:Generated_Source\PSoC4/cyfitter_cfg.c **** 	CY_SET_REG32((void *)(CYREG_CLK_IMO_CONFIG), 0x82000000u);
  85              		.loc 1 185 0
  86 0022 8222     		movs	r2, #130
  87 0024 1206     		lsls	r2, r2, #24
  88 0026 0B4B     		ldr	r3, .L3+16
  89 0028 1A60     		str	r2, [r3]
 186:Generated_Source\PSoC4/cyfitter_cfg.c **** 
 187:Generated_Source\PSoC4/cyfitter_cfg.c **** 	/* CYDEV_CLK_SELECT Starting address: CYDEV_CLK_SELECT */
 188:Generated_Source\PSoC4/cyfitter_cfg.c **** 	CY_SET_REG32((void *)(CYREG_CLK_SELECT), 0x00000000u);
  90              		.loc 1 188 0
  91 002a 0025     		movs	r5, #0
  92 002c 2560     		str	r5, [r4]
 189:Generated_Source\PSoC4/cyfitter_cfg.c **** 
 190:Generated_Source\PSoC4/cyfitter_cfg.c **** 	(void)CyIntSetVector(9u, &CySysWdtIsr);
  93              		.loc 1 190 0
  94 002e 0A49     		ldr	r1, .L3+20
  95 0030 0920     		movs	r0, #9
ARM GAS  C:\Users\Jeremias\AppData\Local\Temp\ccSm0KX8.s 			page 6


  96 0032 FFF7FEFF 		bl	CyIntSetVector
  97              	.LVL4:
 191:Generated_Source\PSoC4/cyfitter_cfg.c **** 	CyIntEnable(9u);
  98              		.loc 1 191 0
  99 0036 0920     		movs	r0, #9
 100 0038 FFF7FEFF 		bl	CyIntEnable
 101              	.LVL5:
 192:Generated_Source\PSoC4/cyfitter_cfg.c **** 	CY_SET_REG32((void *)(CYREG_WDT_CONFIG), 0x00000000u);
 102              		.loc 1 192 0
 103 003c 074B     		ldr	r3, .L3+24
 104 003e 1D60     		str	r5, [r3]
 193:Generated_Source\PSoC4/cyfitter_cfg.c **** }
 105              		.loc 1 193 0
 106              		@ sp needed
 107 0040 70BD     		pop	{r4, r5, r6, pc}
 108              	.L4:
 109 0042 C046     		.align	2
 110              	.L3:
 111 0044 00010B40 		.word	1074462976
 112 0048 FFFFFBFF 		.word	-262145
 113 004c 06000080 		.word	-2147483642
 114 0050 04010B40 		.word	1074462980
 115 0054 08010B40 		.word	1074462984
 116 0058 00000000 		.word	CySysWdtIsr
 117 005c 0C020B40 		.word	1074463244
 118              		.cfi_endproc
 119              	.LFE3:
 120              		.size	ClockSetup, .-ClockSetup
 121              		.section	.text.SetAnalogRoutingPumps,"ax",%progbits
 122              		.align	2
 123              		.global	SetAnalogRoutingPumps
 124              		.code	16
 125              		.thumb_func
 126              		.type	SetAnalogRoutingPumps, %function
 127              	SetAnalogRoutingPumps:
 128              	.LFB5:
 194:Generated_Source\PSoC4/cyfitter_cfg.c **** 
 195:Generated_Source\PSoC4/cyfitter_cfg.c **** 
 196:Generated_Source\PSoC4/cyfitter_cfg.c **** /* Analog API Functions */
 197:Generated_Source\PSoC4/cyfitter_cfg.c **** 
 198:Generated_Source\PSoC4/cyfitter_cfg.c **** 
 199:Generated_Source\PSoC4/cyfitter_cfg.c **** /*******************************************************************************
 200:Generated_Source\PSoC4/cyfitter_cfg.c **** * Function Name: AnalogSetDefault
 201:Generated_Source\PSoC4/cyfitter_cfg.c **** ********************************************************************************
 202:Generated_Source\PSoC4/cyfitter_cfg.c **** *
 203:Generated_Source\PSoC4/cyfitter_cfg.c **** * Summary:
 204:Generated_Source\PSoC4/cyfitter_cfg.c **** *  Sets up the analog portions of the chip to default values based on chip
 205:Generated_Source\PSoC4/cyfitter_cfg.c **** *  configuration options from the project.
 206:Generated_Source\PSoC4/cyfitter_cfg.c **** *
 207:Generated_Source\PSoC4/cyfitter_cfg.c **** * Parameters:
 208:Generated_Source\PSoC4/cyfitter_cfg.c **** *  void
 209:Generated_Source\PSoC4/cyfitter_cfg.c **** *
 210:Generated_Source\PSoC4/cyfitter_cfg.c **** * Return:
 211:Generated_Source\PSoC4/cyfitter_cfg.c **** *  void
 212:Generated_Source\PSoC4/cyfitter_cfg.c **** *
 213:Generated_Source\PSoC4/cyfitter_cfg.c **** *******************************************************************************/
 214:Generated_Source\PSoC4/cyfitter_cfg.c **** static void AnalogSetDefault(void);
ARM GAS  C:\Users\Jeremias\AppData\Local\Temp\ccSm0KX8.s 			page 7


 215:Generated_Source\PSoC4/cyfitter_cfg.c **** static void AnalogSetDefault(void)
 216:Generated_Source\PSoC4/cyfitter_cfg.c **** {
 217:Generated_Source\PSoC4/cyfitter_cfg.c **** 	CY_SET_XTND_REG32((void CYFAR *)CYREG_CTBM_OA0_SW, 0x00000104u);
 218:Generated_Source\PSoC4/cyfitter_cfg.c **** 	SetAnalogRoutingPumps(1);
 219:Generated_Source\PSoC4/cyfitter_cfg.c **** }
 220:Generated_Source\PSoC4/cyfitter_cfg.c **** 
 221:Generated_Source\PSoC4/cyfitter_cfg.c **** 
 222:Generated_Source\PSoC4/cyfitter_cfg.c **** /*******************************************************************************
 223:Generated_Source\PSoC4/cyfitter_cfg.c **** * Function Name: SetAnalogRoutingPumps
 224:Generated_Source\PSoC4/cyfitter_cfg.c **** ********************************************************************************
 225:Generated_Source\PSoC4/cyfitter_cfg.c **** *
 226:Generated_Source\PSoC4/cyfitter_cfg.c **** * Summary:
 227:Generated_Source\PSoC4/cyfitter_cfg.c **** * Enables or disables the analog pumps feeding analog routing switches.
 228:Generated_Source\PSoC4/cyfitter_cfg.c **** * Intended to be called at startup, based on the Vdda system configuration;
 229:Generated_Source\PSoC4/cyfitter_cfg.c **** * may be called during operation when the user informs us that the Vdda voltage crossed the pump th
 230:Generated_Source\PSoC4/cyfitter_cfg.c **** *
 231:Generated_Source\PSoC4/cyfitter_cfg.c **** * Parameters:
 232:Generated_Source\PSoC4/cyfitter_cfg.c **** *  enabled - 1 to enable the pumps, 0 to disable the pumps
 233:Generated_Source\PSoC4/cyfitter_cfg.c **** *
 234:Generated_Source\PSoC4/cyfitter_cfg.c **** * Return:
 235:Generated_Source\PSoC4/cyfitter_cfg.c **** *  void
 236:Generated_Source\PSoC4/cyfitter_cfg.c **** *
 237:Generated_Source\PSoC4/cyfitter_cfg.c **** *******************************************************************************/
 238:Generated_Source\PSoC4/cyfitter_cfg.c **** void SetAnalogRoutingPumps(uint8 enabled)
 239:Generated_Source\PSoC4/cyfitter_cfg.c **** {
 129              		.loc 1 239 0
 130              		.cfi_startproc
 131              		@ args = 0, pretend = 0, frame = 0
 132              		@ frame_needed = 0, uses_anonymous_args = 0
 133              		@ link register save eliminated.
 134              	.LVL6:
 240:Generated_Source\PSoC4/cyfitter_cfg.c **** 	uint32 regValue = CY_GET_XTND_REG32((void *)(CYREG_SAR_PUMP_CTRL));
 135              		.loc 1 240 0
 136 0000 064B     		ldr	r3, .L8
 137 0002 1B68     		ldr	r3, [r3]
 138              	.LVL7:
 241:Generated_Source\PSoC4/cyfitter_cfg.c **** 	if (enabled != 0u)
 139              		.loc 1 241 0
 140 0004 0028     		cmp	r0, #0
 141 0006 03D0     		beq	.L6
 242:Generated_Source\PSoC4/cyfitter_cfg.c **** 	{
 243:Generated_Source\PSoC4/cyfitter_cfg.c **** 		regValue |= 0x80000000u;
 142              		.loc 1 243 0
 143 0008 8022     		movs	r2, #128
 144 000a 1206     		lsls	r2, r2, #24
 145 000c 1343     		orrs	r3, r2
 146              	.LVL8:
 147 000e 01E0     		b	.L7
 148              	.L6:
 244:Generated_Source\PSoC4/cyfitter_cfg.c **** 	}
 245:Generated_Source\PSoC4/cyfitter_cfg.c **** 	else
 246:Generated_Source\PSoC4/cyfitter_cfg.c **** 	{
 247:Generated_Source\PSoC4/cyfitter_cfg.c **** 		regValue &= ~0x80000000u;
 149              		.loc 1 247 0
 150 0010 5B00     		lsls	r3, r3, #1
 151              	.LVL9:
 152 0012 5B08     		lsrs	r3, r3, #1
ARM GAS  C:\Users\Jeremias\AppData\Local\Temp\ccSm0KX8.s 			page 8


 153              	.LVL10:
 154              	.L7:
 248:Generated_Source\PSoC4/cyfitter_cfg.c **** 	}
 249:Generated_Source\PSoC4/cyfitter_cfg.c **** 	CY_SET_XTND_REG32((void *)(CYREG_SAR_PUMP_CTRL), regValue);
 155              		.loc 1 249 0
 156 0014 014A     		ldr	r2, .L8
 157 0016 1360     		str	r3, [r2]
 250:Generated_Source\PSoC4/cyfitter_cfg.c **** }
 158              		.loc 1 250 0
 159              		@ sp needed
 160 0018 7047     		bx	lr
 161              	.L9:
 162 001a C046     		.align	2
 163              	.L8:
 164 001c 80031A40 		.word	1075446656
 165              		.cfi_endproc
 166              	.LFE5:
 167              		.size	SetAnalogRoutingPumps, .-SetAnalogRoutingPumps
 168              		.section	.text.AnalogSetDefault,"ax",%progbits
 169              		.align	2
 170              		.code	16
 171              		.thumb_func
 172              		.type	AnalogSetDefault, %function
 173              	AnalogSetDefault:
 174              	.LFB4:
 216:Generated_Source\PSoC4/cyfitter_cfg.c **** 	CY_SET_XTND_REG32((void CYFAR *)CYREG_CTBM_OA0_SW, 0x00000104u);
 175              		.loc 1 216 0
 176              		.cfi_startproc
 177              		@ args = 0, pretend = 0, frame = 0
 178              		@ frame_needed = 0, uses_anonymous_args = 0
 179 0000 10B5     		push	{r4, lr}
 180              		.cfi_def_cfa_offset 8
 181              		.cfi_offset 4, -8
 182              		.cfi_offset 14, -4
 217:Generated_Source\PSoC4/cyfitter_cfg.c **** 	SetAnalogRoutingPumps(1);
 183              		.loc 1 217 0
 184 0002 8222     		movs	r2, #130
 185 0004 5200     		lsls	r2, r2, #1
 186 0006 034B     		ldr	r3, .L11
 187 0008 1A60     		str	r2, [r3]
 218:Generated_Source\PSoC4/cyfitter_cfg.c **** }
 188              		.loc 1 218 0
 189 000a 0120     		movs	r0, #1
 190 000c FFF7FEFF 		bl	SetAnalogRoutingPumps
 191              	.LVL11:
 219:Generated_Source\PSoC4/cyfitter_cfg.c **** 
 192              		.loc 1 219 0
 193              		@ sp needed
 194 0010 10BD     		pop	{r4, pc}
 195              	.L12:
 196 0012 C046     		.align	2
 197              	.L11:
 198 0014 80001040 		.word	1074790528
 199              		.cfi_endproc
 200              	.LFE4:
 201              		.size	AnalogSetDefault, .-AnalogSetDefault
 202              		.section	.psocinit
ARM GAS  C:\Users\Jeremias\AppData\Local\Temp\ccSm0KX8.s 			page 9


 203              		.align	2
 204              		.global	cyfitter_cfg
 205              		.code	16
 206              		.thumb_func
 207              		.type	cyfitter_cfg, %function
 208              	cyfitter_cfg:
 209              	.LFB6:
 251:Generated_Source\PSoC4/cyfitter_cfg.c **** 
 252:Generated_Source\PSoC4/cyfitter_cfg.c **** 
 253:Generated_Source\PSoC4/cyfitter_cfg.c **** 
 254:Generated_Source\PSoC4/cyfitter_cfg.c **** 
 255:Generated_Source\PSoC4/cyfitter_cfg.c **** /*******************************************************************************
 256:Generated_Source\PSoC4/cyfitter_cfg.c **** * Function Name: cyfitter_cfg
 257:Generated_Source\PSoC4/cyfitter_cfg.c **** ********************************************************************************
 258:Generated_Source\PSoC4/cyfitter_cfg.c **** * Summary:
 259:Generated_Source\PSoC4/cyfitter_cfg.c **** *  This function is called by the start-up code for the selected device. It
 260:Generated_Source\PSoC4/cyfitter_cfg.c **** *  performs all of the necessary device configuration based on the design
 261:Generated_Source\PSoC4/cyfitter_cfg.c **** *  settings.  This includes settings from the Design Wide Resources (DWR) such
 262:Generated_Source\PSoC4/cyfitter_cfg.c **** *  as Clocks and Pins as well as any component configuration that is necessary.
 263:Generated_Source\PSoC4/cyfitter_cfg.c **** *
 264:Generated_Source\PSoC4/cyfitter_cfg.c **** * Parameters:
 265:Generated_Source\PSoC4/cyfitter_cfg.c **** *   void
 266:Generated_Source\PSoC4/cyfitter_cfg.c **** *
 267:Generated_Source\PSoC4/cyfitter_cfg.c **** * Return:
 268:Generated_Source\PSoC4/cyfitter_cfg.c **** *   void
 269:Generated_Source\PSoC4/cyfitter_cfg.c **** *
 270:Generated_Source\PSoC4/cyfitter_cfg.c **** *******************************************************************************/
 271:Generated_Source\PSoC4/cyfitter_cfg.c **** CY_CFG_SECTION
 272:Generated_Source\PSoC4/cyfitter_cfg.c **** void cyfitter_cfg(void)
 273:Generated_Source\PSoC4/cyfitter_cfg.c **** {
 210              		.loc 1 273 0
 211              		.cfi_startproc
 212              		@ args = 0, pretend = 0, frame = 0
 213              		@ frame_needed = 0, uses_anonymous_args = 0
 214 0060 10B5     		push	{r4, lr}
 215              		.cfi_def_cfa_offset 8
 216              		.cfi_offset 4, -8
 217              		.cfi_offset 14, -4
 274:Generated_Source\PSoC4/cyfitter_cfg.c **** 	/* Disable interrupts by default. Let user enable if/when they want. */
 275:Generated_Source\PSoC4/cyfitter_cfg.c **** 	CyGlobalIntDisable;
 218              		.loc 1 275 0
 219              		.syntax divided
 220              	@ 275 "Generated_Source\PSoC4\cyfitter_cfg.c" 1
 221 0062 72B6     		CPSID   i
 222              	@ 0 "" 2
 223              	.LVL12:
 224              		.thumb
 225              		.syntax unified
 226              	.LBB2:
 276:Generated_Source\PSoC4/cyfitter_cfg.c **** 
 277:Generated_Source\PSoC4/cyfitter_cfg.c **** 	{
 278:Generated_Source\PSoC4/cyfitter_cfg.c **** 
 279:Generated_Source\PSoC4/cyfitter_cfg.c **** 		CYPACKED typedef struct {
 280:Generated_Source\PSoC4/cyfitter_cfg.c **** 			void CYFAR *address;
 281:Generated_Source\PSoC4/cyfitter_cfg.c **** 			uint16 size;
 282:Generated_Source\PSoC4/cyfitter_cfg.c **** 		} CYPACKED_ATTR cfg_memset_t;
 283:Generated_Source\PSoC4/cyfitter_cfg.c **** 
ARM GAS  C:\Users\Jeremias\AppData\Local\Temp\ccSm0KX8.s 			page 10


 284:Generated_Source\PSoC4/cyfitter_cfg.c **** 		static const cfg_memset_t CYCODE cfg_memset_list[] = {
 285:Generated_Source\PSoC4/cyfitter_cfg.c **** 			/* address, size */
 286:Generated_Source\PSoC4/cyfitter_cfg.c **** 			{(void CYFAR *)(CYDEV_UDB_P0_U0_BASE), 1024u},
 287:Generated_Source\PSoC4/cyfitter_cfg.c **** 			{(void CYFAR *)(CYDEV_UDB_DSI0_BASE), 1024u},
 288:Generated_Source\PSoC4/cyfitter_cfg.c **** 		};
 289:Generated_Source\PSoC4/cyfitter_cfg.c **** 
 290:Generated_Source\PSoC4/cyfitter_cfg.c **** 		uint8 CYDATA i;
 291:Generated_Source\PSoC4/cyfitter_cfg.c **** 
 292:Generated_Source\PSoC4/cyfitter_cfg.c **** 		/* Zero out critical memory blocks before beginning configuration */
 293:Generated_Source\PSoC4/cyfitter_cfg.c **** 		for (i = 0u; i < (sizeof(cfg_memset_list)/sizeof(cfg_memset_list[0])); i++)
 227              		.loc 1 293 0
 228 0064 0024     		movs	r4, #0
 229 0066 0FE0     		b	.L14
 230              	.LVL13:
 231              	.L15:
 232              	.LBB3:
 294:Generated_Source\PSoC4/cyfitter_cfg.c **** 		{
 295:Generated_Source\PSoC4/cyfitter_cfg.c **** 			const cfg_memset_t CYCODE * CYDATA ms = &cfg_memset_list[i];
 296:Generated_Source\PSoC4/cyfitter_cfg.c **** 			CYMEMZERO(ms->address, (size_t)(uint32)(ms->size));
 233              		.loc 1 296 0 discriminator 3
 234 0068 1548     		ldr	r0, .L16
 235 006a 6200     		lsls	r2, r4, #1
 236 006c 1319     		adds	r3, r2, r4
 237 006e 5900     		lsls	r1, r3, #1
 238 0070 0B00     		movs	r3, r1
 239 0072 4118     		adds	r1, r0, r1
 240 0074 8988     		ldrh	r1, [r1, #4]
 241 0076 1A5A     		ldrh	r2, [r3, r0]
 242 0078 C318     		adds	r3, r0, r3
 243 007a 5888     		ldrh	r0, [r3, #2]
 244 007c 0004     		lsls	r0, r0, #16
 245 007e 1043     		orrs	r0, r2
 246 0080 FFF7FEFF 		bl	CYMEMZERO
 247              	.LVL14:
 248              	.LBE3:
 293:Generated_Source\PSoC4/cyfitter_cfg.c **** 		{
 249              		.loc 1 293 0 discriminator 3
 250 0084 0134     		adds	r4, r4, #1
 251              	.LVL15:
 252 0086 E4B2     		uxtb	r4, r4
 253              	.LVL16:
 254              	.L14:
 293:Generated_Source\PSoC4/cyfitter_cfg.c **** 		{
 255              		.loc 1 293 0 is_stmt 0 discriminator 1
 256 0088 012C     		cmp	r4, #1
 257 008a EDD9     		bls	.L15
 297:Generated_Source\PSoC4/cyfitter_cfg.c **** 		}
 298:Generated_Source\PSoC4/cyfitter_cfg.c **** 
 299:Generated_Source\PSoC4/cyfitter_cfg.c **** 		/* FORCED_HSIOM Starting address: CYDEV_HSIOM_PORT_SEL3 */
 300:Generated_Source\PSoC4/cyfitter_cfg.c **** 		CY_SET_REG32((void *)(CYREG_HSIOM_PORT_SEL3), 0x00000000u);
 258              		.loc 1 300 0 is_stmt 1
 259 008c 0023     		movs	r3, #0
 260 008e 0D4A     		ldr	r2, .L16+4
 261 0090 1360     		str	r3, [r2]
 301:Generated_Source\PSoC4/cyfitter_cfg.c **** 
 302:Generated_Source\PSoC4/cyfitter_cfg.c **** 		/* IOPINS0_3 Starting address: CYDEV_PRT3_PC */
 303:Generated_Source\PSoC4/cyfitter_cfg.c **** 		CY_SET_REG32((void *)(CYREG_PRT3_PC), 0x00000000u);
ARM GAS  C:\Users\Jeremias\AppData\Local\Temp\ccSm0KX8.s 			page 11


 262              		.loc 1 303 0
 263 0092 0D4A     		ldr	r2, .L16+8
 264 0094 1360     		str	r3, [r2]
 304:Generated_Source\PSoC4/cyfitter_cfg.c **** 
 305:Generated_Source\PSoC4/cyfitter_cfg.c **** 		/* UDB_PA_1 Starting address: CYDEV_UDB_PA1_BASE */
 306:Generated_Source\PSoC4/cyfitter_cfg.c **** 		CY_SET_REG32((void *)(CYDEV_UDB_PA1_BASE), 0x00990000u);
 265              		.loc 1 306 0
 266 0096 9922     		movs	r2, #153
 267 0098 1204     		lsls	r2, r2, #16
 268 009a 0C4B     		ldr	r3, .L16+12
 269 009c 1A60     		str	r2, [r3]
 307:Generated_Source\PSoC4/cyfitter_cfg.c **** 
 308:Generated_Source\PSoC4/cyfitter_cfg.c **** 		/* Enable digital routing */
 309:Generated_Source\PSoC4/cyfitter_cfg.c **** 		CY_SET_XTND_REG8((void *)CYREG_UDB_UDBIF_BANK_CTL, (uint8)(CY_GET_XTND_REG8((void *)CYREG_UDB_UDB
 270              		.loc 1 309 0
 271 009e 0C4A     		ldr	r2, .L16+16
 272 00a0 1178     		ldrb	r1, [r2]
 273 00a2 0623     		movs	r3, #6
 274 00a4 0B43     		orrs	r3, r1
 275 00a6 DBB2     		uxtb	r3, r3
 276 00a8 1370     		strb	r3, [r2]
 277              	.LBE2:
 310:Generated_Source\PSoC4/cyfitter_cfg.c **** 	}
 311:Generated_Source\PSoC4/cyfitter_cfg.c **** 
 312:Generated_Source\PSoC4/cyfitter_cfg.c **** 	/* Perform second pass device configuration. These items must be configured in specific order afte
 313:Generated_Source\PSoC4/cyfitter_cfg.c **** 	/* IOPINS0_1 Starting address: CYDEV_PRT1_BASE */
 314:Generated_Source\PSoC4/cyfitter_cfg.c **** 	CY_SET_REG32((void *)(CYDEV_PRT1_BASE), 0x00000007u);
 278              		.loc 1 314 0
 279 00aa 0723     		movs	r3, #7
 280 00ac 094A     		ldr	r2, .L16+20
 281 00ae 1360     		str	r3, [r2]
 315:Generated_Source\PSoC4/cyfitter_cfg.c **** 	CY_SET_REG32((void *)(CYREG_PRT1_PC2), 0x00000007u);
 282              		.loc 1 315 0
 283 00b0 094A     		ldr	r2, .L16+24
 284 00b2 1360     		str	r3, [r2]
 316:Generated_Source\PSoC4/cyfitter_cfg.c **** 
 317:Generated_Source\PSoC4/cyfitter_cfg.c **** 
 318:Generated_Source\PSoC4/cyfitter_cfg.c **** 	/* Setup clocks based on selections from Clock DWR */
 319:Generated_Source\PSoC4/cyfitter_cfg.c **** 	ClockSetup();
 285              		.loc 1 319 0
 286 00b4 FFF7A4FF 		bl	ClockSetup
 287              	.LVL17:
 320:Generated_Source\PSoC4/cyfitter_cfg.c **** 
 321:Generated_Source\PSoC4/cyfitter_cfg.c **** 	/* Perform basic analog initialization to defaults */
 322:Generated_Source\PSoC4/cyfitter_cfg.c **** 	AnalogSetDefault();
 288              		.loc 1 322 0
 289 00b8 FFF7FEFF 		bl	AnalogSetDefault
 290              	.LVL18:
 323:Generated_Source\PSoC4/cyfitter_cfg.c **** 
 324:Generated_Source\PSoC4/cyfitter_cfg.c **** }
 291              		.loc 1 324 0
 292              		@ sp needed
 293              	.LVL19:
 294 00bc 10BD     		pop	{r4, pc}
 295              	.L17:
 296 00be C046     		.align	2
 297              	.L16:
ARM GAS  C:\Users\Jeremias\AppData\Local\Temp\ccSm0KX8.s 			page 12


 298 00c0 00000000 		.word	.LANCHOR0
 299 00c4 0C000140 		.word	1073807372
 300 00c8 08030440 		.word	1074004744
 301 00cc 10500F40 		.word	1074745360
 302 00d0 00700F40 		.word	1074753536
 303 00d4 00010440 		.word	1074004224
 304 00d8 18010440 		.word	1074004248
 305              		.cfi_endproc
 306              	.LFE6:
 307              		.size	cyfitter_cfg, .-cyfitter_cfg
 308              		.section	.rodata
 309              		.align	2
 310              		.set	.LANCHOR0,. + 0
 311              		.type	cfg_memset_list.4853, %object
 312              		.size	cfg_memset_list.4853, 12
 313              	cfg_memset_list.4853:
 314 0000 00300F40 		.word	1074737152
 315 0004 0004     		.short	1024
 316 0006 00400F40 		.4byte	1074741248
 317 000a 0004     		.short	1024
 318              		.text
 319              	.Letext0:
 320              		.file 2 "c:\\program files (x86)\\cypress\\psoc creator\\4.4\\psoc creator\\import\\gnu\\arm\\5.4.
 321              		.file 3 "Generated_Source\\PSoC4\\cytypes.h"
 322              		.file 4 "Generated_Source\\PSoC4\\CyLib.h"
 323              		.section	.debug_info,"",%progbits
 324              	.Ldebug_info0:
 325 0000 DA020000 		.4byte	0x2da
 326 0004 0400     		.2byte	0x4
 327 0006 00000000 		.4byte	.Ldebug_abbrev0
 328 000a 04       		.byte	0x4
 329 000b 01       		.uleb128 0x1
 330 000c 12010000 		.4byte	.LASF34
 331 0010 0C       		.byte	0xc
 332 0011 91020000 		.4byte	.LASF35
 333 0015 DB010000 		.4byte	.LASF36
 334 0019 00000000 		.4byte	.Ldebug_ranges0+0
 335 001d 00000000 		.4byte	0
 336 0021 00000000 		.4byte	.Ldebug_line0
 337 0025 02       		.uleb128 0x2
 338 0026 04       		.byte	0x4
 339 0027 05       		.byte	0x5
 340 0028 696E7400 		.ascii	"int\000"
 341 002c 03       		.uleb128 0x3
 342 002d 06000000 		.4byte	.LASF12
 343 0031 02       		.byte	0x2
 344 0032 D8       		.byte	0xd8
 345 0033 37000000 		.4byte	0x37
 346 0037 04       		.uleb128 0x4
 347 0038 04       		.byte	0x4
 348 0039 07       		.byte	0x7
 349 003a D9000000 		.4byte	.LASF0
 350 003e 04       		.uleb128 0x4
 351 003f 08       		.byte	0x8
 352 0040 05       		.byte	0x5
 353 0041 B6010000 		.4byte	.LASF1
 354 0045 04       		.uleb128 0x4
ARM GAS  C:\Users\Jeremias\AppData\Local\Temp\ccSm0KX8.s 			page 13


 355 0046 08       		.byte	0x8
 356 0047 04       		.byte	0x4
 357 0048 79020000 		.4byte	.LASF2
 358 004c 04       		.uleb128 0x4
 359 004d 01       		.byte	0x1
 360 004e 06       		.byte	0x6
 361 004f 85020000 		.4byte	.LASF3
 362 0053 04       		.uleb128 0x4
 363 0054 01       		.byte	0x1
 364 0055 08       		.byte	0x8
 365 0056 A3000000 		.4byte	.LASF4
 366 005a 04       		.uleb128 0x4
 367 005b 02       		.byte	0x2
 368 005c 05       		.byte	0x5
 369 005d D1010000 		.4byte	.LASF5
 370 0061 04       		.uleb128 0x4
 371 0062 02       		.byte	0x2
 372 0063 07       		.byte	0x7
 373 0064 48000000 		.4byte	.LASF6
 374 0068 04       		.uleb128 0x4
 375 0069 04       		.byte	0x4
 376 006a 05       		.byte	0x5
 377 006b 70020000 		.4byte	.LASF7
 378 006f 04       		.uleb128 0x4
 379 0070 04       		.byte	0x4
 380 0071 07       		.byte	0x7
 381 0072 6B000000 		.4byte	.LASF8
 382 0076 04       		.uleb128 0x4
 383 0077 08       		.byte	0x8
 384 0078 07       		.byte	0x7
 385 0079 FB000000 		.4byte	.LASF9
 386 007d 04       		.uleb128 0x4
 387 007e 04       		.byte	0x4
 388 007f 07       		.byte	0x7
 389 0080 AD010000 		.4byte	.LASF10
 390 0084 05       		.uleb128 0x5
 391 0085 04       		.byte	0x4
 392 0086 04       		.uleb128 0x4
 393 0087 01       		.byte	0x1
 394 0088 08       		.byte	0x8
 395 0089 C4010000 		.4byte	.LASF11
 396 008d 06       		.uleb128 0x6
 397 008e 7D000000 		.4byte	.LASF13
 398 0092 03       		.byte	0x3
 399 0093 FB01     		.2byte	0x1fb
 400 0095 53000000 		.4byte	0x53
 401 0099 06       		.uleb128 0x6
 402 009a CB000000 		.4byte	.LASF14
 403 009e 03       		.byte	0x3
 404 009f FC01     		.2byte	0x1fc
 405 00a1 61000000 		.4byte	0x61
 406 00a5 06       		.uleb128 0x6
 407 00a6 D2000000 		.4byte	.LASF15
 408 00aa 03       		.byte	0x3
 409 00ab FD01     		.2byte	0x1fd
 410 00ad 6F000000 		.4byte	0x6f
 411 00b1 04       		.uleb128 0x4
ARM GAS  C:\Users\Jeremias\AppData\Local\Temp\ccSm0KX8.s 			page 14


 412 00b2 04       		.byte	0x4
 413 00b3 04       		.byte	0x4
 414 00b4 5B000000 		.4byte	.LASF16
 415 00b8 04       		.uleb128 0x4
 416 00b9 08       		.byte	0x8
 417 00ba 04       		.byte	0x4
 418 00bb B8000000 		.4byte	.LASF17
 419 00bf 06       		.uleb128 0x6
 420 00c0 66000000 		.4byte	.LASF18
 421 00c4 03       		.byte	0x3
 422 00c5 A502     		.2byte	0x2a5
 423 00c7 CB000000 		.4byte	0xcb
 424 00cb 07       		.uleb128 0x7
 425 00cc 8D000000 		.4byte	0x8d
 426 00d0 06       		.uleb128 0x6
 427 00d1 00000000 		.4byte	.LASF19
 428 00d5 03       		.byte	0x3
 429 00d6 A702     		.2byte	0x2a7
 430 00d8 DC000000 		.4byte	0xdc
 431 00dc 07       		.uleb128 0x7
 432 00dd A5000000 		.4byte	0xa5
 433 00e1 08       		.uleb128 0x8
 434 00e2 83000000 		.4byte	.LASF20
 435 00e6 01       		.byte	0x1
 436 00e7 4C       		.byte	0x4c
 437 00e8 00000000 		.4byte	.LFB0
 438 00ec 0C000000 		.4byte	.LFE0-.LFB0
 439 00f0 01       		.uleb128 0x1
 440 00f1 9C       		.byte	0x9c
 441 00f2 2E010000 		.4byte	0x12e
 442 00f6 09       		.uleb128 0x9
 443 00f7 7300     		.ascii	"s\000"
 444 00f9 01       		.byte	0x1
 445 00fa 4C       		.byte	0x4c
 446 00fb 84000000 		.4byte	0x84
 447 00ff 00000000 		.4byte	.LLST0
 448 0103 09       		.uleb128 0x9
 449 0104 6E00     		.ascii	"n\000"
 450 0106 01       		.byte	0x1
 451 0107 4C       		.byte	0x4c
 452 0108 2C000000 		.4byte	0x2c
 453 010c 21000000 		.4byte	.LLST1
 454 0110 0A       		.uleb128 0xa
 455 0111 0A000000 		.4byte	.LVL2
 456 0115 B3020000 		.4byte	0x2b3
 457 0119 0B       		.uleb128 0xb
 458 011a 01       		.uleb128 0x1
 459 011b 50       		.byte	0x50
 460 011c 03       		.uleb128 0x3
 461 011d F3       		.byte	0xf3
 462 011e 01       		.uleb128 0x1
 463 011f 50       		.byte	0x50
 464 0120 0B       		.uleb128 0xb
 465 0121 01       		.uleb128 0x1
 466 0122 51       		.byte	0x51
 467 0123 01       		.uleb128 0x1
 468 0124 30       		.byte	0x30
ARM GAS  C:\Users\Jeremias\AppData\Local\Temp\ccSm0KX8.s 			page 15


 469 0125 0B       		.uleb128 0xb
 470 0126 01       		.uleb128 0x1
 471 0127 52       		.byte	0x52
 472 0128 03       		.uleb128 0x3
 473 0129 F3       		.byte	0xf3
 474 012a 01       		.uleb128 0x1
 475 012b 51       		.byte	0x51
 476 012c 00       		.byte	0
 477 012d 00       		.byte	0
 478 012e 08       		.uleb128 0x8
 479 012f 3D000000 		.4byte	.LASF21
 480 0133 01       		.byte	0x1
 481 0134 AA       		.byte	0xaa
 482 0135 00000000 		.4byte	.LFB3
 483 0139 60000000 		.4byte	.LFE3-.LFB3
 484 013d 01       		.uleb128 0x1
 485 013e 9C       		.byte	0x9c
 486 013f 79010000 		.4byte	0x179
 487 0143 0C       		.uleb128 0xc
 488 0144 14000000 		.4byte	.LVL3
 489 0148 BC020000 		.4byte	0x2bc
 490 014c 56010000 		.4byte	0x156
 491 0150 0B       		.uleb128 0xb
 492 0151 01       		.uleb128 0x1
 493 0152 50       		.byte	0x50
 494 0153 01       		.uleb128 0x1
 495 0154 48       		.byte	0x48
 496 0155 00       		.byte	0
 497 0156 0C       		.uleb128 0xc
 498 0157 36000000 		.4byte	.LVL4
 499 015b C7020000 		.4byte	0x2c7
 500 015f 69010000 		.4byte	0x169
 501 0163 0B       		.uleb128 0xb
 502 0164 01       		.uleb128 0x1
 503 0165 50       		.byte	0x50
 504 0166 01       		.uleb128 0x1
 505 0167 39       		.byte	0x39
 506 0168 00       		.byte	0
 507 0169 0A       		.uleb128 0xa
 508 016a 3C000000 		.4byte	.LVL5
 509 016e D2020000 		.4byte	0x2d2
 510 0172 0B       		.uleb128 0xb
 511 0173 01       		.uleb128 0x1
 512 0174 50       		.byte	0x50
 513 0175 01       		.uleb128 0x1
 514 0176 39       		.byte	0x39
 515 0177 00       		.byte	0
 516 0178 00       		.byte	0
 517 0179 0D       		.uleb128 0xd
 518 017a 8D000000 		.4byte	.LASF24
 519 017e 01       		.byte	0x1
 520 017f EE       		.byte	0xee
 521 0180 00000000 		.4byte	.LFB5
 522 0184 20000000 		.4byte	.LFE5-.LFB5
 523 0188 01       		.uleb128 0x1
 524 0189 9C       		.byte	0x9c
 525 018a AB010000 		.4byte	0x1ab
ARM GAS  C:\Users\Jeremias\AppData\Local\Temp\ccSm0KX8.s 			page 16


 526 018e 0E       		.uleb128 0xe
 527 018f C9010000 		.4byte	.LASF22
 528 0193 01       		.byte	0x1
 529 0194 EE       		.byte	0xee
 530 0195 8D000000 		.4byte	0x8d
 531 0199 01       		.uleb128 0x1
 532 019a 50       		.byte	0x50
 533 019b 0F       		.uleb128 0xf
 534 019c B7020000 		.4byte	.LASF29
 535 01a0 01       		.byte	0x1
 536 01a1 F0       		.byte	0xf0
 537 01a2 A5000000 		.4byte	0xa5
 538 01a6 4D000000 		.4byte	.LLST2
 539 01aa 00       		.byte	0
 540 01ab 08       		.uleb128 0x8
 541 01ac 0D000000 		.4byte	.LASF23
 542 01b0 01       		.byte	0x1
 543 01b1 D7       		.byte	0xd7
 544 01b2 00000000 		.4byte	.LFB4
 545 01b6 18000000 		.4byte	.LFE4-.LFB4
 546 01ba 01       		.uleb128 0x1
 547 01bb 9C       		.byte	0x9c
 548 01bc D0010000 		.4byte	0x1d0
 549 01c0 0A       		.uleb128 0xa
 550 01c1 10000000 		.4byte	.LVL11
 551 01c5 79010000 		.4byte	0x179
 552 01c9 0B       		.uleb128 0xb
 553 01ca 01       		.uleb128 0x1
 554 01cb 50       		.byte	0x50
 555 01cc 01       		.uleb128 0x1
 556 01cd 31       		.byte	0x31
 557 01ce 00       		.byte	0
 558 01cf 00       		.byte	0
 559 01d0 10       		.uleb128 0x10
 560 01d1 E6000000 		.4byte	.LASF25
 561 01d5 01       		.byte	0x1
 562 01d6 1001     		.2byte	0x110
 563 01d8 60000000 		.4byte	.LFB6
 564 01dc 7C000000 		.4byte	.LFE6-.LFB6
 565 01e0 01       		.uleb128 0x1
 566 01e1 9C       		.byte	0x9c
 567 01e2 B3020000 		.4byte	0x2b3
 568 01e6 11       		.uleb128 0x11
 569 01e7 64000000 		.4byte	.LBB2
 570 01eb 46000000 		.4byte	.LBE2-.LBB2
 571 01ef A0020000 		.4byte	0x2a0
 572 01f3 12       		.uleb128 0x12
 573 01f4 06       		.byte	0x6
 574 01f5 01       		.byte	0x1
 575 01f6 1701     		.2byte	0x117
 576 01f8 17020000 		.4byte	0x217
 577 01fc 13       		.uleb128 0x13
 578 01fd F3000000 		.4byte	.LASF26
 579 0201 01       		.byte	0x1
 580 0202 1801     		.2byte	0x118
 581 0204 84000000 		.4byte	0x84
 582 0208 00       		.byte	0
ARM GAS  C:\Users\Jeremias\AppData\Local\Temp\ccSm0KX8.s 			page 17


 583 0209 13       		.uleb128 0x13
 584 020a 61000000 		.4byte	.LASF27
 585 020e 01       		.byte	0x1
 586 020f 1901     		.2byte	0x119
 587 0211 99000000 		.4byte	0x99
 588 0215 04       		.byte	0x4
 589 0216 00       		.byte	0
 590 0217 06       		.uleb128 0x6
 591 0218 A0010000 		.4byte	.LASF28
 592 021c 01       		.byte	0x1
 593 021d 1A01     		.2byte	0x11a
 594 021f F3010000 		.4byte	0x1f3
 595 0223 14       		.uleb128 0x14
 596 0224 33020000 		.4byte	0x233
 597 0228 33020000 		.4byte	0x233
 598 022c 15       		.uleb128 0x15
 599 022d 7D000000 		.4byte	0x7d
 600 0231 01       		.byte	0x1
 601 0232 00       		.byte	0
 602 0233 16       		.uleb128 0x16
 603 0234 17020000 		.4byte	0x217
 604 0238 17       		.uleb128 0x17
 605 0239 2D000000 		.4byte	.LASF30
 606 023d 01       		.byte	0x1
 607 023e 1C01     		.2byte	0x11c
 608 0240 4A020000 		.4byte	0x24a
 609 0244 05       		.uleb128 0x5
 610 0245 03       		.byte	0x3
 611 0246 00000000 		.4byte	cfg_memset_list.4853
 612 024a 16       		.uleb128 0x16
 613 024b 23020000 		.4byte	0x223
 614 024f 18       		.uleb128 0x18
 615 0250 6900     		.ascii	"i\000"
 616 0252 01       		.byte	0x1
 617 0253 2201     		.2byte	0x122
 618 0255 8D000000 		.4byte	0x8d
 619 0259 6B000000 		.4byte	.LLST3
 620 025d 19       		.uleb128 0x19
 621 025e 68000000 		.4byte	.LBB3
 622 0262 1C000000 		.4byte	.LBE3-.LBB3
 623 0266 18       		.uleb128 0x18
 624 0267 6D7300   		.ascii	"ms\000"
 625 026a 01       		.byte	0x1
 626 026b 2701     		.2byte	0x127
 627 026d 75020000 		.4byte	0x275
 628 0271 95000000 		.4byte	.LLST4
 629 0275 1A       		.uleb128 0x1a
 630 0276 04       		.byte	0x4
 631 0277 33020000 		.4byte	0x233
 632 027b 0A       		.uleb128 0xa
 633 027c 84000000 		.4byte	.LVL14
 634 0280 E1000000 		.4byte	0xe1
 635 0284 0B       		.uleb128 0xb
 636 0285 01       		.uleb128 0x1
 637 0286 51       		.byte	0x51
 638 0287 15       		.uleb128 0x15
 639 0288 74       		.byte	0x74
ARM GAS  C:\Users\Jeremias\AppData\Local\Temp\ccSm0KX8.s 			page 18


 640 0289 00       		.sleb128 0
 641 028a 31       		.byte	0x31
 642 028b 24       		.byte	0x24
 643 028c 74       		.byte	0x74
 644 028d 00       		.sleb128 0
 645 028e 22       		.byte	0x22
 646 028f 31       		.byte	0x31
 647 0290 24       		.byte	0x24
 648 0291 03       		.byte	0x3
 649 0292 04000000 		.4byte	.LANCHOR0+4
 650 0296 22       		.byte	0x22
 651 0297 94       		.byte	0x94
 652 0298 02       		.byte	0x2
 653 0299 0A       		.byte	0xa
 654 029a FFFF     		.2byte	0xffff
 655 029c 1A       		.byte	0x1a
 656 029d 00       		.byte	0
 657 029e 00       		.byte	0
 658 029f 00       		.byte	0
 659 02a0 1B       		.uleb128 0x1b
 660 02a1 B8000000 		.4byte	.LVL17
 661 02a5 2E010000 		.4byte	0x12e
 662 02a9 1B       		.uleb128 0x1b
 663 02aa BC000000 		.4byte	.LVL18
 664 02ae AB010000 		.4byte	0x1ab
 665 02b2 00       		.byte	0
 666 02b3 1C       		.uleb128 0x1c
 667 02b4 B1000000 		.4byte	.LASF37
 668 02b8 B1000000 		.4byte	.LASF37
 669 02bc 1D       		.uleb128 0x1d
 670 02bd 5B020000 		.4byte	.LASF31
 671 02c1 5B020000 		.4byte	.LASF31
 672 02c5 04       		.byte	0x4
 673 02c6 6C       		.byte	0x6c
 674 02c7 1D       		.uleb128 0x1d
 675 02c8 1E000000 		.4byte	.LASF32
 676 02cc 1E000000 		.4byte	.LASF32
 677 02d0 04       		.byte	0x4
 678 02d1 D0       		.byte	0xd0
 679 02d2 1D       		.uleb128 0x1d
 680 02d3 BF000000 		.4byte	.LASF33
 681 02d7 BF000000 		.4byte	.LASF33
 682 02db 04       		.byte	0x4
 683 02dc D6       		.byte	0xd6
 684 02dd 00       		.byte	0
 685              		.section	.debug_abbrev,"",%progbits
 686              	.Ldebug_abbrev0:
 687 0000 01       		.uleb128 0x1
 688 0001 11       		.uleb128 0x11
 689 0002 01       		.byte	0x1
 690 0003 25       		.uleb128 0x25
 691 0004 0E       		.uleb128 0xe
 692 0005 13       		.uleb128 0x13
 693 0006 0B       		.uleb128 0xb
 694 0007 03       		.uleb128 0x3
 695 0008 0E       		.uleb128 0xe
 696 0009 1B       		.uleb128 0x1b
ARM GAS  C:\Users\Jeremias\AppData\Local\Temp\ccSm0KX8.s 			page 19


 697 000a 0E       		.uleb128 0xe
 698 000b 55       		.uleb128 0x55
 699 000c 17       		.uleb128 0x17
 700 000d 11       		.uleb128 0x11
 701 000e 01       		.uleb128 0x1
 702 000f 10       		.uleb128 0x10
 703 0010 17       		.uleb128 0x17
 704 0011 00       		.byte	0
 705 0012 00       		.byte	0
 706 0013 02       		.uleb128 0x2
 707 0014 24       		.uleb128 0x24
 708 0015 00       		.byte	0
 709 0016 0B       		.uleb128 0xb
 710 0017 0B       		.uleb128 0xb
 711 0018 3E       		.uleb128 0x3e
 712 0019 0B       		.uleb128 0xb
 713 001a 03       		.uleb128 0x3
 714 001b 08       		.uleb128 0x8
 715 001c 00       		.byte	0
 716 001d 00       		.byte	0
 717 001e 03       		.uleb128 0x3
 718 001f 16       		.uleb128 0x16
 719 0020 00       		.byte	0
 720 0021 03       		.uleb128 0x3
 721 0022 0E       		.uleb128 0xe
 722 0023 3A       		.uleb128 0x3a
 723 0024 0B       		.uleb128 0xb
 724 0025 3B       		.uleb128 0x3b
 725 0026 0B       		.uleb128 0xb
 726 0027 49       		.uleb128 0x49
 727 0028 13       		.uleb128 0x13
 728 0029 00       		.byte	0
 729 002a 00       		.byte	0
 730 002b 04       		.uleb128 0x4
 731 002c 24       		.uleb128 0x24
 732 002d 00       		.byte	0
 733 002e 0B       		.uleb128 0xb
 734 002f 0B       		.uleb128 0xb
 735 0030 3E       		.uleb128 0x3e
 736 0031 0B       		.uleb128 0xb
 737 0032 03       		.uleb128 0x3
 738 0033 0E       		.uleb128 0xe
 739 0034 00       		.byte	0
 740 0035 00       		.byte	0
 741 0036 05       		.uleb128 0x5
 742 0037 0F       		.uleb128 0xf
 743 0038 00       		.byte	0
 744 0039 0B       		.uleb128 0xb
 745 003a 0B       		.uleb128 0xb
 746 003b 00       		.byte	0
 747 003c 00       		.byte	0
 748 003d 06       		.uleb128 0x6
 749 003e 16       		.uleb128 0x16
 750 003f 00       		.byte	0
 751 0040 03       		.uleb128 0x3
 752 0041 0E       		.uleb128 0xe
 753 0042 3A       		.uleb128 0x3a
ARM GAS  C:\Users\Jeremias\AppData\Local\Temp\ccSm0KX8.s 			page 20


 754 0043 0B       		.uleb128 0xb
 755 0044 3B       		.uleb128 0x3b
 756 0045 05       		.uleb128 0x5
 757 0046 49       		.uleb128 0x49
 758 0047 13       		.uleb128 0x13
 759 0048 00       		.byte	0
 760 0049 00       		.byte	0
 761 004a 07       		.uleb128 0x7
 762 004b 35       		.uleb128 0x35
 763 004c 00       		.byte	0
 764 004d 49       		.uleb128 0x49
 765 004e 13       		.uleb128 0x13
 766 004f 00       		.byte	0
 767 0050 00       		.byte	0
 768 0051 08       		.uleb128 0x8
 769 0052 2E       		.uleb128 0x2e
 770 0053 01       		.byte	0x1
 771 0054 03       		.uleb128 0x3
 772 0055 0E       		.uleb128 0xe
 773 0056 3A       		.uleb128 0x3a
 774 0057 0B       		.uleb128 0xb
 775 0058 3B       		.uleb128 0x3b
 776 0059 0B       		.uleb128 0xb
 777 005a 27       		.uleb128 0x27
 778 005b 19       		.uleb128 0x19
 779 005c 11       		.uleb128 0x11
 780 005d 01       		.uleb128 0x1
 781 005e 12       		.uleb128 0x12
 782 005f 06       		.uleb128 0x6
 783 0060 40       		.uleb128 0x40
 784 0061 18       		.uleb128 0x18
 785 0062 9742     		.uleb128 0x2117
 786 0064 19       		.uleb128 0x19
 787 0065 01       		.uleb128 0x1
 788 0066 13       		.uleb128 0x13
 789 0067 00       		.byte	0
 790 0068 00       		.byte	0
 791 0069 09       		.uleb128 0x9
 792 006a 05       		.uleb128 0x5
 793 006b 00       		.byte	0
 794 006c 03       		.uleb128 0x3
 795 006d 08       		.uleb128 0x8
 796 006e 3A       		.uleb128 0x3a
 797 006f 0B       		.uleb128 0xb
 798 0070 3B       		.uleb128 0x3b
 799 0071 0B       		.uleb128 0xb
 800 0072 49       		.uleb128 0x49
 801 0073 13       		.uleb128 0x13
 802 0074 02       		.uleb128 0x2
 803 0075 17       		.uleb128 0x17
 804 0076 00       		.byte	0
 805 0077 00       		.byte	0
 806 0078 0A       		.uleb128 0xa
 807 0079 898201   		.uleb128 0x4109
 808 007c 01       		.byte	0x1
 809 007d 11       		.uleb128 0x11
 810 007e 01       		.uleb128 0x1
ARM GAS  C:\Users\Jeremias\AppData\Local\Temp\ccSm0KX8.s 			page 21


 811 007f 31       		.uleb128 0x31
 812 0080 13       		.uleb128 0x13
 813 0081 00       		.byte	0
 814 0082 00       		.byte	0
 815 0083 0B       		.uleb128 0xb
 816 0084 8A8201   		.uleb128 0x410a
 817 0087 00       		.byte	0
 818 0088 02       		.uleb128 0x2
 819 0089 18       		.uleb128 0x18
 820 008a 9142     		.uleb128 0x2111
 821 008c 18       		.uleb128 0x18
 822 008d 00       		.byte	0
 823 008e 00       		.byte	0
 824 008f 0C       		.uleb128 0xc
 825 0090 898201   		.uleb128 0x4109
 826 0093 01       		.byte	0x1
 827 0094 11       		.uleb128 0x11
 828 0095 01       		.uleb128 0x1
 829 0096 31       		.uleb128 0x31
 830 0097 13       		.uleb128 0x13
 831 0098 01       		.uleb128 0x1
 832 0099 13       		.uleb128 0x13
 833 009a 00       		.byte	0
 834 009b 00       		.byte	0
 835 009c 0D       		.uleb128 0xd
 836 009d 2E       		.uleb128 0x2e
 837 009e 01       		.byte	0x1
 838 009f 3F       		.uleb128 0x3f
 839 00a0 19       		.uleb128 0x19
 840 00a1 03       		.uleb128 0x3
 841 00a2 0E       		.uleb128 0xe
 842 00a3 3A       		.uleb128 0x3a
 843 00a4 0B       		.uleb128 0xb
 844 00a5 3B       		.uleb128 0x3b
 845 00a6 0B       		.uleb128 0xb
 846 00a7 27       		.uleb128 0x27
 847 00a8 19       		.uleb128 0x19
 848 00a9 11       		.uleb128 0x11
 849 00aa 01       		.uleb128 0x1
 850 00ab 12       		.uleb128 0x12
 851 00ac 06       		.uleb128 0x6
 852 00ad 40       		.uleb128 0x40
 853 00ae 18       		.uleb128 0x18
 854 00af 9742     		.uleb128 0x2117
 855 00b1 19       		.uleb128 0x19
 856 00b2 01       		.uleb128 0x1
 857 00b3 13       		.uleb128 0x13
 858 00b4 00       		.byte	0
 859 00b5 00       		.byte	0
 860 00b6 0E       		.uleb128 0xe
 861 00b7 05       		.uleb128 0x5
 862 00b8 00       		.byte	0
 863 00b9 03       		.uleb128 0x3
 864 00ba 0E       		.uleb128 0xe
 865 00bb 3A       		.uleb128 0x3a
 866 00bc 0B       		.uleb128 0xb
 867 00bd 3B       		.uleb128 0x3b
ARM GAS  C:\Users\Jeremias\AppData\Local\Temp\ccSm0KX8.s 			page 22


 868 00be 0B       		.uleb128 0xb
 869 00bf 49       		.uleb128 0x49
 870 00c0 13       		.uleb128 0x13
 871 00c1 02       		.uleb128 0x2
 872 00c2 18       		.uleb128 0x18
 873 00c3 00       		.byte	0
 874 00c4 00       		.byte	0
 875 00c5 0F       		.uleb128 0xf
 876 00c6 34       		.uleb128 0x34
 877 00c7 00       		.byte	0
 878 00c8 03       		.uleb128 0x3
 879 00c9 0E       		.uleb128 0xe
 880 00ca 3A       		.uleb128 0x3a
 881 00cb 0B       		.uleb128 0xb
 882 00cc 3B       		.uleb128 0x3b
 883 00cd 0B       		.uleb128 0xb
 884 00ce 49       		.uleb128 0x49
 885 00cf 13       		.uleb128 0x13
 886 00d0 02       		.uleb128 0x2
 887 00d1 17       		.uleb128 0x17
 888 00d2 00       		.byte	0
 889 00d3 00       		.byte	0
 890 00d4 10       		.uleb128 0x10
 891 00d5 2E       		.uleb128 0x2e
 892 00d6 01       		.byte	0x1
 893 00d7 3F       		.uleb128 0x3f
 894 00d8 19       		.uleb128 0x19
 895 00d9 03       		.uleb128 0x3
 896 00da 0E       		.uleb128 0xe
 897 00db 3A       		.uleb128 0x3a
 898 00dc 0B       		.uleb128 0xb
 899 00dd 3B       		.uleb128 0x3b
 900 00de 05       		.uleb128 0x5
 901 00df 27       		.uleb128 0x27
 902 00e0 19       		.uleb128 0x19
 903 00e1 11       		.uleb128 0x11
 904 00e2 01       		.uleb128 0x1
 905 00e3 12       		.uleb128 0x12
 906 00e4 06       		.uleb128 0x6
 907 00e5 40       		.uleb128 0x40
 908 00e6 18       		.uleb128 0x18
 909 00e7 9742     		.uleb128 0x2117
 910 00e9 19       		.uleb128 0x19
 911 00ea 01       		.uleb128 0x1
 912 00eb 13       		.uleb128 0x13
 913 00ec 00       		.byte	0
 914 00ed 00       		.byte	0
 915 00ee 11       		.uleb128 0x11
 916 00ef 0B       		.uleb128 0xb
 917 00f0 01       		.byte	0x1
 918 00f1 11       		.uleb128 0x11
 919 00f2 01       		.uleb128 0x1
 920 00f3 12       		.uleb128 0x12
 921 00f4 06       		.uleb128 0x6
 922 00f5 01       		.uleb128 0x1
 923 00f6 13       		.uleb128 0x13
 924 00f7 00       		.byte	0
ARM GAS  C:\Users\Jeremias\AppData\Local\Temp\ccSm0KX8.s 			page 23


 925 00f8 00       		.byte	0
 926 00f9 12       		.uleb128 0x12
 927 00fa 13       		.uleb128 0x13
 928 00fb 01       		.byte	0x1
 929 00fc 0B       		.uleb128 0xb
 930 00fd 0B       		.uleb128 0xb
 931 00fe 3A       		.uleb128 0x3a
 932 00ff 0B       		.uleb128 0xb
 933 0100 3B       		.uleb128 0x3b
 934 0101 05       		.uleb128 0x5
 935 0102 01       		.uleb128 0x1
 936 0103 13       		.uleb128 0x13
 937 0104 00       		.byte	0
 938 0105 00       		.byte	0
 939 0106 13       		.uleb128 0x13
 940 0107 0D       		.uleb128 0xd
 941 0108 00       		.byte	0
 942 0109 03       		.uleb128 0x3
 943 010a 0E       		.uleb128 0xe
 944 010b 3A       		.uleb128 0x3a
 945 010c 0B       		.uleb128 0xb
 946 010d 3B       		.uleb128 0x3b
 947 010e 05       		.uleb128 0x5
 948 010f 49       		.uleb128 0x49
 949 0110 13       		.uleb128 0x13
 950 0111 38       		.uleb128 0x38
 951 0112 0B       		.uleb128 0xb
 952 0113 00       		.byte	0
 953 0114 00       		.byte	0
 954 0115 14       		.uleb128 0x14
 955 0116 01       		.uleb128 0x1
 956 0117 01       		.byte	0x1
 957 0118 49       		.uleb128 0x49
 958 0119 13       		.uleb128 0x13
 959 011a 01       		.uleb128 0x1
 960 011b 13       		.uleb128 0x13
 961 011c 00       		.byte	0
 962 011d 00       		.byte	0
 963 011e 15       		.uleb128 0x15
 964 011f 21       		.uleb128 0x21
 965 0120 00       		.byte	0
 966 0121 49       		.uleb128 0x49
 967 0122 13       		.uleb128 0x13
 968 0123 2F       		.uleb128 0x2f
 969 0124 0B       		.uleb128 0xb
 970 0125 00       		.byte	0
 971 0126 00       		.byte	0
 972 0127 16       		.uleb128 0x16
 973 0128 26       		.uleb128 0x26
 974 0129 00       		.byte	0
 975 012a 49       		.uleb128 0x49
 976 012b 13       		.uleb128 0x13
 977 012c 00       		.byte	0
 978 012d 00       		.byte	0
 979 012e 17       		.uleb128 0x17
 980 012f 34       		.uleb128 0x34
 981 0130 00       		.byte	0
ARM GAS  C:\Users\Jeremias\AppData\Local\Temp\ccSm0KX8.s 			page 24


 982 0131 03       		.uleb128 0x3
 983 0132 0E       		.uleb128 0xe
 984 0133 3A       		.uleb128 0x3a
 985 0134 0B       		.uleb128 0xb
 986 0135 3B       		.uleb128 0x3b
 987 0136 05       		.uleb128 0x5
 988 0137 49       		.uleb128 0x49
 989 0138 13       		.uleb128 0x13
 990 0139 02       		.uleb128 0x2
 991 013a 18       		.uleb128 0x18
 992 013b 00       		.byte	0
 993 013c 00       		.byte	0
 994 013d 18       		.uleb128 0x18
 995 013e 34       		.uleb128 0x34
 996 013f 00       		.byte	0
 997 0140 03       		.uleb128 0x3
 998 0141 08       		.uleb128 0x8
 999 0142 3A       		.uleb128 0x3a
 1000 0143 0B       		.uleb128 0xb
 1001 0144 3B       		.uleb128 0x3b
 1002 0145 05       		.uleb128 0x5
 1003 0146 49       		.uleb128 0x49
 1004 0147 13       		.uleb128 0x13
 1005 0148 02       		.uleb128 0x2
 1006 0149 17       		.uleb128 0x17
 1007 014a 00       		.byte	0
 1008 014b 00       		.byte	0
 1009 014c 19       		.uleb128 0x19
 1010 014d 0B       		.uleb128 0xb
 1011 014e 01       		.byte	0x1
 1012 014f 11       		.uleb128 0x11
 1013 0150 01       		.uleb128 0x1
 1014 0151 12       		.uleb128 0x12
 1015 0152 06       		.uleb128 0x6
 1016 0153 00       		.byte	0
 1017 0154 00       		.byte	0
 1018 0155 1A       		.uleb128 0x1a
 1019 0156 0F       		.uleb128 0xf
 1020 0157 00       		.byte	0
 1021 0158 0B       		.uleb128 0xb
 1022 0159 0B       		.uleb128 0xb
 1023 015a 49       		.uleb128 0x49
 1024 015b 13       		.uleb128 0x13
 1025 015c 00       		.byte	0
 1026 015d 00       		.byte	0
 1027 015e 1B       		.uleb128 0x1b
 1028 015f 898201   		.uleb128 0x4109
 1029 0162 00       		.byte	0
 1030 0163 11       		.uleb128 0x11
 1031 0164 01       		.uleb128 0x1
 1032 0165 31       		.uleb128 0x31
 1033 0166 13       		.uleb128 0x13
 1034 0167 00       		.byte	0
 1035 0168 00       		.byte	0
 1036 0169 1C       		.uleb128 0x1c
 1037 016a 2E       		.uleb128 0x2e
 1038 016b 00       		.byte	0
ARM GAS  C:\Users\Jeremias\AppData\Local\Temp\ccSm0KX8.s 			page 25


 1039 016c 3F       		.uleb128 0x3f
 1040 016d 19       		.uleb128 0x19
 1041 016e 3C       		.uleb128 0x3c
 1042 016f 19       		.uleb128 0x19
 1043 0170 6E       		.uleb128 0x6e
 1044 0171 0E       		.uleb128 0xe
 1045 0172 03       		.uleb128 0x3
 1046 0173 0E       		.uleb128 0xe
 1047 0174 00       		.byte	0
 1048 0175 00       		.byte	0
 1049 0176 1D       		.uleb128 0x1d
 1050 0177 2E       		.uleb128 0x2e
 1051 0178 00       		.byte	0
 1052 0179 3F       		.uleb128 0x3f
 1053 017a 19       		.uleb128 0x19
 1054 017b 3C       		.uleb128 0x3c
 1055 017c 19       		.uleb128 0x19
 1056 017d 6E       		.uleb128 0x6e
 1057 017e 0E       		.uleb128 0xe
 1058 017f 03       		.uleb128 0x3
 1059 0180 0E       		.uleb128 0xe
 1060 0181 3A       		.uleb128 0x3a
 1061 0182 0B       		.uleb128 0xb
 1062 0183 3B       		.uleb128 0x3b
 1063 0184 0B       		.uleb128 0xb
 1064 0185 00       		.byte	0
 1065 0186 00       		.byte	0
 1066 0187 00       		.byte	0
 1067              		.section	.debug_loc,"",%progbits
 1068              	.Ldebug_loc0:
 1069              	.LLST0:
 1070 0000 00000000 		.4byte	.LVL0
 1071 0004 09000000 		.4byte	.LVL2-1
 1072 0008 0100     		.2byte	0x1
 1073 000a 50       		.byte	0x50
 1074 000b 09000000 		.4byte	.LVL2-1
 1075 000f 0C000000 		.4byte	.LFE0
 1076 0013 0400     		.2byte	0x4
 1077 0015 F3       		.byte	0xf3
 1078 0016 01       		.uleb128 0x1
 1079 0017 50       		.byte	0x50
 1080 0018 9F       		.byte	0x9f
 1081 0019 00000000 		.4byte	0
 1082 001d 00000000 		.4byte	0
 1083              	.LLST1:
 1084 0021 00000000 		.4byte	.LVL0
 1085 0025 06000000 		.4byte	.LVL1
 1086 0029 0100     		.2byte	0x1
 1087 002b 51       		.byte	0x51
 1088 002c 06000000 		.4byte	.LVL1
 1089 0030 09000000 		.4byte	.LVL2-1
 1090 0034 0100     		.2byte	0x1
 1091 0036 52       		.byte	0x52
 1092 0037 09000000 		.4byte	.LVL2-1
 1093 003b 0C000000 		.4byte	.LFE0
 1094 003f 0400     		.2byte	0x4
 1095 0041 F3       		.byte	0xf3
ARM GAS  C:\Users\Jeremias\AppData\Local\Temp\ccSm0KX8.s 			page 26


 1096 0042 01       		.uleb128 0x1
 1097 0043 51       		.byte	0x51
 1098 0044 9F       		.byte	0x9f
 1099 0045 00000000 		.4byte	0
 1100 0049 00000000 		.4byte	0
 1101              	.LLST2:
 1102 004d 04000000 		.4byte	.LVL7
 1103 0051 12000000 		.4byte	.LVL9
 1104 0055 0100     		.2byte	0x1
 1105 0057 53       		.byte	0x53
 1106 0058 14000000 		.4byte	.LVL10
 1107 005c 20000000 		.4byte	.LFE5
 1108 0060 0100     		.2byte	0x1
 1109 0062 53       		.byte	0x53
 1110 0063 00000000 		.4byte	0
 1111 0067 00000000 		.4byte	0
 1112              	.LLST3:
 1113 006b 64000000 		.4byte	.LVL12
 1114 006f 68000000 		.4byte	.LVL13
 1115 0073 0200     		.2byte	0x2
 1116 0075 30       		.byte	0x30
 1117 0076 9F       		.byte	0x9f
 1118 0077 68000000 		.4byte	.LVL13
 1119 007b 86000000 		.4byte	.LVL15
 1120 007f 0100     		.2byte	0x1
 1121 0081 54       		.byte	0x54
 1122 0082 88000000 		.4byte	.LVL16
 1123 0086 BC000000 		.4byte	.LVL19
 1124 008a 0100     		.2byte	0x1
 1125 008c 54       		.byte	0x54
 1126 008d 00000000 		.4byte	0
 1127 0091 00000000 		.4byte	0
 1128              	.LLST4:
 1129 0095 68000000 		.4byte	.LVL13
 1130 0099 86000000 		.4byte	.LVL15
 1131 009d 0B00     		.2byte	0xb
 1132 009f 74       		.byte	0x74
 1133 00a0 00       		.sleb128 0
 1134 00a1 36       		.byte	0x36
 1135 00a2 1E       		.byte	0x1e
 1136 00a3 03       		.byte	0x3
 1137 00a4 00000000 		.4byte	cfg_memset_list.4853
 1138 00a8 22       		.byte	0x22
 1139 00a9 9F       		.byte	0x9f
 1140 00aa 86000000 		.4byte	.LVL15
 1141 00ae 88000000 		.4byte	.LVL16
 1142 00b2 0B00     		.2byte	0xb
 1143 00b4 74       		.byte	0x74
 1144 00b5 7F       		.sleb128 -1
 1145 00b6 36       		.byte	0x36
 1146 00b7 1E       		.byte	0x1e
 1147 00b8 03       		.byte	0x3
 1148 00b9 00000000 		.4byte	cfg_memset_list.4853
 1149 00bd 22       		.byte	0x22
 1150 00be 9F       		.byte	0x9f
 1151 00bf 00000000 		.4byte	0
 1152 00c3 00000000 		.4byte	0
ARM GAS  C:\Users\Jeremias\AppData\Local\Temp\ccSm0KX8.s 			page 27


 1153              		.section	.debug_aranges,"",%progbits
 1154 0000 3C000000 		.4byte	0x3c
 1155 0004 0200     		.2byte	0x2
 1156 0006 00000000 		.4byte	.Ldebug_info0
 1157 000a 04       		.byte	0x4
 1158 000b 00       		.byte	0
 1159 000c 0000     		.2byte	0
 1160 000e 0000     		.2byte	0
 1161 0010 00000000 		.4byte	.LFB0
 1162 0014 0C000000 		.4byte	.LFE0-.LFB0
 1163 0018 00000000 		.4byte	.LFB3
 1164 001c 60000000 		.4byte	.LFE3-.LFB3
 1165 0020 00000000 		.4byte	.LFB5
 1166 0024 20000000 		.4byte	.LFE5-.LFB5
 1167 0028 00000000 		.4byte	.LFB4
 1168 002c 18000000 		.4byte	.LFE4-.LFB4
 1169 0030 60000000 		.4byte	.LFB6
 1170 0034 7C000000 		.4byte	.LFE6-.LFB6
 1171 0038 00000000 		.4byte	0
 1172 003c 00000000 		.4byte	0
 1173              		.section	.debug_ranges,"",%progbits
 1174              	.Ldebug_ranges0:
 1175 0000 00000000 		.4byte	.LFB0
 1176 0004 0C000000 		.4byte	.LFE0
 1177 0008 00000000 		.4byte	.LFB3
 1178 000c 60000000 		.4byte	.LFE3
 1179 0010 00000000 		.4byte	.LFB5
 1180 0014 20000000 		.4byte	.LFE5
 1181 0018 00000000 		.4byte	.LFB4
 1182 001c 18000000 		.4byte	.LFE4
 1183 0020 60000000 		.4byte	.LFB6
 1184 0024 DC000000 		.4byte	.LFE6
 1185 0028 00000000 		.4byte	0
 1186 002c 00000000 		.4byte	0
 1187              		.section	.debug_line,"",%progbits
 1188              	.Ldebug_line0:
 1189 0000 53010000 		.section	.debug_str,"MS",%progbits,1
 1189      0200D600 
 1189      00000201 
 1189      FB0E0D00 
 1189      01010101 
 1190              	.LASF19:
 1191 0000 72656733 		.ascii	"reg32\000"
 1191      3200
 1192              	.LASF12:
 1193 0006 73697A65 		.ascii	"size_t\000"
 1193      5F7400
 1194              	.LASF23:
 1195 000d 416E616C 		.ascii	"AnalogSetDefault\000"
 1195      6F675365 
 1195      74446566 
 1195      61756C74 
 1195      00
 1196              	.LASF32:
 1197 001e 4379496E 		.ascii	"CyIntSetVector\000"
 1197      74536574 
 1197      56656374 
ARM GAS  C:\Users\Jeremias\AppData\Local\Temp\ccSm0KX8.s 			page 28


 1197      6F7200
 1198              	.LASF30:
 1199 002d 6366675F 		.ascii	"cfg_memset_list\000"
 1199      6D656D73 
 1199      65745F6C 
 1199      69737400 
 1200              	.LASF21:
 1201 003d 436C6F63 		.ascii	"ClockSetup\000"
 1201      6B536574 
 1201      757000
 1202              	.LASF6:
 1203 0048 73686F72 		.ascii	"short unsigned int\000"
 1203      7420756E 
 1203      7369676E 
 1203      65642069 
 1203      6E7400
 1204              	.LASF16:
 1205 005b 666C6F61 		.ascii	"float\000"
 1205      7400
 1206              	.LASF27:
 1207 0061 73697A65 		.ascii	"size\000"
 1207      00
 1208              	.LASF18:
 1209 0066 72656738 		.ascii	"reg8\000"
 1209      00
 1210              	.LASF8:
 1211 006b 6C6F6E67 		.ascii	"long unsigned int\000"
 1211      20756E73 
 1211      69676E65 
 1211      6420696E 
 1211      7400
 1212              	.LASF13:
 1213 007d 75696E74 		.ascii	"uint8\000"
 1213      3800
 1214              	.LASF20:
 1215 0083 43594D45 		.ascii	"CYMEMZERO\000"
 1215      4D5A4552 
 1215      4F00
 1216              	.LASF24:
 1217 008d 53657441 		.ascii	"SetAnalogRoutingPumps\000"
 1217      6E616C6F 
 1217      67526F75 
 1217      74696E67 
 1217      50756D70 
 1218              	.LASF4:
 1219 00a3 756E7369 		.ascii	"unsigned char\000"
 1219      676E6564 
 1219      20636861 
 1219      7200
 1220              	.LASF37:
 1221 00b1 6D656D73 		.ascii	"memset\000"
 1221      657400
 1222              	.LASF17:
 1223 00b8 646F7562 		.ascii	"double\000"
 1223      6C6500
 1224              	.LASF33:
 1225 00bf 4379496E 		.ascii	"CyIntEnable\000"
ARM GAS  C:\Users\Jeremias\AppData\Local\Temp\ccSm0KX8.s 			page 29


 1225      74456E61 
 1225      626C6500 
 1226              	.LASF14:
 1227 00cb 75696E74 		.ascii	"uint16\000"
 1227      313600
 1228              	.LASF15:
 1229 00d2 75696E74 		.ascii	"uint32\000"
 1229      333200
 1230              	.LASF0:
 1231 00d9 756E7369 		.ascii	"unsigned int\000"
 1231      676E6564 
 1231      20696E74 
 1231      00
 1232              	.LASF25:
 1233 00e6 63796669 		.ascii	"cyfitter_cfg\000"
 1233      74746572 
 1233      5F636667 
 1233      00
 1234              	.LASF26:
 1235 00f3 61646472 		.ascii	"address\000"
 1235      65737300 
 1236              	.LASF9:
 1237 00fb 6C6F6E67 		.ascii	"long long unsigned int\000"
 1237      206C6F6E 
 1237      6720756E 
 1237      7369676E 
 1237      65642069 
 1238              	.LASF34:
 1239 0112 474E5520 		.ascii	"GNU C11 5.4.1 20160609 (release) [ARM/embedded-5-br"
 1239      43313120 
 1239      352E342E 
 1239      31203230 
 1239      31363036 
 1240 0145 616E6368 		.ascii	"anch revision 237715] -mcpu=cortex-m0 -mthumb -g -O"
 1240      20726576 
 1240      6973696F 
 1240      6E203233 
 1240      37373135 
 1241 0178 67202D66 		.ascii	"g -ffunction-sections -ffat-lto-objects\000"
 1241      66756E63 
 1241      74696F6E 
 1241      2D736563 
 1241      74696F6E 
 1242              	.LASF28:
 1243 01a0 6366675F 		.ascii	"cfg_memset_t\000"
 1243      6D656D73 
 1243      65745F74 
 1243      00
 1244              	.LASF10:
 1245 01ad 73697A65 		.ascii	"sizetype\000"
 1245      74797065 
 1245      00
 1246              	.LASF1:
 1247 01b6 6C6F6E67 		.ascii	"long long int\000"
 1247      206C6F6E 
 1247      6720696E 
 1247      7400
ARM GAS  C:\Users\Jeremias\AppData\Local\Temp\ccSm0KX8.s 			page 30


 1248              	.LASF11:
 1249 01c4 63686172 		.ascii	"char\000"
 1249      00
 1250              	.LASF22:
 1251 01c9 656E6162 		.ascii	"enabled\000"
 1251      6C656400 
 1252              	.LASF5:
 1253 01d1 73686F72 		.ascii	"short int\000"
 1253      7420696E 
 1253      7400
 1254              	.LASF36:
 1255 01db 443A5C45 		.ascii	"D:\\ESCRITORIO\\Tesis MIB\\Proyecto de Tesis\\elect"
 1255      53435249 
 1255      544F5249 
 1255      4F5C5465 
 1255      73697320 
 1256 020a 726F6573 		.ascii	"roestimulador\\PSoC\\electroestimulador\\Pruebas el"
 1256      74696D75 
 1256      6C61646F 
 1256      725C5053 
 1256      6F435C65 
 1257 023a 65637472 		.ascii	"ectroestimulador\\prueba AO.cydsn\000"
 1257      6F657374 
 1257      696D756C 
 1257      61646F72 
 1257      5C707275 
 1258              	.LASF31:
 1259 025b 43795379 		.ascii	"CySysClkWriteImoFreq\000"
 1259      73436C6B 
 1259      57726974 
 1259      65496D6F 
 1259      46726571 
 1260              	.LASF7:
 1261 0270 6C6F6E67 		.ascii	"long int\000"
 1261      20696E74 
 1261      00
 1262              	.LASF2:
 1263 0279 6C6F6E67 		.ascii	"long double\000"
 1263      20646F75 
 1263      626C6500 
 1264              	.LASF3:
 1265 0285 7369676E 		.ascii	"signed char\000"
 1265      65642063 
 1265      68617200 
 1266              	.LASF35:
 1267 0291 47656E65 		.ascii	"Generated_Source\\PSoC4\\cyfitter_cfg.c\000"
 1267      72617465 
 1267      645F536F 
 1267      75726365 
 1267      5C50536F 
 1268              	.LASF29:
 1269 02b7 72656756 		.ascii	"regValue\000"
 1269      616C7565 
 1269      00
 1270              		.ident	"GCC: (GNU Tools for ARM Embedded Processors) 5.4.1 20160609 (release) [ARM/embedded-5-bran
