ARM GAS  C:\Users\Jeremias\AppData\Local\Temp\ccXaBibw.s 			page 1


   1              		.syntax unified
   2              		.cpu cortex-m0
   3              		.fpu softvfp
   4              		.eabi_attribute 20, 1
   5              		.eabi_attribute 21, 1
   6              		.eabi_attribute 23, 3
   7              		.eabi_attribute 24, 1
   8              		.eabi_attribute 25, 1
   9              		.eabi_attribute 26, 1
  10              		.eabi_attribute 30, 6
  11              		.eabi_attribute 34, 0
  12              		.eabi_attribute 18, 4
  13              		.thumb
  14              		.syntax unified
  15              		.file	"cyfitter_cfg.c"
  16              		.text
  17              	.Ltext0:
  18              		.cfi_sections	.debug_frame
  19              		.section	.text.CYMEMZERO,"ax",%progbits
  20              		.align	2
  21              		.code	16
  22              		.thumb_func
  23              		.type	CYMEMZERO, %function
  24              	CYMEMZERO:
  25              	.LFB0:
  26              		.file 1 "Generated_Source\\PSoC4\\cyfitter_cfg.c"
   1:Generated_Source\PSoC4/cyfitter_cfg.c **** 
   2:Generated_Source\PSoC4/cyfitter_cfg.c **** /*******************************************************************************
   3:Generated_Source\PSoC4/cyfitter_cfg.c **** * File Name: cyfitter_cfg.c
   4:Generated_Source\PSoC4/cyfitter_cfg.c **** * 
   5:Generated_Source\PSoC4/cyfitter_cfg.c **** * PSoC Creator  4.4
   6:Generated_Source\PSoC4/cyfitter_cfg.c **** *
   7:Generated_Source\PSoC4/cyfitter_cfg.c **** * Description:
   8:Generated_Source\PSoC4/cyfitter_cfg.c **** * This file contains device initialization code.
   9:Generated_Source\PSoC4/cyfitter_cfg.c **** * Except for the user defined sections in CyClockStartupError(), this file should not be modified.
  10:Generated_Source\PSoC4/cyfitter_cfg.c **** * This file is automatically generated by PSoC Creator.
  11:Generated_Source\PSoC4/cyfitter_cfg.c **** *
  12:Generated_Source\PSoC4/cyfitter_cfg.c **** ********************************************************************************
  13:Generated_Source\PSoC4/cyfitter_cfg.c **** * Copyright (c) 2007-2020 Cypress Semiconductor.  All rights reserved.
  14:Generated_Source\PSoC4/cyfitter_cfg.c **** * You may use this file only in accordance with the license, terms, conditions, 
  15:Generated_Source\PSoC4/cyfitter_cfg.c **** * disclaimers, and limitations in the end user license agreement accompanying 
  16:Generated_Source\PSoC4/cyfitter_cfg.c **** * the software package with which this file was provided.
  17:Generated_Source\PSoC4/cyfitter_cfg.c **** ********************************************************************************/
  18:Generated_Source\PSoC4/cyfitter_cfg.c **** 
  19:Generated_Source\PSoC4/cyfitter_cfg.c **** #include <string.h>
  20:Generated_Source\PSoC4/cyfitter_cfg.c **** #include "cytypes.h"
  21:Generated_Source\PSoC4/cyfitter_cfg.c **** #include "cydevice_trm.h"
  22:Generated_Source\PSoC4/cyfitter_cfg.c **** #include "cyfitter.h"
  23:Generated_Source\PSoC4/cyfitter_cfg.c **** #include "CyLib.h"
  24:Generated_Source\PSoC4/cyfitter_cfg.c **** #include "cyfitter_cfg.h"
  25:Generated_Source\PSoC4/cyfitter_cfg.c **** 
  26:Generated_Source\PSoC4/cyfitter_cfg.c **** 
  27:Generated_Source\PSoC4/cyfitter_cfg.c **** #if defined(__GNUC__) || defined(__ARMCC_VERSION)
  28:Generated_Source\PSoC4/cyfitter_cfg.c ****     #define CYPACKED 
  29:Generated_Source\PSoC4/cyfitter_cfg.c ****     #define CYPACKED_ATTR __attribute__ ((packed))
  30:Generated_Source\PSoC4/cyfitter_cfg.c ****     #define CYALIGNED __attribute__ ((aligned))
  31:Generated_Source\PSoC4/cyfitter_cfg.c ****     #define CY_CFG_UNUSED __attribute__ ((unused))
ARM GAS  C:\Users\Jeremias\AppData\Local\Temp\ccXaBibw.s 			page 2


  32:Generated_Source\PSoC4/cyfitter_cfg.c ****     #ifndef CY_CFG_SECTION
  33:Generated_Source\PSoC4/cyfitter_cfg.c ****         #define CY_CFG_SECTION __attribute__ ((section(".psocinit")))
  34:Generated_Source\PSoC4/cyfitter_cfg.c ****     #endif
  35:Generated_Source\PSoC4/cyfitter_cfg.c ****     
  36:Generated_Source\PSoC4/cyfitter_cfg.c ****     #if defined(__ARMCC_VERSION)
  37:Generated_Source\PSoC4/cyfitter_cfg.c ****         #define CY_CFG_MEMORY_BARRIER() __memory_changed()
  38:Generated_Source\PSoC4/cyfitter_cfg.c ****     #else
  39:Generated_Source\PSoC4/cyfitter_cfg.c ****         #define CY_CFG_MEMORY_BARRIER() __sync_synchronize()
  40:Generated_Source\PSoC4/cyfitter_cfg.c ****     #endif
  41:Generated_Source\PSoC4/cyfitter_cfg.c ****     
  42:Generated_Source\PSoC4/cyfitter_cfg.c **** #elif defined(__ICCARM__)
  43:Generated_Source\PSoC4/cyfitter_cfg.c ****     #include <intrinsics.h>
  44:Generated_Source\PSoC4/cyfitter_cfg.c **** 
  45:Generated_Source\PSoC4/cyfitter_cfg.c ****     #define CYPACKED __packed
  46:Generated_Source\PSoC4/cyfitter_cfg.c ****     #define CYPACKED_ATTR 
  47:Generated_Source\PSoC4/cyfitter_cfg.c ****     #define CYALIGNED _Pragma("data_alignment=4")
  48:Generated_Source\PSoC4/cyfitter_cfg.c ****     #define CY_CFG_UNUSED _Pragma("diag_suppress=Pe177")
  49:Generated_Source\PSoC4/cyfitter_cfg.c ****     #define CY_CFG_SECTION _Pragma("location=\".psocinit\"")
  50:Generated_Source\PSoC4/cyfitter_cfg.c ****     
  51:Generated_Source\PSoC4/cyfitter_cfg.c ****     #define CY_CFG_MEMORY_BARRIER() __DMB()
  52:Generated_Source\PSoC4/cyfitter_cfg.c ****     
  53:Generated_Source\PSoC4/cyfitter_cfg.c **** #else
  54:Generated_Source\PSoC4/cyfitter_cfg.c ****     #error Unsupported toolchain
  55:Generated_Source\PSoC4/cyfitter_cfg.c **** #endif
  56:Generated_Source\PSoC4/cyfitter_cfg.c **** 
  57:Generated_Source\PSoC4/cyfitter_cfg.c **** #ifndef CYCODE
  58:Generated_Source\PSoC4/cyfitter_cfg.c ****     #define CYCODE
  59:Generated_Source\PSoC4/cyfitter_cfg.c **** #endif
  60:Generated_Source\PSoC4/cyfitter_cfg.c **** #ifndef CYDATA
  61:Generated_Source\PSoC4/cyfitter_cfg.c ****     #define CYDATA
  62:Generated_Source\PSoC4/cyfitter_cfg.c **** #endif
  63:Generated_Source\PSoC4/cyfitter_cfg.c **** #ifndef CYFAR
  64:Generated_Source\PSoC4/cyfitter_cfg.c ****     #define CYFAR
  65:Generated_Source\PSoC4/cyfitter_cfg.c **** #endif
  66:Generated_Source\PSoC4/cyfitter_cfg.c **** #ifndef CYXDATA
  67:Generated_Source\PSoC4/cyfitter_cfg.c ****     #define CYXDATA
  68:Generated_Source\PSoC4/cyfitter_cfg.c **** #endif
  69:Generated_Source\PSoC4/cyfitter_cfg.c **** 
  70:Generated_Source\PSoC4/cyfitter_cfg.c **** 
  71:Generated_Source\PSoC4/cyfitter_cfg.c **** CY_CFG_UNUSED
  72:Generated_Source\PSoC4/cyfitter_cfg.c **** static void CYMEMZERO(void *s, size_t n);
  73:Generated_Source\PSoC4/cyfitter_cfg.c **** CY_CFG_UNUSED
  74:Generated_Source\PSoC4/cyfitter_cfg.c **** static void CYMEMZERO(void *s, size_t n)
  75:Generated_Source\PSoC4/cyfitter_cfg.c **** {
  27              		.loc 1 75 0
  28              		.cfi_startproc
  29              		@ args = 0, pretend = 0, frame = 8
  30              		@ frame_needed = 1, uses_anonymous_args = 0
  31 0000 80B5     		push	{r7, lr}
  32              		.cfi_def_cfa_offset 8
  33              		.cfi_offset 7, -8
  34              		.cfi_offset 14, -4
  35 0002 82B0     		sub	sp, sp, #8
  36              		.cfi_def_cfa_offset 16
  37 0004 00AF     		add	r7, sp, #0
  38              		.cfi_def_cfa_register 7
  39 0006 7860     		str	r0, [r7, #4]
ARM GAS  C:\Users\Jeremias\AppData\Local\Temp\ccXaBibw.s 			page 3


  40 0008 3960     		str	r1, [r7]
  76:Generated_Source\PSoC4/cyfitter_cfg.c **** 	(void)memset(s, 0, n);
  41              		.loc 1 76 0
  42 000a 3A68     		ldr	r2, [r7]
  43 000c 7B68     		ldr	r3, [r7, #4]
  44 000e 0021     		movs	r1, #0
  45 0010 1800     		movs	r0, r3
  46 0012 FFF7FEFF 		bl	memset
  77:Generated_Source\PSoC4/cyfitter_cfg.c **** }
  47              		.loc 1 77 0
  48 0016 C046     		nop
  49 0018 BD46     		mov	sp, r7
  50 001a 02B0     		add	sp, sp, #8
  51              		@ sp needed
  52 001c 80BD     		pop	{r7, pc}
  53              		.cfi_endproc
  54              	.LFE0:
  55              		.size	CYMEMZERO, .-CYMEMZERO
  56 001e C046     		.section	.text.CYCONFIGCPY,"ax",%progbits
  57              		.align	2
  58              		.code	16
  59              		.thumb_func
  60              		.type	CYCONFIGCPY, %function
  61              	CYCONFIGCPY:
  62              	.LFB1:
  78:Generated_Source\PSoC4/cyfitter_cfg.c **** CY_CFG_UNUSED
  79:Generated_Source\PSoC4/cyfitter_cfg.c **** static void CYCONFIGCPY(void *dest, const void *src, size_t n);
  80:Generated_Source\PSoC4/cyfitter_cfg.c **** CY_CFG_UNUSED
  81:Generated_Source\PSoC4/cyfitter_cfg.c **** static void CYCONFIGCPY(void *dest, const void *src, size_t n)
  82:Generated_Source\PSoC4/cyfitter_cfg.c **** {
  63              		.loc 1 82 0
  64              		.cfi_startproc
  65              		@ args = 0, pretend = 0, frame = 16
  66              		@ frame_needed = 1, uses_anonymous_args = 0
  67 0000 80B5     		push	{r7, lr}
  68              		.cfi_def_cfa_offset 8
  69              		.cfi_offset 7, -8
  70              		.cfi_offset 14, -4
  71 0002 84B0     		sub	sp, sp, #16
  72              		.cfi_def_cfa_offset 24
  73 0004 00AF     		add	r7, sp, #0
  74              		.cfi_def_cfa_register 7
  75 0006 F860     		str	r0, [r7, #12]
  76 0008 B960     		str	r1, [r7, #8]
  77 000a 7A60     		str	r2, [r7, #4]
  83:Generated_Source\PSoC4/cyfitter_cfg.c **** 	(void)memcpy(dest, src, n);
  78              		.loc 1 83 0
  79 000c 7A68     		ldr	r2, [r7, #4]
  80 000e B968     		ldr	r1, [r7, #8]
  81 0010 FB68     		ldr	r3, [r7, #12]
  82 0012 1800     		movs	r0, r3
  83 0014 FFF7FEFF 		bl	memcpy
  84:Generated_Source\PSoC4/cyfitter_cfg.c **** }
  84              		.loc 1 84 0
  85 0018 C046     		nop
  86 001a BD46     		mov	sp, r7
  87 001c 04B0     		add	sp, sp, #16
ARM GAS  C:\Users\Jeremias\AppData\Local\Temp\ccXaBibw.s 			page 4


  88              		@ sp needed
  89 001e 80BD     		pop	{r7, pc}
  90              		.cfi_endproc
  91              	.LFE1:
  92              		.size	CYCONFIGCPY, .-CYCONFIGCPY
  93              		.section	.text.CYCONFIGCPYCODE,"ax",%progbits
  94              		.align	2
  95              		.code	16
  96              		.thumb_func
  97              		.type	CYCONFIGCPYCODE, %function
  98              	CYCONFIGCPYCODE:
  99              	.LFB2:
  85:Generated_Source\PSoC4/cyfitter_cfg.c **** CY_CFG_UNUSED
  86:Generated_Source\PSoC4/cyfitter_cfg.c **** static void CYCONFIGCPYCODE(void *dest, const void *src, size_t n);
  87:Generated_Source\PSoC4/cyfitter_cfg.c **** CY_CFG_UNUSED
  88:Generated_Source\PSoC4/cyfitter_cfg.c **** static void CYCONFIGCPYCODE(void *dest, const void *src, size_t n)
  89:Generated_Source\PSoC4/cyfitter_cfg.c **** {
 100              		.loc 1 89 0
 101              		.cfi_startproc
 102              		@ args = 0, pretend = 0, frame = 16
 103              		@ frame_needed = 1, uses_anonymous_args = 0
 104 0000 80B5     		push	{r7, lr}
 105              		.cfi_def_cfa_offset 8
 106              		.cfi_offset 7, -8
 107              		.cfi_offset 14, -4
 108 0002 84B0     		sub	sp, sp, #16
 109              		.cfi_def_cfa_offset 24
 110 0004 00AF     		add	r7, sp, #0
 111              		.cfi_def_cfa_register 7
 112 0006 F860     		str	r0, [r7, #12]
 113 0008 B960     		str	r1, [r7, #8]
 114 000a 7A60     		str	r2, [r7, #4]
  90:Generated_Source\PSoC4/cyfitter_cfg.c **** 	(void)memcpy(dest, src, n);
 115              		.loc 1 90 0
 116 000c 7A68     		ldr	r2, [r7, #4]
 117 000e B968     		ldr	r1, [r7, #8]
 118 0010 FB68     		ldr	r3, [r7, #12]
 119 0012 1800     		movs	r0, r3
 120 0014 FFF7FEFF 		bl	memcpy
  91:Generated_Source\PSoC4/cyfitter_cfg.c **** }
 121              		.loc 1 91 0
 122 0018 C046     		nop
 123 001a BD46     		mov	sp, r7
 124 001c 04B0     		add	sp, sp, #16
 125              		@ sp needed
 126 001e 80BD     		pop	{r7, pc}
 127              		.cfi_endproc
 128              	.LFE2:
 129              		.size	CYCONFIGCPYCODE, .-CYCONFIGCPYCODE
 130              		.section	.text.cfg_write_bytes32,"ax",%progbits
 131              		.align	2
 132              		.code	16
 133              		.thumb_func
 134              		.type	cfg_write_bytes32, %function
 135              	cfg_write_bytes32:
 136              	.LFB3:
  92:Generated_Source\PSoC4/cyfitter_cfg.c **** 
ARM GAS  C:\Users\Jeremias\AppData\Local\Temp\ccXaBibw.s 			page 5


  93:Generated_Source\PSoC4/cyfitter_cfg.c **** 
  94:Generated_Source\PSoC4/cyfitter_cfg.c **** 
  95:Generated_Source\PSoC4/cyfitter_cfg.c **** 
  96:Generated_Source\PSoC4/cyfitter_cfg.c **** /* Clock startup error codes                                                   */
  97:Generated_Source\PSoC4/cyfitter_cfg.c **** #define CYCLOCKSTART_NO_ERROR    0u
  98:Generated_Source\PSoC4/cyfitter_cfg.c **** #define CYCLOCKSTART_XTAL_ERROR  1u
  99:Generated_Source\PSoC4/cyfitter_cfg.c **** #define CYCLOCKSTART_32KHZ_ERROR 2u
 100:Generated_Source\PSoC4/cyfitter_cfg.c **** #define CYCLOCKSTART_PLL_ERROR   3u
 101:Generated_Source\PSoC4/cyfitter_cfg.c **** #define CYCLOCKSTART_FLL_ERROR   4u
 102:Generated_Source\PSoC4/cyfitter_cfg.c **** #define CYCLOCKSTART_WCO_ERROR   5u
 103:Generated_Source\PSoC4/cyfitter_cfg.c **** 
 104:Generated_Source\PSoC4/cyfitter_cfg.c **** 
 105:Generated_Source\PSoC4/cyfitter_cfg.c **** #ifdef CY_NEED_CYCLOCKSTARTUPERROR
 106:Generated_Source\PSoC4/cyfitter_cfg.c **** /*******************************************************************************
 107:Generated_Source\PSoC4/cyfitter_cfg.c **** * Function Name: CyClockStartupError
 108:Generated_Source\PSoC4/cyfitter_cfg.c **** ********************************************************************************
 109:Generated_Source\PSoC4/cyfitter_cfg.c **** * Summary:
 110:Generated_Source\PSoC4/cyfitter_cfg.c **** *  If an error is encountered during clock configuration (crystal startup error,
 111:Generated_Source\PSoC4/cyfitter_cfg.c **** *  PLL lock error, etc.), the system will end up here.  Unless reimplemented by
 112:Generated_Source\PSoC4/cyfitter_cfg.c **** *  the customer, this function will stop in an infinite loop.
 113:Generated_Source\PSoC4/cyfitter_cfg.c **** *
 114:Generated_Source\PSoC4/cyfitter_cfg.c **** * Parameters:
 115:Generated_Source\PSoC4/cyfitter_cfg.c **** *   void
 116:Generated_Source\PSoC4/cyfitter_cfg.c **** *
 117:Generated_Source\PSoC4/cyfitter_cfg.c **** * Return:
 118:Generated_Source\PSoC4/cyfitter_cfg.c **** *   void
 119:Generated_Source\PSoC4/cyfitter_cfg.c **** *
 120:Generated_Source\PSoC4/cyfitter_cfg.c **** *******************************************************************************/
 121:Generated_Source\PSoC4/cyfitter_cfg.c **** CY_CFG_UNUSED
 122:Generated_Source\PSoC4/cyfitter_cfg.c **** static void CyClockStartupError(uint8 errorCode);
 123:Generated_Source\PSoC4/cyfitter_cfg.c **** CY_CFG_UNUSED
 124:Generated_Source\PSoC4/cyfitter_cfg.c **** static void CyClockStartupError(uint8 errorCode)
 125:Generated_Source\PSoC4/cyfitter_cfg.c **** {
 126:Generated_Source\PSoC4/cyfitter_cfg.c ****     /* To remove the compiler warning if errorCode not used.                */
 127:Generated_Source\PSoC4/cyfitter_cfg.c ****     errorCode = errorCode;
 128:Generated_Source\PSoC4/cyfitter_cfg.c **** 
 129:Generated_Source\PSoC4/cyfitter_cfg.c ****     /* If we have a clock startup error (bad MHz crystal, PLL lock, etc.),  */
 130:Generated_Source\PSoC4/cyfitter_cfg.c ****     /* we will end up here to allow the customer to implement something to  */
 131:Generated_Source\PSoC4/cyfitter_cfg.c ****     /* deal with the clock condition.                                       */
 132:Generated_Source\PSoC4/cyfitter_cfg.c **** 
 133:Generated_Source\PSoC4/cyfitter_cfg.c **** #ifdef CY_CFG_CLOCK_STARTUP_ERROR_CALLBACK
 134:Generated_Source\PSoC4/cyfitter_cfg.c ****     CY_CFG_Clock_Startup_ErrorCallback();
 135:Generated_Source\PSoC4/cyfitter_cfg.c **** #else
 136:Generated_Source\PSoC4/cyfitter_cfg.c ****     /*  If not using CY_CFG_CLOCK_STARTUP_ERROR_CALLBACK, place your clock startup code here. */
 137:Generated_Source\PSoC4/cyfitter_cfg.c ****     /* `#START CyClockStartupError` */
 138:Generated_Source\PSoC4/cyfitter_cfg.c **** 
 139:Generated_Source\PSoC4/cyfitter_cfg.c **** 
 140:Generated_Source\PSoC4/cyfitter_cfg.c **** 
 141:Generated_Source\PSoC4/cyfitter_cfg.c ****     /* `#END` */
 142:Generated_Source\PSoC4/cyfitter_cfg.c **** 
 143:Generated_Source\PSoC4/cyfitter_cfg.c ****     while(1) {}
 144:Generated_Source\PSoC4/cyfitter_cfg.c **** #endif /* CY_CFG_CLOCK_STARTUP_ERROR_CALLBACK */
 145:Generated_Source\PSoC4/cyfitter_cfg.c **** }
 146:Generated_Source\PSoC4/cyfitter_cfg.c **** #endif
 147:Generated_Source\PSoC4/cyfitter_cfg.c **** 
 148:Generated_Source\PSoC4/cyfitter_cfg.c **** #define CY_CFG_BASE_ADDR_COUNT 6u
 149:Generated_Source\PSoC4/cyfitter_cfg.c **** CYPACKED typedef struct
ARM GAS  C:\Users\Jeremias\AppData\Local\Temp\ccXaBibw.s 			page 6


 150:Generated_Source\PSoC4/cyfitter_cfg.c **** {
 151:Generated_Source\PSoC4/cyfitter_cfg.c **** 	uint8 offset;
 152:Generated_Source\PSoC4/cyfitter_cfg.c **** 	uint8 value;
 153:Generated_Source\PSoC4/cyfitter_cfg.c **** } CYPACKED_ATTR cy_cfg_addrvalue_t;
 154:Generated_Source\PSoC4/cyfitter_cfg.c **** 
 155:Generated_Source\PSoC4/cyfitter_cfg.c **** 
 156:Generated_Source\PSoC4/cyfitter_cfg.c **** 
 157:Generated_Source\PSoC4/cyfitter_cfg.c **** /*******************************************************************************
 158:Generated_Source\PSoC4/cyfitter_cfg.c **** * Function Name: cfg_write_bytes32
 159:Generated_Source\PSoC4/cyfitter_cfg.c **** ********************************************************************************
 160:Generated_Source\PSoC4/cyfitter_cfg.c **** * Summary:
 161:Generated_Source\PSoC4/cyfitter_cfg.c **** *  This function is used for setting up the chip configuration areas that
 162:Generated_Source\PSoC4/cyfitter_cfg.c **** *  contain relatively sparse data.
 163:Generated_Source\PSoC4/cyfitter_cfg.c **** *
 164:Generated_Source\PSoC4/cyfitter_cfg.c **** * Parameters:
 165:Generated_Source\PSoC4/cyfitter_cfg.c **** *   void
 166:Generated_Source\PSoC4/cyfitter_cfg.c **** *
 167:Generated_Source\PSoC4/cyfitter_cfg.c **** * Return:
 168:Generated_Source\PSoC4/cyfitter_cfg.c **** *   void
 169:Generated_Source\PSoC4/cyfitter_cfg.c **** *
 170:Generated_Source\PSoC4/cyfitter_cfg.c **** *******************************************************************************/
 171:Generated_Source\PSoC4/cyfitter_cfg.c **** static void cfg_write_bytes32(const uint32 addr_table[], const cy_cfg_addrvalue_t data_table[]);
 172:Generated_Source\PSoC4/cyfitter_cfg.c **** static void cfg_write_bytes32(const uint32 addr_table[], const cy_cfg_addrvalue_t data_table[])
 173:Generated_Source\PSoC4/cyfitter_cfg.c **** {
 137              		.loc 1 173 0
 138              		.cfi_startproc
 139              		@ args = 0, pretend = 0, frame = 24
 140              		@ frame_needed = 1, uses_anonymous_args = 0
 141 0000 80B5     		push	{r7, lr}
 142              		.cfi_def_cfa_offset 8
 143              		.cfi_offset 7, -8
 144              		.cfi_offset 14, -4
 145 0002 86B0     		sub	sp, sp, #24
 146              		.cfi_def_cfa_offset 32
 147 0004 00AF     		add	r7, sp, #0
 148              		.cfi_def_cfa_register 7
 149 0006 7860     		str	r0, [r7, #4]
 150 0008 3960     		str	r1, [r7]
 174:Generated_Source\PSoC4/cyfitter_cfg.c **** 	/* For 32-bit little-endian architectures */
 175:Generated_Source\PSoC4/cyfitter_cfg.c **** 	uint32 i, j = 0u;
 151              		.loc 1 175 0
 152 000a 0023     		movs	r3, #0
 153 000c 3B61     		str	r3, [r7, #16]
 176:Generated_Source\PSoC4/cyfitter_cfg.c **** 	for (i = 0u; i < CY_CFG_BASE_ADDR_COUNT; i++)
 154              		.loc 1 176 0
 155 000e 0023     		movs	r3, #0
 156 0010 7B61     		str	r3, [r7, #20]
 157 0012 2FE0     		b	.L5
 158              	.L8:
 159              	.LBB2:
 177:Generated_Source\PSoC4/cyfitter_cfg.c **** 	{
 178:Generated_Source\PSoC4/cyfitter_cfg.c **** 		uint32 baseAddr = addr_table[i];
 160              		.loc 1 178 0
 161 0014 7B69     		ldr	r3, [r7, #20]
 162 0016 9B00     		lsls	r3, r3, #2
 163 0018 7A68     		ldr	r2, [r7, #4]
 164 001a D318     		adds	r3, r2, r3
ARM GAS  C:\Users\Jeremias\AppData\Local\Temp\ccXaBibw.s 			page 7


 165 001c 1B68     		ldr	r3, [r3]
 166 001e BB60     		str	r3, [r7, #8]
 179:Generated_Source\PSoC4/cyfitter_cfg.c **** 		uint8 count = (uint8)baseAddr;
 167              		.loc 1 179 0
 168 0020 0F23     		movs	r3, #15
 169 0022 FB18     		adds	r3, r7, r3
 170 0024 BA68     		ldr	r2, [r7, #8]
 171 0026 1A70     		strb	r2, [r3]
 180:Generated_Source\PSoC4/cyfitter_cfg.c **** 		baseAddr &= 0xFFFFFF00u;
 172              		.loc 1 180 0
 173 0028 BB68     		ldr	r3, [r7, #8]
 174 002a FF22     		movs	r2, #255
 175 002c 9343     		bics	r3, r2
 176 002e BB60     		str	r3, [r7, #8]
 181:Generated_Source\PSoC4/cyfitter_cfg.c **** 		while (count != 0u)
 177              		.loc 1 181 0
 178 0030 18E0     		b	.L6
 179              	.L7:
 182:Generated_Source\PSoC4/cyfitter_cfg.c **** 		{
 183:Generated_Source\PSoC4/cyfitter_cfg.c **** 			CY_SET_REG8((void *)(baseAddr + data_table[j].offset), data_table[j].value);
 180              		.loc 1 183 0
 181 0032 3B69     		ldr	r3, [r7, #16]
 182 0034 5B00     		lsls	r3, r3, #1
 183 0036 3A68     		ldr	r2, [r7]
 184 0038 D318     		adds	r3, r2, r3
 185 003a 1B78     		ldrb	r3, [r3]
 186 003c 1A00     		movs	r2, r3
 187 003e BB68     		ldr	r3, [r7, #8]
 188 0040 D318     		adds	r3, r2, r3
 189 0042 1900     		movs	r1, r3
 190 0044 3B69     		ldr	r3, [r7, #16]
 191 0046 5B00     		lsls	r3, r3, #1
 192 0048 3A68     		ldr	r2, [r7]
 193 004a D318     		adds	r3, r2, r3
 194 004c 5B78     		ldrb	r3, [r3, #1]
 195 004e 0B70     		strb	r3, [r1]
 184:Generated_Source\PSoC4/cyfitter_cfg.c **** 			j++;
 196              		.loc 1 184 0
 197 0050 3B69     		ldr	r3, [r7, #16]
 198 0052 0133     		adds	r3, r3, #1
 199 0054 3B61     		str	r3, [r7, #16]
 185:Generated_Source\PSoC4/cyfitter_cfg.c **** 			count--;
 200              		.loc 1 185 0
 201 0056 0F23     		movs	r3, #15
 202 0058 FB18     		adds	r3, r7, r3
 203 005a 1A78     		ldrb	r2, [r3]
 204 005c 0F23     		movs	r3, #15
 205 005e FB18     		adds	r3, r7, r3
 206 0060 013A     		subs	r2, r2, #1
 207 0062 1A70     		strb	r2, [r3]
 208              	.L6:
 181:Generated_Source\PSoC4/cyfitter_cfg.c **** 		{
 209              		.loc 1 181 0
 210 0064 0F23     		movs	r3, #15
 211 0066 FB18     		adds	r3, r7, r3
 212 0068 1B78     		ldrb	r3, [r3]
 213 006a 002B     		cmp	r3, #0
ARM GAS  C:\Users\Jeremias\AppData\Local\Temp\ccXaBibw.s 			page 8


 214 006c E1D1     		bne	.L7
 215              	.LBE2:
 176:Generated_Source\PSoC4/cyfitter_cfg.c **** 	{
 216              		.loc 1 176 0 discriminator 2
 217 006e 7B69     		ldr	r3, [r7, #20]
 218 0070 0133     		adds	r3, r3, #1
 219 0072 7B61     		str	r3, [r7, #20]
 220              	.L5:
 176:Generated_Source\PSoC4/cyfitter_cfg.c **** 	{
 221              		.loc 1 176 0 is_stmt 0 discriminator 1
 222 0074 7B69     		ldr	r3, [r7, #20]
 223 0076 052B     		cmp	r3, #5
 224 0078 CCD9     		bls	.L8
 186:Generated_Source\PSoC4/cyfitter_cfg.c **** 		}
 187:Generated_Source\PSoC4/cyfitter_cfg.c **** 	}
 188:Generated_Source\PSoC4/cyfitter_cfg.c **** }
 225              		.loc 1 188 0 is_stmt 1
 226 007a C046     		nop
 227 007c BD46     		mov	sp, r7
 228 007e 06B0     		add	sp, sp, #24
 229              		@ sp needed
 230 0080 80BD     		pop	{r7, pc}
 231              		.cfi_endproc
 232              	.LFE3:
 233              		.size	cfg_write_bytes32, .-cfg_write_bytes32
 234 0082 C046     		.section	.psocinit,"ax",%progbits
 235              		.align	2
 236              		.code	16
 237              		.thumb_func
 238              		.type	ClockSetup, %function
 239              	ClockSetup:
 240              	.LFB4:
 189:Generated_Source\PSoC4/cyfitter_cfg.c **** 
 190:Generated_Source\PSoC4/cyfitter_cfg.c **** 
 191:Generated_Source\PSoC4/cyfitter_cfg.c **** /*******************************************************************************
 192:Generated_Source\PSoC4/cyfitter_cfg.c **** * Function Name: ClockSetup
 193:Generated_Source\PSoC4/cyfitter_cfg.c **** ********************************************************************************
 194:Generated_Source\PSoC4/cyfitter_cfg.c **** *
 195:Generated_Source\PSoC4/cyfitter_cfg.c **** * Summary:
 196:Generated_Source\PSoC4/cyfitter_cfg.c **** *   Performs the initialization of all of the clocks in the device based on the
 197:Generated_Source\PSoC4/cyfitter_cfg.c **** *   settings in the Clock tab of the DWR.  This includes enabling the requested
 198:Generated_Source\PSoC4/cyfitter_cfg.c **** *   clocks and setting the necessary dividers to produce the desired frequency. 
 199:Generated_Source\PSoC4/cyfitter_cfg.c **** *
 200:Generated_Source\PSoC4/cyfitter_cfg.c **** * Parameters:
 201:Generated_Source\PSoC4/cyfitter_cfg.c **** *   void
 202:Generated_Source\PSoC4/cyfitter_cfg.c **** *
 203:Generated_Source\PSoC4/cyfitter_cfg.c **** * Return:
 204:Generated_Source\PSoC4/cyfitter_cfg.c **** *   void
 205:Generated_Source\PSoC4/cyfitter_cfg.c **** *
 206:Generated_Source\PSoC4/cyfitter_cfg.c **** *******************************************************************************/
 207:Generated_Source\PSoC4/cyfitter_cfg.c **** static void ClockSetup(void);
 208:Generated_Source\PSoC4/cyfitter_cfg.c **** CY_CFG_SECTION
 209:Generated_Source\PSoC4/cyfitter_cfg.c **** static void ClockSetup(void)
 210:Generated_Source\PSoC4/cyfitter_cfg.c **** {
 241              		.loc 1 210 0
 242              		.cfi_startproc
 243              		@ args = 0, pretend = 0, frame = 0
ARM GAS  C:\Users\Jeremias\AppData\Local\Temp\ccXaBibw.s 			page 9


 244              		@ frame_needed = 1, uses_anonymous_args = 0
 245 0000 80B5     		push	{r7, lr}
 246              		.cfi_def_cfa_offset 8
 247              		.cfi_offset 7, -8
 248              		.cfi_offset 14, -4
 249 0002 00AF     		add	r7, sp, #0
 250              		.cfi_def_cfa_register 7
 211:Generated_Source\PSoC4/cyfitter_cfg.c **** 	/* Enable HALF_EN before trimming for the flash accelerator. */
 212:Generated_Source\PSoC4/cyfitter_cfg.c **** 	CY_SET_REG32((void CYXDATA *)(CYREG_CLK_SELECT), (CY_GET_REG32((void *)CYREG_CLK_SELECT) | 0x00040
 251              		.loc 1 212 0
 252 0004 0F4B     		ldr	r3, .L10
 253 0006 0F4A     		ldr	r2, .L10
 254 0008 1268     		ldr	r2, [r2]
 255 000a 8021     		movs	r1, #128
 256 000c C902     		lsls	r1, r1, #11
 257 000e 0A43     		orrs	r2, r1
 258 0010 1A60     		str	r2, [r3]
 213:Generated_Source\PSoC4/cyfitter_cfg.c **** 
 214:Generated_Source\PSoC4/cyfitter_cfg.c **** 	/* Setup and trim IMO based on desired frequency. */
 215:Generated_Source\PSoC4/cyfitter_cfg.c **** 	CySysClkWriteImoFreq(3u);
 259              		.loc 1 215 0
 260 0012 0320     		movs	r0, #3
 261 0014 FFF7FEFF 		bl	CySysClkWriteImoFreq
 216:Generated_Source\PSoC4/cyfitter_cfg.c **** 
 217:Generated_Source\PSoC4/cyfitter_cfg.c **** 	/* Disable HALF_EN since it is not required at this IMO frequency. */
 218:Generated_Source\PSoC4/cyfitter_cfg.c **** 	CY_SET_REG32((void CYXDATA *)(CYREG_CLK_SELECT), (CY_GET_REG32((void *)CYREG_CLK_SELECT) & 0xFFFBF
 262              		.loc 1 218 0
 263 0018 0A4B     		ldr	r3, .L10
 264 001a 0A4A     		ldr	r2, .L10
 265 001c 1268     		ldr	r2, [r2]
 266 001e 0A49     		ldr	r1, .L10+4
 267 0020 0A40     		ands	r2, r1
 268 0022 1A60     		str	r2, [r3]
 219:Generated_Source\PSoC4/cyfitter_cfg.c **** 	/* CYDEV_CLK_ILO_CONFIG Starting address: CYDEV_CLK_ILO_CONFIG */
 220:Generated_Source\PSoC4/cyfitter_cfg.c **** 	CY_SET_REG32((void *)(CYREG_CLK_ILO_CONFIG), 0x80000006u);
 269              		.loc 1 220 0
 270 0024 094B     		ldr	r3, .L10+8
 271 0026 0A4A     		ldr	r2, .L10+12
 272 0028 1A60     		str	r2, [r3]
 221:Generated_Source\PSoC4/cyfitter_cfg.c **** 
 222:Generated_Source\PSoC4/cyfitter_cfg.c **** 
 223:Generated_Source\PSoC4/cyfitter_cfg.c **** 	/* CYDEV_CLK_IMO_CONFIG Starting address: CYDEV_CLK_IMO_CONFIG */
 224:Generated_Source\PSoC4/cyfitter_cfg.c **** 	CY_SET_REG32((void *)(CYREG_CLK_IMO_CONFIG), 0x80000000u);
 273              		.loc 1 224 0
 274 002a 0A4B     		ldr	r3, .L10+16
 275 002c 8022     		movs	r2, #128
 276 002e 1206     		lsls	r2, r2, #24
 277 0030 1A60     		str	r2, [r3]
 225:Generated_Source\PSoC4/cyfitter_cfg.c **** 
 226:Generated_Source\PSoC4/cyfitter_cfg.c **** 	/* CYDEV_CLK_SELECT Starting address: CYDEV_CLK_SELECT */
 227:Generated_Source\PSoC4/cyfitter_cfg.c **** 	CY_SET_REG32((void *)(CYREG_CLK_SELECT), 0x00000000u);
 278              		.loc 1 227 0
 279 0032 044B     		ldr	r3, .L10
 280 0034 0022     		movs	r2, #0
 281 0036 1A60     		str	r2, [r3]
 228:Generated_Source\PSoC4/cyfitter_cfg.c **** 
 229:Generated_Source\PSoC4/cyfitter_cfg.c **** 	CY_SET_REG32((void *)(CYREG_WDT_CONFIG), 0x00000000u);
ARM GAS  C:\Users\Jeremias\AppData\Local\Temp\ccXaBibw.s 			page 10


 282              		.loc 1 229 0
 283 0038 074B     		ldr	r3, .L10+20
 284 003a 0022     		movs	r2, #0
 285 003c 1A60     		str	r2, [r3]
 230:Generated_Source\PSoC4/cyfitter_cfg.c **** }
 286              		.loc 1 230 0
 287 003e C046     		nop
 288 0040 BD46     		mov	sp, r7
 289              		@ sp needed
 290 0042 80BD     		pop	{r7, pc}
 291              	.L11:
 292              		.align	2
 293              	.L10:
 294 0044 00010B40 		.word	1074462976
 295 0048 FFFFFBFF 		.word	-262145
 296 004c 04010B40 		.word	1074462980
 297 0050 06000080 		.word	-2147483642
 298 0054 08010B40 		.word	1074462984
 299 0058 0C020B40 		.word	1074463244
 300              		.cfi_endproc
 301              	.LFE4:
 302              		.size	ClockSetup, .-ClockSetup
 303              		.section	.text.AnalogSetDefault,"ax",%progbits
 304              		.align	2
 305              		.code	16
 306              		.thumb_func
 307              		.type	AnalogSetDefault, %function
 308              	AnalogSetDefault:
 309              	.LFB5:
 231:Generated_Source\PSoC4/cyfitter_cfg.c **** 
 232:Generated_Source\PSoC4/cyfitter_cfg.c **** 
 233:Generated_Source\PSoC4/cyfitter_cfg.c **** /* Analog API Functions */
 234:Generated_Source\PSoC4/cyfitter_cfg.c **** 
 235:Generated_Source\PSoC4/cyfitter_cfg.c **** 
 236:Generated_Source\PSoC4/cyfitter_cfg.c **** /*******************************************************************************
 237:Generated_Source\PSoC4/cyfitter_cfg.c **** * Function Name: AnalogSetDefault
 238:Generated_Source\PSoC4/cyfitter_cfg.c **** ********************************************************************************
 239:Generated_Source\PSoC4/cyfitter_cfg.c **** *
 240:Generated_Source\PSoC4/cyfitter_cfg.c **** * Summary:
 241:Generated_Source\PSoC4/cyfitter_cfg.c **** *  Sets up the analog portions of the chip to default values based on chip
 242:Generated_Source\PSoC4/cyfitter_cfg.c **** *  configuration options from the project.
 243:Generated_Source\PSoC4/cyfitter_cfg.c **** *
 244:Generated_Source\PSoC4/cyfitter_cfg.c **** * Parameters:
 245:Generated_Source\PSoC4/cyfitter_cfg.c **** *  void
 246:Generated_Source\PSoC4/cyfitter_cfg.c **** *
 247:Generated_Source\PSoC4/cyfitter_cfg.c **** * Return:
 248:Generated_Source\PSoC4/cyfitter_cfg.c **** *  void
 249:Generated_Source\PSoC4/cyfitter_cfg.c **** *
 250:Generated_Source\PSoC4/cyfitter_cfg.c **** *******************************************************************************/
 251:Generated_Source\PSoC4/cyfitter_cfg.c **** static void AnalogSetDefault(void);
 252:Generated_Source\PSoC4/cyfitter_cfg.c **** static void AnalogSetDefault(void)
 253:Generated_Source\PSoC4/cyfitter_cfg.c **** {
 310              		.loc 1 253 0
 311              		.cfi_startproc
 312              		@ args = 0, pretend = 0, frame = 0
 313              		@ frame_needed = 1, uses_anonymous_args = 0
 314 0000 80B5     		push	{r7, lr}
ARM GAS  C:\Users\Jeremias\AppData\Local\Temp\ccXaBibw.s 			page 11


 315              		.cfi_def_cfa_offset 8
 316              		.cfi_offset 7, -8
 317              		.cfi_offset 14, -4
 318 0002 00AF     		add	r7, sp, #0
 319              		.cfi_def_cfa_register 7
 254:Generated_Source\PSoC4/cyfitter_cfg.c **** }
 320              		.loc 1 254 0
 321 0004 C046     		nop
 322 0006 BD46     		mov	sp, r7
 323              		@ sp needed
 324 0008 80BD     		pop	{r7, pc}
 325              		.cfi_endproc
 326              	.LFE5:
 327              		.size	AnalogSetDefault, .-AnalogSetDefault
 328 000a C046     		.section	.psocinit
 329              		.align	2
 330              		.global	cyfitter_cfg
 331              		.code	16
 332              		.thumb_func
 333              		.type	cyfitter_cfg, %function
 334              	cyfitter_cfg:
 335              	.LFB6:
 255:Generated_Source\PSoC4/cyfitter_cfg.c **** 
 256:Generated_Source\PSoC4/cyfitter_cfg.c **** 
 257:Generated_Source\PSoC4/cyfitter_cfg.c **** 
 258:Generated_Source\PSoC4/cyfitter_cfg.c **** 
 259:Generated_Source\PSoC4/cyfitter_cfg.c **** /*******************************************************************************
 260:Generated_Source\PSoC4/cyfitter_cfg.c **** * Function Name: cyfitter_cfg
 261:Generated_Source\PSoC4/cyfitter_cfg.c **** ********************************************************************************
 262:Generated_Source\PSoC4/cyfitter_cfg.c **** * Summary:
 263:Generated_Source\PSoC4/cyfitter_cfg.c **** *  This function is called by the start-up code for the selected device. It
 264:Generated_Source\PSoC4/cyfitter_cfg.c **** *  performs all of the necessary device configuration based on the design
 265:Generated_Source\PSoC4/cyfitter_cfg.c **** *  settings.  This includes settings from the Design Wide Resources (DWR) such
 266:Generated_Source\PSoC4/cyfitter_cfg.c **** *  as Clocks and Pins as well as any component configuration that is necessary.
 267:Generated_Source\PSoC4/cyfitter_cfg.c **** *
 268:Generated_Source\PSoC4/cyfitter_cfg.c **** * Parameters:
 269:Generated_Source\PSoC4/cyfitter_cfg.c **** *   void
 270:Generated_Source\PSoC4/cyfitter_cfg.c **** *
 271:Generated_Source\PSoC4/cyfitter_cfg.c **** * Return:
 272:Generated_Source\PSoC4/cyfitter_cfg.c **** *   void
 273:Generated_Source\PSoC4/cyfitter_cfg.c **** *
 274:Generated_Source\PSoC4/cyfitter_cfg.c **** *******************************************************************************/
 275:Generated_Source\PSoC4/cyfitter_cfg.c **** CY_CFG_SECTION
 276:Generated_Source\PSoC4/cyfitter_cfg.c **** void cyfitter_cfg(void)
 277:Generated_Source\PSoC4/cyfitter_cfg.c **** {
 336              		.loc 1 277 0
 337              		.cfi_startproc
 338              		@ args = 0, pretend = 0, frame = 8
 339              		@ frame_needed = 1, uses_anonymous_args = 0
 340 005c 80B5     		push	{r7, lr}
 341              		.cfi_def_cfa_offset 8
 342              		.cfi_offset 7, -8
 343              		.cfi_offset 14, -4
 344 005e 82B0     		sub	sp, sp, #8
 345              		.cfi_def_cfa_offset 16
 346 0060 00AF     		add	r7, sp, #0
 347              		.cfi_def_cfa_register 7
ARM GAS  C:\Users\Jeremias\AppData\Local\Temp\ccXaBibw.s 			page 12


 278:Generated_Source\PSoC4/cyfitter_cfg.c **** 	/* Disable interrupts by default. Let user enable if/when they want. */
 279:Generated_Source\PSoC4/cyfitter_cfg.c **** 	CyGlobalIntDisable;
 348              		.loc 1 279 0
 349              		.syntax divided
 350              	@ 279 "Generated_Source\PSoC4\cyfitter_cfg.c" 1
 351 0062 72B6     		CPSID   i
 352              	@ 0 "" 2
 353              		.thumb
 354              		.syntax unified
 355              	.LBB3:
 280:Generated_Source\PSoC4/cyfitter_cfg.c **** 
 281:Generated_Source\PSoC4/cyfitter_cfg.c **** 	{
 282:Generated_Source\PSoC4/cyfitter_cfg.c **** 		static const uint32 CYCODE cy_cfg_addr_table[] = {
 283:Generated_Source\PSoC4/cyfitter_cfg.c **** 			0x400F3007u, /* Base address: 0x400F3000 Count: 7 */
 284:Generated_Source\PSoC4/cyfitter_cfg.c **** 			0x400F3108u, /* Base address: 0x400F3100 Count: 8 */
 285:Generated_Source\PSoC4/cyfitter_cfg.c **** 			0x400F3302u, /* Base address: 0x400F3300 Count: 2 */
 286:Generated_Source\PSoC4/cyfitter_cfg.c **** 			0x400F4005u, /* Base address: 0x400F4000 Count: 5 */
 287:Generated_Source\PSoC4/cyfitter_cfg.c **** 			0x400F4106u, /* Base address: 0x400F4100 Count: 6 */
 288:Generated_Source\PSoC4/cyfitter_cfg.c **** 			0x400F6002u, /* Base address: 0x400F6000 Count: 2 */
 289:Generated_Source\PSoC4/cyfitter_cfg.c **** 		};
 290:Generated_Source\PSoC4/cyfitter_cfg.c **** 
 291:Generated_Source\PSoC4/cyfitter_cfg.c **** 		static const cy_cfg_addrvalue_t CYCODE cy_cfg_data_table[] = {
 292:Generated_Source\PSoC4/cyfitter_cfg.c **** 			{0x94u, 0x01u},
 293:Generated_Source\PSoC4/cyfitter_cfg.c **** 			{0xB4u, 0x01u},
 294:Generated_Source\PSoC4/cyfitter_cfg.c **** 			{0xBAu, 0x0Cu},
 295:Generated_Source\PSoC4/cyfitter_cfg.c **** 			{0xBEu, 0x10u},
 296:Generated_Source\PSoC4/cyfitter_cfg.c **** 			{0xD8u, 0x0Bu},
 297:Generated_Source\PSoC4/cyfitter_cfg.c **** 			{0xDCu, 0x09u},
 298:Generated_Source\PSoC4/cyfitter_cfg.c **** 			{0xDFu, 0x01u},
 299:Generated_Source\PSoC4/cyfitter_cfg.c **** 			{0x0Eu, 0x20u},
 300:Generated_Source\PSoC4/cyfitter_cfg.c **** 			{0x1Eu, 0x24u},
 301:Generated_Source\PSoC4/cyfitter_cfg.c **** 			{0x7Eu, 0x80u},
 302:Generated_Source\PSoC4/cyfitter_cfg.c **** 			{0x82u, 0x80u},
 303:Generated_Source\PSoC4/cyfitter_cfg.c **** 			{0x8Au, 0x04u},
 304:Generated_Source\PSoC4/cyfitter_cfg.c **** 			{0xC2u, 0x20u},
 305:Generated_Source\PSoC4/cyfitter_cfg.c **** 			{0xDEu, 0x80u},
 306:Generated_Source\PSoC4/cyfitter_cfg.c **** 			{0xE6u, 0x20u},
 307:Generated_Source\PSoC4/cyfitter_cfg.c **** 			{0x86u, 0x10u},
 308:Generated_Source\PSoC4/cyfitter_cfg.c **** 			{0xA2u, 0x10u},
 309:Generated_Source\PSoC4/cyfitter_cfg.c **** 			{0x0Fu, 0x08u},
 310:Generated_Source\PSoC4/cyfitter_cfg.c **** 			{0x83u, 0x04u},
 311:Generated_Source\PSoC4/cyfitter_cfg.c **** 			{0x88u, 0x01u},
 312:Generated_Source\PSoC4/cyfitter_cfg.c **** 			{0xC2u, 0x80u},
 313:Generated_Source\PSoC4/cyfitter_cfg.c **** 			{0xE4u, 0x20u},
 314:Generated_Source\PSoC4/cyfitter_cfg.c **** 			{0x63u, 0x02u},
 315:Generated_Source\PSoC4/cyfitter_cfg.c **** 			{0x64u, 0x01u},
 316:Generated_Source\PSoC4/cyfitter_cfg.c **** 			{0x87u, 0x01u},
 317:Generated_Source\PSoC4/cyfitter_cfg.c **** 			{0x98u, 0x01u},
 318:Generated_Source\PSoC4/cyfitter_cfg.c **** 			{0xD6u, 0xC0u},
 319:Generated_Source\PSoC4/cyfitter_cfg.c **** 			{0xE6u, 0x10u},
 320:Generated_Source\PSoC4/cyfitter_cfg.c **** 			{0x02u, 0x01u},
 321:Generated_Source\PSoC4/cyfitter_cfg.c **** 			{0x11u, 0x01u},
 322:Generated_Source\PSoC4/cyfitter_cfg.c **** 		};
 323:Generated_Source\PSoC4/cyfitter_cfg.c **** 
 324:Generated_Source\PSoC4/cyfitter_cfg.c **** 
 325:Generated_Source\PSoC4/cyfitter_cfg.c **** 
 326:Generated_Source\PSoC4/cyfitter_cfg.c **** 		CYPACKED typedef struct {
ARM GAS  C:\Users\Jeremias\AppData\Local\Temp\ccXaBibw.s 			page 13


 327:Generated_Source\PSoC4/cyfitter_cfg.c **** 			void CYFAR *address;
 328:Generated_Source\PSoC4/cyfitter_cfg.c **** 			uint16 size;
 329:Generated_Source\PSoC4/cyfitter_cfg.c **** 		} CYPACKED_ATTR cfg_memset_t;
 330:Generated_Source\PSoC4/cyfitter_cfg.c **** 
 331:Generated_Source\PSoC4/cyfitter_cfg.c **** 		static const cfg_memset_t CYCODE cfg_memset_list[] = {
 332:Generated_Source\PSoC4/cyfitter_cfg.c **** 			/* address, size */
 333:Generated_Source\PSoC4/cyfitter_cfg.c **** 			{(void CYFAR *)(CYDEV_UDB_P0_U0_BASE), 1024u},
 334:Generated_Source\PSoC4/cyfitter_cfg.c **** 			{(void CYFAR *)(CYDEV_UDB_DSI0_BASE), 1024u},
 335:Generated_Source\PSoC4/cyfitter_cfg.c **** 		};
 336:Generated_Source\PSoC4/cyfitter_cfg.c **** 
 337:Generated_Source\PSoC4/cyfitter_cfg.c **** 		uint8 CYDATA i;
 338:Generated_Source\PSoC4/cyfitter_cfg.c **** 
 339:Generated_Source\PSoC4/cyfitter_cfg.c **** 		/* Zero out critical memory blocks before beginning configuration */
 340:Generated_Source\PSoC4/cyfitter_cfg.c **** 		for (i = 0u; i < (sizeof(cfg_memset_list)/sizeof(cfg_memset_list[0])); i++)
 356              		.loc 1 340 0
 357 0064 FB1D     		adds	r3, r7, #7
 358 0066 0022     		movs	r2, #0
 359 0068 1A70     		strb	r2, [r3]
 360 006a 22E0     		b	.L14
 361              	.L15:
 362              	.LBB4:
 341:Generated_Source\PSoC4/cyfitter_cfg.c **** 		{
 342:Generated_Source\PSoC4/cyfitter_cfg.c **** 			const cfg_memset_t CYCODE * CYDATA ms = &cfg_memset_list[i];
 363              		.loc 1 342 0 discriminator 3
 364 006c FB1D     		adds	r3, r7, #7
 365 006e 1A78     		ldrb	r2, [r3]
 366 0070 1300     		movs	r3, r2
 367 0072 5B00     		lsls	r3, r3, #1
 368 0074 9B18     		adds	r3, r3, r2
 369 0076 5B00     		lsls	r3, r3, #1
 370 0078 344A     		ldr	r2, .L16
 371 007a 9B18     		adds	r3, r3, r2
 372 007c 3B60     		str	r3, [r7]
 343:Generated_Source\PSoC4/cyfitter_cfg.c **** 			CYMEMZERO(ms->address, (size_t)(uint32)(ms->size));
 373              		.loc 1 343 0 discriminator 3
 374 007e 3B68     		ldr	r3, [r7]
 375 0080 1A78     		ldrb	r2, [r3]
 376 0082 5978     		ldrb	r1, [r3, #1]
 377 0084 0902     		lsls	r1, r1, #8
 378 0086 0A43     		orrs	r2, r1
 379 0088 9978     		ldrb	r1, [r3, #2]
 380 008a 0904     		lsls	r1, r1, #16
 381 008c 0A43     		orrs	r2, r1
 382 008e DB78     		ldrb	r3, [r3, #3]
 383 0090 1B06     		lsls	r3, r3, #24
 384 0092 1343     		orrs	r3, r2
 385 0094 1800     		movs	r0, r3
 386 0096 3B68     		ldr	r3, [r7]
 387 0098 1A79     		ldrb	r2, [r3, #4]
 388 009a 5B79     		ldrb	r3, [r3, #5]
 389 009c 1B02     		lsls	r3, r3, #8
 390 009e 1343     		orrs	r3, r2
 391 00a0 9BB2     		uxth	r3, r3
 392 00a2 1900     		movs	r1, r3
 393 00a4 FFF7FEFF 		bl	CYMEMZERO
 394              	.LBE4:
 340:Generated_Source\PSoC4/cyfitter_cfg.c **** 		{
ARM GAS  C:\Users\Jeremias\AppData\Local\Temp\ccXaBibw.s 			page 14


 395              		.loc 1 340 0 discriminator 3
 396 00a8 FB1D     		adds	r3, r7, #7
 397 00aa 1A78     		ldrb	r2, [r3]
 398 00ac FB1D     		adds	r3, r7, #7
 399 00ae 0132     		adds	r2, r2, #1
 400 00b0 1A70     		strb	r2, [r3]
 401              	.L14:
 340:Generated_Source\PSoC4/cyfitter_cfg.c **** 		{
 402              		.loc 1 340 0 is_stmt 0 discriminator 1
 403 00b2 FB1D     		adds	r3, r7, #7
 404 00b4 1B78     		ldrb	r3, [r3]
 405 00b6 012B     		cmp	r3, #1
 406 00b8 D8D9     		bls	.L15
 344:Generated_Source\PSoC4/cyfitter_cfg.c **** 		}
 345:Generated_Source\PSoC4/cyfitter_cfg.c **** 
 346:Generated_Source\PSoC4/cyfitter_cfg.c **** 		cfg_write_bytes32(cy_cfg_addr_table, cy_cfg_data_table);
 407              		.loc 1 346 0 is_stmt 1
 408 00ba 254A     		ldr	r2, .L16+4
 409 00bc 254B     		ldr	r3, .L16+8
 410 00be 1100     		movs	r1, r2
 411 00c0 1800     		movs	r0, r3
 412 00c2 FFF7FEFF 		bl	cfg_write_bytes32
 347:Generated_Source\PSoC4/cyfitter_cfg.c **** 
 348:Generated_Source\PSoC4/cyfitter_cfg.c **** 		/* HSIOM Starting address: CYDEV_HSIOM_BASE */
 349:Generated_Source\PSoC4/cyfitter_cfg.c **** 		CY_SET_REG32((void *)(CYREG_HSIOM_PORT_SEL1), 0x03300000u);
 413              		.loc 1 349 0
 414 00c6 244B     		ldr	r3, .L16+12
 415 00c8 CC22     		movs	r2, #204
 416 00ca 9204     		lsls	r2, r2, #18
 417 00cc 1A60     		str	r2, [r3]
 350:Generated_Source\PSoC4/cyfitter_cfg.c **** 
 351:Generated_Source\PSoC4/cyfitter_cfg.c **** 		/* FORCED_HSIOM Starting address: CYDEV_HSIOM_PORT_SEL3 */
 352:Generated_Source\PSoC4/cyfitter_cfg.c **** 		CY_SET_REG32((void *)(CYREG_HSIOM_PORT_SEL3), 0x00000000u);
 418              		.loc 1 352 0
 419 00ce 234B     		ldr	r3, .L16+16
 420 00d0 0022     		movs	r2, #0
 421 00d2 1A60     		str	r2, [r3]
 353:Generated_Source\PSoC4/cyfitter_cfg.c **** 
 354:Generated_Source\PSoC4/cyfitter_cfg.c **** 		/* IOPINS0_3 Starting address: CYDEV_PRT3_PC */
 355:Generated_Source\PSoC4/cyfitter_cfg.c **** 		CY_SET_REG32((void *)(CYREG_PRT3_PC), 0x00000000u);
 422              		.loc 1 355 0
 423 00d4 224B     		ldr	r3, .L16+20
 424 00d6 0022     		movs	r2, #0
 425 00d8 1A60     		str	r2, [r3]
 356:Generated_Source\PSoC4/cyfitter_cfg.c **** 
 357:Generated_Source\PSoC4/cyfitter_cfg.c **** 		/* UDB_PA_0 Starting address: CYDEV_UDB_PA0_BASE */
 358:Generated_Source\PSoC4/cyfitter_cfg.c **** 		CY_SET_REG32((void *)(CYDEV_UDB_PA0_BASE), 0x00990004u);
 426              		.loc 1 358 0
 427 00da 224B     		ldr	r3, .L16+24
 428 00dc 224A     		ldr	r2, .L16+28
 429 00de 1A60     		str	r2, [r3]
 359:Generated_Source\PSoC4/cyfitter_cfg.c **** 		CY_SET_REG32((void *)(CYREG_UDB_PA0_CFG4), 0x80000000u);
 430              		.loc 1 359 0
 431 00e0 224B     		ldr	r3, .L16+32
 432 00e2 8022     		movs	r2, #128
 433 00e4 1206     		lsls	r2, r2, #24
 434 00e6 1A60     		str	r2, [r3]
ARM GAS  C:\Users\Jeremias\AppData\Local\Temp\ccXaBibw.s 			page 15


 360:Generated_Source\PSoC4/cyfitter_cfg.c **** 
 361:Generated_Source\PSoC4/cyfitter_cfg.c **** 		/* UDB_PA_1 Starting address: CYDEV_UDB_PA1_BASE */
 362:Generated_Source\PSoC4/cyfitter_cfg.c **** 		CY_SET_REG32((void *)(CYDEV_UDB_PA1_BASE), 0x00990000u);
 435              		.loc 1 362 0
 436 00e8 214B     		ldr	r3, .L16+36
 437 00ea 9922     		movs	r2, #153
 438 00ec 1204     		lsls	r2, r2, #16
 439 00ee 1A60     		str	r2, [r3]
 363:Generated_Source\PSoC4/cyfitter_cfg.c **** 		CY_SET_REG32((void *)(CYREG_UDB_PA1_CFG8), 0x86000000u);
 440              		.loc 1 363 0
 441 00f0 204B     		ldr	r3, .L16+40
 442 00f2 8622     		movs	r2, #134
 443 00f4 1206     		lsls	r2, r2, #24
 444 00f6 1A60     		str	r2, [r3]
 364:Generated_Source\PSoC4/cyfitter_cfg.c **** 
 365:Generated_Source\PSoC4/cyfitter_cfg.c **** 		/* Enable UDB array and digital routing */
 366:Generated_Source\PSoC4/cyfitter_cfg.c **** 		CY_SET_XTND_REG8((void *)CYREG_UDB_UDBIF_WAIT_CFG, (uint8)((CY_GET_XTND_REG8((void *)CYREG_UDB_UD
 445              		.loc 1 366 0
 446 00f8 1F4A     		ldr	r2, .L16+44
 447 00fa 1F4B     		ldr	r3, .L16+44
 448 00fc 1B78     		ldrb	r3, [r3]
 449 00fe DBB2     		uxtb	r3, r3
 450 0100 3C21     		movs	r1, #60
 451 0102 8B43     		bics	r3, r1
 452 0104 DBB2     		uxtb	r3, r3
 453 0106 1421     		movs	r1, #20
 454 0108 0B43     		orrs	r3, r1
 455 010a DBB2     		uxtb	r3, r3
 456 010c 1370     		strb	r3, [r2]
 367:Generated_Source\PSoC4/cyfitter_cfg.c **** 		CY_SET_XTND_REG8((void *)CYREG_UDB_UDBIF_BANK_CTL, (uint8)(CY_GET_XTND_REG8((void *)CYREG_UDB_UDB
 457              		.loc 1 367 0
 458 010e 1B4A     		ldr	r2, .L16+48
 459 0110 1A4B     		ldr	r3, .L16+48
 460 0112 1B78     		ldrb	r3, [r3]
 461 0114 DBB2     		uxtb	r3, r3
 462 0116 1621     		movs	r1, #22
 463 0118 0B43     		orrs	r3, r1
 464 011a DBB2     		uxtb	r3, r3
 465 011c 1370     		strb	r3, [r2]
 466              	.LBE3:
 368:Generated_Source\PSoC4/cyfitter_cfg.c **** 	}
 369:Generated_Source\PSoC4/cyfitter_cfg.c **** 
 370:Generated_Source\PSoC4/cyfitter_cfg.c **** 	/* Perform second pass device configuration. These items must be configured in specific order afte
 371:Generated_Source\PSoC4/cyfitter_cfg.c **** 	/* IOPINS0_0 Starting address: CYDEV_PRT0_BASE */
 372:Generated_Source\PSoC4/cyfitter_cfg.c **** 	CY_SET_REG32((void *)(CYDEV_PRT0_BASE), 0x00000080u);
 467              		.loc 1 372 0
 468 011e 184B     		ldr	r3, .L16+52
 469 0120 8022     		movs	r2, #128
 470 0122 1A60     		str	r2, [r3]
 373:Generated_Source\PSoC4/cyfitter_cfg.c **** 	CY_SET_REG32((void *)(CYREG_PRT0_PC), 0x00400000u);
 471              		.loc 1 373 0
 472 0124 174B     		ldr	r3, .L16+56
 473 0126 8022     		movs	r2, #128
 474 0128 D203     		lsls	r2, r2, #15
 475 012a 1A60     		str	r2, [r3]
 374:Generated_Source\PSoC4/cyfitter_cfg.c **** 
 375:Generated_Source\PSoC4/cyfitter_cfg.c **** 	/* IOPINS0_1 Starting address: CYDEV_PRT1_BASE */
ARM GAS  C:\Users\Jeremias\AppData\Local\Temp\ccXaBibw.s 			page 16


 376:Generated_Source\PSoC4/cyfitter_cfg.c **** 	CY_SET_REG32((void *)(CYDEV_PRT1_BASE), 0x00000060u);
 476              		.loc 1 376 0
 477 012c 164B     		ldr	r3, .L16+60
 478 012e 6022     		movs	r2, #96
 479 0130 1A60     		str	r2, [r3]
 377:Generated_Source\PSoC4/cyfitter_cfg.c **** 	CY_SET_REG32((void *)(CYREG_PRT1_PC), 0x001B0000u);
 480              		.loc 1 377 0
 481 0132 164B     		ldr	r3, .L16+64
 482 0134 D822     		movs	r2, #216
 483 0136 5203     		lsls	r2, r2, #13
 484 0138 1A60     		str	r2, [r3]
 378:Generated_Source\PSoC4/cyfitter_cfg.c **** 
 379:Generated_Source\PSoC4/cyfitter_cfg.c **** 
 380:Generated_Source\PSoC4/cyfitter_cfg.c **** 	/* Setup clocks based on selections from Clock DWR */
 381:Generated_Source\PSoC4/cyfitter_cfg.c **** 	ClockSetup();
 485              		.loc 1 381 0
 486 013a FFF761FF 		bl	ClockSetup
 382:Generated_Source\PSoC4/cyfitter_cfg.c **** 
 383:Generated_Source\PSoC4/cyfitter_cfg.c **** 	/* Perform basic analog initialization to defaults */
 384:Generated_Source\PSoC4/cyfitter_cfg.c **** 	AnalogSetDefault();
 487              		.loc 1 384 0
 488 013e FFF7FEFF 		bl	AnalogSetDefault
 385:Generated_Source\PSoC4/cyfitter_cfg.c **** 
 386:Generated_Source\PSoC4/cyfitter_cfg.c **** }
 489              		.loc 1 386 0
 490 0142 C046     		nop
 491 0144 BD46     		mov	sp, r7
 492 0146 02B0     		add	sp, sp, #8
 493              		@ sp needed
 494 0148 80BD     		pop	{r7, pc}
 495              	.L17:
 496 014a C046     		.align	2
 497              	.L16:
 498 014c 00000000 		.word	cfg_memset_list.4870
 499 0150 24000000 		.word	cy_cfg_data_table.4865
 500 0154 0C000000 		.word	cy_cfg_addr_table.4864
 501 0158 04000140 		.word	1073807364
 502 015c 0C000140 		.word	1073807372
 503 0160 08030440 		.word	1074004744
 504 0164 00500F40 		.word	1074745344
 505 0168 04009900 		.word	10027012
 506 016c 04500F40 		.word	1074745348
 507 0170 10500F40 		.word	1074745360
 508 0174 18500F40 		.word	1074745368
 509 0178 01700F40 		.word	1074753537
 510 017c 00700F40 		.word	1074753536
 511 0180 00000440 		.word	1074003968
 512 0184 08000440 		.word	1074003976
 513 0188 00010440 		.word	1074004224
 514 018c 08010440 		.word	1074004232
 515              		.cfi_endproc
 516              	.LFE6:
 517              		.size	cyfitter_cfg, .-cyfitter_cfg
 518              		.section	.rodata
 519              		.align	2
 520              		.type	cfg_memset_list.4870, %object
 521              		.size	cfg_memset_list.4870, 12
ARM GAS  C:\Users\Jeremias\AppData\Local\Temp\ccXaBibw.s 			page 17


 522              	cfg_memset_list.4870:
 523 0000 00300F40 		.word	1074737152
 524 0004 0004     		.short	1024
 525 0006 00400F40 		.4byte	1074741248
 526 000a 0004     		.short	1024
 527              		.align	2
 528              		.type	cy_cfg_addr_table.4864, %object
 529              		.size	cy_cfg_addr_table.4864, 24
 530              	cy_cfg_addr_table.4864:
 531 000c 07300F40 		.word	1074737159
 532 0010 08310F40 		.word	1074737416
 533 0014 02330F40 		.word	1074737922
 534 0018 05400F40 		.word	1074741253
 535 001c 06410F40 		.word	1074741510
 536 0020 02600F40 		.word	1074749442
 537              		.align	2
 538              		.type	cy_cfg_data_table.4865, %object
 539              		.size	cy_cfg_data_table.4865, 60
 540              	cy_cfg_data_table.4865:
 541 0024 94       		.byte	-108
 542 0025 01       		.byte	1
 543 0026 B4       		.byte	-76
 544 0027 01       		.byte	1
 545 0028 BA       		.byte	-70
 546 0029 0C       		.byte	12
 547 002a BE       		.byte	-66
 548 002b 10       		.byte	16
 549 002c D8       		.byte	-40
 550 002d 0B       		.byte	11
 551 002e DC       		.byte	-36
 552 002f 09       		.byte	9
 553 0030 DF       		.byte	-33
 554 0031 01       		.byte	1
 555 0032 0E       		.byte	14
 556 0033 20       		.byte	32
 557 0034 1E       		.byte	30
 558 0035 24       		.byte	36
 559 0036 7E       		.byte	126
 560 0037 80       		.byte	-128
 561 0038 82       		.byte	-126
 562 0039 80       		.byte	-128
 563 003a 8A       		.byte	-118
 564 003b 04       		.byte	4
 565 003c C2       		.byte	-62
 566 003d 20       		.byte	32
 567 003e DE       		.byte	-34
 568 003f 80       		.byte	-128
 569 0040 E6       		.byte	-26
 570 0041 20       		.byte	32
 571 0042 86       		.byte	-122
 572 0043 10       		.byte	16
 573 0044 A2       		.byte	-94
 574 0045 10       		.byte	16
 575 0046 0F       		.byte	15
 576 0047 08       		.byte	8
 577 0048 83       		.byte	-125
 578 0049 04       		.byte	4
ARM GAS  C:\Users\Jeremias\AppData\Local\Temp\ccXaBibw.s 			page 18


 579 004a 88       		.byte	-120
 580 004b 01       		.byte	1
 581 004c C2       		.byte	-62
 582 004d 80       		.byte	-128
 583 004e E4       		.byte	-28
 584 004f 20       		.byte	32
 585 0050 63       		.byte	99
 586 0051 02       		.byte	2
 587 0052 64       		.byte	100
 588 0053 01       		.byte	1
 589 0054 87       		.byte	-121
 590 0055 01       		.byte	1
 591 0056 98       		.byte	-104
 592 0057 01       		.byte	1
 593 0058 D6       		.byte	-42
 594 0059 C0       		.byte	-64
 595 005a E6       		.byte	-26
 596 005b 10       		.byte	16
 597 005c 02       		.byte	2
 598 005d 01       		.byte	1
 599 005e 11       		.byte	17
 600 005f 01       		.byte	1
 601              		.text
 602              	.Letext0:
 603              		.file 2 "c:\\program files (x86)\\cypress\\psoc creator\\4.4\\psoc creator\\import\\gnu\\arm\\5.4.
 604              		.file 3 "Generated_Source\\PSoC4\\cytypes.h"
 605              		.section	.debug_info,"",%progbits
 606              	.Ldebug_info0:
 607 0000 59030000 		.4byte	0x359
 608 0004 0400     		.2byte	0x4
 609 0006 00000000 		.4byte	.Ldebug_abbrev0
 610 000a 04       		.byte	0x4
 611 000b 01       		.uleb128 0x1
 612 000c A0000000 		.4byte	.LASF40
 613 0010 0C       		.byte	0xc
 614 0011 BB020000 		.4byte	.LASF41
 615 0015 3C020000 		.4byte	.LASF42
 616 0019 00000000 		.4byte	.Ldebug_ranges0+0
 617 001d 00000000 		.4byte	0
 618 0021 00000000 		.4byte	.Ldebug_line0
 619 0025 02       		.uleb128 0x2
 620 0026 04       		.byte	0x4
 621 0027 05       		.byte	0x5
 622 0028 696E7400 		.ascii	"int\000"
 623 002c 03       		.uleb128 0x3
 624 002d 06000000 		.4byte	.LASF12
 625 0031 02       		.byte	0x2
 626 0032 D8       		.byte	0xd8
 627 0033 37000000 		.4byte	0x37
 628 0037 04       		.uleb128 0x4
 629 0038 04       		.byte	0x4
 630 0039 07       		.byte	0x7
 631 003a 86010000 		.4byte	.LASF0
 632 003e 04       		.uleb128 0x4
 633 003f 08       		.byte	0x8
 634 0040 05       		.byte	0x5
 635 0041 E4010000 		.4byte	.LASF1
ARM GAS  C:\Users\Jeremias\AppData\Local\Temp\ccXaBibw.s 			page 19


 636 0045 04       		.uleb128 0x4
 637 0046 08       		.byte	0x8
 638 0047 04       		.byte	0x4
 639 0048 24020000 		.4byte	.LASF2
 640 004c 04       		.uleb128 0x4
 641 004d 01       		.byte	0x1
 642 004e 06       		.byte	0x6
 643 004f 30020000 		.4byte	.LASF3
 644 0053 04       		.uleb128 0x4
 645 0054 01       		.byte	0x1
 646 0055 08       		.byte	0x8
 647 0056 2E010000 		.4byte	.LASF4
 648 005a 04       		.uleb128 0x4
 649 005b 02       		.byte	0x2
 650 005c 05       		.byte	0x5
 651 005d 11020000 		.4byte	.LASF5
 652 0061 04       		.uleb128 0x4
 653 0062 02       		.byte	0x2
 654 0063 07       		.byte	0x7
 655 0064 D1010000 		.4byte	.LASF6
 656 0068 04       		.uleb128 0x4
 657 0069 04       		.byte	0x4
 658 006a 05       		.byte	0x5
 659 006b 1B020000 		.4byte	.LASF7
 660 006f 04       		.uleb128 0x4
 661 0070 04       		.byte	0x4
 662 0071 07       		.byte	0x7
 663 0072 7E000000 		.4byte	.LASF8
 664 0076 04       		.uleb128 0x4
 665 0077 08       		.byte	0x8
 666 0078 07       		.byte	0x7
 667 0079 9B010000 		.4byte	.LASF9
 668 007d 04       		.uleb128 0x4
 669 007e 04       		.byte	0x4
 670 007f 07       		.byte	0x7
 671 0080 C8010000 		.4byte	.LASF10
 672 0084 05       		.uleb128 0x5
 673 0085 04       		.byte	0x4
 674 0086 04       		.uleb128 0x4
 675 0087 01       		.byte	0x1
 676 0088 08       		.byte	0x8
 677 0089 F2010000 		.4byte	.LASF11
 678 008d 06       		.uleb128 0x6
 679 008e 90000000 		.4byte	.LASF13
 680 0092 03       		.byte	0x3
 681 0093 FB01     		.2byte	0x1fb
 682 0095 53000000 		.4byte	0x53
 683 0099 06       		.uleb128 0x6
 684 009a 6D010000 		.4byte	.LASF14
 685 009e 03       		.byte	0x3
 686 009f FC01     		.2byte	0x1fc
 687 00a1 61000000 		.4byte	0x61
 688 00a5 06       		.uleb128 0x6
 689 00a6 7F010000 		.4byte	.LASF15
 690 00aa 03       		.byte	0x3
 691 00ab FD01     		.2byte	0x1fd
 692 00ad 6F000000 		.4byte	0x6f
ARM GAS  C:\Users\Jeremias\AppData\Local\Temp\ccXaBibw.s 			page 20


 693 00b1 04       		.uleb128 0x4
 694 00b2 04       		.byte	0x4
 695 00b3 04       		.byte	0x4
 696 00b4 59000000 		.4byte	.LASF16
 697 00b8 04       		.uleb128 0x4
 698 00b9 08       		.byte	0x8
 699 00ba 04       		.byte	0x4
 700 00bb 3C010000 		.4byte	.LASF17
 701 00bf 06       		.uleb128 0x6
 702 00c0 79000000 		.4byte	.LASF18
 703 00c4 03       		.byte	0x3
 704 00c5 A502     		.2byte	0x2a5
 705 00c7 CB000000 		.4byte	0xcb
 706 00cb 07       		.uleb128 0x7
 707 00cc 8D000000 		.4byte	0x8d
 708 00d0 06       		.uleb128 0x6
 709 00d1 00000000 		.4byte	.LASF19
 710 00d5 03       		.byte	0x3
 711 00d6 A702     		.2byte	0x2a7
 712 00d8 DC000000 		.4byte	0xdc
 713 00dc 07       		.uleb128 0x7
 714 00dd A5000000 		.4byte	0xa5
 715 00e1 08       		.uleb128 0x8
 716 00e2 02       		.byte	0x2
 717 00e3 01       		.byte	0x1
 718 00e4 95       		.byte	0x95
 719 00e5 02010000 		.4byte	0x102
 720 00e9 09       		.uleb128 0x9
 721 00ea 0A020000 		.4byte	.LASF20
 722 00ee 01       		.byte	0x1
 723 00ef 97       		.byte	0x97
 724 00f0 8D000000 		.4byte	0x8d
 725 00f4 00       		.byte	0
 726 00f5 09       		.uleb128 0x9
 727 00f6 1E000000 		.4byte	.LASF21
 728 00fa 01       		.byte	0x1
 729 00fb 98       		.byte	0x98
 730 00fc 8D000000 		.4byte	0x8d
 731 0100 01       		.byte	0x1
 732 0101 00       		.byte	0
 733 0102 03       		.uleb128 0x3
 734 0103 F7010000 		.4byte	.LASF22
 735 0107 01       		.byte	0x1
 736 0108 99       		.byte	0x99
 737 0109 E1000000 		.4byte	0xe1
 738 010d 0A       		.uleb128 0xa
 739 010e 96000000 		.4byte	.LASF23
 740 0112 01       		.byte	0x1
 741 0113 4A       		.byte	0x4a
 742 0114 00000000 		.4byte	.LFB0
 743 0118 1E000000 		.4byte	.LFE0-.LFB0
 744 011c 01       		.uleb128 0x1
 745 011d 9C       		.byte	0x9c
 746 011e 3B010000 		.4byte	0x13b
 747 0122 0B       		.uleb128 0xb
 748 0123 7300     		.ascii	"s\000"
 749 0125 01       		.byte	0x1
ARM GAS  C:\Users\Jeremias\AppData\Local\Temp\ccXaBibw.s 			page 21


 750 0126 4A       		.byte	0x4a
 751 0127 84000000 		.4byte	0x84
 752 012b 02       		.uleb128 0x2
 753 012c 91       		.byte	0x91
 754 012d 74       		.sleb128 -12
 755 012e 0B       		.uleb128 0xb
 756 012f 6E00     		.ascii	"n\000"
 757 0131 01       		.byte	0x1
 758 0132 4A       		.byte	0x4a
 759 0133 2C000000 		.4byte	0x2c
 760 0137 02       		.uleb128 0x2
 761 0138 91       		.byte	0x91
 762 0139 70       		.sleb128 -16
 763 013a 00       		.byte	0
 764 013b 0A       		.uleb128 0xa
 765 013c F1020000 		.4byte	.LASF24
 766 0140 01       		.byte	0x1
 767 0141 51       		.byte	0x51
 768 0142 00000000 		.4byte	.LFB1
 769 0146 20000000 		.4byte	.LFE1-.LFB1
 770 014a 01       		.uleb128 0x1
 771 014b 9C       		.byte	0x9c
 772 014c 79010000 		.4byte	0x179
 773 0150 0C       		.uleb128 0xc
 774 0151 5F000000 		.4byte	.LASF25
 775 0155 01       		.byte	0x1
 776 0156 51       		.byte	0x51
 777 0157 84000000 		.4byte	0x84
 778 015b 02       		.uleb128 0x2
 779 015c 91       		.byte	0x91
 780 015d 74       		.sleb128 -12
 781 015e 0B       		.uleb128 0xb
 782 015f 73726300 		.ascii	"src\000"
 783 0163 01       		.byte	0x1
 784 0164 51       		.byte	0x51
 785 0165 79010000 		.4byte	0x179
 786 0169 02       		.uleb128 0x2
 787 016a 91       		.byte	0x91
 788 016b 70       		.sleb128 -16
 789 016c 0B       		.uleb128 0xb
 790 016d 6E00     		.ascii	"n\000"
 791 016f 01       		.byte	0x1
 792 0170 51       		.byte	0x51
 793 0171 2C000000 		.4byte	0x2c
 794 0175 02       		.uleb128 0x2
 795 0176 91       		.byte	0x91
 796 0177 6C       		.sleb128 -20
 797 0178 00       		.byte	0
 798 0179 0D       		.uleb128 0xd
 799 017a 04       		.byte	0x4
 800 017b 7F010000 		.4byte	0x17f
 801 017f 0E       		.uleb128 0xe
 802 0180 0A       		.uleb128 0xa
 803 0181 E1020000 		.4byte	.LASF26
 804 0185 01       		.byte	0x1
 805 0186 58       		.byte	0x58
 806 0187 00000000 		.4byte	.LFB2
ARM GAS  C:\Users\Jeremias\AppData\Local\Temp\ccXaBibw.s 			page 22


 807 018b 20000000 		.4byte	.LFE2-.LFB2
 808 018f 01       		.uleb128 0x1
 809 0190 9C       		.byte	0x9c
 810 0191 BE010000 		.4byte	0x1be
 811 0195 0C       		.uleb128 0xc
 812 0196 5F000000 		.4byte	.LASF25
 813 019a 01       		.byte	0x1
 814 019b 58       		.byte	0x58
 815 019c 84000000 		.4byte	0x84
 816 01a0 02       		.uleb128 0x2
 817 01a1 91       		.byte	0x91
 818 01a2 74       		.sleb128 -12
 819 01a3 0B       		.uleb128 0xb
 820 01a4 73726300 		.ascii	"src\000"
 821 01a8 01       		.byte	0x1
 822 01a9 58       		.byte	0x58
 823 01aa 79010000 		.4byte	0x179
 824 01ae 02       		.uleb128 0x2
 825 01af 91       		.byte	0x91
 826 01b0 70       		.sleb128 -16
 827 01b1 0B       		.uleb128 0xb
 828 01b2 6E00     		.ascii	"n\000"
 829 01b4 01       		.byte	0x1
 830 01b5 58       		.byte	0x58
 831 01b6 2C000000 		.4byte	0x2c
 832 01ba 02       		.uleb128 0x2
 833 01bb 91       		.byte	0x91
 834 01bc 6C       		.sleb128 -20
 835 01bd 00       		.byte	0
 836 01be 0F       		.uleb128 0xf
 837 01bf 43010000 		.4byte	.LASF27
 838 01c3 01       		.byte	0x1
 839 01c4 AC       		.byte	0xac
 840 01c5 00000000 		.4byte	.LFB3
 841 01c9 82000000 		.4byte	.LFE3-.LFB3
 842 01cd 01       		.uleb128 0x1
 843 01ce 9C       		.byte	0x9c
 844 01cf 2E020000 		.4byte	0x22e
 845 01d3 0C       		.uleb128 0xc
 846 01d4 62010000 		.4byte	.LASF28
 847 01d8 01       		.byte	0x1
 848 01d9 AC       		.byte	0xac
 849 01da 2E020000 		.4byte	0x22e
 850 01de 02       		.uleb128 0x2
 851 01df 91       		.byte	0x91
 852 01e0 64       		.sleb128 -28
 853 01e1 0C       		.uleb128 0xc
 854 01e2 74010000 		.4byte	.LASF29
 855 01e6 01       		.byte	0x1
 856 01e7 AC       		.byte	0xac
 857 01e8 39020000 		.4byte	0x239
 858 01ec 02       		.uleb128 0x2
 859 01ed 91       		.byte	0x91
 860 01ee 60       		.sleb128 -32
 861 01ef 10       		.uleb128 0x10
 862 01f0 6900     		.ascii	"i\000"
 863 01f2 01       		.byte	0x1
ARM GAS  C:\Users\Jeremias\AppData\Local\Temp\ccXaBibw.s 			page 23


 864 01f3 AF       		.byte	0xaf
 865 01f4 A5000000 		.4byte	0xa5
 866 01f8 02       		.uleb128 0x2
 867 01f9 91       		.byte	0x91
 868 01fa 74       		.sleb128 -12
 869 01fb 10       		.uleb128 0x10
 870 01fc 6A00     		.ascii	"j\000"
 871 01fe 01       		.byte	0x1
 872 01ff AF       		.byte	0xaf
 873 0200 A5000000 		.4byte	0xa5
 874 0204 02       		.uleb128 0x2
 875 0205 91       		.byte	0x91
 876 0206 70       		.sleb128 -16
 877 0207 11       		.uleb128 0x11
 878 0208 14000000 		.4byte	.LBB2
 879 020c 5A000000 		.4byte	.LBE2-.LBB2
 880 0210 12       		.uleb128 0x12
 881 0211 BF010000 		.4byte	.LASF30
 882 0215 01       		.byte	0x1
 883 0216 B2       		.byte	0xb2
 884 0217 A5000000 		.4byte	0xa5
 885 021b 02       		.uleb128 0x2
 886 021c 91       		.byte	0x91
 887 021d 68       		.sleb128 -24
 888 021e 12       		.uleb128 0x12
 889 021f 24000000 		.4byte	.LASF31
 890 0223 01       		.byte	0x1
 891 0224 B3       		.byte	0xb3
 892 0225 8D000000 		.4byte	0x8d
 893 0229 02       		.uleb128 0x2
 894 022a 91       		.byte	0x91
 895 022b 6F       		.sleb128 -17
 896 022c 00       		.byte	0
 897 022d 00       		.byte	0
 898 022e 0D       		.uleb128 0xd
 899 022f 04       		.byte	0x4
 900 0230 34020000 		.4byte	0x234
 901 0234 13       		.uleb128 0x13
 902 0235 A5000000 		.4byte	0xa5
 903 0239 0D       		.uleb128 0xd
 904 023a 04       		.byte	0x4
 905 023b 3F020000 		.4byte	0x23f
 906 023f 13       		.uleb128 0x13
 907 0240 02010000 		.4byte	0x102
 908 0244 14       		.uleb128 0x14
 909 0245 2A000000 		.4byte	.LASF32
 910 0249 01       		.byte	0x1
 911 024a D1       		.byte	0xd1
 912 024b 00000000 		.4byte	.LFB4
 913 024f 5C000000 		.4byte	.LFE4-.LFB4
 914 0253 01       		.uleb128 0x1
 915 0254 9C       		.byte	0x9c
 916 0255 15       		.uleb128 0x15
 917 0256 0D000000 		.4byte	.LASF33
 918 025a 01       		.byte	0x1
 919 025b FC       		.byte	0xfc
 920 025c 00000000 		.4byte	.LFB5
ARM GAS  C:\Users\Jeremias\AppData\Local\Temp\ccXaBibw.s 			page 24


 921 0260 0A000000 		.4byte	.LFE5-.LFB5
 922 0264 01       		.uleb128 0x1
 923 0265 9C       		.byte	0x9c
 924 0266 16       		.uleb128 0x16
 925 0267 55010000 		.4byte	.LASF43
 926 026b 01       		.byte	0x1
 927 026c 1401     		.2byte	0x114
 928 026e 5C000000 		.4byte	.LFB6
 929 0272 34010000 		.4byte	.LFE6-.LFB6
 930 0276 01       		.uleb128 0x1
 931 0277 9C       		.byte	0x9c
 932 0278 32030000 		.4byte	0x332
 933 027c 11       		.uleb128 0x11
 934 027d 64000000 		.4byte	.LBB3
 935 0281 BA000000 		.4byte	.LBE3-.LBB3
 936 0285 17       		.uleb128 0x17
 937 0286 35000000 		.4byte	.LASF34
 938 028a 01       		.byte	0x1
 939 028b 1A01     		.2byte	0x11a
 940 028d 42030000 		.4byte	0x342
 941 0291 05       		.uleb128 0x5
 942 0292 03       		.byte	0x3
 943 0293 0C000000 		.4byte	cy_cfg_addr_table.4864
 944 0297 17       		.uleb128 0x17
 945 0298 47000000 		.4byte	.LASF35
 946 029c 01       		.byte	0x1
 947 029d 2301     		.2byte	0x123
 948 029f 57030000 		.4byte	0x357
 949 02a3 05       		.uleb128 0x5
 950 02a4 03       		.byte	0x3
 951 02a5 24000000 		.4byte	cy_cfg_data_table.4865
 952 02a9 18       		.uleb128 0x18
 953 02aa 06       		.byte	0x6
 954 02ab 01       		.byte	0x1
 955 02ac 4601     		.2byte	0x146
 956 02ae CD020000 		.4byte	0x2cd
 957 02b2 19       		.uleb128 0x19
 958 02b3 93010000 		.4byte	.LASF36
 959 02b7 01       		.byte	0x1
 960 02b8 4701     		.2byte	0x147
 961 02ba 84000000 		.4byte	0x84
 962 02be 00       		.byte	0
 963 02bf 19       		.uleb128 0x19
 964 02c0 74000000 		.4byte	.LASF37
 965 02c4 01       		.byte	0x1
 966 02c5 4801     		.2byte	0x148
 967 02c7 99000000 		.4byte	0x99
 968 02cb 04       		.byte	0x4
 969 02cc 00       		.byte	0
 970 02cd 06       		.uleb128 0x6
 971 02ce B2010000 		.4byte	.LASF38
 972 02d2 01       		.byte	0x1
 973 02d3 4901     		.2byte	0x149
 974 02d5 A9020000 		.4byte	0x2a9
 975 02d9 1A       		.uleb128 0x1a
 976 02da E9020000 		.4byte	0x2e9
 977 02de E9020000 		.4byte	0x2e9
ARM GAS  C:\Users\Jeremias\AppData\Local\Temp\ccXaBibw.s 			page 25


 978 02e2 1B       		.uleb128 0x1b
 979 02e3 7D000000 		.4byte	0x7d
 980 02e7 01       		.byte	0x1
 981 02e8 00       		.byte	0
 982 02e9 13       		.uleb128 0x13
 983 02ea CD020000 		.4byte	0x2cd
 984 02ee 17       		.uleb128 0x17
 985 02ef 64000000 		.4byte	.LASF39
 986 02f3 01       		.byte	0x1
 987 02f4 4B01     		.2byte	0x14b
 988 02f6 00030000 		.4byte	0x300
 989 02fa 05       		.uleb128 0x5
 990 02fb 03       		.byte	0x3
 991 02fc 00000000 		.4byte	cfg_memset_list.4870
 992 0300 13       		.uleb128 0x13
 993 0301 D9020000 		.4byte	0x2d9
 994 0305 1C       		.uleb128 0x1c
 995 0306 6900     		.ascii	"i\000"
 996 0308 01       		.byte	0x1
 997 0309 5101     		.2byte	0x151
 998 030b 8D000000 		.4byte	0x8d
 999 030f 02       		.uleb128 0x2
 1000 0310 91       		.byte	0x91
 1001 0311 77       		.sleb128 -9
 1002 0312 11       		.uleb128 0x11
 1003 0313 6C000000 		.4byte	.LBB4
 1004 0317 3C000000 		.4byte	.LBE4-.LBB4
 1005 031b 1C       		.uleb128 0x1c
 1006 031c 6D7300   		.ascii	"ms\000"
 1007 031f 01       		.byte	0x1
 1008 0320 5601     		.2byte	0x156
 1009 0322 29030000 		.4byte	0x329
 1010 0326 02       		.uleb128 0x2
 1011 0327 91       		.byte	0x91
 1012 0328 70       		.sleb128 -16
 1013 0329 0D       		.uleb128 0xd
 1014 032a 04       		.byte	0x4
 1015 032b E9020000 		.4byte	0x2e9
 1016 032f 00       		.byte	0
 1017 0330 00       		.byte	0
 1018 0331 00       		.byte	0
 1019 0332 1A       		.uleb128 0x1a
 1020 0333 34020000 		.4byte	0x234
 1021 0337 42030000 		.4byte	0x342
 1022 033b 1B       		.uleb128 0x1b
 1023 033c 7D000000 		.4byte	0x7d
 1024 0340 05       		.byte	0x5
 1025 0341 00       		.byte	0
 1026 0342 13       		.uleb128 0x13
 1027 0343 32030000 		.4byte	0x332
 1028 0347 1A       		.uleb128 0x1a
 1029 0348 3F020000 		.4byte	0x23f
 1030 034c 57030000 		.4byte	0x357
 1031 0350 1B       		.uleb128 0x1b
 1032 0351 7D000000 		.4byte	0x7d
 1033 0355 1D       		.byte	0x1d
 1034 0356 00       		.byte	0
ARM GAS  C:\Users\Jeremias\AppData\Local\Temp\ccXaBibw.s 			page 26


 1035 0357 13       		.uleb128 0x13
 1036 0358 47030000 		.4byte	0x347
 1037 035c 00       		.byte	0
 1038              		.section	.debug_abbrev,"",%progbits
 1039              	.Ldebug_abbrev0:
 1040 0000 01       		.uleb128 0x1
 1041 0001 11       		.uleb128 0x11
 1042 0002 01       		.byte	0x1
 1043 0003 25       		.uleb128 0x25
 1044 0004 0E       		.uleb128 0xe
 1045 0005 13       		.uleb128 0x13
 1046 0006 0B       		.uleb128 0xb
 1047 0007 03       		.uleb128 0x3
 1048 0008 0E       		.uleb128 0xe
 1049 0009 1B       		.uleb128 0x1b
 1050 000a 0E       		.uleb128 0xe
 1051 000b 55       		.uleb128 0x55
 1052 000c 17       		.uleb128 0x17
 1053 000d 11       		.uleb128 0x11
 1054 000e 01       		.uleb128 0x1
 1055 000f 10       		.uleb128 0x10
 1056 0010 17       		.uleb128 0x17
 1057 0011 00       		.byte	0
 1058 0012 00       		.byte	0
 1059 0013 02       		.uleb128 0x2
 1060 0014 24       		.uleb128 0x24
 1061 0015 00       		.byte	0
 1062 0016 0B       		.uleb128 0xb
 1063 0017 0B       		.uleb128 0xb
 1064 0018 3E       		.uleb128 0x3e
 1065 0019 0B       		.uleb128 0xb
 1066 001a 03       		.uleb128 0x3
 1067 001b 08       		.uleb128 0x8
 1068 001c 00       		.byte	0
 1069 001d 00       		.byte	0
 1070 001e 03       		.uleb128 0x3
 1071 001f 16       		.uleb128 0x16
 1072 0020 00       		.byte	0
 1073 0021 03       		.uleb128 0x3
 1074 0022 0E       		.uleb128 0xe
 1075 0023 3A       		.uleb128 0x3a
 1076 0024 0B       		.uleb128 0xb
 1077 0025 3B       		.uleb128 0x3b
 1078 0026 0B       		.uleb128 0xb
 1079 0027 49       		.uleb128 0x49
 1080 0028 13       		.uleb128 0x13
 1081 0029 00       		.byte	0
 1082 002a 00       		.byte	0
 1083 002b 04       		.uleb128 0x4
 1084 002c 24       		.uleb128 0x24
 1085 002d 00       		.byte	0
 1086 002e 0B       		.uleb128 0xb
 1087 002f 0B       		.uleb128 0xb
 1088 0030 3E       		.uleb128 0x3e
 1089 0031 0B       		.uleb128 0xb
 1090 0032 03       		.uleb128 0x3
 1091 0033 0E       		.uleb128 0xe
ARM GAS  C:\Users\Jeremias\AppData\Local\Temp\ccXaBibw.s 			page 27


 1092 0034 00       		.byte	0
 1093 0035 00       		.byte	0
 1094 0036 05       		.uleb128 0x5
 1095 0037 0F       		.uleb128 0xf
 1096 0038 00       		.byte	0
 1097 0039 0B       		.uleb128 0xb
 1098 003a 0B       		.uleb128 0xb
 1099 003b 00       		.byte	0
 1100 003c 00       		.byte	0
 1101 003d 06       		.uleb128 0x6
 1102 003e 16       		.uleb128 0x16
 1103 003f 00       		.byte	0
 1104 0040 03       		.uleb128 0x3
 1105 0041 0E       		.uleb128 0xe
 1106 0042 3A       		.uleb128 0x3a
 1107 0043 0B       		.uleb128 0xb
 1108 0044 3B       		.uleb128 0x3b
 1109 0045 05       		.uleb128 0x5
 1110 0046 49       		.uleb128 0x49
 1111 0047 13       		.uleb128 0x13
 1112 0048 00       		.byte	0
 1113 0049 00       		.byte	0
 1114 004a 07       		.uleb128 0x7
 1115 004b 35       		.uleb128 0x35
 1116 004c 00       		.byte	0
 1117 004d 49       		.uleb128 0x49
 1118 004e 13       		.uleb128 0x13
 1119 004f 00       		.byte	0
 1120 0050 00       		.byte	0
 1121 0051 08       		.uleb128 0x8
 1122 0052 13       		.uleb128 0x13
 1123 0053 01       		.byte	0x1
 1124 0054 0B       		.uleb128 0xb
 1125 0055 0B       		.uleb128 0xb
 1126 0056 3A       		.uleb128 0x3a
 1127 0057 0B       		.uleb128 0xb
 1128 0058 3B       		.uleb128 0x3b
 1129 0059 0B       		.uleb128 0xb
 1130 005a 01       		.uleb128 0x1
 1131 005b 13       		.uleb128 0x13
 1132 005c 00       		.byte	0
 1133 005d 00       		.byte	0
 1134 005e 09       		.uleb128 0x9
 1135 005f 0D       		.uleb128 0xd
 1136 0060 00       		.byte	0
 1137 0061 03       		.uleb128 0x3
 1138 0062 0E       		.uleb128 0xe
 1139 0063 3A       		.uleb128 0x3a
 1140 0064 0B       		.uleb128 0xb
 1141 0065 3B       		.uleb128 0x3b
 1142 0066 0B       		.uleb128 0xb
 1143 0067 49       		.uleb128 0x49
 1144 0068 13       		.uleb128 0x13
 1145 0069 38       		.uleb128 0x38
 1146 006a 0B       		.uleb128 0xb
 1147 006b 00       		.byte	0
 1148 006c 00       		.byte	0
ARM GAS  C:\Users\Jeremias\AppData\Local\Temp\ccXaBibw.s 			page 28


 1149 006d 0A       		.uleb128 0xa
 1150 006e 2E       		.uleb128 0x2e
 1151 006f 01       		.byte	0x1
 1152 0070 03       		.uleb128 0x3
 1153 0071 0E       		.uleb128 0xe
 1154 0072 3A       		.uleb128 0x3a
 1155 0073 0B       		.uleb128 0xb
 1156 0074 3B       		.uleb128 0x3b
 1157 0075 0B       		.uleb128 0xb
 1158 0076 27       		.uleb128 0x27
 1159 0077 19       		.uleb128 0x19
 1160 0078 11       		.uleb128 0x11
 1161 0079 01       		.uleb128 0x1
 1162 007a 12       		.uleb128 0x12
 1163 007b 06       		.uleb128 0x6
 1164 007c 40       		.uleb128 0x40
 1165 007d 18       		.uleb128 0x18
 1166 007e 9642     		.uleb128 0x2116
 1167 0080 19       		.uleb128 0x19
 1168 0081 01       		.uleb128 0x1
 1169 0082 13       		.uleb128 0x13
 1170 0083 00       		.byte	0
 1171 0084 00       		.byte	0
 1172 0085 0B       		.uleb128 0xb
 1173 0086 05       		.uleb128 0x5
 1174 0087 00       		.byte	0
 1175 0088 03       		.uleb128 0x3
 1176 0089 08       		.uleb128 0x8
 1177 008a 3A       		.uleb128 0x3a
 1178 008b 0B       		.uleb128 0xb
 1179 008c 3B       		.uleb128 0x3b
 1180 008d 0B       		.uleb128 0xb
 1181 008e 49       		.uleb128 0x49
 1182 008f 13       		.uleb128 0x13
 1183 0090 02       		.uleb128 0x2
 1184 0091 18       		.uleb128 0x18
 1185 0092 00       		.byte	0
 1186 0093 00       		.byte	0
 1187 0094 0C       		.uleb128 0xc
 1188 0095 05       		.uleb128 0x5
 1189 0096 00       		.byte	0
 1190 0097 03       		.uleb128 0x3
 1191 0098 0E       		.uleb128 0xe
 1192 0099 3A       		.uleb128 0x3a
 1193 009a 0B       		.uleb128 0xb
 1194 009b 3B       		.uleb128 0x3b
 1195 009c 0B       		.uleb128 0xb
 1196 009d 49       		.uleb128 0x49
 1197 009e 13       		.uleb128 0x13
 1198 009f 02       		.uleb128 0x2
 1199 00a0 18       		.uleb128 0x18
 1200 00a1 00       		.byte	0
 1201 00a2 00       		.byte	0
 1202 00a3 0D       		.uleb128 0xd
 1203 00a4 0F       		.uleb128 0xf
 1204 00a5 00       		.byte	0
 1205 00a6 0B       		.uleb128 0xb
ARM GAS  C:\Users\Jeremias\AppData\Local\Temp\ccXaBibw.s 			page 29


 1206 00a7 0B       		.uleb128 0xb
 1207 00a8 49       		.uleb128 0x49
 1208 00a9 13       		.uleb128 0x13
 1209 00aa 00       		.byte	0
 1210 00ab 00       		.byte	0
 1211 00ac 0E       		.uleb128 0xe
 1212 00ad 26       		.uleb128 0x26
 1213 00ae 00       		.byte	0
 1214 00af 00       		.byte	0
 1215 00b0 00       		.byte	0
 1216 00b1 0F       		.uleb128 0xf
 1217 00b2 2E       		.uleb128 0x2e
 1218 00b3 01       		.byte	0x1
 1219 00b4 03       		.uleb128 0x3
 1220 00b5 0E       		.uleb128 0xe
 1221 00b6 3A       		.uleb128 0x3a
 1222 00b7 0B       		.uleb128 0xb
 1223 00b8 3B       		.uleb128 0x3b
 1224 00b9 0B       		.uleb128 0xb
 1225 00ba 27       		.uleb128 0x27
 1226 00bb 19       		.uleb128 0x19
 1227 00bc 11       		.uleb128 0x11
 1228 00bd 01       		.uleb128 0x1
 1229 00be 12       		.uleb128 0x12
 1230 00bf 06       		.uleb128 0x6
 1231 00c0 40       		.uleb128 0x40
 1232 00c1 18       		.uleb128 0x18
 1233 00c2 9742     		.uleb128 0x2117
 1234 00c4 19       		.uleb128 0x19
 1235 00c5 01       		.uleb128 0x1
 1236 00c6 13       		.uleb128 0x13
 1237 00c7 00       		.byte	0
 1238 00c8 00       		.byte	0
 1239 00c9 10       		.uleb128 0x10
 1240 00ca 34       		.uleb128 0x34
 1241 00cb 00       		.byte	0
 1242 00cc 03       		.uleb128 0x3
 1243 00cd 08       		.uleb128 0x8
 1244 00ce 3A       		.uleb128 0x3a
 1245 00cf 0B       		.uleb128 0xb
 1246 00d0 3B       		.uleb128 0x3b
 1247 00d1 0B       		.uleb128 0xb
 1248 00d2 49       		.uleb128 0x49
 1249 00d3 13       		.uleb128 0x13
 1250 00d4 02       		.uleb128 0x2
 1251 00d5 18       		.uleb128 0x18
 1252 00d6 00       		.byte	0
 1253 00d7 00       		.byte	0
 1254 00d8 11       		.uleb128 0x11
 1255 00d9 0B       		.uleb128 0xb
 1256 00da 01       		.byte	0x1
 1257 00db 11       		.uleb128 0x11
 1258 00dc 01       		.uleb128 0x1
 1259 00dd 12       		.uleb128 0x12
 1260 00de 06       		.uleb128 0x6
 1261 00df 00       		.byte	0
 1262 00e0 00       		.byte	0
ARM GAS  C:\Users\Jeremias\AppData\Local\Temp\ccXaBibw.s 			page 30


 1263 00e1 12       		.uleb128 0x12
 1264 00e2 34       		.uleb128 0x34
 1265 00e3 00       		.byte	0
 1266 00e4 03       		.uleb128 0x3
 1267 00e5 0E       		.uleb128 0xe
 1268 00e6 3A       		.uleb128 0x3a
 1269 00e7 0B       		.uleb128 0xb
 1270 00e8 3B       		.uleb128 0x3b
 1271 00e9 0B       		.uleb128 0xb
 1272 00ea 49       		.uleb128 0x49
 1273 00eb 13       		.uleb128 0x13
 1274 00ec 02       		.uleb128 0x2
 1275 00ed 18       		.uleb128 0x18
 1276 00ee 00       		.byte	0
 1277 00ef 00       		.byte	0
 1278 00f0 13       		.uleb128 0x13
 1279 00f1 26       		.uleb128 0x26
 1280 00f2 00       		.byte	0
 1281 00f3 49       		.uleb128 0x49
 1282 00f4 13       		.uleb128 0x13
 1283 00f5 00       		.byte	0
 1284 00f6 00       		.byte	0
 1285 00f7 14       		.uleb128 0x14
 1286 00f8 2E       		.uleb128 0x2e
 1287 00f9 00       		.byte	0
 1288 00fa 03       		.uleb128 0x3
 1289 00fb 0E       		.uleb128 0xe
 1290 00fc 3A       		.uleb128 0x3a
 1291 00fd 0B       		.uleb128 0xb
 1292 00fe 3B       		.uleb128 0x3b
 1293 00ff 0B       		.uleb128 0xb
 1294 0100 27       		.uleb128 0x27
 1295 0101 19       		.uleb128 0x19
 1296 0102 11       		.uleb128 0x11
 1297 0103 01       		.uleb128 0x1
 1298 0104 12       		.uleb128 0x12
 1299 0105 06       		.uleb128 0x6
 1300 0106 40       		.uleb128 0x40
 1301 0107 18       		.uleb128 0x18
 1302 0108 9642     		.uleb128 0x2116
 1303 010a 19       		.uleb128 0x19
 1304 010b 00       		.byte	0
 1305 010c 00       		.byte	0
 1306 010d 15       		.uleb128 0x15
 1307 010e 2E       		.uleb128 0x2e
 1308 010f 00       		.byte	0
 1309 0110 03       		.uleb128 0x3
 1310 0111 0E       		.uleb128 0xe
 1311 0112 3A       		.uleb128 0x3a
 1312 0113 0B       		.uleb128 0xb
 1313 0114 3B       		.uleb128 0x3b
 1314 0115 0B       		.uleb128 0xb
 1315 0116 27       		.uleb128 0x27
 1316 0117 19       		.uleb128 0x19
 1317 0118 11       		.uleb128 0x11
 1318 0119 01       		.uleb128 0x1
 1319 011a 12       		.uleb128 0x12
ARM GAS  C:\Users\Jeremias\AppData\Local\Temp\ccXaBibw.s 			page 31


 1320 011b 06       		.uleb128 0x6
 1321 011c 40       		.uleb128 0x40
 1322 011d 18       		.uleb128 0x18
 1323 011e 9742     		.uleb128 0x2117
 1324 0120 19       		.uleb128 0x19
 1325 0121 00       		.byte	0
 1326 0122 00       		.byte	0
 1327 0123 16       		.uleb128 0x16
 1328 0124 2E       		.uleb128 0x2e
 1329 0125 01       		.byte	0x1
 1330 0126 3F       		.uleb128 0x3f
 1331 0127 19       		.uleb128 0x19
 1332 0128 03       		.uleb128 0x3
 1333 0129 0E       		.uleb128 0xe
 1334 012a 3A       		.uleb128 0x3a
 1335 012b 0B       		.uleb128 0xb
 1336 012c 3B       		.uleb128 0x3b
 1337 012d 05       		.uleb128 0x5
 1338 012e 27       		.uleb128 0x27
 1339 012f 19       		.uleb128 0x19
 1340 0130 11       		.uleb128 0x11
 1341 0131 01       		.uleb128 0x1
 1342 0132 12       		.uleb128 0x12
 1343 0133 06       		.uleb128 0x6
 1344 0134 40       		.uleb128 0x40
 1345 0135 18       		.uleb128 0x18
 1346 0136 9642     		.uleb128 0x2116
 1347 0138 19       		.uleb128 0x19
 1348 0139 01       		.uleb128 0x1
 1349 013a 13       		.uleb128 0x13
 1350 013b 00       		.byte	0
 1351 013c 00       		.byte	0
 1352 013d 17       		.uleb128 0x17
 1353 013e 34       		.uleb128 0x34
 1354 013f 00       		.byte	0
 1355 0140 03       		.uleb128 0x3
 1356 0141 0E       		.uleb128 0xe
 1357 0142 3A       		.uleb128 0x3a
 1358 0143 0B       		.uleb128 0xb
 1359 0144 3B       		.uleb128 0x3b
 1360 0145 05       		.uleb128 0x5
 1361 0146 49       		.uleb128 0x49
 1362 0147 13       		.uleb128 0x13
 1363 0148 02       		.uleb128 0x2
 1364 0149 18       		.uleb128 0x18
 1365 014a 00       		.byte	0
 1366 014b 00       		.byte	0
 1367 014c 18       		.uleb128 0x18
 1368 014d 13       		.uleb128 0x13
 1369 014e 01       		.byte	0x1
 1370 014f 0B       		.uleb128 0xb
 1371 0150 0B       		.uleb128 0xb
 1372 0151 3A       		.uleb128 0x3a
 1373 0152 0B       		.uleb128 0xb
 1374 0153 3B       		.uleb128 0x3b
 1375 0154 05       		.uleb128 0x5
 1376 0155 01       		.uleb128 0x1
ARM GAS  C:\Users\Jeremias\AppData\Local\Temp\ccXaBibw.s 			page 32


 1377 0156 13       		.uleb128 0x13
 1378 0157 00       		.byte	0
 1379 0158 00       		.byte	0
 1380 0159 19       		.uleb128 0x19
 1381 015a 0D       		.uleb128 0xd
 1382 015b 00       		.byte	0
 1383 015c 03       		.uleb128 0x3
 1384 015d 0E       		.uleb128 0xe
 1385 015e 3A       		.uleb128 0x3a
 1386 015f 0B       		.uleb128 0xb
 1387 0160 3B       		.uleb128 0x3b
 1388 0161 05       		.uleb128 0x5
 1389 0162 49       		.uleb128 0x49
 1390 0163 13       		.uleb128 0x13
 1391 0164 38       		.uleb128 0x38
 1392 0165 0B       		.uleb128 0xb
 1393 0166 00       		.byte	0
 1394 0167 00       		.byte	0
 1395 0168 1A       		.uleb128 0x1a
 1396 0169 01       		.uleb128 0x1
 1397 016a 01       		.byte	0x1
 1398 016b 49       		.uleb128 0x49
 1399 016c 13       		.uleb128 0x13
 1400 016d 01       		.uleb128 0x1
 1401 016e 13       		.uleb128 0x13
 1402 016f 00       		.byte	0
 1403 0170 00       		.byte	0
 1404 0171 1B       		.uleb128 0x1b
 1405 0172 21       		.uleb128 0x21
 1406 0173 00       		.byte	0
 1407 0174 49       		.uleb128 0x49
 1408 0175 13       		.uleb128 0x13
 1409 0176 2F       		.uleb128 0x2f
 1410 0177 0B       		.uleb128 0xb
 1411 0178 00       		.byte	0
 1412 0179 00       		.byte	0
 1413 017a 1C       		.uleb128 0x1c
 1414 017b 34       		.uleb128 0x34
 1415 017c 00       		.byte	0
 1416 017d 03       		.uleb128 0x3
 1417 017e 08       		.uleb128 0x8
 1418 017f 3A       		.uleb128 0x3a
 1419 0180 0B       		.uleb128 0xb
 1420 0181 3B       		.uleb128 0x3b
 1421 0182 05       		.uleb128 0x5
 1422 0183 49       		.uleb128 0x49
 1423 0184 13       		.uleb128 0x13
 1424 0185 02       		.uleb128 0x2
 1425 0186 18       		.uleb128 0x18
 1426 0187 00       		.byte	0
 1427 0188 00       		.byte	0
 1428 0189 00       		.byte	0
 1429              		.section	.debug_aranges,"",%progbits
 1430 0000 4C000000 		.4byte	0x4c
 1431 0004 0200     		.2byte	0x2
 1432 0006 00000000 		.4byte	.Ldebug_info0
 1433 000a 04       		.byte	0x4
ARM GAS  C:\Users\Jeremias\AppData\Local\Temp\ccXaBibw.s 			page 33


 1434 000b 00       		.byte	0
 1435 000c 0000     		.2byte	0
 1436 000e 0000     		.2byte	0
 1437 0010 00000000 		.4byte	.LFB0
 1438 0014 1E000000 		.4byte	.LFE0-.LFB0
 1439 0018 00000000 		.4byte	.LFB1
 1440 001c 20000000 		.4byte	.LFE1-.LFB1
 1441 0020 00000000 		.4byte	.LFB2
 1442 0024 20000000 		.4byte	.LFE2-.LFB2
 1443 0028 00000000 		.4byte	.LFB3
 1444 002c 82000000 		.4byte	.LFE3-.LFB3
 1445 0030 00000000 		.4byte	.LFB4
 1446 0034 5C000000 		.4byte	.LFE4-.LFB4
 1447 0038 00000000 		.4byte	.LFB5
 1448 003c 0A000000 		.4byte	.LFE5-.LFB5
 1449 0040 5C000000 		.4byte	.LFB6
 1450 0044 34010000 		.4byte	.LFE6-.LFB6
 1451 0048 00000000 		.4byte	0
 1452 004c 00000000 		.4byte	0
 1453              		.section	.debug_ranges,"",%progbits
 1454              	.Ldebug_ranges0:
 1455 0000 00000000 		.4byte	.LFB0
 1456 0004 1E000000 		.4byte	.LFE0
 1457 0008 00000000 		.4byte	.LFB1
 1458 000c 20000000 		.4byte	.LFE1
 1459 0010 00000000 		.4byte	.LFB2
 1460 0014 20000000 		.4byte	.LFE2
 1461 0018 00000000 		.4byte	.LFB3
 1462 001c 82000000 		.4byte	.LFE3
 1463 0020 00000000 		.4byte	.LFB4
 1464 0024 5C000000 		.4byte	.LFE4
 1465 0028 00000000 		.4byte	.LFB5
 1466 002c 0A000000 		.4byte	.LFE5
 1467 0030 5C000000 		.4byte	.LFB6
 1468 0034 90010000 		.4byte	.LFE6
 1469 0038 00000000 		.4byte	0
 1470 003c 00000000 		.4byte	0
 1471              		.section	.debug_line,"",%progbits
 1472              	.Ldebug_line0:
 1473 0000 88010000 		.section	.debug_str,"MS",%progbits,1
 1473      0200CB00 
 1473      00000201 
 1473      FB0E0D00 
 1473      01010101 
 1474              	.LASF19:
 1475 0000 72656733 		.ascii	"reg32\000"
 1475      3200
 1476              	.LASF12:
 1477 0006 73697A65 		.ascii	"size_t\000"
 1477      5F7400
 1478              	.LASF33:
 1479 000d 416E616C 		.ascii	"AnalogSetDefault\000"
 1479      6F675365 
 1479      74446566 
 1479      61756C74 
 1479      00
 1480              	.LASF21:
ARM GAS  C:\Users\Jeremias\AppData\Local\Temp\ccXaBibw.s 			page 34


 1481 001e 76616C75 		.ascii	"value\000"
 1481      6500
 1482              	.LASF31:
 1483 0024 636F756E 		.ascii	"count\000"
 1483      7400
 1484              	.LASF32:
 1485 002a 436C6F63 		.ascii	"ClockSetup\000"
 1485      6B536574 
 1485      757000
 1486              	.LASF34:
 1487 0035 63795F63 		.ascii	"cy_cfg_addr_table\000"
 1487      66675F61 
 1487      6464725F 
 1487      7461626C 
 1487      6500
 1488              	.LASF35:
 1489 0047 63795F63 		.ascii	"cy_cfg_data_table\000"
 1489      66675F64 
 1489      6174615F 
 1489      7461626C 
 1489      6500
 1490              	.LASF16:
 1491 0059 666C6F61 		.ascii	"float\000"
 1491      7400
 1492              	.LASF25:
 1493 005f 64657374 		.ascii	"dest\000"
 1493      00
 1494              	.LASF39:
 1495 0064 6366675F 		.ascii	"cfg_memset_list\000"
 1495      6D656D73 
 1495      65745F6C 
 1495      69737400 
 1496              	.LASF37:
 1497 0074 73697A65 		.ascii	"size\000"
 1497      00
 1498              	.LASF18:
 1499 0079 72656738 		.ascii	"reg8\000"
 1499      00
 1500              	.LASF8:
 1501 007e 6C6F6E67 		.ascii	"long unsigned int\000"
 1501      20756E73 
 1501      69676E65 
 1501      6420696E 
 1501      7400
 1502              	.LASF13:
 1503 0090 75696E74 		.ascii	"uint8\000"
 1503      3800
 1504              	.LASF23:
 1505 0096 43594D45 		.ascii	"CYMEMZERO\000"
 1505      4D5A4552 
 1505      4F00
 1506              	.LASF40:
 1507 00a0 474E5520 		.ascii	"GNU C11 5.4.1 20160609 (release) [ARM/embedded-5-br"
 1507      43313120 
 1507      352E342E 
 1507      31203230 
 1507      31363036 
ARM GAS  C:\Users\Jeremias\AppData\Local\Temp\ccXaBibw.s 			page 35


 1508 00d3 616E6368 		.ascii	"anch revision 237715] -mcpu=cortex-m0 -mthumb -g -O"
 1508      20726576 
 1508      6973696F 
 1508      6E203233 
 1508      37373135 
 1509 0106 30202D66 		.ascii	"0 -ffunction-sections -ffat-lto-objects\000"
 1509      66756E63 
 1509      74696F6E 
 1509      2D736563 
 1509      74696F6E 
 1510              	.LASF4:
 1511 012e 756E7369 		.ascii	"unsigned char\000"
 1511      676E6564 
 1511      20636861 
 1511      7200
 1512              	.LASF17:
 1513 013c 646F7562 		.ascii	"double\000"
 1513      6C6500
 1514              	.LASF27:
 1515 0143 6366675F 		.ascii	"cfg_write_bytes32\000"
 1515      77726974 
 1515      655F6279 
 1515      74657333 
 1515      3200
 1516              	.LASF43:
 1517 0155 63796669 		.ascii	"cyfitter_cfg\000"
 1517      74746572 
 1517      5F636667 
 1517      00
 1518              	.LASF28:
 1519 0162 61646472 		.ascii	"addr_table\000"
 1519      5F746162 
 1519      6C6500
 1520              	.LASF14:
 1521 016d 75696E74 		.ascii	"uint16\000"
 1521      313600
 1522              	.LASF29:
 1523 0174 64617461 		.ascii	"data_table\000"
 1523      5F746162 
 1523      6C6500
 1524              	.LASF15:
 1525 017f 75696E74 		.ascii	"uint32\000"
 1525      333200
 1526              	.LASF0:
 1527 0186 756E7369 		.ascii	"unsigned int\000"
 1527      676E6564 
 1527      20696E74 
 1527      00
 1528              	.LASF36:
 1529 0193 61646472 		.ascii	"address\000"
 1529      65737300 
 1530              	.LASF9:
 1531 019b 6C6F6E67 		.ascii	"long long unsigned int\000"
 1531      206C6F6E 
 1531      6720756E 
 1531      7369676E 
 1531      65642069 
ARM GAS  C:\Users\Jeremias\AppData\Local\Temp\ccXaBibw.s 			page 36


 1532              	.LASF38:
 1533 01b2 6366675F 		.ascii	"cfg_memset_t\000"
 1533      6D656D73 
 1533      65745F74 
 1533      00
 1534              	.LASF30:
 1535 01bf 62617365 		.ascii	"baseAddr\000"
 1535      41646472 
 1535      00
 1536              	.LASF10:
 1537 01c8 73697A65 		.ascii	"sizetype\000"
 1537      74797065 
 1537      00
 1538              	.LASF6:
 1539 01d1 73686F72 		.ascii	"short unsigned int\000"
 1539      7420756E 
 1539      7369676E 
 1539      65642069 
 1539      6E7400
 1540              	.LASF1:
 1541 01e4 6C6F6E67 		.ascii	"long long int\000"
 1541      206C6F6E 
 1541      6720696E 
 1541      7400
 1542              	.LASF11:
 1543 01f2 63686172 		.ascii	"char\000"
 1543      00
 1544              	.LASF22:
 1545 01f7 63795F63 		.ascii	"cy_cfg_addrvalue_t\000"
 1545      66675F61 
 1545      64647276 
 1545      616C7565 
 1545      5F7400
 1546              	.LASF20:
 1547 020a 6F666673 		.ascii	"offset\000"
 1547      657400
 1548              	.LASF5:
 1549 0211 73686F72 		.ascii	"short int\000"
 1549      7420696E 
 1549      7400
 1550              	.LASF7:
 1551 021b 6C6F6E67 		.ascii	"long int\000"
 1551      20696E74 
 1551      00
 1552              	.LASF2:
 1553 0224 6C6F6E67 		.ascii	"long double\000"
 1553      20646F75 
 1553      626C6500 
 1554              	.LASF3:
 1555 0230 7369676E 		.ascii	"signed char\000"
 1555      65642063 
 1555      68617200 
 1556              	.LASF42:
 1557 023c 443A5C45 		.ascii	"D:\\ESCRITORIO\\Tesis MIB\\Proyecto de Tesis\\elect"
 1557      53435249 
 1557      544F5249 
 1557      4F5C5465 
ARM GAS  C:\Users\Jeremias\AppData\Local\Temp\ccXaBibw.s 			page 37


 1557      73697320 
 1558 026b 726F6573 		.ascii	"roestimulador\\PSoC\\PRUEBAS\\SCB_Bootloader\\Bootl"
 1558      74696D75 
 1558      6C61646F 
 1558      725C5053 
 1558      6F435C50 
 1559 029a 6F616461 		.ascii	"oadable Toggle LEDs por HW.cydsn\000"
 1559      626C6520 
 1559      546F6767 
 1559      6C65204C 
 1559      45447320 
 1560              	.LASF41:
 1561 02bb 47656E65 		.ascii	"Generated_Source\\PSoC4\\cyfitter_cfg.c\000"
 1561      72617465 
 1561      645F536F 
 1561      75726365 
 1561      5C50536F 
 1562              	.LASF26:
 1563 02e1 4359434F 		.ascii	"CYCONFIGCPYCODE\000"
 1563      4E464947 
 1563      43505943 
 1563      4F444500 
 1564              	.LASF24:
 1565 02f1 4359434F 		.ascii	"CYCONFIGCPY\000"
 1565      4E464947 
 1565      43505900 
 1566              		.ident	"GCC: (GNU Tools for ARM Embedded Processors) 5.4.1 20160609 (release) [ARM/embedded-5-bran
