Loading plugins phase: Elapsed time ==> 0s.200ms
<CYPRESSTAG name="CyDsfit arguments...">
cydsfit arguments: -.fdsnotice -.fdswarpdepfile=warp_dependencies.txt -.fdselabdepfile=elab_dependencies.txt -.fdsbldfile=generated_files.txt -.fdsreffile=referenced_files.txt -p D:\ESCRITORIO\Tesis MIB\Proyecto de Tesis\electroestimulador\PSoC\electroestimulador\WorkspaceMIB2\Generador de Pulsos.cydsn\Generador de Pulsos.cyprj -d CY8C4245AXI-483 -s D:\ESCRITORIO\Tesis MIB\Proyecto de Tesis\electroestimulador\PSoC\electroestimulador\WorkspaceMIB2\Generador de Pulsos.cydsn\Generated_Source\PSoC4 -- -yv2 -q10 -ygs -o2 -v3 -.fftcfgtype=LE
</CYPRESSTAG>
<CYPRESSTAG name="Design elaboration results...">
</CYPRESSTAG>
Elaboration phase: Elapsed time ==> 2s.429ms
<CYPRESSTAG name="HDL generation results...">
</CYPRESSTAG>
HDL generation phase: Elapsed time ==> 0s.119ms
<CYPRESSTAG name="Synthesis results...">

     | | | | | | |
   _________________
  -|               |-
  -|               |-
  -|               |-
  -|    CYPRESS    |-
  -|               |-
  -|               |-   Warp Verilog Synthesis Compiler: Version 6.3 IR 41
  -|               |-   Copyright (C) 1991-2001 Cypress Semiconductor
   |_______________|
     | | | | | | |

======================================================================
Compiling:  Generador de Pulsos.v
Program  :   C:\Program Files (x86)\Cypress\PSoC Creator\4.4\PSoC Creator\warp\bin\warp.exe
Options  :    -yv2 -q10 -ygs -o2 -v3 -.fftcfgtype=LE -ya -.fftprj=D:\ESCRITORIO\Tesis MIB\Proyecto de Tesis\electroestimulador\PSoC\electroestimulador\WorkspaceMIB2\Generador de Pulsos.cydsn\Generador de Pulsos.cyprj -dcpsoc3 Generador de Pulsos.v -verilog
======================================================================

======================================================================
Compiling:  Generador de Pulsos.v
Program  :   C:\Program Files (x86)\Cypress\PSoC Creator\4.4\PSoC Creator\warp\bin\warp.exe
Options  :    -yv2 -q10 -ygs -o2 -v3 -.fftcfgtype=LE -ya -.fftprj=D:\ESCRITORIO\Tesis MIB\Proyecto de Tesis\electroestimulador\PSoC\electroestimulador\WorkspaceMIB2\Generador de Pulsos.cydsn\Generador de Pulsos.cyprj -dcpsoc3 Generador de Pulsos.v -verilog
======================================================================

======================================================================
Compiling:  Generador de Pulsos.v
Program  :   vlogfe
Options  :    -yv2 -q10 -ygs -o2 -v3 -.fftcfgtype=LE -ya -.fftprj=D:\ESCRITORIO\Tesis MIB\Proyecto de Tesis\electroestimulador\PSoC\electroestimulador\WorkspaceMIB2\Generador de Pulsos.cydsn\Generador de Pulsos.cyprj -dcpsoc3 -verilog Generador de Pulsos.v
======================================================================

vlogfe V6.3 IR 41:  Verilog parser
Sun Dec 27 05:47:58 2020


======================================================================
Compiling:  Generador de Pulsos.v
Program  :   vpp
Options  :    -yv2 -q10 Generador de Pulsos.v
======================================================================

vpp V6.3 IR 41:  Verilog Pre-Processor
Sun Dec 27 05:47:58 2020

Flattening file 'C:\Program Files (x86)\Cypress\PSoC Creator\4.4\PSoC Creator\psoc\content\CyPrimitives\cyprimitives.cylib\cy_virtualmux_v1_0\cy_virtualmux_v1_0.v'
Flattening file 'C:\Program Files (x86)\Cypress\PSoC Creator\4.4\PSoC Creator\psoc\content\CyPrimitives\cyprimitives.cylib\OneTerminal\OneTerminal.v'
Flattening file 'C:\Program Files (x86)\Cypress\PSoC Creator\4.4\PSoC Creator\psoc\content\CyPrimitives\cyprimitives.cylib\ZeroTerminal\ZeroTerminal.v'
Flattening file 'C:\Program Files (x86)\Cypress\PSoC Creator\4.4\PSoC Creator\psoc\content\CyPrimitives\cyprimitives.cylib\or_v1_0\or_v1_0.v'
Flattening file 'C:\Program Files (x86)\Cypress\PSoC Creator\4.4\PSoC Creator\psoc\content\CyPrimitives\cyprimitives.cylib\cy_analog_virtualmux_v1_0\cy_analog_virtualmux_v1_0.v'
Flattening file 'C:\Program Files (x86)\Cypress\PSoC Creator\4.4\PSoC Creator\psoc\content\CyComponentLibrary\CyComponentLibrary.cylib\Bus_Connect_v2_50\Bus_Connect_v2_50.v'
Flattening file 'C:\Program Files (x86)\Cypress\PSoC Creator\4.4\PSoC Creator\warp\lib\common\cypress.v'
Flattening file 'C:\Program Files (x86)\Cypress\PSoC Creator\4.4\PSoC Creator\warp\lib\common\cy_psoc3_inc.v'
Flattening file 'C:\Program Files (x86)\Cypress\PSoC Creator\4.4\PSoC Creator\psoc\content\CyComponentLibrary\CyComponentLibrary.cylib\AMux_v1_80\AMux_v1_80.v'
Flattening file 'C:\Program Files (x86)\Cypress\PSoC Creator\4.4\PSoC Creator\warp\lib\common\cypress.v'

vpp:  No errors.

Library 'work' => directory 'lcpsoc3'
General_symbol_table
General_symbol_table
Linking 'C:\Program Files (x86)\Cypress\PSoC Creator\4.4\PSoC Creator\warp\lib\common\std.vhd'.
Linking 'C:\Program Files (x86)\Cypress\PSoC Creator\4.4\PSoC Creator\warp\lib\common\cypress.vhd'.
Linking 'C:\Program Files (x86)\Cypress\PSoC Creator\4.4\PSoC Creator\warp\lib\common\work\cypress.vif'.
Linking 'C:\Program Files (x86)\Cypress\PSoC Creator\4.4\PSoC Creator\warp\lib\ieee\work\stdlogic.vif'.
Linking 'C:\Program Files (x86)\Cypress\PSoC Creator\4.4\PSoC Creator\warp\lib\common\stdlogic\lpmpkg.vif'.
Linking 'C:\Program Files (x86)\Cypress\PSoC Creator\4.4\PSoC Creator\warp\lib\common\stdlogic\rtlpkg.vif'.
Linking 'C:\Program Files (x86)\Cypress\PSoC Creator\4.4\PSoC Creator\warp\lib\common\stdlogic\mod_cnst.vif'.
Linking 'C:\Program Files (x86)\Cypress\PSoC Creator\4.4\PSoC Creator\warp\lib\common\stdlogic\mod_mthv.vif'.
Linking 'C:\Program Files (x86)\Cypress\PSoC Creator\4.4\PSoC Creator\warp\lib\common\stdlogic\mod_genv.vif'.
Using control file 'Generador de Pulsos.ctl'.

vlogfe:  No errors.


======================================================================
Compiling:  Generador de Pulsos.v
Program  :   tovif
Options  :    -yv2 -q10 -ygs -o2 -v3 -.fftcfgtype=LE -ya -.fftprj=D:\ESCRITORIO\Tesis MIB\Proyecto de Tesis\electroestimulador\PSoC\electroestimulador\WorkspaceMIB2\Generador de Pulsos.cydsn\Generador de Pulsos.cyprj -dcpsoc3 -verilog Generador de Pulsos.v
======================================================================

tovif V6.3 IR 41:  High-level synthesis
Sun Dec 27 05:47:59 2020

Linking 'C:\Program Files (x86)\Cypress\PSoC Creator\4.4\PSoC Creator\warp\lib\common\std.vhd'.
Linking 'C:\Program Files (x86)\Cypress\PSoC Creator\4.4\PSoC Creator\warp\lib\common\cypress.vhd'.
Linking 'C:\Program Files (x86)\Cypress\PSoC Creator\4.4\PSoC Creator\warp\lib\common\work\cypress.vif'.
Linking 'C:\Program Files (x86)\Cypress\PSoC Creator\4.4\PSoC Creator\warp\lib\ieee\work\stdlogic.vif'.
Linking 'C:\Program Files (x86)\Cypress\PSoC Creator\4.4\PSoC Creator\warp\lib\common\stdlogic\lpmpkg.vif'.
Linking 'C:\Program Files (x86)\Cypress\PSoC Creator\4.4\PSoC Creator\warp\lib\common\stdlogic\rtlpkg.vif'.
Linking 'C:\Program Files (x86)\Cypress\PSoC Creator\4.4\PSoC Creator\warp\lib\common\stdlogic\mod_cnst.vif'.
Linking 'C:\Program Files (x86)\Cypress\PSoC Creator\4.4\PSoC Creator\warp\lib\common\stdlogic\mod_mthv.vif'.
Linking 'C:\Program Files (x86)\Cypress\PSoC Creator\4.4\PSoC Creator\warp\lib\common\stdlogic\mod_genv.vif'.
Linking 'D:\ESCRITORIO\Tesis MIB\Proyecto de Tesis\electroestimulador\PSoC\electroestimulador\WorkspaceMIB2\Generador de Pulsos.cydsn\codegentemp\Generador de Pulsos.ctl'.
Linking 'C:\Program Files (x86)\Cypress\PSoC Creator\4.4\PSoC Creator\psoc\content\CyPrimitives\cyprimitives.cylib\cy_virtualmux_v1_0\cy_virtualmux_v1_0.v'.
Linking 'D:\ESCRITORIO\Tesis MIB\Proyecto de Tesis\electroestimulador\PSoC\electroestimulador\WorkspaceMIB2\Generador de Pulsos.cydsn\codegentemp\Generador de Pulsos.v'.
Linking 'C:\Program Files (x86)\Cypress\PSoC Creator\4.4\PSoC Creator\psoc\content\CyPrimitives\cyprimitives.cylib\OneTerminal\OneTerminal.v'.
Linking 'C:\Program Files (x86)\Cypress\PSoC Creator\4.4\PSoC Creator\psoc\content\CyPrimitives\cyprimitives.cylib\ZeroTerminal\ZeroTerminal.v'.
Linking 'C:\Program Files (x86)\Cypress\PSoC Creator\4.4\PSoC Creator\psoc\content\CyPrimitives\cyprimitives.cylib\or_v1_0\or_v1_0.v'.
Linking 'C:\Program Files (x86)\Cypress\PSoC Creator\4.4\PSoC Creator\psoc\content\CyPrimitives\cyprimitives.cylib\cy_analog_virtualmux_v1_0\cy_analog_virtualmux_v1_0.v'.
Linking 'C:\Program Files (x86)\Cypress\PSoC Creator\4.4\PSoC Creator\psoc\content\CyComponentLibrary\CyComponentLibrary.cylib\Bus_Connect_v2_50\Bus_Connect_v2_50.v'.
Linking 'C:\Program Files (x86)\Cypress\PSoC Creator\4.4\PSoC Creator\warp\lib\common\cypress.v'.
Linking 'C:\Program Files (x86)\Cypress\PSoC Creator\4.4\PSoC Creator\warp\lib\common\cy_psoc3_inc.v'.
Linking 'C:\Program Files (x86)\Cypress\PSoC Creator\4.4\PSoC Creator\psoc\content\CyComponentLibrary\CyComponentLibrary.cylib\AMux_v1_80\AMux_v1_80.v'.

tovif:  No errors.


======================================================================
Compiling:  Generador de Pulsos.v
Program  :   topld
Options  :    -yv2 -q10 -ygs -o2 -v3 -.fftcfgtype=LE -ya -.fftprj=D:\ESCRITORIO\Tesis MIB\Proyecto de Tesis\electroestimulador\PSoC\electroestimulador\WorkspaceMIB2\Generador de Pulsos.cydsn\Generador de Pulsos.cyprj -dcpsoc3 -verilog Generador de Pulsos.v
======================================================================

topld V6.3 IR 41:  Synthesis and optimization
Sun Dec 27 05:47:59 2020

Linking 'C:\Program Files (x86)\Cypress\PSoC Creator\4.4\PSoC Creator\warp\lib\common\std.vhd'.
Linking 'C:\Program Files (x86)\Cypress\PSoC Creator\4.4\PSoC Creator\warp\lib\common\cypress.vhd'.
Linking 'C:\Program Files (x86)\Cypress\PSoC Creator\4.4\PSoC Creator\warp\lib\common\work\cypress.vif'.
Linking 'C:\Program Files (x86)\Cypress\PSoC Creator\4.4\PSoC Creator\warp\lib\ieee\work\stdlogic.vif'.
Linking 'C:\Program Files (x86)\Cypress\PSoC Creator\4.4\PSoC Creator\warp\lib\common\stdlogic\lpmpkg.vif'.
Linking 'C:\Program Files (x86)\Cypress\PSoC Creator\4.4\PSoC Creator\warp\lib\common\stdlogic\rtlpkg.vif'.
Linking 'C:\Program Files (x86)\Cypress\PSoC Creator\4.4\PSoC Creator\warp\lib\common\stdlogic\mod_cnst.vif'.
Linking 'C:\Program Files (x86)\Cypress\PSoC Creator\4.4\PSoC Creator\warp\lib\common\stdlogic\mod_mthv.vif'.
Linking 'C:\Program Files (x86)\Cypress\PSoC Creator\4.4\PSoC Creator\warp\lib\common\stdlogic\mod_genv.vif'.
Linking 'D:\ESCRITORIO\Tesis MIB\Proyecto de Tesis\electroestimulador\PSoC\electroestimulador\WorkspaceMIB2\Generador de Pulsos.cydsn\codegentemp\Generador de Pulsos.ctl'.
Linking 'C:\Program Files (x86)\Cypress\PSoC Creator\4.4\PSoC Creator\psoc\content\CyPrimitives\cyprimitives.cylib\cy_virtualmux_v1_0\cy_virtualmux_v1_0.v'.
Linking 'D:\ESCRITORIO\Tesis MIB\Proyecto de Tesis\electroestimulador\PSoC\electroestimulador\WorkspaceMIB2\Generador de Pulsos.cydsn\codegentemp\Generador de Pulsos.v'.
Linking 'C:\Program Files (x86)\Cypress\PSoC Creator\4.4\PSoC Creator\psoc\content\CyPrimitives\cyprimitives.cylib\OneTerminal\OneTerminal.v'.
Linking 'C:\Program Files (x86)\Cypress\PSoC Creator\4.4\PSoC Creator\psoc\content\CyPrimitives\cyprimitives.cylib\ZeroTerminal\ZeroTerminal.v'.
Linking 'C:\Program Files (x86)\Cypress\PSoC Creator\4.4\PSoC Creator\psoc\content\CyPrimitives\cyprimitives.cylib\or_v1_0\or_v1_0.v'.
Linking 'C:\Program Files (x86)\Cypress\PSoC Creator\4.4\PSoC Creator\psoc\content\CyPrimitives\cyprimitives.cylib\cy_analog_virtualmux_v1_0\cy_analog_virtualmux_v1_0.v'.
Linking 'C:\Program Files (x86)\Cypress\PSoC Creator\4.4\PSoC Creator\psoc\content\CyComponentLibrary\CyComponentLibrary.cylib\Bus_Connect_v2_50\Bus_Connect_v2_50.v'.
Linking 'C:\Program Files (x86)\Cypress\PSoC Creator\4.4\PSoC Creator\warp\lib\common\cypress.v'.
Linking 'C:\Program Files (x86)\Cypress\PSoC Creator\4.4\PSoC Creator\warp\lib\common\cy_psoc3_inc.v'.
Linking 'C:\Program Files (x86)\Cypress\PSoC Creator\4.4\PSoC Creator\psoc\content\CyComponentLibrary\CyComponentLibrary.cylib\AMux_v1_80\AMux_v1_80.v'.
Linking 'C:\Program Files (x86)\Cypress\PSoC Creator\4.4\PSoC Creator\warp\lib\lcpsoc3\stdlogic\cpsoc3.vif'.

----------------------------------------------------------
Detecting unused logic.
----------------------------------------------------------
    User names
	\ADC:Net_3125\
	\ADC:Net_3126\


Deleted 2 User equations/components.
Deleted 0 Synthesized equations/components.

------------------------------------------------------
Alias Detection
------------------------------------------------------
Aliasing \PWM:Net_66\ to \PWM:Net_75\
Aliasing \PWM:Net_82\ to \PWM:Net_75\
Aliasing \PWM:Net_72\ to \PWM:Net_75\
Aliasing \IDAC:Net_3\ to \PWM:Net_69\
Aliasing \ADC:Net_3107\ to \PWM:Net_75\
Aliasing \ADC:Net_3106\ to \PWM:Net_75\
Aliasing \ADC:Net_3105\ to \PWM:Net_75\
Aliasing \ADC:Net_3104\ to \PWM:Net_75\
Aliasing \ADC:Net_3103\ to \PWM:Net_75\
Aliasing \ADC:Net_3207_1\ to \PWM:Net_75\
Aliasing \ADC:Net_3207_0\ to \PWM:Net_75\
Aliasing \ADC:Net_3235\ to \PWM:Net_75\
Aliasing zero to \PWM:Net_75\
Aliasing tmpOE__Val_Peri_net_0 to \PWM:Net_69\
Aliasing one to \PWM:Net_69\
Aliasing tmpOE__Val_duty_net_0 to \PWM:Net_69\
Aliasing tmpOE__Val_Vout_net_0 to \PWM:Net_69\
Aliasing tmpOE__IDAC_Pos_net_0 to \PWM:Net_69\
Aliasing tmpOE__IDAC_Neg_net_0 to \PWM:Net_69\
Aliasing tmpOE__PIN_SW_net_0 to \PWM:Net_69\
Aliasing \LCD:tmpOE__LCDPort_net_6\ to \PWM:Net_69\
Aliasing \LCD:tmpOE__LCDPort_net_5\ to \PWM:Net_69\
Aliasing \LCD:tmpOE__LCDPort_net_4\ to \PWM:Net_69\
Aliasing \LCD:tmpOE__LCDPort_net_3\ to \PWM:Net_69\
Aliasing \LCD:tmpOE__LCDPort_net_2\ to \PWM:Net_69\
Aliasing \LCD:tmpOE__LCDPort_net_1\ to \PWM:Net_69\
Aliasing \LCD:tmpOE__LCDPort_net_0\ to \PWM:Net_69\
Aliasing tmpOE__PWM_V0_net_0 to \PWM:Net_69\
Aliasing \Timer_1:Net_81\ to \PWM:Net_81\
Aliasing \Timer_1:Net_75\ to \PWM:Net_75\
Aliasing \Timer_1:Net_69\ to \PWM:Net_69\
Aliasing \Timer_1:Net_66\ to \PWM:Net_75\
Aliasing \Timer_1:Net_82\ to \PWM:Net_75\
Aliasing \Timer_1:Net_72\ to \PWM:Net_75\
Removing Lhs of wire \PWM:Net_81\[1] = Net_3[13]
Removing Lhs of wire \PWM:Net_66\[4] = \PWM:Net_75\[2]
Removing Lhs of wire \PWM:Net_82\[5] = \PWM:Net_75\[2]
Removing Lhs of wire \PWM:Net_72\[6] = \PWM:Net_75\[2]
Removing Lhs of wire \IDAC:Net_3\[16] = \PWM:Net_69\[3]
Removing Lhs of wire \ADC:Net_3107\[93] = \PWM:Net_75\[2]
Removing Lhs of wire \ADC:Net_3106\[94] = \PWM:Net_75\[2]
Removing Lhs of wire \ADC:Net_3105\[95] = \PWM:Net_75\[2]
Removing Lhs of wire \ADC:Net_3104\[96] = \PWM:Net_75\[2]
Removing Lhs of wire \ADC:Net_3103\[97] = \PWM:Net_75\[2]
Removing Lhs of wire \ADC:Net_17\[144] = \ADC:Net_1845\[19]
Removing Lhs of wire \ADC:Net_3207_1\[166] = \PWM:Net_75\[2]
Removing Lhs of wire \ADC:Net_3207_0\[167] = \PWM:Net_75\[2]
Removing Lhs of wire \ADC:Net_3235\[168] = \PWM:Net_75\[2]
Removing Rhs of wire zero[239] = \PWM:Net_75\[2]
Removing Rhs of wire tmpOE__Val_Peri_net_0[241] = \PWM:Net_69\[3]
Removing Lhs of wire one[245] = tmpOE__Val_Peri_net_0[241]
Removing Lhs of wire tmpOE__Val_duty_net_0[248] = tmpOE__Val_Peri_net_0[241]
Removing Lhs of wire tmpOE__Val_Vout_net_0[254] = tmpOE__Val_Peri_net_0[241]
Removing Lhs of wire tmpOE__IDAC_Pos_net_0[260] = tmpOE__Val_Peri_net_0[241]
Removing Lhs of wire tmpOE__IDAC_Neg_net_0[266] = tmpOE__Val_Peri_net_0[241]
Removing Lhs of wire tmpOE__PIN_SW_net_0[272] = tmpOE__Val_Peri_net_0[241]
Removing Lhs of wire \LCD:tmpOE__LCDPort_net_6\[278] = tmpOE__Val_Peri_net_0[241]
Removing Lhs of wire \LCD:tmpOE__LCDPort_net_5\[279] = tmpOE__Val_Peri_net_0[241]
Removing Lhs of wire \LCD:tmpOE__LCDPort_net_4\[280] = tmpOE__Val_Peri_net_0[241]
Removing Lhs of wire \LCD:tmpOE__LCDPort_net_3\[281] = tmpOE__Val_Peri_net_0[241]
Removing Lhs of wire \LCD:tmpOE__LCDPort_net_2\[282] = tmpOE__Val_Peri_net_0[241]
Removing Lhs of wire \LCD:tmpOE__LCDPort_net_1\[283] = tmpOE__Val_Peri_net_0[241]
Removing Lhs of wire \LCD:tmpOE__LCDPort_net_0\[284] = tmpOE__Val_Peri_net_0[241]
Removing Lhs of wire tmpOE__PWM_V0_net_0[305] = tmpOE__Val_Peri_net_0[241]
Removing Lhs of wire \Timer_1:Net_81\[311] = Net_3[13]
Removing Lhs of wire \Timer_1:Net_75\[312] = zero[239]
Removing Lhs of wire \Timer_1:Net_69\[313] = tmpOE__Val_Peri_net_0[241]
Removing Lhs of wire \Timer_1:Net_66\[314] = zero[239]
Removing Lhs of wire \Timer_1:Net_82\[315] = zero[239]
Removing Lhs of wire \Timer_1:Net_72\[316] = zero[239]

------------------------------------------------------
Aliased 0 equations, 36 wires.
------------------------------------------------------

----------------------------------------------------------
Circuit simplification
----------------------------------------------------------

Substituting virtuals - pass 1:


----------------------------------------------------------
Circuit simplification results:

	Expanded 0 signals.
	Turned 0 signals into soft nodes.
	Maximum default expansion cost was set at 3.
----------------------------------------------------------

topld:  No errors.

CYPRESS_DIR    : C:\Program Files (x86)\Cypress\PSoC Creator\4.4\PSoC Creator\warp
Warp Program   : C:\Program Files (x86)\Cypress\PSoC Creator\4.4\PSoC Creator\warp\bin\warp.exe
Warp Arguments : -yv2 -q10 -ygs -o2 -v3 -.fftcfgtype=LE -ya "-.fftprj=D:\ESCRITORIO\Tesis MIB\Proyecto de Tesis\electroestimulador\PSoC\electroestimulador\WorkspaceMIB2\Generador de Pulsos.cydsn\Generador de Pulsos.cyprj" -dcpsoc3 "Generador de Pulsos.v" -verilog
</CYPRESSTAG>
Warp synthesis phase: Elapsed time ==> 1s.009ms
<CYPRESSTAG name="Fitter results...">
<CYPRESSTAG name="Fitter startup details...">
cyp3fit: V4.4.0.80, Family: PSoC3, Started at: Sunday, 27 December 2020 05:47:59
Options: -yv2 -q10 -ygs -o2 -v3 -.fftcfgtype=LE -ya -.fftprj=D:\ESCRITORIO\Tesis MIB\Proyecto de Tesis\electroestimulador\PSoC\electroestimulador\WorkspaceMIB2\Generador de Pulsos.cydsn\Generador de Pulsos.cyprj -d CY8C4245AXI-483 Generador de Pulsos.v -verilog
</CYPRESSTAG>
<CYPRESSTAG name="Design parsing">
Design parsing phase: Elapsed time ==> 0s.010ms
</CYPRESSTAG>
<CYPRESSTAG name="Tech Mapping">
<CYPRESSTAG name="Initial Mapping" icon="FILE_RPT_TECHM">
<CYPRESSTAG name="Global Clock Selection" icon="FILE_RPT_TECHM">
    Fixed Function Clock 7: Automatic-assigning  clock 'ADC_intClock'. Signal=\ADC:Net_1845_ff7\
    Fixed Function Clock 8: Automatic-assigning  clock 'Clock_1'. Signal=Net_3_ff8
    Fixed Function Clock 9: Automatic-assigning  clock 'Clock_1'. Signal=Net_3_ff9
<CYPRESSTAG name="UDB Clock/Enable Remapping Results">
</CYPRESSTAG>
</CYPRESSTAG>

Removing unused cells resulting from optimization
Done removing unused cells.
<CYPRESSTAG name="Duplicate Macrocell detection">
</CYPRESSTAG>
</CYPRESSTAG>
<CYPRESSTAG name="Duplicate Macrocell detection">
</CYPRESSTAG>
<CYPRESSTAG name="Design Equations" icon="FILE_RPT_EQUATION">

------------------------------------------------------------
Design Equations
------------------------------------------------------------
    <CYPRESSTAG name="Pin listing">

    ------------------------------------------------------------
    Pin listing
    ------------------------------------------------------------

    Pin : Name = Val_Peri(0)
        Attributes:
            In Group/Port: True
            In Sync Option: AUTO
            Out Sync Option: AUTO
            Interrupt generated: False
            Interrupt mode: NONE
            Drive mode: HI_Z_ANALOG
            VTrip: EITHER
            Slew: FAST
            Input Sync needed: False
            Output Sync needed: False
            SC shield enabled: False
            POR State: ANY
            LCD Mode: COMMON
            Register Mode: RegComb
            CaSense Mode: NEITHER
            Treat as pin: True
            Is OE Registered: False
            Uses Analog: True
            Can contain Digital: False
            Is SIO: False
            SIO Output Buf: NONREGULATED
            SIO Input Buf: SINGLE_ENDED
            SIO HiFreq: LOW
            SIO Hyst: DISABLED
            SIO Vtrip: MULTIPLIER_0_5
            SIO Multiplier Index: 0
            SIO RefSel: VCC_IO
            Required Capabilities: ANALOG
            Initial Value: 1
            IO Voltage: 0
        PORT MAP (
            pa_out => Val_Peri(0)__PA ,
            analog_term => Net_271 ,
            pad => Val_Peri(0)_PAD );
        Properties:
        {
        }

    Pin : Name = Val_duty(0)
        Attributes:
            In Group/Port: True
            In Sync Option: AUTO
            Out Sync Option: AUTO
            Interrupt generated: False
            Interrupt mode: NONE
            Drive mode: HI_Z_ANALOG
            VTrip: EITHER
            Slew: FAST
            Input Sync needed: False
            Output Sync needed: False
            SC shield enabled: False
            POR State: ANY
            LCD Mode: COMMON
            Register Mode: RegComb
            CaSense Mode: NEITHER
            Treat as pin: True
            Is OE Registered: False
            Uses Analog: True
            Can contain Digital: False
            Is SIO: False
            SIO Output Buf: NONREGULATED
            SIO Input Buf: SINGLE_ENDED
            SIO HiFreq: LOW
            SIO Hyst: DISABLED
            SIO Vtrip: MULTIPLIER_0_5
            SIO Multiplier Index: 0
            SIO RefSel: VCC_IO
            Required Capabilities: ANALOG
            Initial Value: 1
            IO Voltage: 0
        PORT MAP (
            pa_out => Val_duty(0)__PA ,
            analog_term => Net_272 ,
            pad => Val_duty(0)_PAD );
        Properties:
        {
        }

    Pin : Name = Val_Vout(0)
        Attributes:
            In Group/Port: True
            In Sync Option: AUTO
            Out Sync Option: AUTO
            Interrupt generated: False
            Interrupt mode: NONE
            Drive mode: HI_Z_ANALOG
            VTrip: EITHER
            Slew: FAST
            Input Sync needed: False
            Output Sync needed: False
            SC shield enabled: False
            POR State: ANY
            LCD Mode: COMMON
            Register Mode: RegComb
            CaSense Mode: NEITHER
            Treat as pin: True
            Is OE Registered: False
            Uses Analog: True
            Can contain Digital: False
            Is SIO: False
            SIO Output Buf: NONREGULATED
            SIO Input Buf: SINGLE_ENDED
            SIO HiFreq: LOW
            SIO Hyst: DISABLED
            SIO Vtrip: MULTIPLIER_0_5
            SIO Multiplier Index: 0
            SIO RefSel: VCC_IO
            Required Capabilities: ANALOG
            Initial Value: 1
            IO Voltage: 0
        PORT MAP (
            pa_out => Val_Vout(0)__PA ,
            analog_term => Net_273 ,
            pad => Val_Vout(0)_PAD );
        Properties:
        {
        }

    Pin : Name = IDAC_Pos(0)
        Attributes:
            In Group/Port: True
            In Sync Option: AUTO
            Out Sync Option: AUTO
            Interrupt generated: False
            Interrupt mode: NONE
            Drive mode: HI_Z_ANALOG
            VTrip: EITHER
            Slew: FAST
            Input Sync needed: False
            Output Sync needed: False
            SC shield enabled: False
            POR State: ANY
            LCD Mode: COMMON
            Register Mode: RegComb
            CaSense Mode: NEITHER
            Treat as pin: True
            Is OE Registered: False
            Uses Analog: True
            Can contain Digital: False
            Is SIO: False
            SIO Output Buf: NONREGULATED
            SIO Input Buf: SINGLE_ENDED
            SIO HiFreq: LOW
            SIO Hyst: DISABLED
            SIO Vtrip: MULTIPLIER_0_5
            SIO Multiplier Index: 0
            SIO RefSel: VCC_IO
            Required Capabilities: ANALOG
            Initial Value: 1
            IO Voltage: 0
        PORT MAP (
            pa_out => IDAC_Pos(0)__PA ,
            analog_term => Net_79 ,
            pad => IDAC_Pos(0)_PAD );
        Properties:
        {
        }

    Pin : Name = IDAC_Neg(0)
        Attributes:
            In Group/Port: True
            In Sync Option: AUTO
            Out Sync Option: AUTO
            Interrupt generated: False
            Interrupt mode: NONE
            Drive mode: HI_Z_ANALOG
            VTrip: EITHER
            Slew: FAST
            Input Sync needed: False
            Output Sync needed: False
            SC shield enabled: False
            POR State: ANY
            LCD Mode: COMMON
            Register Mode: RegComb
            CaSense Mode: NEITHER
            Treat as pin: True
            Is OE Registered: False
            Uses Analog: True
            Can contain Digital: False
            Is SIO: False
            SIO Output Buf: NONREGULATED
            SIO Input Buf: SINGLE_ENDED
            SIO HiFreq: LOW
            SIO Hyst: DISABLED
            SIO Vtrip: MULTIPLIER_0_5
            SIO Multiplier Index: 0
            SIO RefSel: VCC_IO
            Required Capabilities: ANALOG
            Initial Value: 1
            IO Voltage: 0
        PORT MAP (
            pa_out => IDAC_Neg(0)__PA ,
            analog_term => Net_80 ,
            pad => IDAC_Neg(0)_PAD );
        Properties:
        {
        }

    Pin : Name = PIN_SW(0)
        Attributes:
            In Group/Port: True
            In Sync Option: NOSYNC
            Out Sync Option: AUTO
            Interrupt generated: True
            Interrupt mode: FALLING
            Drive mode: RES_PULL_UP
            VTrip: CMOS
            Slew: FAST
            Input Sync needed: False
            Output Sync needed: False
            SC shield enabled: False
            POR State: ANY
            LCD Mode: COMMON
            Register Mode: RegComb
            CaSense Mode: NEITHER
            Treat as pin: False
            Is OE Registered: False
            Uses Analog: False
            Can contain Digital: True
            Is SIO: False
            SIO Output Buf: NONREGULATED
            SIO Input Buf: SINGLE_ENDED
            SIO HiFreq: LOW
            SIO Hyst: DISABLED
            SIO Vtrip: MULTIPLIER_0_5
            SIO Multiplier Index: 0
            SIO RefSel: VCC_IO
            Required Capabilities: DIGITAL, PORT_INTERRUPT
            Initial Value: 1
            IO Voltage: 0
        PORT MAP (
            pa_out => PIN_SW(0)__PA ,
            pad => PIN_SW(0)_PAD );
        Properties:
        {
        }

    Pin : Name = \LCD:LCDPort(0)\
        Attributes:
            In Group/Port: True
            In Sync Option: AUTO
            Out Sync Option: NOSYNC
            Interrupt generated: False
            Interrupt mode: NONE
            Drive mode: CMOS_OUT
            VTrip: EITHER
            Slew: FAST
            Input Sync needed: False
            Output Sync needed: False
            SC shield enabled: False
            POR State: ANY
            LCD Mode: COMMON
            Register Mode: RegComb
            CaSense Mode: NEITHER
            Treat as pin: False
            Is OE Registered: False
            Uses Analog: False
            Can contain Digital: True
            Is SIO: False
            SIO Output Buf: NONREGULATED
            SIO Input Buf: SINGLE_ENDED
            SIO HiFreq: LOW
            SIO Hyst: DISABLED
            SIO Vtrip: MULTIPLIER_0_5
            SIO Multiplier Index: 0
            SIO RefSel: VCC_IO
            Required Capabilities: DIGITAL
            Initial Value: 0
            IO Voltage: 0
        PORT MAP (
            pa_out => \LCD:LCDPort(0)\__PA ,
            pad => \LCD:LCDPort(0)_PAD\ );
        Properties:
        {
        }

    Pin : Name = \LCD:LCDPort(1)\
        Attributes:
            In Group/Port: True
            In Sync Option: AUTO
            Out Sync Option: NOSYNC
            Interrupt generated: False
            Interrupt mode: NONE
            Drive mode: CMOS_OUT
            VTrip: EITHER
            Slew: FAST
            Input Sync needed: False
            Output Sync needed: False
            SC shield enabled: False
            POR State: ANY
            LCD Mode: COMMON
            Register Mode: RegComb
            CaSense Mode: NEITHER
            Treat as pin: False
            Is OE Registered: False
            Uses Analog: False
            Can contain Digital: True
            Is SIO: False
            SIO Output Buf: NONREGULATED
            SIO Input Buf: SINGLE_ENDED
            SIO HiFreq: LOW
            SIO Hyst: DISABLED
            SIO Vtrip: MULTIPLIER_0_5
            SIO Multiplier Index: 0
            SIO RefSel: VCC_IO
            Required Capabilities: DIGITAL
            Initial Value: 0
            IO Voltage: 0
        PORT MAP (
            pa_out => \LCD:LCDPort(1)\__PA ,
            pad => \LCD:LCDPort(1)_PAD\ );
        Properties:
        {
        }

    Pin : Name = \LCD:LCDPort(2)\
        Attributes:
            In Group/Port: True
            In Sync Option: AUTO
            Out Sync Option: NOSYNC
            Interrupt generated: False
            Interrupt mode: NONE
            Drive mode: CMOS_OUT
            VTrip: EITHER
            Slew: FAST
            Input Sync needed: False
            Output Sync needed: False
            SC shield enabled: False
            POR State: ANY
            LCD Mode: COMMON
            Register Mode: RegComb
            CaSense Mode: NEITHER
            Treat as pin: False
            Is OE Registered: False
            Uses Analog: False
            Can contain Digital: True
            Is SIO: False
            SIO Output Buf: NONREGULATED
            SIO Input Buf: SINGLE_ENDED
            SIO HiFreq: LOW
            SIO Hyst: DISABLED
            SIO Vtrip: MULTIPLIER_0_5
            SIO Multiplier Index: 0
            SIO RefSel: VCC_IO
            Required Capabilities: DIGITAL
            Initial Value: 0
            IO Voltage: 0
        PORT MAP (
            pa_out => \LCD:LCDPort(2)\__PA ,
            pad => \LCD:LCDPort(2)_PAD\ );
        Properties:
        {
        }

    Pin : Name = \LCD:LCDPort(3)\
        Attributes:
            In Group/Port: True
            In Sync Option: AUTO
            Out Sync Option: NOSYNC
            Interrupt generated: False
            Interrupt mode: NONE
            Drive mode: CMOS_OUT
            VTrip: EITHER
            Slew: FAST
            Input Sync needed: False
            Output Sync needed: False
            SC shield enabled: False
            POR State: ANY
            LCD Mode: COMMON
            Register Mode: RegComb
            CaSense Mode: NEITHER
            Treat as pin: False
            Is OE Registered: False
            Uses Analog: False
            Can contain Digital: True
            Is SIO: False
            SIO Output Buf: NONREGULATED
            SIO Input Buf: SINGLE_ENDED
            SIO HiFreq: LOW
            SIO Hyst: DISABLED
            SIO Vtrip: MULTIPLIER_0_5
            SIO Multiplier Index: 0
            SIO RefSel: VCC_IO
            Required Capabilities: DIGITAL
            Initial Value: 0
            IO Voltage: 0
        PORT MAP (
            pa_out => \LCD:LCDPort(3)\__PA ,
            pad => \LCD:LCDPort(3)_PAD\ );
        Properties:
        {
        }

    Pin : Name = \LCD:LCDPort(4)\
        Attributes:
            In Group/Port: True
            In Sync Option: AUTO
            Out Sync Option: NOSYNC
            Interrupt generated: False
            Interrupt mode: NONE
            Drive mode: CMOS_OUT
            VTrip: EITHER
            Slew: FAST
            Input Sync needed: False
            Output Sync needed: False
            SC shield enabled: False
            POR State: ANY
            LCD Mode: COMMON
            Register Mode: RegComb
            CaSense Mode: NEITHER
            Treat as pin: False
            Is OE Registered: False
            Uses Analog: False
            Can contain Digital: True
            Is SIO: False
            SIO Output Buf: NONREGULATED
            SIO Input Buf: SINGLE_ENDED
            SIO HiFreq: LOW
            SIO Hyst: DISABLED
            SIO Vtrip: MULTIPLIER_0_5
            SIO Multiplier Index: 0
            SIO RefSel: VCC_IO
            Required Capabilities: DIGITAL
            Initial Value: 0
            IO Voltage: 0
        PORT MAP (
            pa_out => \LCD:LCDPort(4)\__PA ,
            pad => \LCD:LCDPort(4)_PAD\ );
        Properties:
        {
        }

    Pin : Name = \LCD:LCDPort(5)\
        Attributes:
            In Group/Port: True
            In Sync Option: AUTO
            Out Sync Option: NOSYNC
            Interrupt generated: False
            Interrupt mode: NONE
            Drive mode: CMOS_OUT
            VTrip: EITHER
            Slew: FAST
            Input Sync needed: False
            Output Sync needed: False
            SC shield enabled: False
            POR State: ANY
            LCD Mode: COMMON
            Register Mode: RegComb
            CaSense Mode: NEITHER
            Treat as pin: False
            Is OE Registered: False
            Uses Analog: False
            Can contain Digital: True
            Is SIO: False
            SIO Output Buf: NONREGULATED
            SIO Input Buf: SINGLE_ENDED
            SIO HiFreq: LOW
            SIO Hyst: DISABLED
            SIO Vtrip: MULTIPLIER_0_5
            SIO Multiplier Index: 0
            SIO RefSel: VCC_IO
            Required Capabilities: DIGITAL
            Initial Value: 0
            IO Voltage: 0
        PORT MAP (
            pa_out => \LCD:LCDPort(5)\__PA ,
            pad => \LCD:LCDPort(5)_PAD\ );
        Properties:
        {
        }

    Pin : Name = \LCD:LCDPort(6)\
        Attributes:
            In Group/Port: True
            In Sync Option: AUTO
            Out Sync Option: NOSYNC
            Interrupt generated: False
            Interrupt mode: NONE
            Drive mode: CMOS_OUT
            VTrip: EITHER
            Slew: FAST
            Input Sync needed: False
            Output Sync needed: False
            SC shield enabled: False
            POR State: ANY
            LCD Mode: COMMON
            Register Mode: RegComb
            CaSense Mode: NEITHER
            Treat as pin: False
            Is OE Registered: False
            Uses Analog: False
            Can contain Digital: True
            Is SIO: False
            SIO Output Buf: NONREGULATED
            SIO Input Buf: SINGLE_ENDED
            SIO HiFreq: LOW
            SIO Hyst: DISABLED
            SIO Vtrip: MULTIPLIER_0_5
            SIO Multiplier Index: 0
            SIO RefSel: VCC_IO
            Required Capabilities: DIGITAL
            Initial Value: 0
            IO Voltage: 0
        PORT MAP (
            pa_out => \LCD:LCDPort(6)\__PA ,
            pad => \LCD:LCDPort(6)_PAD\ );
        Properties:
        {
        }

    Pin : Name = PWM_V0(0)
        Attributes:
            In Group/Port: True
            In Sync Option: AUTO
            Out Sync Option: NOSYNC
            Interrupt generated: False
            Interrupt mode: NONE
            Drive mode: CMOS_OUT
            VTrip: EITHER
            Slew: FAST
            Input Sync needed: False
            Output Sync needed: False
            SC shield enabled: False
            POR State: ANY
            LCD Mode: COMMON
            Register Mode: RegComb
            CaSense Mode: NEITHER
            Treat as pin: True
            Is OE Registered: False
            Uses Analog: False
            Can contain Digital: True
            Is SIO: False
            SIO Output Buf: NONREGULATED
            SIO Input Buf: SINGLE_ENDED
            SIO HiFreq: LOW
            SIO Hyst: DISABLED
            SIO Vtrip: MULTIPLIER_0_5
            SIO Multiplier Index: 0
            SIO RefSel: VCC_IO
            Required Capabilities: DIGITAL
            Initial Value: 1
            IO Voltage: 0
        PORT MAP (
            pa_out => PWM_V0(0)__PA ,
            pin_input => Net_6 ,
            pad => PWM_V0(0)_PAD );
        Properties:
        {
        }
    </CYPRESSTAG>
    <CYPRESSTAG name="Macrocell listing" icon="FILE_RPT_EQUATION">

    ------------------------------------------------------------
    Macrocell listing
    ------------------------------------------------------------

    MacroCell: Name=__ONE__, Mode=(Combinatorial)
        Total # of inputs        : 0
        Total # of product terms : 0
            Clock Enable: True
        Main Equation            : 0 pterms
        !(
            0
        );
        Output = __ONE__ (fanout=1)
    </CYPRESSTAG>
    <CYPRESSTAG name="Datapath listing">
    </CYPRESSTAG>
    <CYPRESSTAG name="Status register listing">
    </CYPRESSTAG>
    <CYPRESSTAG name="StatusI register listing">
    </CYPRESSTAG>
    <CYPRESSTAG name="Sync listing">
    </CYPRESSTAG>
    <CYPRESSTAG name="Control register listing">
    </CYPRESSTAG>
    <CYPRESSTAG name="Count7 listing">
    </CYPRESSTAG>
    <CYPRESSTAG name="DRQ listing">
    </CYPRESSTAG>
    <CYPRESSTAG name="Interrupt listing">

    ------------------------------------------------------------
    Interrupt listing
    ------------------------------------------------------------

    interrupt: Name =\ADC:IRQ\
        PORT MAP (
            interrupt => \ADC:Net_3112\ );
        Properties:
        {
            int_type = "10"
            is_nmi = 0
        }

    interrupt: Name =PWM_INT
        PORT MAP (
            interrupt => Net_5 );
        Properties:
        {
            int_type = "10"
            is_nmi = 0
        }

    interrupt: Name =SW_INT
        PORT MAP (
            interrupt => Net_356 );
        Properties:
        {
            int_type = "10"
            is_nmi = 0
        }

    interrupt: Name =TIMER_INT
        PORT MAP (
            interrupt => Net_315 );
        Properties:
        {
            int_type = "10"
            is_nmi = 0
        }

    interrupt: Name =ADC_INTAux
        PORT MAP (
            interrupt => Net_264 );
        Properties:
        {
            int_type = "00"
            is_nmi = 0
        }
    </CYPRESSTAG>
</CYPRESSTAG>
<CYPRESSTAG name="Technology mapping summary" expanded>

------------------------------------------------------------
Technology mapping summary
------------------------------------------------------------

Resource Type                 : Used : Free :  Max :  % Used
============================================================
Digital Clocks                :    0 :    4 :    4 :  0.00 %
Interrupts                    :    5 :   27 :   32 : 15.63 %
IO                            :   14 :   22 :   36 : 38.89 %
Segment LCD                   :    0 :    1 :    1 :  0.00 %
CapSense                      :    0 :    1 :    1 :  0.00 %
Die Temp                      :    0 :    1 :    1 :  0.00 %
Serial Communication (SCB)    :    0 :    2 :    2 :  0.00 %
Timer/Counter/PWM             :    2 :    2 :    4 : 50.00 %
UDB                           :      :      :      :        
  Macrocells                  :    1 :   31 :   32 :  3.13 %
  Unique P-terms              :    0 :   64 :   64 :  0.00 %
  Total P-terms               :    0 :      :      :        
  Datapath Cells              :    0 :    4 :    4 :  0.00 %
  Status Cells                :    0 :    4 :    4 :  0.00 %
  Control Cells               :    0 :    4 :    4 :  0.00 %
Comparator/Opamp              :    0 :    2 :    2 :  0.00 %
LP Comparator                 :    0 :    2 :    2 :  0.00 %
SAR ADC                       :    1 :    0 :    1 : 100.00 %
DAC                           :      :      :      :        
  7-bit IDAC                  :    0 :    1 :    1 :  0.00 %
  8-bit IDAC                  :    1 :    0 :    1 : 100.00 %
</CYPRESSTAG>
Technology Mapping: Elapsed time ==> 0s.050ms
Tech Mapping phase: Elapsed time ==> 0s.079ms
</CYPRESSTAG>
<CYPRESSTAG name="Analog Placement">
<CYPRESSTAG name="FFB & IO Pre Placement">
<CYPRESSTAG name="Placement" icon="FILE_RPT_PLACEMENT">

Cell                                : Block                              
=========================================================================
Val_Peri(0)                         : [IOP=(2)][IoId=(2)]                
Val_duty(0)                         : [IOP=(2)][IoId=(1)]                
Val_Vout(0)                         : [IOP=(2)][IoId=(0)]                
IDAC_Pos(0)                         : [IOP=(1)][IoId=(4)]                
IDAC_Neg(0)                         : [IOP=(1)][IoId=(2)]                
PIN_SW(0)                           : [IOP=(0)][IoId=(7)]                
\LCD:LCDPort(0)\                    : [IOP=(0)][IoId=(0)]                
\LCD:LCDPort(1)\                    : [IOP=(0)][IoId=(1)]                
\LCD:LCDPort(2)\                    : [IOP=(0)][IoId=(2)]                
\LCD:LCDPort(3)\                    : [IOP=(0)][IoId=(3)]                
\LCD:LCDPort(4)\                    : [IOP=(0)][IoId=(4)]                
\LCD:LCDPort(5)\                    : [IOP=(0)][IoId=(5)]                
\LCD:LCDPort(6)\                    : [IOP=(0)][IoId=(6)]                
PWM_V0(0)                           : [IOP=(1)][IoId=(6)]                
ClockGenBlock                       : CLK_GEN_[FFB(CLK_GEN,0)]           
\IDAC:cy_psoc4_idac\                : CSIDAC8_[FFB(CSIDAC8,0)]           
\ADC:cy_psoc4_sar\                  : SARADC_[FFB(SARADC,0)]             
\PWM:cy_m0s8_tcpwm_1\               : TCPWM_[FFB(TCPWM,0)]               
\Timer_1:cy_m0s8_tcpwm_1\           : TCPWM_[FFB(TCPWM,1)]               

</CYPRESSTAG>
</CYPRESSTAG>
<CYPRESSTAG name="Real Analog Placement">
Elapsed time ==> 0.1842039s
</CYPRESSTAG>
Analog Placement phase: Elapsed time ==> 0s.450ms
</CYPRESSTAG>
<CYPRESSTAG name="Analog Routing">
<CYPRESSTAG name="Analog Routing">
Route success=True, Iterations=1 Elapsed=0.0176016 secs
</CYPRESSTAG>
Analog Routing phase: Elapsed time ==> 0s.019ms
</CYPRESSTAG>
<CYPRESSTAG name="Analog Code Generation">
============ Analog Final Answer Routes ============
Dump of CyAnalogRoutingResultsDB
Map of net to items {
  Net: Net_271 {
    p2_2
  }
  Net: Net_272 {
    p2_1
  }
  Net: Net_273 {
    p2_0
  }
  Net: Net_79 {
    p1_4
  }
  Net: Net_80 {
    p1_2
  }
  Net: \ADC:Net_1851\ {
  }
  Net: \ADC:Net_3113\ {
  }
  Net: \ADC:mux_bus_minus_0\ {
  }
  Net: \ADC:mux_bus_minus_1\ {
  }
  Net: \ADC:mux_bus_minus_2\ {
  }
  Net: \ADC:mux_bus_minus_3\ {
  }
  Net: \ADC:mux_bus_plus_3\ {
  }
  Net: Net_13 {
    idac0_out
    swhv_1
    amuxbusa
  }
  Net: AMuxNet::AMux {
    P1_P44
    P1_P42
  }
  Net: \ADC:muxout_plus\ {
    sarmux_vplus
  }
  Net: AMuxNet::\ADC:cy_psoc4_sarmux_8\_CYAMUXSIDE_A {
    SARMUX0_sw2
    SARMUX0_sw1
    SARMUX0_sw0
  }
  Net: \ADC:muxout_minus\ {
    sarmux_vminus
  }
  Net: AMuxNet::\ADC:cy_psoc4_sarmux_8\_CYAMUXSIDE_B {
  }
}
Map of item to net {
  p2_2                                             -> Net_271
  p2_1                                             -> Net_272
  p2_0                                             -> Net_273
  p1_4                                             -> Net_79
  p1_2                                             -> Net_80
  idac0_out                                        -> Net_13
  swhv_1                                           -> Net_13
  amuxbusa                                         -> Net_13
  P1_P44                                           -> AMuxNet::AMux
  P1_P42                                           -> AMuxNet::AMux
  sarmux_vplus                                     -> \ADC:muxout_plus\
  SARMUX0_sw2                                      -> AMuxNet::\ADC:cy_psoc4_sarmux_8\_CYAMUXSIDE_A
  SARMUX0_sw1                                      -> AMuxNet::\ADC:cy_psoc4_sarmux_8\_CYAMUXSIDE_A
  SARMUX0_sw0                                      -> AMuxNet::\ADC:cy_psoc4_sarmux_8\_CYAMUXSIDE_A
  sarmux_vminus                                    -> \ADC:muxout_minus\
}
Mux Info {
  Mux: AMux {
     Mouth: Net_13
     Guts:  AMuxNet::AMux
     IsSingleSwitching: True
     IsStaticSwitching: False
     IsAtMostOneSwitch: True
    Arm: 0 {
      Net:   Net_79
      Outer: P1_P44
      Inner: __open__
      Path {
        P1_P44
        p1_4
      }
    }
    Arm: 1 {
      Net:   Net_80
      Outer: P1_P42
      Inner: __open__
      Path {
        P1_P42
        p1_2
      }
    }
  }
  Mux: \ADC:cy_psoc4_sarmux_8\_CYAMUXSIDE_A {
     Mouth: \ADC:muxout_plus\
     Guts:  AMuxNet::\ADC:cy_psoc4_sarmux_8\_CYAMUXSIDE_A
     IsSingleSwitching: False
     IsStaticSwitching: False
     IsAtMostOneSwitch: True
    Arm: 0 {
      Net:   Net_271
      Outer: SARMUX0_sw2
      Inner: __open__
      Path {
        SARMUX0_sw2
        p2_2
      }
    }
    Arm: 1 {
      Net:   Net_272
      Outer: SARMUX0_sw1
      Inner: __open__
      Path {
        SARMUX0_sw1
        p2_1
      }
    }
    Arm: 2 {
      Net:   Net_273
      Outer: SARMUX0_sw0
      Inner: __open__
      Path {
        SARMUX0_sw0
        p2_0
      }
    }
  }
  Mux: \ADC:cy_psoc4_sarmux_8\_CYAMUXSIDE_B {
     Mouth: \ADC:muxout_minus\
     Guts:  AMuxNet::\ADC:cy_psoc4_sarmux_8\_CYAMUXSIDE_B
     IsSingleSwitching: False
     IsStaticSwitching: False
     IsAtMostOneSwitch: True
    Arm: 0 {
      Net:   \ADC:Net_1851\
      Outer: __open__
      Inner: __open__
      Path {
      }
    }
    Arm: 1 {
      Net:   \ADC:Net_1851\
      Outer: __open__
      Inner: __open__
      Path {
      }
    }
    Arm: 2 {
      Net:   \ADC:Net_1851\
      Outer: __open__
      Inner: __open__
      Path {
      }
    }
  }
}
Analog Code Generation phase: Elapsed time ==> 0s.029ms
</CYPRESSTAG>
<CYPRESSTAG name="Digital Placement">
<CYPRESSTAG name="Detailed placement messages">
I2659: No Constrained paths were found. The placer will run in non-timing driven mode.
I2076: Total run-time: 0.3 sec.

</CYPRESSTAG>
<CYPRESSTAG name="PLD Packing">
<CYPRESSTAG name="PLD Packing Summary" expanded>

------------------------------------------------------------
PLD Packing Summary
------------------------------------------------------------
            Resource Type : Used : Free :  Max :  % Used
    ====================================================
                     PLDs :    1 :    7 :    8 :  12.50%

<CYPRESSTAG name="PLD Statistics">

        PLD Resource Type :     Average/LAB
    =======================================
                   Inputs :            0.00
                   Pterms :            0.00
               Macrocells :            1.00
</CYPRESSTAG>
<CYPRESSTAG name="Packed PLD Contents">
Packed PLD Contents not displayed at this verbose level.</CYPRESSTAG>
</CYPRESSTAG>
PLD Packing: Elapsed time ==> 0s.000ms
</CYPRESSTAG>
<CYPRESSTAG name="Partitioning">
<CYPRESSTAG name="Initial Partitioning Summary">
Initial Partitioning Summary not displayed at this verbose level.</CYPRESSTAG>
<CYPRESSTAG name="Final Partitioning Summary">
Final Partitioning Summary not displayed at this verbose level.</CYPRESSTAG>
Partitioning: Elapsed time ==> 0s.020ms
</CYPRESSTAG>
<CYPRESSTAG name="Final Placement Summary">

------------------------------------------------------------
Final Placement Summary
------------------------------------------------------------

       Resource Type :      Count : Avg Inputs : Avg Outputs
    ========================================================
                 UDB :          1 :       0.00 :       1.00
<CYPRESSTAG name="Final Placement Details">
<CYPRESSTAG name="Component Details">

------------------------------------------------------------
Component Placement Details
------------------------------------------------------------
UDB [UDB=(0,0)] is empty.
UDB [UDB=(0,1)] contents:
LAB@[UDB=(0,1)][LB=0] #macrocells=1, #inputs=0, #pterms=0
{
    [McSlotId=0]:     MacroCell: Name=__ONE__, Mode=(Combinatorial) @ [UDB=(0,1)][LB=0][MC=0]
        Total # of inputs        : 0
        Total # of product terms : 0
            Clock Enable: True
        Main Equation            : 0 pterms
        !(
            0
        );
        Output = __ONE__ (fanout=3)
        Properties               : 
        {
        }

    [McSlotId=1]: (empty)
    [McSlotId=2]: (empty)
    [McSlotId=3]: (empty)
}

UDB [UDB=(1,0)] is empty.
UDB [UDB=(1,1)] is empty.
Intr container @ [IntrContainer=(0)]: 
  Intr@ [IntrContainer=(0)][IntrId=(0)] 
    interrupt: Name =SW_INT
        PORT MAP (
            interrupt => Net_356 );
        Properties:
        {
            int_type = "10"
            is_nmi = 0
        }
  Intr@ [IntrContainer=(0)][IntrId=(1)] 
    interrupt: Name =ADC_INTAux
        PORT MAP (
            interrupt => Net_264 );
        Properties:
        {
            int_type = "00"
            is_nmi = 0
        }
  Intr@ [IntrContainer=(0)][IntrId=(14)] 
    interrupt: Name =\ADC:IRQ\
        PORT MAP (
            interrupt => \ADC:Net_3112\ );
        Properties:
        {
            int_type = "10"
            is_nmi = 0
        }
  Intr@ [IntrContainer=(0)][IntrId=(16)] 
    interrupt: Name =PWM_INT
        PORT MAP (
            interrupt => Net_5 );
        Properties:
        {
            int_type = "10"
            is_nmi = 0
        }
  Intr@ [IntrContainer=(0)][IntrId=(17)] 
    interrupt: Name =TIMER_INT
        PORT MAP (
            interrupt => Net_315 );
        Properties:
        {
            int_type = "10"
            is_nmi = 0
        }
Port 0 generates interrupt for logical port:
    logicalport: Name =PIN_SW
        PORT MAP (
            in_clock_en => tmpOE__Val_Peri_net_0 ,
            in_reset => zero ,
            out_clock_en => tmpOE__Val_Peri_net_0 ,
            out_reset => zero ,
            interrupt => Net_356 );
        Properties:
        {
            drive_mode = "010"
            ibuf_enabled = "1"
            id = "8d318d8b-cf7b-4b6b-b02c-ab1c5c49d0ba"
            init_dr_st = "1"
            input_buffer_sel = "00"
            input_clk_en = 0
            input_sync = "0"
            input_sync_mode = "0"
            intr_mode = "10"
            invert_in_clock = 0
            invert_in_clock_en = 0
            invert_in_reset = 0
            invert_out_clock = 0
            invert_out_clock_en = 0
            invert_out_reset = 0
            io_voltage = ""
            layout_mode = "CONTIGUOUS"
            oe_conn = "0"
            oe_reset = 0
            oe_sync = "0"
            output_clk_en = 0
            output_clock_mode = "0"
            output_conn = "0"
            output_mode = "0"
            output_reset = 0
            output_sync = "0"
            ovt_hyst_trim = "0"
            ovt_needed = "0"
            ovt_slew_control = "00"
            pa_in_clock = -1
            pa_in_clock_en = -1
            pa_in_reset = -1
            pa_out_clock = -1
            pa_out_clock_en = -1
            pa_out_reset = -1
            pin_aliases = ""
            pin_mode = "I"
            por_state = 4
            port_alias_group = ""
            port_alias_required = 0
            sio_group_cnt = 0
            sio_hifreq = "00000000"
            sio_hyst = "1"
            sio_ibuf = "00000000"
            sio_info = "00"
            sio_obuf = "00000000"
            sio_refsel = "00000000"
            sio_vohsel = "00000000"
            sio_vtrip = "00000000"
            slew_rate = "0"
            spanning = 0
            sw_only = 0
            use_annotation = "0"
            vtrip = "00"
            width = 1
        }
    and contains the following IO cells:
[IoId=0]: 
Pin : Name = \LCD:LCDPort(0)\
    Attributes:
        In Group/Port: True
        In Sync Option: AUTO
        Out Sync Option: NOSYNC
        Interrupt generated: False
        Interrupt mode: NONE
        Drive mode: CMOS_OUT
        VTrip: EITHER
        Slew: FAST
        Input Sync needed: False
        Output Sync needed: False
        SC shield enabled: False
        POR State: ANY
        LCD Mode: COMMON
        Register Mode: RegComb
        CaSense Mode: NEITHER
        Treat as pin: False
        Is OE Registered: False
        Uses Analog: False
        Can contain Digital: True
        Is SIO: False
        SIO Output Buf: NONREGULATED
        SIO Input Buf: SINGLE_ENDED
        SIO HiFreq: LOW
        SIO Hyst: DISABLED
        SIO Vtrip: MULTIPLIER_0_5
        SIO Multiplier Index: 0
        SIO RefSel: VCC_IO
        Required Capabilities: DIGITAL
        Initial Value: 0
        IO Voltage: 0
    PORT MAP (
        pa_out => \LCD:LCDPort(0)\__PA ,
        pad => \LCD:LCDPort(0)_PAD\ );
    Properties:
    {
    }

[IoId=1]: 
Pin : Name = \LCD:LCDPort(1)\
    Attributes:
        In Group/Port: True
        In Sync Option: AUTO
        Out Sync Option: NOSYNC
        Interrupt generated: False
        Interrupt mode: NONE
        Drive mode: CMOS_OUT
        VTrip: EITHER
        Slew: FAST
        Input Sync needed: False
        Output Sync needed: False
        SC shield enabled: False
        POR State: ANY
        LCD Mode: COMMON
        Register Mode: RegComb
        CaSense Mode: NEITHER
        Treat as pin: False
        Is OE Registered: False
        Uses Analog: False
        Can contain Digital: True
        Is SIO: False
        SIO Output Buf: NONREGULATED
        SIO Input Buf: SINGLE_ENDED
        SIO HiFreq: LOW
        SIO Hyst: DISABLED
        SIO Vtrip: MULTIPLIER_0_5
        SIO Multiplier Index: 0
        SIO RefSel: VCC_IO
        Required Capabilities: DIGITAL
        Initial Value: 0
        IO Voltage: 0
    PORT MAP (
        pa_out => \LCD:LCDPort(1)\__PA ,
        pad => \LCD:LCDPort(1)_PAD\ );
    Properties:
    {
    }

[IoId=2]: 
Pin : Name = \LCD:LCDPort(2)\
    Attributes:
        In Group/Port: True
        In Sync Option: AUTO
        Out Sync Option: NOSYNC
        Interrupt generated: False
        Interrupt mode: NONE
        Drive mode: CMOS_OUT
        VTrip: EITHER
        Slew: FAST
        Input Sync needed: False
        Output Sync needed: False
        SC shield enabled: False
        POR State: ANY
        LCD Mode: COMMON
        Register Mode: RegComb
        CaSense Mode: NEITHER
        Treat as pin: False
        Is OE Registered: False
        Uses Analog: False
        Can contain Digital: True
        Is SIO: False
        SIO Output Buf: NONREGULATED
        SIO Input Buf: SINGLE_ENDED
        SIO HiFreq: LOW
        SIO Hyst: DISABLED
        SIO Vtrip: MULTIPLIER_0_5
        SIO Multiplier Index: 0
        SIO RefSel: VCC_IO
        Required Capabilities: DIGITAL
        Initial Value: 0
        IO Voltage: 0
    PORT MAP (
        pa_out => \LCD:LCDPort(2)\__PA ,
        pad => \LCD:LCDPort(2)_PAD\ );
    Properties:
    {
    }

[IoId=3]: 
Pin : Name = \LCD:LCDPort(3)\
    Attributes:
        In Group/Port: True
        In Sync Option: AUTO
        Out Sync Option: NOSYNC
        Interrupt generated: False
        Interrupt mode: NONE
        Drive mode: CMOS_OUT
        VTrip: EITHER
        Slew: FAST
        Input Sync needed: False
        Output Sync needed: False
        SC shield enabled: False
        POR State: ANY
        LCD Mode: COMMON
        Register Mode: RegComb
        CaSense Mode: NEITHER
        Treat as pin: False
        Is OE Registered: False
        Uses Analog: False
        Can contain Digital: True
        Is SIO: False
        SIO Output Buf: NONREGULATED
        SIO Input Buf: SINGLE_ENDED
        SIO HiFreq: LOW
        SIO Hyst: DISABLED
        SIO Vtrip: MULTIPLIER_0_5
        SIO Multiplier Index: 0
        SIO RefSel: VCC_IO
        Required Capabilities: DIGITAL
        Initial Value: 0
        IO Voltage: 0
    PORT MAP (
        pa_out => \LCD:LCDPort(3)\__PA ,
        pad => \LCD:LCDPort(3)_PAD\ );
    Properties:
    {
    }

[IoId=4]: 
Pin : Name = \LCD:LCDPort(4)\
    Attributes:
        In Group/Port: True
        In Sync Option: AUTO
        Out Sync Option: NOSYNC
        Interrupt generated: False
        Interrupt mode: NONE
        Drive mode: CMOS_OUT
        VTrip: EITHER
        Slew: FAST
        Input Sync needed: False
        Output Sync needed: False
        SC shield enabled: False
        POR State: ANY
        LCD Mode: COMMON
        Register Mode: RegComb
        CaSense Mode: NEITHER
        Treat as pin: False
        Is OE Registered: False
        Uses Analog: False
        Can contain Digital: True
        Is SIO: False
        SIO Output Buf: NONREGULATED
        SIO Input Buf: SINGLE_ENDED
        SIO HiFreq: LOW
        SIO Hyst: DISABLED
        SIO Vtrip: MULTIPLIER_0_5
        SIO Multiplier Index: 0
        SIO RefSel: VCC_IO
        Required Capabilities: DIGITAL
        Initial Value: 0
        IO Voltage: 0
    PORT MAP (
        pa_out => \LCD:LCDPort(4)\__PA ,
        pad => \LCD:LCDPort(4)_PAD\ );
    Properties:
    {
    }

[IoId=5]: 
Pin : Name = \LCD:LCDPort(5)\
    Attributes:
        In Group/Port: True
        In Sync Option: AUTO
        Out Sync Option: NOSYNC
        Interrupt generated: False
        Interrupt mode: NONE
        Drive mode: CMOS_OUT
        VTrip: EITHER
        Slew: FAST
        Input Sync needed: False
        Output Sync needed: False
        SC shield enabled: False
        POR State: ANY
        LCD Mode: COMMON
        Register Mode: RegComb
        CaSense Mode: NEITHER
        Treat as pin: False
        Is OE Registered: False
        Uses Analog: False
        Can contain Digital: True
        Is SIO: False
        SIO Output Buf: NONREGULATED
        SIO Input Buf: SINGLE_ENDED
        SIO HiFreq: LOW
        SIO Hyst: DISABLED
        SIO Vtrip: MULTIPLIER_0_5
        SIO Multiplier Index: 0
        SIO RefSel: VCC_IO
        Required Capabilities: DIGITAL
        Initial Value: 0
        IO Voltage: 0
    PORT MAP (
        pa_out => \LCD:LCDPort(5)\__PA ,
        pad => \LCD:LCDPort(5)_PAD\ );
    Properties:
    {
    }

[IoId=6]: 
Pin : Name = \LCD:LCDPort(6)\
    Attributes:
        In Group/Port: True
        In Sync Option: AUTO
        Out Sync Option: NOSYNC
        Interrupt generated: False
        Interrupt mode: NONE
        Drive mode: CMOS_OUT
        VTrip: EITHER
        Slew: FAST
        Input Sync needed: False
        Output Sync needed: False
        SC shield enabled: False
        POR State: ANY
        LCD Mode: COMMON
        Register Mode: RegComb
        CaSense Mode: NEITHER
        Treat as pin: False
        Is OE Registered: False
        Uses Analog: False
        Can contain Digital: True
        Is SIO: False
        SIO Output Buf: NONREGULATED
        SIO Input Buf: SINGLE_ENDED
        SIO HiFreq: LOW
        SIO Hyst: DISABLED
        SIO Vtrip: MULTIPLIER_0_5
        SIO Multiplier Index: 0
        SIO RefSel: VCC_IO
        Required Capabilities: DIGITAL
        Initial Value: 0
        IO Voltage: 0
    PORT MAP (
        pa_out => \LCD:LCDPort(6)\__PA ,
        pad => \LCD:LCDPort(6)_PAD\ );
    Properties:
    {
    }

[IoId=7]: 
Pin : Name = PIN_SW(0)
    Attributes:
        In Group/Port: True
        In Sync Option: NOSYNC
        Out Sync Option: AUTO
        Interrupt generated: True
        Interrupt mode: FALLING
        Drive mode: RES_PULL_UP
        VTrip: CMOS
        Slew: FAST
        Input Sync needed: False
        Output Sync needed: False
        SC shield enabled: False
        POR State: ANY
        LCD Mode: COMMON
        Register Mode: RegComb
        CaSense Mode: NEITHER
        Treat as pin: False
        Is OE Registered: False
        Uses Analog: False
        Can contain Digital: True
        Is SIO: False
        SIO Output Buf: NONREGULATED
        SIO Input Buf: SINGLE_ENDED
        SIO HiFreq: LOW
        SIO Hyst: DISABLED
        SIO Vtrip: MULTIPLIER_0_5
        SIO Multiplier Index: 0
        SIO RefSel: VCC_IO
        Required Capabilities: DIGITAL, PORT_INTERRUPT
        Initial Value: 1
        IO Voltage: 0
    PORT MAP (
        pa_out => PIN_SW(0)__PA ,
        pad => PIN_SW(0)_PAD );
    Properties:
    {
    }

Port 1 contains the following IO cells:
[IoId=2]: 
Pin : Name = IDAC_Neg(0)
    Attributes:
        In Group/Port: True
        In Sync Option: AUTO
        Out Sync Option: AUTO
        Interrupt generated: False
        Interrupt mode: NONE
        Drive mode: HI_Z_ANALOG
        VTrip: EITHER
        Slew: FAST
        Input Sync needed: False
        Output Sync needed: False
        SC shield enabled: False
        POR State: ANY
        LCD Mode: COMMON
        Register Mode: RegComb
        CaSense Mode: NEITHER
        Treat as pin: True
        Is OE Registered: False
        Uses Analog: True
        Can contain Digital: False
        Is SIO: False
        SIO Output Buf: NONREGULATED
        SIO Input Buf: SINGLE_ENDED
        SIO HiFreq: LOW
        SIO Hyst: DISABLED
        SIO Vtrip: MULTIPLIER_0_5
        SIO Multiplier Index: 0
        SIO RefSel: VCC_IO
        Required Capabilities: ANALOG
        Initial Value: 1
        IO Voltage: 0
    PORT MAP (
        pa_out => IDAC_Neg(0)__PA ,
        analog_term => Net_80 ,
        pad => IDAC_Neg(0)_PAD ,
        pin_input => __ONE__ );
    Properties:
    {
    }

[IoId=4]: 
Pin : Name = IDAC_Pos(0)
    Attributes:
        In Group/Port: True
        In Sync Option: AUTO
        Out Sync Option: AUTO
        Interrupt generated: False
        Interrupt mode: NONE
        Drive mode: HI_Z_ANALOG
        VTrip: EITHER
        Slew: FAST
        Input Sync needed: False
        Output Sync needed: False
        SC shield enabled: False
        POR State: ANY
        LCD Mode: COMMON
        Register Mode: RegComb
        CaSense Mode: NEITHER
        Treat as pin: True
        Is OE Registered: False
        Uses Analog: True
        Can contain Digital: False
        Is SIO: False
        SIO Output Buf: NONREGULATED
        SIO Input Buf: SINGLE_ENDED
        SIO HiFreq: LOW
        SIO Hyst: DISABLED
        SIO Vtrip: MULTIPLIER_0_5
        SIO Multiplier Index: 0
        SIO RefSel: VCC_IO
        Required Capabilities: ANALOG
        Initial Value: 1
        IO Voltage: 0
    PORT MAP (
        pa_out => IDAC_Pos(0)__PA ,
        analog_term => Net_79 ,
        pad => IDAC_Pos(0)_PAD ,
        pin_input => __ONE__ );
    Properties:
    {
    }

[IoId=6]: 
Pin : Name = PWM_V0(0)
    Attributes:
        In Group/Port: True
        In Sync Option: AUTO
        Out Sync Option: NOSYNC
        Interrupt generated: False
        Interrupt mode: NONE
        Drive mode: CMOS_OUT
        VTrip: EITHER
        Slew: FAST
        Input Sync needed: False
        Output Sync needed: False
        SC shield enabled: False
        POR State: ANY
        LCD Mode: COMMON
        Register Mode: RegComb
        CaSense Mode: NEITHER
        Treat as pin: True
        Is OE Registered: False
        Uses Analog: False
        Can contain Digital: True
        Is SIO: False
        SIO Output Buf: NONREGULATED
        SIO Input Buf: SINGLE_ENDED
        SIO HiFreq: LOW
        SIO Hyst: DISABLED
        SIO Vtrip: MULTIPLIER_0_5
        SIO Multiplier Index: 0
        SIO RefSel: VCC_IO
        Required Capabilities: DIGITAL
        Initial Value: 1
        IO Voltage: 0
    PORT MAP (
        pa_out => PWM_V0(0)__PA ,
        pin_input => Net_6 ,
        pad => PWM_V0(0)_PAD );
    Properties:
    {
    }

Port 2 contains the following IO cells:
[IoId=0]: 
Pin : Name = Val_Vout(0)
    Attributes:
        In Group/Port: True
        In Sync Option: AUTO
        Out Sync Option: AUTO
        Interrupt generated: False
        Interrupt mode: NONE
        Drive mode: HI_Z_ANALOG
        VTrip: EITHER
        Slew: FAST
        Input Sync needed: False
        Output Sync needed: False
        SC shield enabled: False
        POR State: ANY
        LCD Mode: COMMON
        Register Mode: RegComb
        CaSense Mode: NEITHER
        Treat as pin: True
        Is OE Registered: False
        Uses Analog: True
        Can contain Digital: False
        Is SIO: False
        SIO Output Buf: NONREGULATED
        SIO Input Buf: SINGLE_ENDED
        SIO HiFreq: LOW
        SIO Hyst: DISABLED
        SIO Vtrip: MULTIPLIER_0_5
        SIO Multiplier Index: 0
        SIO RefSel: VCC_IO
        Required Capabilities: ANALOG
        Initial Value: 1
        IO Voltage: 0
    PORT MAP (
        pa_out => Val_Vout(0)__PA ,
        analog_term => Net_273 ,
        pad => Val_Vout(0)_PAD );
    Properties:
    {
    }

[IoId=1]: 
Pin : Name = Val_duty(0)
    Attributes:
        In Group/Port: True
        In Sync Option: AUTO
        Out Sync Option: AUTO
        Interrupt generated: False
        Interrupt mode: NONE
        Drive mode: HI_Z_ANALOG
        VTrip: EITHER
        Slew: FAST
        Input Sync needed: False
        Output Sync needed: False
        SC shield enabled: False
        POR State: ANY
        LCD Mode: COMMON
        Register Mode: RegComb
        CaSense Mode: NEITHER
        Treat as pin: True
        Is OE Registered: False
        Uses Analog: True
        Can contain Digital: False
        Is SIO: False
        SIO Output Buf: NONREGULATED
        SIO Input Buf: SINGLE_ENDED
        SIO HiFreq: LOW
        SIO Hyst: DISABLED
        SIO Vtrip: MULTIPLIER_0_5
        SIO Multiplier Index: 0
        SIO RefSel: VCC_IO
        Required Capabilities: ANALOG
        Initial Value: 1
        IO Voltage: 0
    PORT MAP (
        pa_out => Val_duty(0)__PA ,
        analog_term => Net_272 ,
        pad => Val_duty(0)_PAD );
    Properties:
    {
    }

[IoId=2]: 
Pin : Name = Val_Peri(0)
    Attributes:
        In Group/Port: True
        In Sync Option: AUTO
        Out Sync Option: AUTO
        Interrupt generated: False
        Interrupt mode: NONE
        Drive mode: HI_Z_ANALOG
        VTrip: EITHER
        Slew: FAST
        Input Sync needed: False
        Output Sync needed: False
        SC shield enabled: False
        POR State: ANY
        LCD Mode: COMMON
        Register Mode: RegComb
        CaSense Mode: NEITHER
        Treat as pin: True
        Is OE Registered: False
        Uses Analog: True
        Can contain Digital: False
        Is SIO: False
        SIO Output Buf: NONREGULATED
        SIO Input Buf: SINGLE_ENDED
        SIO HiFreq: LOW
        SIO Hyst: DISABLED
        SIO Vtrip: MULTIPLIER_0_5
        SIO Multiplier Index: 0
        SIO RefSel: VCC_IO
        Required Capabilities: ANALOG
        Initial Value: 1
        IO Voltage: 0
    PORT MAP (
        pa_out => Val_Peri(0)__PA ,
        analog_term => Net_271 ,
        pad => Val_Peri(0)_PAD );
    Properties:
    {
    }

Port 3 contains the following IO cells:
Port 4 contains the following IO cells:
ARM group 0: empty
Clock group 0: 
    Clock Block @ F(Clock,0): 
    m0s8clockblockcell: Name =ClockBlock
        PORT MAP (
            hfclk => ClockBlock_HFClk ,
            imo => ClockBlock_IMO ,
            ext => ClockBlock_ExtClk ,
            sysclk => ClockBlock_SysClk ,
            ilo => ClockBlock_ILO ,
            lfclk => ClockBlock_LFClk ,
            dsi_in_0 => ClockBlock_Routed1 ,
            ff_div_7 => \ADC:Net_1845_ff7\ ,
            ff_div_8 => Net_3_ff8 ,
            ff_div_9 => Net_3_ff9 );
        Properties:
        {
        }
LCD group 0: empty
PICU group 0: empty
LPCOMP group 0: empty
SCB group 0: empty
CSD group 0: empty
CSIDAC8 group 0: 
    8-bit IDAC @ F(CSIDAC8,0): 
    p4csidac8cell: Name =\IDAC:cy_psoc4_idac\
        PORT MAP (
            iout => Net_13 ,
            en => __ONE__ );
        Properties:
        {
            cy_registers = ""
            resolution = 8
        }
CSIDAC7 group 0: empty
TCPWM group 0: 
    Tcpwm Block @ F(TCPWM,0): 
    m0s8tcpwmcell: Name =\PWM:cy_m0s8_tcpwm_1\
        PORT MAP (
            clock => Net_3_ff8 ,
            capture => zero ,
            count => tmpOE__Val_Peri_net_0 ,
            reload => zero ,
            stop => zero ,
            start => zero ,
            tr_underflow => Net_12 ,
            tr_overflow => Net_8 ,
            tr_compare_match => Net_2 ,
            line => Net_6 ,
            line_compl => Net_7 ,
            interrupt => Net_5 );
        Properties:
        {
            cy_registers = ""
        }
    Tcpwm Block @ F(TCPWM,1): 
    m0s8tcpwmcell: Name =\Timer_1:cy_m0s8_tcpwm_1\
        PORT MAP (
            clock => Net_3_ff9 ,
            capture => zero ,
            count => tmpOE__Val_Peri_net_0 ,
            reload => zero ,
            stop => zero ,
            start => zero ,
            tr_underflow => Net_322 ,
            tr_overflow => Net_358 ,
            tr_compare_match => Net_312 ,
            line => Net_316 ,
            line_compl => Net_317 ,
            interrupt => Net_315 );
        Properties:
        {
            cy_registers = ""
        }
OA group 0: empty
TEMP group 0: empty
SARADC group 0: 
    SAR ADC @ F(SARADC,0): 
    p4sarcell: Name =\ADC:cy_psoc4_sar\
        PORT MAP (
            vplus => \ADC:muxout_plus\ ,
            vminus => \ADC:muxout_minus\ ,
            vref => \ADC:Net_3113\ ,
            ext_vref => \ADC:Net_3225\ ,
            clock => \ADC:Net_1845_ff7\ ,
            sample_done => Net_265 ,
            chan_id_valid => \ADC:Net_3108\ ,
            chan_id_3 => \ADC:Net_3109_3\ ,
            chan_id_2 => \ADC:Net_3109_2\ ,
            chan_id_1 => \ADC:Net_3109_1\ ,
            chan_id_0 => \ADC:Net_3109_0\ ,
            data_valid => \ADC:Net_3110\ ,
            data_11 => \ADC:Net_3111_11\ ,
            data_10 => \ADC:Net_3111_10\ ,
            data_9 => \ADC:Net_3111_9\ ,
            data_8 => \ADC:Net_3111_8\ ,
            data_7 => \ADC:Net_3111_7\ ,
            data_6 => \ADC:Net_3111_6\ ,
            data_5 => \ADC:Net_3111_5\ ,
            data_4 => \ADC:Net_3111_4\ ,
            data_3 => \ADC:Net_3111_3\ ,
            data_2 => \ADC:Net_3111_2\ ,
            data_1 => \ADC:Net_3111_1\ ,
            data_0 => \ADC:Net_3111_0\ ,
            eos_intr => Net_264 ,
            irq => \ADC:Net_3112\ );
        Properties:
        {
            cy_registers = ""
        }
CLK_GEN group 0: 
    M0S8 Clock Gen Block @ F(CLK_GEN,0): 
    m0s8clockgenblockcell: Name =ClockGenBlock
        PORT MAP (
             );
        Properties:
        {
        }
LPCOMPBLOCK group 0: empty
PASSBLOCK group 0: empty
WCO group 0: empty
SRSS group 0: empty
CPUSS group 0: empty
EXCO group 0: empty

Blocks not positioned by the digital component placer:
    SAR Muxes @ <No Location>: 
    p4sarmuxcell: Name =\ADC:cy_psoc4_sarmux_8\
        PORT MAP (
            muxin_plus_2 => Net_273 ,
            muxin_plus_1 => Net_272 ,
            muxin_plus_0 => Net_271 ,
            muxin_minus_2 => \ADC:mux_bus_minus_2\ ,
            muxin_minus_1 => \ADC:mux_bus_minus_1\ ,
            muxin_minus_0 => \ADC:mux_bus_minus_0\ ,
            cmn_neg_0 => \ADC:Net_1851\ ,
            vout_plus => \ADC:muxout_plus\ ,
            vout_minus => \ADC:muxout_minus\ );
        Properties:
        {
            cmn_neg_width = 1
            cy_registers = ""
            input_mode = "000"
            muxin_width = 3
        }
    Amux Block @ <No Location>: 
    amuxcell: Name =AMux
        PORT MAP (
            muxin_1 => Net_80 ,
            muxin_0 => Net_79 ,
            vout => Net_13 );
        Properties:
        {
            api_type = 0
            connect_mode = 1
            cy_registers = ""
            hw_control = 0
            init_mux_sel = "00"
            muxin_width = 2
            one_active = 1
        }
</CYPRESSTAG>
<CYPRESSTAG name="Port Configuration Details">

------------------------------------------------------------
Port Configuration report
------------------------------------------------------------
     |     |       | Interrupt |                  |                  | 
Port | Pin | Fixed |      Type |       Drive Mode |             Name | Connections
-----+-----+-------+-----------+------------------+------------------+----------------------------
   0 |   0 |     * |      NONE |         CMOS_OUT | \LCD:LCDPort(0)\ | 
     |   1 |     * |      NONE |         CMOS_OUT | \LCD:LCDPort(1)\ | 
     |   2 |     * |      NONE |         CMOS_OUT | \LCD:LCDPort(2)\ | 
     |   3 |     * |      NONE |         CMOS_OUT | \LCD:LCDPort(3)\ | 
     |   4 |     * |      NONE |         CMOS_OUT | \LCD:LCDPort(4)\ | 
     |   5 |     * |      NONE |         CMOS_OUT | \LCD:LCDPort(5)\ | 
     |   6 |     * |      NONE |         CMOS_OUT | \LCD:LCDPort(6)\ | 
     |   7 |     * |   FALLING |      RES_PULL_UP |        PIN_SW(0) | 
-----+-----+-------+-----------+------------------+------------------+----------------------------
   1 |   2 |     * |      NONE |      HI_Z_ANALOG |      IDAC_Neg(0) | In(__ONE__), Analog(Net_80)
     |   4 |     * |      NONE |      HI_Z_ANALOG |      IDAC_Pos(0) | In(__ONE__), Analog(Net_79)
     |   6 |     * |      NONE |         CMOS_OUT |        PWM_V0(0) | In(Net_6)
-----+-----+-------+-----------+------------------+------------------+----------------------------
   2 |   0 |     * |      NONE |      HI_Z_ANALOG |      Val_Vout(0) | Analog(Net_273)
     |   1 |     * |      NONE |      HI_Z_ANALOG |      Val_duty(0) | Analog(Net_272)
     |   2 |     * |      NONE |      HI_Z_ANALOG |      Val_Peri(0) | Analog(Net_271)
--------------------------------------------------------------------------------------------------
</CYPRESSTAG>
</CYPRESSTAG>
</CYPRESSTAG>
Digital component placer commit/Report: Elapsed time ==> 0s.029ms
Digital Placement phase: Elapsed time ==> 0s.610ms
</CYPRESSTAG>
<CYPRESSTAG name="Digital Routing">
"C:\Program Files (x86)\Cypress\PSoC Creator\4.4\PSoC Creator\bin/sjrouter.exe" --xml-path "C:\Program Files (x86)\Cypress\PSoC Creator\4.4\PSoC Creator\dev\psoc4/psoc4a/route_arch-rrg.cydata" --vh2-path "Generador de Pulsos_r.vh2" --pcf-path "Generador de Pulsos.pco" --des-name "Generador de Pulsos" --dsf-path "Generador de Pulsos.dsf" --sdc-path "Generador de Pulsos.sdc" --lib-path "Generador de Pulsos_r.lib"
Routing successful.
Digital Routing phase: Elapsed time ==> 0s.739ms
</CYPRESSTAG>
<CYPRESSTAG name="Bitstream Generation">
Bitstream Generation phase: Elapsed time ==> 0s.290ms
</CYPRESSTAG>
<CYPRESSTAG name="Bitstream Verification">
Bitstream Verification phase: Elapsed time ==> 0s.050ms
</CYPRESSTAG>
<CYPRESSTAG name="Static timing analysis">
Timing report is in Generador de Pulsos_timing.html.
Static timing analysis phase: Elapsed time ==> 0s.249ms
</CYPRESSTAG>
<CYPRESSTAG name="Data reporting">
Data reporting phase: Elapsed time ==> 0s.000ms
</CYPRESSTAG>
<CYPRESSTAG name="Database update...">
Design database save phase: Elapsed time ==> 0s.229ms
</CYPRESSTAG>
cydsfit: Elapsed time ==> 2s.829ms
</CYPRESSTAG>
Fitter phase: Elapsed time ==> 2s.829ms
API generation phase: Elapsed time ==> 2s.139ms
Dependency generation phase: Elapsed time ==> 0s.030ms
Cleanup phase: Elapsed time ==> 0s.000ms
