ARM GAS  C:\Users\Jeremias\AppData\Local\Temp\ccfqVWwO.s 			page 1


   1              		.syntax unified
   2              		.cpu cortex-m0
   3              		.fpu softvfp
   4              		.eabi_attribute 20, 1
   5              		.eabi_attribute 21, 1
   6              		.eabi_attribute 23, 3
   7              		.eabi_attribute 24, 1
   8              		.eabi_attribute 25, 1
   9              		.eabi_attribute 26, 1
  10              		.eabi_attribute 30, 6
  11              		.eabi_attribute 34, 0
  12              		.eabi_attribute 18, 4
  13              		.thumb
  14              		.syntax unified
  15              		.file	"main.c"
  16              		.text
  17              	.Ltext0:
  18              		.cfi_sections	.debug_frame
  19              		.section	.text.main,"ax",%progbits
  20              		.align	2
  21              		.global	main
  22              		.code	16
  23              		.thumb_func
  24              		.type	main, %function
  25              	main:
  26              	.LFB32:
  27              		.file 1 "main.c"
   1:main.c        **** /******************************************************************************
   2:main.c        **** * Project Name		: Bootloadable Blinking LED
   3:main.c        **** * File Name			: main.c
   4:main.c        **** * Version 			: 1.0
   5:main.c        **** * Device Used		: CY8C4245AXI-483
   6:main.c        **** * Software Used		: PSoC Creator 3.1
   7:main.c        **** * Compiler    		: ARMGCC 4.8.4, ARM RVDS Generic, ARM MDK Generic
   8:main.c        **** * Related Hardware	: CY8CKIT-049-42xx PSoC 4 Prototyping Kit 
   9:main.c        **** *
  10:main.c        **** ********************************************************************************
  11:main.c        **** * Copyright (2015), Cypress Semiconductor Corporation. All Rights Reserved.
  12:main.c        **** ********************************************************************************
  13:main.c        **** * This software is owned by Cypress Semiconductor Corporation (Cypress)
  14:main.c        **** * and is protected by and subject to worldwide patent protection (United
  15:main.c        **** * States and foreign), United States copyright laws and international treaty
  16:main.c        **** * provisions. Cypress hereby grants to licensee a personal, non-exclusive,
  17:main.c        **** * non-transferable license to copy, use, modify, create derivative works of,
  18:main.c        **** * and compile the Cypress Source Code and derivative works for the sole
  19:main.c        **** * purpose of creating custom software in support of licensee product to be
  20:main.c        **** * used only in conjunction with a Cypress integrated circuit as specified in
  21:main.c        **** * the applicable agreement. Any reproduction, modification, translation,
  22:main.c        **** * compilation, or representation of this software except as specified above 
  23:main.c        **** * is prohibited without the express written permission of Cypress.
  24:main.c        **** *
  25:main.c        **** * Disclaimer: CYPRESS MAKES NO WARRANTY OF ANY KIND, EXPRESS OR IMPLIED, WITH 
  26:main.c        **** * REGARD TO THIS MATERIAL, INCLUDING, BUT NOT LIMITED TO, THE IMPLIED 
  27:main.c        **** * WARRANTIES OF MERCHANTABILITY AND FITNESS FOR A PARTICULAR PURPOSE.
  28:main.c        **** * Cypress reserves the right to make changes without further notice to the 
  29:main.c        **** * materials described herein. Cypress does not assume any liability arising out 
  30:main.c        **** * of the application or use of any product or circuit described herein. Cypress 
ARM GAS  C:\Users\Jeremias\AppData\Local\Temp\ccfqVWwO.s 			page 2


  31:main.c        **** * does not authorize its products for use as critical components in life-support 
  32:main.c        **** * systems where a malfunction or failure may reasonably be expected to result in 
  33:main.c        **** * significant injury to the user. The inclusion of Cypress' product in a life-
  34:main.c        **** * support systems application implies that the manufacturer assumes all risk of 
  35:main.c        **** * such use and in doing so indemnifies Cypress against all charges. 
  36:main.c        **** *
  37:main.c        **** * Use of this Software may be limited by and subject to the applicable Cypress
  38:main.c        **** * software license agreement. 
  39:main.c        **** *******************************************************************************/
  40:main.c        **** 
  41:main.c        **** /******************************************************************************
  42:main.c        **** *                           THEORY OF OPERATION
  43:main.c        **** * This is a blinking LED project. A PWM component drives the pin to blink the 
  44:main.c        **** * LED at regular intervals. This project contains a bootloadable component so 
  45:main.c        **** * that it can be bootloaded into PSoC 4 which has a bootloader already programmed 
  46:main.c        **** * into it.
  47:main.c        **** * Default UART Port Configuration for bootloading the PSoC 4 in CY8CKIT-049-42xx
  48:main.c        **** * Baud Rate : 115200 bps
  49:main.c        **** * Data Bits : 8
  50:main.c        **** * Stop Bits : 1
  51:main.c        **** * Parity    : None
  52:main.c        **** ******************************************************************************/
  53:main.c        **** #include <project.h>
  54:main.c        **** 
  55:main.c        **** int main()
  56:main.c        **** {
  28              		.loc 1 56 0
  29              		.cfi_startproc
  30              		@ args = 0, pretend = 0, frame = 0
  31              		@ frame_needed = 1, uses_anonymous_args = 0
  32 0000 80B5     		push	{r7, lr}
  33              		.cfi_def_cfa_offset 8
  34              		.cfi_offset 7, -8
  35              		.cfi_offset 14, -4
  36 0002 00AF     		add	r7, sp, #0
  37              		.cfi_def_cfa_register 7
  38              	.L4:
  57:main.c        **** 	while(1)
  58:main.c        ****     {
  59:main.c        ****         if(Pin_SW1_Read())
  39              		.loc 1 59 0
  40 0004 FFF7FEFF 		bl	Pin_SW1_Read
  41 0008 031E     		subs	r3, r0, #0
  42 000a 0BD0     		beq	.L2
  60:main.c        ****         {
  61:main.c        ****          PinEXT_Write(~PinEXT_Read());
  43              		.loc 1 61 0
  44 000c FFF7FEFF 		bl	PinEXT_Read
  45 0010 0300     		movs	r3, r0
  46 0012 DB43     		mvns	r3, r3
  47 0014 DBB2     		uxtb	r3, r3
  48 0016 1800     		movs	r0, r3
  49 0018 FFF7FEFF 		bl	PinEXT_Write
  62:main.c        ****          CyDelay(250);
  50              		.loc 1 62 0
  51 001c FA20     		movs	r0, #250
  52 001e FFF7FEFF 		bl	CyDelay
ARM GAS  C:\Users\Jeremias\AppData\Local\Temp\ccfqVWwO.s 			page 3


  53 0022 EFE7     		b	.L4
  54              	.L2:
  63:main.c        ****         }
  64:main.c        ****         else
  65:main.c        ****          PinEXT_Write(0);
  55              		.loc 1 65 0
  56 0024 0020     		movs	r0, #0
  57 0026 FFF7FEFF 		bl	PinEXT_Write
  66:main.c        ****     }
  58              		.loc 1 66 0
  59 002a EBE7     		b	.L4
  60              		.cfi_endproc
  61              	.LFE32:
  62              		.size	main, .-main
  63              		.text
  64              	.Letext0:
  65              		.section	.debug_info,"",%progbits
  66              	.Ldebug_info0:
  67 0000 A0000000 		.4byte	0xa0
  68 0004 0400     		.2byte	0x4
  69 0006 00000000 		.4byte	.Ldebug_abbrev0
  70 000a 04       		.byte	0x4
  71 000b 01       		.uleb128 0x1
  72 000c 2A010000 		.4byte	.LASF14
  73 0010 0C       		.byte	0xc
  74 0011 97000000 		.4byte	.LASF15
  75 0015 1B000000 		.4byte	.LASF16
  76 0019 00000000 		.4byte	.Ldebug_ranges0+0
  77 001d 00000000 		.4byte	0
  78 0021 00000000 		.4byte	.Ldebug_line0
  79 0025 02       		.uleb128 0x2
  80 0026 01       		.byte	0x1
  81 0027 06       		.byte	0x6
  82 0028 08010000 		.4byte	.LASF0
  83 002c 02       		.uleb128 0x2
  84 002d 01       		.byte	0x1
  85 002e 08       		.byte	0x8
  86 002f D2000000 		.4byte	.LASF1
  87 0033 02       		.uleb128 0x2
  88 0034 02       		.byte	0x2
  89 0035 05       		.byte	0x5
  90 0036 20010000 		.4byte	.LASF2
  91 003a 02       		.uleb128 0x2
  92 003b 02       		.byte	0x2
  93 003c 07       		.byte	0x7
  94 003d F5000000 		.4byte	.LASF3
  95 0041 02       		.uleb128 0x2
  96 0042 04       		.byte	0x4
  97 0043 05       		.byte	0x5
  98 0044 E5000000 		.4byte	.LASF4
  99 0048 02       		.uleb128 0x2
 100 0049 04       		.byte	0x4
 101 004a 07       		.byte	0x7
 102 004b A3000000 		.4byte	.LASF5
 103 004f 02       		.uleb128 0x2
 104 0050 08       		.byte	0x8
 105 0051 05       		.byte	0x5
ARM GAS  C:\Users\Jeremias\AppData\Local\Temp\ccfqVWwO.s 			page 4


 106 0052 00000000 		.4byte	.LASF6
 107 0056 02       		.uleb128 0x2
 108 0057 08       		.byte	0x8
 109 0058 07       		.byte	0x7
 110 0059 B5000000 		.4byte	.LASF7
 111 005d 03       		.uleb128 0x3
 112 005e 04       		.byte	0x4
 113 005f 05       		.byte	0x5
 114 0060 696E7400 		.ascii	"int\000"
 115 0064 02       		.uleb128 0x2
 116 0065 04       		.byte	0x4
 117 0066 07       		.byte	0x7
 118 0067 0E000000 		.4byte	.LASF8
 119 006b 02       		.uleb128 0x2
 120 006c 04       		.byte	0x4
 121 006d 04       		.byte	0x4
 122 006e CC000000 		.4byte	.LASF9
 123 0072 02       		.uleb128 0x2
 124 0073 08       		.byte	0x8
 125 0074 04       		.byte	0x4
 126 0075 EE000000 		.4byte	.LASF10
 127 0079 02       		.uleb128 0x2
 128 007a 01       		.byte	0x1
 129 007b 08       		.byte	0x8
 130 007c E0000000 		.4byte	.LASF11
 131 0080 02       		.uleb128 0x2
 132 0081 08       		.byte	0x8
 133 0082 04       		.byte	0x4
 134 0083 14010000 		.4byte	.LASF12
 135 0087 02       		.uleb128 0x2
 136 0088 04       		.byte	0x4
 137 0089 07       		.byte	0x7
 138 008a B8010000 		.4byte	.LASF13
 139 008e 04       		.uleb128 0x4
 140 008f 9E000000 		.4byte	.LASF17
 141 0093 01       		.byte	0x1
 142 0094 37       		.byte	0x37
 143 0095 5D000000 		.4byte	0x5d
 144 0099 00000000 		.4byte	.LFB32
 145 009d 2C000000 		.4byte	.LFE32-.LFB32
 146 00a1 01       		.uleb128 0x1
 147 00a2 9C       		.byte	0x9c
 148 00a3 00       		.byte	0
 149              		.section	.debug_abbrev,"",%progbits
 150              	.Ldebug_abbrev0:
 151 0000 01       		.uleb128 0x1
 152 0001 11       		.uleb128 0x11
 153 0002 01       		.byte	0x1
 154 0003 25       		.uleb128 0x25
 155 0004 0E       		.uleb128 0xe
 156 0005 13       		.uleb128 0x13
 157 0006 0B       		.uleb128 0xb
 158 0007 03       		.uleb128 0x3
 159 0008 0E       		.uleb128 0xe
 160 0009 1B       		.uleb128 0x1b
 161 000a 0E       		.uleb128 0xe
 162 000b 55       		.uleb128 0x55
ARM GAS  C:\Users\Jeremias\AppData\Local\Temp\ccfqVWwO.s 			page 5


 163 000c 17       		.uleb128 0x17
 164 000d 11       		.uleb128 0x11
 165 000e 01       		.uleb128 0x1
 166 000f 10       		.uleb128 0x10
 167 0010 17       		.uleb128 0x17
 168 0011 00       		.byte	0
 169 0012 00       		.byte	0
 170 0013 02       		.uleb128 0x2
 171 0014 24       		.uleb128 0x24
 172 0015 00       		.byte	0
 173 0016 0B       		.uleb128 0xb
 174 0017 0B       		.uleb128 0xb
 175 0018 3E       		.uleb128 0x3e
 176 0019 0B       		.uleb128 0xb
 177 001a 03       		.uleb128 0x3
 178 001b 0E       		.uleb128 0xe
 179 001c 00       		.byte	0
 180 001d 00       		.byte	0
 181 001e 03       		.uleb128 0x3
 182 001f 24       		.uleb128 0x24
 183 0020 00       		.byte	0
 184 0021 0B       		.uleb128 0xb
 185 0022 0B       		.uleb128 0xb
 186 0023 3E       		.uleb128 0x3e
 187 0024 0B       		.uleb128 0xb
 188 0025 03       		.uleb128 0x3
 189 0026 08       		.uleb128 0x8
 190 0027 00       		.byte	0
 191 0028 00       		.byte	0
 192 0029 04       		.uleb128 0x4
 193 002a 2E       		.uleb128 0x2e
 194 002b 00       		.byte	0
 195 002c 3F       		.uleb128 0x3f
 196 002d 19       		.uleb128 0x19
 197 002e 03       		.uleb128 0x3
 198 002f 0E       		.uleb128 0xe
 199 0030 3A       		.uleb128 0x3a
 200 0031 0B       		.uleb128 0xb
 201 0032 3B       		.uleb128 0x3b
 202 0033 0B       		.uleb128 0xb
 203 0034 49       		.uleb128 0x49
 204 0035 13       		.uleb128 0x13
 205 0036 11       		.uleb128 0x11
 206 0037 01       		.uleb128 0x1
 207 0038 12       		.uleb128 0x12
 208 0039 06       		.uleb128 0x6
 209 003a 40       		.uleb128 0x40
 210 003b 18       		.uleb128 0x18
 211 003c 9642     		.uleb128 0x2116
 212 003e 19       		.uleb128 0x19
 213 003f 00       		.byte	0
 214 0040 00       		.byte	0
 215 0041 00       		.byte	0
 216              		.section	.debug_aranges,"",%progbits
 217 0000 1C000000 		.4byte	0x1c
 218 0004 0200     		.2byte	0x2
 219 0006 00000000 		.4byte	.Ldebug_info0
ARM GAS  C:\Users\Jeremias\AppData\Local\Temp\ccfqVWwO.s 			page 6


 220 000a 04       		.byte	0x4
 221 000b 00       		.byte	0
 222 000c 0000     		.2byte	0
 223 000e 0000     		.2byte	0
 224 0010 00000000 		.4byte	.LFB32
 225 0014 2C000000 		.4byte	.LFE32-.LFB32
 226 0018 00000000 		.4byte	0
 227 001c 00000000 		.4byte	0
 228              		.section	.debug_ranges,"",%progbits
 229              	.Ldebug_ranges0:
 230 0000 00000000 		.4byte	.LFB32
 231 0004 2C000000 		.4byte	.LFE32
 232 0008 00000000 		.4byte	0
 233 000c 00000000 		.4byte	0
 234              		.section	.debug_line,"",%progbits
 235              	.Ldebug_line0:
 236 0000 37000000 		.section	.debug_str,"MS",%progbits,1
 236      02001D00 
 236      00000201 
 236      FB0E0D00 
 236      01010101 
 237              	.LASF6:
 238 0000 6C6F6E67 		.ascii	"long long int\000"
 238      206C6F6E 
 238      6720696E 
 238      7400
 239              	.LASF8:
 240 000e 756E7369 		.ascii	"unsigned int\000"
 240      676E6564 
 240      20696E74 
 240      00
 241              	.LASF16:
 242 001b 443A5C45 		.ascii	"D:\\ESCRITORIO\\Tesis MIB\\Proyecto de Tesis\\elect"
 242      53435249 
 242      544F5249 
 242      4F5C5465 
 242      73697320 
 243 004a 726F6573 		.ascii	"roestimulador\\PSoC\\PRUEBAS\\SCB_Bootloader\\Bootl"
 243      74696D75 
 243      6C61646F 
 243      725C5053 
 243      6F435C50 
 244 0079 6F616461 		.ascii	"oadable Blinking LED_M0.cydsn\000"
 244      626C6520 
 244      426C696E 
 244      6B696E67 
 244      204C4544 
 245              	.LASF15:
 246 0097 6D61696E 		.ascii	"main.c\000"
 246      2E6300
 247              	.LASF17:
 248 009e 6D61696E 		.ascii	"main\000"
 248      00
 249              	.LASF5:
 250 00a3 6C6F6E67 		.ascii	"long unsigned int\000"
 250      20756E73 
 250      69676E65 
ARM GAS  C:\Users\Jeremias\AppData\Local\Temp\ccfqVWwO.s 			page 7


 250      6420696E 
 250      7400
 251              	.LASF7:
 252 00b5 6C6F6E67 		.ascii	"long long unsigned int\000"
 252      206C6F6E 
 252      6720756E 
 252      7369676E 
 252      65642069 
 253              	.LASF9:
 254 00cc 666C6F61 		.ascii	"float\000"
 254      7400
 255              	.LASF1:
 256 00d2 756E7369 		.ascii	"unsigned char\000"
 256      676E6564 
 256      20636861 
 256      7200
 257              	.LASF11:
 258 00e0 63686172 		.ascii	"char\000"
 258      00
 259              	.LASF4:
 260 00e5 6C6F6E67 		.ascii	"long int\000"
 260      20696E74 
 260      00
 261              	.LASF10:
 262 00ee 646F7562 		.ascii	"double\000"
 262      6C6500
 263              	.LASF3:
 264 00f5 73686F72 		.ascii	"short unsigned int\000"
 264      7420756E 
 264      7369676E 
 264      65642069 
 264      6E7400
 265              	.LASF0:
 266 0108 7369676E 		.ascii	"signed char\000"
 266      65642063 
 266      68617200 
 267              	.LASF12:
 268 0114 6C6F6E67 		.ascii	"long double\000"
 268      20646F75 
 268      626C6500 
 269              	.LASF2:
 270 0120 73686F72 		.ascii	"short int\000"
 270      7420696E 
 270      7400
 271              	.LASF14:
 272 012a 474E5520 		.ascii	"GNU C11 5.4.1 20160609 (release) [ARM/embedded-5-br"
 272      43313120 
 272      352E342E 
 272      31203230 
 272      31363036 
 273 015d 616E6368 		.ascii	"anch revision 237715] -mcpu=cortex-m0 -mthumb -g -O"
 273      20726576 
 273      6973696F 
 273      6E203233 
 273      37373135 
 274 0190 30202D66 		.ascii	"0 -ffunction-sections -ffat-lto-objects\000"
 274      66756E63 
ARM GAS  C:\Users\Jeremias\AppData\Local\Temp\ccfqVWwO.s 			page 8


 274      74696F6E 
 274      2D736563 
 274      74696F6E 
 275              	.LASF13:
 276 01b8 73697A65 		.ascii	"sizetype\000"
 276      74797065 
 276      00
 277              		.ident	"GCC: (GNU Tools for ARM Embedded Processors) 5.4.1 20160609 (release) [ARM/embedded-5-bran
