--------------- Rebuild Started: 12/19/2020 08:18:05 Project: prueba VDAC_Rampa, Configuration: ARM GCC 5.4-2016-q2-update Debug ---------------
Deleting file ".\CortexM0\ARM_GCC_541\Debug\mainRAMPA.o"
Deleting file ".\CortexM0\ARM_GCC_541\Debug\cyfitter_cfg.o"
Deleting file ".\CortexM0\ARM_GCC_541\Debug\cybootloader.o"
Deleting file ".\CortexM0\ARM_GCC_541\Debug\cymetadata.o"
Deleting file ".\CortexM0\ARM_GCC_541\Debug\Bootloadable_1.o"
Deleting file ".\CortexM0\ARM_GCC_541\Debug\IDAC_1.o"
Deleting file ".\CortexM0\ARM_GCC_541\Debug\IDAC_1_PM.o"
Deleting file ".\CortexM0\ARM_GCC_541\Debug\Cm0Start.o"
Deleting file ".\CortexM0\ARM_GCC_541\Debug\CyFlash.o"
Deleting file ".\CortexM0\ARM_GCC_541\Debug\CyLib.o"
Deleting file ".\CortexM0\ARM_GCC_541\Debug\cyPm.o"
Deleting file ".\CortexM0\ARM_GCC_541\Debug\cyutils.o"
Deleting file ".\CortexM0\ARM_GCC_541\Debug\CyBootAsmGnu.o"
Deleting file ".\CortexM0\ARM_GCC_541\Debug\CyLFClk.o"
Deleting file ".\CortexM0\ARM_GCC_541\Debug\cy_em_eeprom.o"
Deleting file ".\CortexM0\ARM_GCC_541\Debug\Opamp1.o"
Deleting file ".\CortexM0\ARM_GCC_541\Debug\Opamp1_PM.o"
Deleting file ".\CortexM0\ARM_GCC_541\Debug\Vout.o"
Deleting file ".\CortexM0\ARM_GCC_541\Debug\Vout_PM.o"
Deleting file ".\CortexM0\ARM_GCC_541\Debug\Vpos.o"
Deleting file ".\CortexM0\ARM_GCC_541\Debug\Vpos_PM.o"
Deleting file ".\CortexM0\ARM_GCC_541\Debug\Vinv.o"
Deleting file ".\CortexM0\ARM_GCC_541\Debug\Vinv_PM.o"
Deleting file ".\CortexM0\ARM_GCC_541\Debug\SW1_RAMPA.o"
Deleting file ".\CortexM0\ARM_GCC_541\Debug\SW1_RAMPA_PM.o"
Deleting file ".\CortexM0\ARM_GCC_541\Debug\ONOFF_RAMPA.o"
Deleting file ".\CortexM0\ARM_GCC_541\Debug\prueba VDAC_Rampa.hex"
Deleting file ".\CortexM0\ARM_GCC_541\Debug\prueba VDAC_Rampa.elf"
Deleting file ".\CortexM0\ARM_GCC_541\Debug\prueba VDAC_Rampa.map"
Deleting file ".\CortexM0\ARM_GCC_541\Debug\prueba VDAC_Rampa.cyacd"
Deleting file ".\prueba VDAC_Rampa.cycdx"
Deleting file ".\prueba VDAC_Rampa.svd"
Deleting file ".\prueba VDAC_Rampa.rpt"
Deleting file ".\prueba VDAC_Rampa_timing.html"
Deleting file ".\CortexM0\ARM_GCC_541\Debug\.deps\SOURCE_C__ARM_GCC_GENERIC.P"
Deleting file ".\CortexM0\ARM_GCC_541\Debug\.deps\SOURCE_ASM__ARM_GCC_GENERIC.P"
cydsfit.exe -.appdatapath "C:\Users\Jeremias\AppData\Local\Cypress Semiconductor\PSoC Creator\4.4" -.fdsnotice -.fdswarpdepfile=warp_dependencies.txt -.fdselabdepfile=elab_dependencies.txt -.fdsbldfile=generated_files.txt -.fdsreffile=referenced_files.txt -p "D:\ESCRITORIO\Tesis MIB\Proyecto de Tesis\electroestimulador\PSoC\electroestimulador\Pruebas electroestimulador\prueba VDAC_Rampa.cydsn\prueba VDAC_Rampa.cyprj" -d CY8C4245AXI-483 -s "D:\ESCRITORIO\Tesis MIB\Proyecto de Tesis\electroestimulador\PSoC\electroestimulador\Pruebas electroestimulador\prueba VDAC_Rampa.cydsn\Generated_Source\PSoC4" -- -yv2 -q10 -ygs -o2 -v3 -.fftcfgtype=LE
Elaborating Design...
HDL Generation...
Synthesis...
Tech Mapping...
Analog Placement...
Analog Routing...
Analog Code Generation...
Digital Placement...
Digital Routing...
Bitstream Generation...
Bitstream Verification...
Static timing analysis...
API Generation...
Dependency Generation...
Cleanup...
arm-none-eabi-gcc.exe -mcpu=cortex-m0 -mthumb -I. -IGenerated_Source\PSoC4 -Wa,-alh=.\CortexM0\ARM_GCC_541\Debug/mainRAMPA.lst -g -D DEBUG -D CY_CORE_ID=0 -Wall -ffunction-sections -ffat-lto-objects -Og -c mainRAMPA.c -o .\CortexM0\ARM_GCC_541\Debug\mainRAMPA.o
arm-none-eabi-gcc.exe -mcpu=cortex-m0 -mthumb -I. -IGenerated_Source\PSoC4 -Wa,-alh=.\CortexM0\ARM_GCC_541\Debug/cyfitter_cfg.lst -g -D DEBUG -D CY_CORE_ID=0 -Wall -ffunction-sections -ffat-lto-objects -Og -c Generated_Source\PSoC4\cyfitter_cfg.c -o .\CortexM0\ARM_GCC_541\Debug\cyfitter_cfg.o
arm-none-eabi-gcc.exe -mcpu=cortex-m0 -mthumb -I. -IGenerated_Source\PSoC4 -Wa,-alh=.\CortexM0\ARM_GCC_541\Debug/cybootloader.lst -g -D DEBUG -D CY_CORE_ID=0 -Wall -ffunction-sections -ffat-lto-objects -Og -c Generated_Source\PSoC4\cybootloader.c -o .\CortexM0\ARM_GCC_541\Debug\cybootloader.o
arm-none-eabi-gcc.exe -mcpu=cortex-m0 -mthumb -I. -IGenerated_Source\PSoC4 -Wa,-alh=.\CortexM0\ARM_GCC_541\Debug/cymetadata.lst -g -D DEBUG -D CY_CORE_ID=0 -Wall -ffunction-sections -ffat-lto-objects -Og -c Generated_Source\PSoC4\cymetadata.c -o .\CortexM0\ARM_GCC_541\Debug\cymetadata.o
arm-none-eabi-gcc.exe -mcpu=cortex-m0 -mthumb -I. -IGenerated_Source\PSoC4 -Wa,-alh=.\CortexM0\ARM_GCC_541\Debug/Bootloadable_1.lst -g -D DEBUG -D CY_CORE_ID=0 -Wall -ffunction-sections -ffat-lto-objects -Og -c Generated_Source\PSoC4\Bootloadable_1.c -o .\CortexM0\ARM_GCC_541\Debug\Bootloadable_1.o
arm-none-eabi-gcc.exe -mcpu=cortex-m0 -mthumb -I. -IGenerated_Source\PSoC4 -Wa,-alh=.\CortexM0\ARM_GCC_541\Debug/IDAC_1.lst -g -D DEBUG -D CY_CORE_ID=0 -Wall -ffunction-sections -ffat-lto-objects -Og -c Generated_Source\PSoC4\IDAC_1.c -o .\CortexM0\ARM_GCC_541\Debug\IDAC_1.o
arm-none-eabi-gcc.exe -mcpu=cortex-m0 -mthumb -I. -IGenerated_Source\PSoC4 -Wa,-alh=.\CortexM0\ARM_GCC_541\Debug/IDAC_1_PM.lst -g -D DEBUG -D CY_CORE_ID=0 -Wall -ffunction-sections -ffat-lto-objects -Og -c Generated_Source\PSoC4\IDAC_1_PM.c -o .\CortexM0\ARM_GCC_541\Debug\IDAC_1_PM.o
arm-none-eabi-gcc.exe -mcpu=cortex-m0 -mthumb -I. -IGenerated_Source\PSoC4 -Wa,-alh=.\CortexM0\ARM_GCC_541\Debug/Cm0Start.lst -g -D DEBUG -D CY_CORE_ID=0 -Wall -ffunction-sections -ffat-lto-objects -Og -c Generated_Source\PSoC4\Cm0Start.c -o .\CortexM0\ARM_GCC_541\Debug\Cm0Start.o
arm-none-eabi-gcc.exe -mcpu=cortex-m0 -mthumb -I. -IGenerated_Source\PSoC4 -Wa,-alh=.\CortexM0\ARM_GCC_541\Debug/CyFlash.lst -g -D DEBUG -D CY_CORE_ID=0 -Wall -ffunction-sections -ffat-lto-objects -Og -c Generated_Source\PSoC4\CyFlash.c -o .\CortexM0\ARM_GCC_541\Debug\CyFlash.o
arm-none-eabi-gcc.exe -mcpu=cortex-m0 -mthumb -I. -IGenerated_Source\PSoC4 -Wa,-alh=.\CortexM0\ARM_GCC_541\Debug/CyLib.lst -g -D DEBUG -D CY_CORE_ID=0 -Wall -ffunction-sections -ffat-lto-objects -Og -c Generated_Source\PSoC4\CyLib.c -o .\CortexM0\ARM_GCC_541\Debug\CyLib.o
arm-none-eabi-gcc.exe -mcpu=cortex-m0 -mthumb -I. -IGenerated_Source\PSoC4 -Wa,-alh=.\CortexM0\ARM_GCC_541\Debug/cyPm.lst -g -D DEBUG -D CY_CORE_ID=0 -Wall -ffunction-sections -ffat-lto-objects -Og -c Generated_Source\PSoC4\cyPm.c -o .\CortexM0\ARM_GCC_541\Debug\cyPm.o
arm-none-eabi-gcc.exe -mcpu=cortex-m0 -mthumb -I. -IGenerated_Source\PSoC4 -Wa,-alh=.\CortexM0\ARM_GCC_541\Debug/cyutils.lst -g -D DEBUG -D CY_CORE_ID=0 -Wall -ffunction-sections -ffat-lto-objects -Og -c Generated_Source\PSoC4\cyutils.c -o .\CortexM0\ARM_GCC_541\Debug\cyutils.o
arm-none-eabi-gcc.exe -mcpu=cortex-m0 -mthumb -I. -IGenerated_Source\PSoC4 -Wa,-alh=.\CortexM0\ARM_GCC_541\Debug/CyLFClk.lst -g -D DEBUG -D CY_CORE_ID=0 -Wall -ffunction-sections -ffat-lto-objects -Og -c Generated_Source\PSoC4\CyLFClk.c -o .\CortexM0\ARM_GCC_541\Debug\CyLFClk.o
arm-none-eabi-gcc.exe -mcpu=cortex-m0 -mthumb -I. -IGenerated_Source\PSoC4 -Wa,-alh=.\CortexM0\ARM_GCC_541\Debug/cy_em_eeprom.lst -g -D DEBUG -D CY_CORE_ID=0 -Wall -ffunction-sections -ffat-lto-objects -Og -c Generated_Source\PSoC4\cy_em_eeprom.c -o .\CortexM0\ARM_GCC_541\Debug\cy_em_eeprom.o
arm-none-eabi-gcc.exe -mcpu=cortex-m0 -mthumb -I. -IGenerated_Source\PSoC4 -Wa,-alh=.\CortexM0\ARM_GCC_541\Debug/Opamp1.lst -g -D DEBUG -D CY_CORE_ID=0 -Wall -ffunction-sections -ffat-lto-objects -Og -c Generated_Source\PSoC4\Opamp1.c -o .\CortexM0\ARM_GCC_541\Debug\Opamp1.o
arm-none-eabi-gcc.exe -mcpu=cortex-m0 -mthumb -I. -IGenerated_Source\PSoC4 -Wa,-alh=.\CortexM0\ARM_GCC_541\Debug/Opamp1_PM.lst -g -D DEBUG -D CY_CORE_ID=0 -Wall -ffunction-sections -ffat-lto-objects -Og -c Generated_Source\PSoC4\Opamp1_PM.c -o .\CortexM0\ARM_GCC_541\Debug\Opamp1_PM.o
arm-none-eabi-gcc.exe -mcpu=cortex-m0 -mthumb -I. -IGenerated_Source\PSoC4 -Wa,-alh=.\CortexM0\ARM_GCC_541\Debug/Vout.lst -g -D DEBUG -D CY_CORE_ID=0 -Wall -ffunction-sections -ffat-lto-objects -Og -c Generated_Source\PSoC4\Vout.c -o .\CortexM0\ARM_GCC_541\Debug\Vout.o
arm-none-eabi-gcc.exe -mcpu=cortex-m0 -mthumb -I. -IGenerated_Source\PSoC4 -Wa,-alh=.\CortexM0\ARM_GCC_541\Debug/Vout_PM.lst -g -D DEBUG -D CY_CORE_ID=0 -Wall -ffunction-sections -ffat-lto-objects -Og -c Generated_Source\PSoC4\Vout_PM.c -o .\CortexM0\ARM_GCC_541\Debug\Vout_PM.o
arm-none-eabi-gcc.exe -mcpu=cortex-m0 -mthumb -I. -IGenerated_Source\PSoC4 -Wa,-alh=.\CortexM0\ARM_GCC_541\Debug/Vpos.lst -g -D DEBUG -D CY_CORE_ID=0 -Wall -ffunction-sections -ffat-lto-objects -Og -c Generated_Source\PSoC4\Vpos.c -o .\CortexM0\ARM_GCC_541\Debug\Vpos.o
arm-none-eabi-gcc.exe -mcpu=cortex-m0 -mthumb -I. -IGenerated_Source\PSoC4 -Wa,-alh=.\CortexM0\ARM_GCC_541\Debug/Vpos_PM.lst -g -D DEBUG -D CY_CORE_ID=0 -Wall -ffunction-sections -ffat-lto-objects -Og -c Generated_Source\PSoC4\Vpos_PM.c -o .\CortexM0\ARM_GCC_541\Debug\Vpos_PM.o
arm-none-eabi-gcc.exe -mcpu=cortex-m0 -mthumb -I. -IGenerated_Source\PSoC4 -Wa,-alh=.\CortexM0\ARM_GCC_541\Debug/Vinv.lst -g -D DEBUG -D CY_CORE_ID=0 -Wall -ffunction-sections -ffat-lto-objects -Og -c Generated_Source\PSoC4\Vinv.c -o .\CortexM0\ARM_GCC_541\Debug\Vinv.o
arm-none-eabi-gcc.exe -mcpu=cortex-m0 -mthumb -I. -IGenerated_Source\PSoC4 -Wa,-alh=.\CortexM0\ARM_GCC_541\Debug/Vinv_PM.lst -g -D DEBUG -D CY_CORE_ID=0 -Wall -ffunction-sections -ffat-lto-objects -Og -c Generated_Source\PSoC4\Vinv_PM.c -o .\CortexM0\ARM_GCC_541\Debug\Vinv_PM.o
arm-none-eabi-gcc.exe -mcpu=cortex-m0 -mthumb -I. -IGenerated_Source\PSoC4 -Wa,-alh=.\CortexM0\ARM_GCC_541\Debug/SW1_RAMPA.lst -g -D DEBUG -D CY_CORE_ID=0 -Wall -ffunction-sections -ffat-lto-objects -Og -c Generated_Source\PSoC4\SW1_RAMPA.c -o .\CortexM0\ARM_GCC_541\Debug\SW1_RAMPA.o
arm-none-eabi-gcc.exe -mcpu=cortex-m0 -mthumb -I. -IGenerated_Source\PSoC4 -Wa,-alh=.\CortexM0\ARM_GCC_541\Debug/SW1_RAMPA_PM.lst -g -D DEBUG -D CY_CORE_ID=0 -Wall -ffunction-sections -ffat-lto-objects -Og -c Generated_Source\PSoC4\SW1_RAMPA_PM.c -o .\CortexM0\ARM_GCC_541\Debug\SW1_RAMPA_PM.o
arm-none-eabi-gcc.exe -mcpu=cortex-m0 -mthumb -I. -IGenerated_Source\PSoC4 -Wa,-alh=.\CortexM0\ARM_GCC_541\Debug/ONOFF_RAMPA.lst -g -D DEBUG -D CY_CORE_ID=0 -Wall -ffunction-sections -ffat-lto-objects -Og -c Generated_Source\PSoC4\ONOFF_RAMPA.c -o .\CortexM0\ARM_GCC_541\Debug\ONOFF_RAMPA.o
arm-none-eabi-as.exe -mcpu=cortex-m0 -mthumb -I. -IGenerated_Source\PSoC4 -alh=.\CortexM0\ARM_GCC_541\Debug/CyBootAsmGnu.lst -g -W -o .\CortexM0\ARM_GCC_541\Debug\CyBootAsmGnu.o Generated_Source\PSoC4\CyBootAsmGnu.s
arm-none-eabi-ar.exe -rs ".\CortexM0\ARM_GCC_541\Debug\prueba VDAC_Rampa.a" .\CortexM0\ARM_GCC_541\Debug\Bootloadable_1.o .\CortexM0\ARM_GCC_541\Debug\IDAC_1.o .\CortexM0\ARM_GCC_541\Debug\IDAC_1_PM.o .\CortexM0\ARM_GCC_541\Debug\CyFlash.o .\CortexM0\ARM_GCC_541\Debug\CyLib.o .\CortexM0\ARM_GCC_541\Debug\cyPm.o .\CortexM0\ARM_GCC_541\Debug\cyutils.o .\CortexM0\ARM_GCC_541\Debug\CyLFClk.o .\CortexM0\ARM_GCC_541\Debug\cy_em_eeprom.o .\CortexM0\ARM_GCC_541\Debug\Opamp1.o .\CortexM0\ARM_GCC_541\Debug\Opamp1_PM.o .\CortexM0\ARM_GCC_541\Debug\Vout.o .\CortexM0\ARM_GCC_541\Debug\Vout_PM.o .\CortexM0\ARM_GCC_541\Debug\Vpos.o .\CortexM0\ARM_GCC_541\Debug\Vpos_PM.o .\CortexM0\ARM_GCC_541\Debug\Vinv.o .\CortexM0\ARM_GCC_541\Debug\Vinv_PM.o .\CortexM0\ARM_GCC_541\Debug\SW1_RAMPA.o .\CortexM0\ARM_GCC_541\Debug\SW1_RAMPA_PM.o .\CortexM0\ARM_GCC_541\Debug\ONOFF_RAMPA.o .\CortexM0\ARM_GCC_541\Debug\CyBootAsmGnu.o
arm-none-eabi-ar.exe: creating .\CortexM0\ARM_GCC_541\Debug\prueba VDAC_Rampa.a
arm-none-eabi-gcc.exe -Wl,--start-group -o "D:\ESCRITORIO\Tesis MIB\Proyecto de Tesis\electroestimulador\PSoC\electroestimulador\Pruebas electroestimulador\prueba VDAC_Rampa.cydsn\CortexM0\ARM_GCC_541\Debug\prueba VDAC_Rampa.elf" .\CortexM0\ARM_GCC_541\Debug\mainRAMPA.o .\CortexM0\ARM_GCC_541\Debug\cyfitter_cfg.o .\CortexM0\ARM_GCC_541\Debug\cybootloader.o .\CortexM0\ARM_GCC_541\Debug\cymetadata.o .\CortexM0\ARM_GCC_541\Debug\Cm0Start.o ".\CortexM0\ARM_GCC_541\Debug\prueba VDAC_Rampa.a" -mcpu=cortex-m0 -mthumb -L Generated_Source\PSoC4 "-Wl,-Map,.\CortexM0\ARM_GCC_541\Debug/prueba VDAC_Rampa.map" -T Generated_Source\PSoC4\cm0gcc.ld -specs=nano.specs -Wl,--gc-sections -g -ffunction-sections -Og -ffat-lto-objects -Wl,--end-group
cyelftool.exe -B "D:\ESCRITORIO\Tesis MIB\Proyecto de Tesis\electroestimulador\PSoC\electroestimulador\Pruebas electroestimulador\prueba VDAC_Rampa.cydsn\CortexM0\ARM_GCC_541\Debug\prueba VDAC_Rampa.elf" --flash_row_size 128 --flash_size 32768 --flash_offset 0x00000000 --flash_array_size 32768
No ELF section .cychecksum found, creating one
Application checksum calculated and stored in ELF section .cychecksum
Checksum calculated and stored in ELF section .cymeta
cyelftool.exe -S "D:\ESCRITORIO\Tesis MIB\Proyecto de Tesis\electroestimulador\PSoC\electroestimulador\Pruebas electroestimulador\prueba VDAC_Rampa.cydsn\CortexM0\ARM_GCC_541\Debug\prueba VDAC_Rampa.elf"
Flash used: 7072 of 32768 bytes (21,6 %). Bootloader: 4352 bytes. Application: 2592 bytes. Metadata: 128 bytes.
SRAM used: 1556 of 4096 bytes (38,0 %). Stack: 1024 bytes. Heap: 128 bytes.
--------------- Rebuild Succeeded: 12/19/2020 08:18:25 ---------------
