ARM GAS  C:\Users\Jeremias\AppData\Local\Temp\ccARJ99O.s 			page 1


   1              		.syntax unified
   2              		.cpu cortex-m0
   3              		.fpu softvfp
   4              		.eabi_attribute 20, 1
   5              		.eabi_attribute 21, 1
   6              		.eabi_attribute 23, 3
   7              		.eabi_attribute 24, 1
   8              		.eabi_attribute 25, 1
   9              		.eabi_attribute 26, 1
  10              		.eabi_attribute 30, 1
  11              		.eabi_attribute 34, 0
  12              		.eabi_attribute 18, 4
  13              		.thumb
  14              		.syntax unified
  15              		.file	"mainFSR.c"
  16              		.text
  17              	.Ltext0:
  18              		.cfi_sections	.debug_frame
  19              		.section	.text.main,"ax",%progbits
  20              		.align	2
  21              		.global	main
  22              		.code	16
  23              		.thumb_func
  24              		.type	main, %function
  25              	main:
  26              	.LFB32:
  27              		.file 1 "mainFSR.c"
   1:mainFSR.c     **** /* ========================================
   2:mainFSR.c     ****     Segunda prueba de Generador de Pulsos para
   3:mainFSR.c     ****     Electroestimulador.
   4:mainFSR.c     **** ======================================== */
   5:mainFSR.c     **** #include <project.h>
   6:mainFSR.c     **** 
   7:mainFSR.c     **** int main()
   8:mainFSR.c     **** {
  28              		.loc 1 8 0
  29              		.cfi_startproc
  30              		@ Volatile: function does not return.
  31              		@ args = 0, pretend = 0, frame = 0
  32              		@ frame_needed = 0, uses_anonymous_args = 0
  33 0000 10B5     		push	{r4, lr}
  34              		.cfi_def_cfa_offset 8
  35              		.cfi_offset 4, -8
  36              		.cfi_offset 14, -4
   9:mainFSR.c     ****     Comp_1_Start();
  37              		.loc 1 9 0
  38 0002 FFF7FEFF 		bl	Comp_1_Start
  39              	.LVL0:
  40              	.L2:
  41 0006 FEE7     		b	.L2
  42              		.cfi_endproc
  43              	.LFE32:
  44              		.size	main, .-main
  45              		.text
  46              	.Letext0:
  47              		.file 2 "Generated_Source\\PSoC4/Comp_1.h"
  48              		.section	.debug_info,"",%progbits
ARM GAS  C:\Users\Jeremias\AppData\Local\Temp\ccARJ99O.s 			page 2


  49              	.Ldebug_info0:
  50 0000 B9000000 		.4byte	0xb9
  51 0004 0400     		.2byte	0x4
  52 0006 00000000 		.4byte	.Ldebug_abbrev0
  53 000a 04       		.byte	0x4
  54 000b 01       		.uleb128 0x1
  55 000c F2000000 		.4byte	.LASF14
  56 0010 0C       		.byte	0xc
  57 0011 B5010000 		.4byte	.LASF15
  58 0015 4F000000 		.4byte	.LASF16
  59 0019 00000000 		.4byte	.Ldebug_ranges0+0
  60 001d 00000000 		.4byte	0
  61 0021 00000000 		.4byte	.Ldebug_line0
  62 0025 02       		.uleb128 0x2
  63 0026 01       		.byte	0x1
  64 0027 06       		.byte	0x6
  65 0028 93010000 		.4byte	.LASF0
  66 002c 02       		.uleb128 0x2
  67 002d 01       		.byte	0x1
  68 002e 08       		.byte	0x8
  69 002f C2000000 		.4byte	.LASF1
  70 0033 02       		.uleb128 0x2
  71 0034 02       		.byte	0x2
  72 0035 05       		.byte	0x5
  73 0036 AB010000 		.4byte	.LASF2
  74 003a 02       		.uleb128 0x2
  75 003b 02       		.byte	0x2
  76 003c 07       		.byte	0x7
  77 003d 80010000 		.4byte	.LASF3
  78 0041 02       		.uleb128 0x2
  79 0042 04       		.byte	0x4
  80 0043 05       		.byte	0x5
  81 0044 D5000000 		.4byte	.LASF4
  82 0048 02       		.uleb128 0x2
  83 0049 04       		.byte	0x4
  84 004a 07       		.byte	0x7
  85 004b 20000000 		.4byte	.LASF5
  86 004f 02       		.uleb128 0x2
  87 0050 08       		.byte	0x8
  88 0051 05       		.byte	0x5
  89 0052 00000000 		.4byte	.LASF6
  90 0056 02       		.uleb128 0x2
  91 0057 08       		.byte	0x8
  92 0058 07       		.byte	0x7
  93 0059 32000000 		.4byte	.LASF7
  94 005d 03       		.uleb128 0x3
  95 005e 04       		.byte	0x4
  96 005f 05       		.byte	0x5
  97 0060 696E7400 		.ascii	"int\000"
  98 0064 02       		.uleb128 0x2
  99 0065 04       		.byte	0x4
 100 0066 07       		.byte	0x7
 101 0067 0E000000 		.4byte	.LASF8
 102 006b 02       		.uleb128 0x2
 103 006c 04       		.byte	0x4
 104 006d 04       		.byte	0x4
 105 006e 49000000 		.4byte	.LASF9
ARM GAS  C:\Users\Jeremias\AppData\Local\Temp\ccARJ99O.s 			page 3


 106 0072 02       		.uleb128 0x2
 107 0073 08       		.byte	0x8
 108 0074 04       		.byte	0x4
 109 0075 EB000000 		.4byte	.LASF10
 110 0079 02       		.uleb128 0x2
 111 007a 01       		.byte	0x1
 112 007b 08       		.byte	0x8
 113 007c D0000000 		.4byte	.LASF11
 114 0080 02       		.uleb128 0x2
 115 0081 08       		.byte	0x8
 116 0082 04       		.byte	0x4
 117 0083 9F010000 		.4byte	.LASF12
 118 0087 02       		.uleb128 0x2
 119 0088 04       		.byte	0x4
 120 0089 07       		.byte	0x7
 121 008a BF010000 		.4byte	.LASF13
 122 008e 04       		.uleb128 0x4
 123 008f 1B000000 		.4byte	.LASF17
 124 0093 01       		.byte	0x1
 125 0094 07       		.byte	0x7
 126 0095 5D000000 		.4byte	0x5d
 127 0099 00000000 		.4byte	.LFB32
 128 009d 08000000 		.4byte	.LFE32-.LFB32
 129 00a1 01       		.uleb128 0x1
 130 00a2 9C       		.byte	0x9c
 131 00a3 B1000000 		.4byte	0xb1
 132 00a7 05       		.uleb128 0x5
 133 00a8 06000000 		.4byte	.LVL0
 134 00ac B1000000 		.4byte	0xb1
 135 00b0 00       		.byte	0
 136 00b1 06       		.uleb128 0x6
 137 00b2 DE000000 		.4byte	.LASF18
 138 00b6 DE000000 		.4byte	.LASF18
 139 00ba 02       		.byte	0x2
 140 00bb 2B       		.byte	0x2b
 141 00bc 00       		.byte	0
 142              		.section	.debug_abbrev,"",%progbits
 143              	.Ldebug_abbrev0:
 144 0000 01       		.uleb128 0x1
 145 0001 11       		.uleb128 0x11
 146 0002 01       		.byte	0x1
 147 0003 25       		.uleb128 0x25
 148 0004 0E       		.uleb128 0xe
 149 0005 13       		.uleb128 0x13
 150 0006 0B       		.uleb128 0xb
 151 0007 03       		.uleb128 0x3
 152 0008 0E       		.uleb128 0xe
 153 0009 1B       		.uleb128 0x1b
 154 000a 0E       		.uleb128 0xe
 155 000b 55       		.uleb128 0x55
 156 000c 17       		.uleb128 0x17
 157 000d 11       		.uleb128 0x11
 158 000e 01       		.uleb128 0x1
 159 000f 10       		.uleb128 0x10
 160 0010 17       		.uleb128 0x17
 161 0011 00       		.byte	0
 162 0012 00       		.byte	0
ARM GAS  C:\Users\Jeremias\AppData\Local\Temp\ccARJ99O.s 			page 4


 163 0013 02       		.uleb128 0x2
 164 0014 24       		.uleb128 0x24
 165 0015 00       		.byte	0
 166 0016 0B       		.uleb128 0xb
 167 0017 0B       		.uleb128 0xb
 168 0018 3E       		.uleb128 0x3e
 169 0019 0B       		.uleb128 0xb
 170 001a 03       		.uleb128 0x3
 171 001b 0E       		.uleb128 0xe
 172 001c 00       		.byte	0
 173 001d 00       		.byte	0
 174 001e 03       		.uleb128 0x3
 175 001f 24       		.uleb128 0x24
 176 0020 00       		.byte	0
 177 0021 0B       		.uleb128 0xb
 178 0022 0B       		.uleb128 0xb
 179 0023 3E       		.uleb128 0x3e
 180 0024 0B       		.uleb128 0xb
 181 0025 03       		.uleb128 0x3
 182 0026 08       		.uleb128 0x8
 183 0027 00       		.byte	0
 184 0028 00       		.byte	0
 185 0029 04       		.uleb128 0x4
 186 002a 2E       		.uleb128 0x2e
 187 002b 01       		.byte	0x1
 188 002c 3F       		.uleb128 0x3f
 189 002d 19       		.uleb128 0x19
 190 002e 03       		.uleb128 0x3
 191 002f 0E       		.uleb128 0xe
 192 0030 3A       		.uleb128 0x3a
 193 0031 0B       		.uleb128 0xb
 194 0032 3B       		.uleb128 0x3b
 195 0033 0B       		.uleb128 0xb
 196 0034 49       		.uleb128 0x49
 197 0035 13       		.uleb128 0x13
 198 0036 8701     		.uleb128 0x87
 199 0038 19       		.uleb128 0x19
 200 0039 11       		.uleb128 0x11
 201 003a 01       		.uleb128 0x1
 202 003b 12       		.uleb128 0x12
 203 003c 06       		.uleb128 0x6
 204 003d 40       		.uleb128 0x40
 205 003e 18       		.uleb128 0x18
 206 003f 9742     		.uleb128 0x2117
 207 0041 19       		.uleb128 0x19
 208 0042 01       		.uleb128 0x1
 209 0043 13       		.uleb128 0x13
 210 0044 00       		.byte	0
 211 0045 00       		.byte	0
 212 0046 05       		.uleb128 0x5
 213 0047 898201   		.uleb128 0x4109
 214 004a 00       		.byte	0
 215 004b 11       		.uleb128 0x11
 216 004c 01       		.uleb128 0x1
 217 004d 31       		.uleb128 0x31
 218 004e 13       		.uleb128 0x13
 219 004f 00       		.byte	0
ARM GAS  C:\Users\Jeremias\AppData\Local\Temp\ccARJ99O.s 			page 5


 220 0050 00       		.byte	0
 221 0051 06       		.uleb128 0x6
 222 0052 2E       		.uleb128 0x2e
 223 0053 00       		.byte	0
 224 0054 3F       		.uleb128 0x3f
 225 0055 19       		.uleb128 0x19
 226 0056 3C       		.uleb128 0x3c
 227 0057 19       		.uleb128 0x19
 228 0058 6E       		.uleb128 0x6e
 229 0059 0E       		.uleb128 0xe
 230 005a 03       		.uleb128 0x3
 231 005b 0E       		.uleb128 0xe
 232 005c 3A       		.uleb128 0x3a
 233 005d 0B       		.uleb128 0xb
 234 005e 3B       		.uleb128 0x3b
 235 005f 0B       		.uleb128 0xb
 236 0060 00       		.byte	0
 237 0061 00       		.byte	0
 238 0062 00       		.byte	0
 239              		.section	.debug_aranges,"",%progbits
 240 0000 1C000000 		.4byte	0x1c
 241 0004 0200     		.2byte	0x2
 242 0006 00000000 		.4byte	.Ldebug_info0
 243 000a 04       		.byte	0x4
 244 000b 00       		.byte	0
 245 000c 0000     		.2byte	0
 246 000e 0000     		.2byte	0
 247 0010 00000000 		.4byte	.LFB32
 248 0014 08000000 		.4byte	.LFE32-.LFB32
 249 0018 00000000 		.4byte	0
 250 001c 00000000 		.4byte	0
 251              		.section	.debug_ranges,"",%progbits
 252              	.Ldebug_ranges0:
 253 0000 00000000 		.4byte	.LFB32
 254 0004 08000000 		.4byte	.LFE32
 255 0008 00000000 		.4byte	0
 256 000c 00000000 		.4byte	0
 257              		.section	.debug_line,"",%progbits
 258              	.Ldebug_line0:
 259 0000 57000000 		.section	.debug_str,"MS",%progbits,1
 259      02004300 
 259      00000201 
 259      FB0E0D00 
 259      01010101 
 260              	.LASF6:
 261 0000 6C6F6E67 		.ascii	"long long int\000"
 261      206C6F6E 
 261      6720696E 
 261      7400
 262              	.LASF8:
 263 000e 756E7369 		.ascii	"unsigned int\000"
 263      676E6564 
 263      20696E74 
 263      00
 264              	.LASF17:
 265 001b 6D61696E 		.ascii	"main\000"
 265      00
ARM GAS  C:\Users\Jeremias\AppData\Local\Temp\ccARJ99O.s 			page 6


 266              	.LASF5:
 267 0020 6C6F6E67 		.ascii	"long unsigned int\000"
 267      20756E73 
 267      69676E65 
 267      6420696E 
 267      7400
 268              	.LASF7:
 269 0032 6C6F6E67 		.ascii	"long long unsigned int\000"
 269      206C6F6E 
 269      6720756E 
 269      7369676E 
 269      65642069 
 270              	.LASF9:
 271 0049 666C6F61 		.ascii	"float\000"
 271      7400
 272              	.LASF16:
 273 004f 443A5C54 		.ascii	"D:\\Tesis MIB\\Proyecto de Tesis\\TESIS - Desarroll"
 273      65736973 
 273      204D4942 
 273      5C50726F 
 273      79656374 
 274 007f 6F5C5053 		.ascii	"o\\PSoC\\electroestimulador\\WorkspaceMIB2\\Prueba "
 274      6F435C65 
 274      6C656374 
 274      726F6573 
 274      74696D75 
 275 00ae 64652073 		.ascii	"de sensor FSR.cydsn\000"
 275      656E736F 
 275      72204653 
 275      522E6379 
 275      64736E00 
 276              	.LASF1:
 277 00c2 756E7369 		.ascii	"unsigned char\000"
 277      676E6564 
 277      20636861 
 277      7200
 278              	.LASF11:
 279 00d0 63686172 		.ascii	"char\000"
 279      00
 280              	.LASF4:
 281 00d5 6C6F6E67 		.ascii	"long int\000"
 281      20696E74 
 281      00
 282              	.LASF18:
 283 00de 436F6D70 		.ascii	"Comp_1_Start\000"
 283      5F315F53 
 283      74617274 
 283      00
 284              	.LASF10:
 285 00eb 646F7562 		.ascii	"double\000"
 285      6C6500
 286              	.LASF14:
 287 00f2 474E5520 		.ascii	"GNU C11 5.4.1 20160609 (release) [ARM/embedded-5-br"
 287      43313120 
 287      352E342E 
 287      31203230 
 287      31363036 
ARM GAS  C:\Users\Jeremias\AppData\Local\Temp\ccARJ99O.s 			page 7


 288 0125 616E6368 		.ascii	"anch revision 237715] -mcpu=cortex-m0 -mthumb -g -O"
 288      20726576 
 288      6973696F 
 288      6E203233 
 288      37373135 
 289 0158 67202D66 		.ascii	"g -ffunction-sections -ffat-lto-objects\000"
 289      66756E63 
 289      74696F6E 
 289      2D736563 
 289      74696F6E 
 290              	.LASF3:
 291 0180 73686F72 		.ascii	"short unsigned int\000"
 291      7420756E 
 291      7369676E 
 291      65642069 
 291      6E7400
 292              	.LASF0:
 293 0193 7369676E 		.ascii	"signed char\000"
 293      65642063 
 293      68617200 
 294              	.LASF12:
 295 019f 6C6F6E67 		.ascii	"long double\000"
 295      20646F75 
 295      626C6500 
 296              	.LASF2:
 297 01ab 73686F72 		.ascii	"short int\000"
 297      7420696E 
 297      7400
 298              	.LASF15:
 299 01b5 6D61696E 		.ascii	"mainFSR.c\000"
 299      4653522E 
 299      6300
 300              	.LASF13:
 301 01bf 73697A65 		.ascii	"sizetype\000"
 301      74797065 
 301      00
 302              		.ident	"GCC: (GNU Tools for ARM Embedded Processors) 5.4.1 20160609 (release) [ARM/embedded-5-bran
