ARM GAS  C:\Users\Jeremias\AppData\Local\Temp\ccz3Awny.s 			page 1


   1              		.syntax unified
   2              		.cpu cortex-m0
   3              		.fpu softvfp
   4              		.eabi_attribute 20, 1
   5              		.eabi_attribute 21, 1
   6              		.eabi_attribute 23, 3
   7              		.eabi_attribute 24, 1
   8              		.eabi_attribute 25, 1
   9              		.eabi_attribute 26, 1
  10              		.eabi_attribute 30, 1
  11              		.eabi_attribute 34, 0
  12              		.eabi_attribute 18, 4
  13              		.thumb
  14              		.syntax unified
  15              		.file	"main.c"
  16              		.text
  17              	.Ltext0:
  18              		.cfi_sections	.debug_frame
  19              		.section	.text.main,"ax",%progbits
  20              		.align	2
  21              		.global	main
  22              		.code	16
  23              		.thumb_func
  24              		.type	main, %function
  25              	main:
  26              	.LFB32:
  27              		.file 1 "main.c"
   1:main.c        **** #include <project.h>
   2:main.c        **** 
   3:main.c        **** int main(void)
   4:main.c        **** {
  28              		.loc 1 4 0
  29              		.cfi_startproc
  30              		@ Volatile: function does not return.
  31              		@ args = 0, pretend = 0, frame = 0
  32              		@ frame_needed = 0, uses_anonymous_args = 0
  33 0000 10B5     		push	{r4, lr}
  34              		.cfi_def_cfa_offset 8
  35              		.cfi_offset 4, -8
  36              		.cfi_offset 14, -4
   5:main.c        ****     IDAC_1_Start();
  37              		.loc 1 5 0
  38 0002 FFF7FEFF 		bl	IDAC_1_Start
  39              	.LVL0:
  40              	.L2:
  41 0006 FEE7     		b	.L2
  42              		.cfi_endproc
  43              	.LFE32:
  44              		.size	main, .-main
  45              		.text
  46              	.Letext0:
  47              		.file 2 "Generated_Source\\PSoC4/IDAC_1.h"
  48              		.section	.debug_info,"",%progbits
  49              	.Ldebug_info0:
  50 0000 B9000000 		.4byte	0xb9
  51 0004 0400     		.2byte	0x4
  52 0006 00000000 		.4byte	.Ldebug_abbrev0
ARM GAS  C:\Users\Jeremias\AppData\Local\Temp\ccz3Awny.s 			page 2


  53 000a 04       		.byte	0x4
  54 000b 01       		.uleb128 0x1
  55 000c 00010000 		.4byte	.LASF14
  56 0010 0C       		.byte	0xc
  57 0011 1B000000 		.4byte	.LASF15
  58 0015 50000000 		.4byte	.LASF16
  59 0019 00000000 		.4byte	.Ldebug_ranges0+0
  60 001d 00000000 		.4byte	0
  61 0021 00000000 		.4byte	.Ldebug_line0
  62 0025 02       		.uleb128 0x2
  63 0026 01       		.byte	0x1
  64 0027 06       		.byte	0x6
  65 0028 A1010000 		.4byte	.LASF0
  66 002c 02       		.uleb128 0x2
  67 002d 01       		.byte	0x1
  68 002e 08       		.byte	0x8
  69 002f D0000000 		.4byte	.LASF1
  70 0033 02       		.uleb128 0x2
  71 0034 02       		.byte	0x2
  72 0035 05       		.byte	0x5
  73 0036 B9010000 		.4byte	.LASF2
  74 003a 02       		.uleb128 0x2
  75 003b 02       		.byte	0x2
  76 003c 07       		.byte	0x7
  77 003d 8E010000 		.4byte	.LASF3
  78 0041 02       		.uleb128 0x2
  79 0042 04       		.byte	0x4
  80 0043 05       		.byte	0x5
  81 0044 F7000000 		.4byte	.LASF4
  82 0048 02       		.uleb128 0x2
  83 0049 04       		.byte	0x4
  84 004a 07       		.byte	0x7
  85 004b 27000000 		.4byte	.LASF5
  86 004f 02       		.uleb128 0x2
  87 0050 08       		.byte	0x8
  88 0051 05       		.byte	0x5
  89 0052 00000000 		.4byte	.LASF6
  90 0056 02       		.uleb128 0x2
  91 0057 08       		.byte	0x8
  92 0058 07       		.byte	0x7
  93 0059 39000000 		.4byte	.LASF7
  94 005d 03       		.uleb128 0x3
  95 005e 04       		.byte	0x4
  96 005f 05       		.byte	0x5
  97 0060 696E7400 		.ascii	"int\000"
  98 0064 02       		.uleb128 0x2
  99 0065 04       		.byte	0x4
 100 0066 07       		.byte	0x7
 101 0067 0E000000 		.4byte	.LASF8
 102 006b 02       		.uleb128 0x2
 103 006c 04       		.byte	0x4
 104 006d 04       		.byte	0x4
 105 006e CA000000 		.4byte	.LASF9
 106 0072 02       		.uleb128 0x2
 107 0073 08       		.byte	0x8
 108 0074 04       		.byte	0x4
 109 0075 F0000000 		.4byte	.LASF10
ARM GAS  C:\Users\Jeremias\AppData\Local\Temp\ccz3Awny.s 			page 3


 110 0079 02       		.uleb128 0x2
 111 007a 01       		.byte	0x1
 112 007b 08       		.byte	0x8
 113 007c DE000000 		.4byte	.LASF11
 114 0080 02       		.uleb128 0x2
 115 0081 08       		.byte	0x8
 116 0082 04       		.byte	0x4
 117 0083 AD010000 		.4byte	.LASF12
 118 0087 02       		.uleb128 0x2
 119 0088 04       		.byte	0x4
 120 0089 07       		.byte	0x7
 121 008a C3010000 		.4byte	.LASF13
 122 008e 04       		.uleb128 0x4
 123 008f 22000000 		.4byte	.LASF17
 124 0093 01       		.byte	0x1
 125 0094 03       		.byte	0x3
 126 0095 5D000000 		.4byte	0x5d
 127 0099 00000000 		.4byte	.LFB32
 128 009d 08000000 		.4byte	.LFE32-.LFB32
 129 00a1 01       		.uleb128 0x1
 130 00a2 9C       		.byte	0x9c
 131 00a3 B1000000 		.4byte	0xb1
 132 00a7 05       		.uleb128 0x5
 133 00a8 06000000 		.4byte	.LVL0
 134 00ac B1000000 		.4byte	0xb1
 135 00b0 00       		.byte	0
 136 00b1 06       		.uleb128 0x6
 137 00b2 E3000000 		.4byte	.LASF18
 138 00b6 E3000000 		.4byte	.LASF18
 139 00ba 02       		.byte	0x2
 140 00bb 52       		.byte	0x52
 141 00bc 00       		.byte	0
 142              		.section	.debug_abbrev,"",%progbits
 143              	.Ldebug_abbrev0:
 144 0000 01       		.uleb128 0x1
 145 0001 11       		.uleb128 0x11
 146 0002 01       		.byte	0x1
 147 0003 25       		.uleb128 0x25
 148 0004 0E       		.uleb128 0xe
 149 0005 13       		.uleb128 0x13
 150 0006 0B       		.uleb128 0xb
 151 0007 03       		.uleb128 0x3
 152 0008 0E       		.uleb128 0xe
 153 0009 1B       		.uleb128 0x1b
 154 000a 0E       		.uleb128 0xe
 155 000b 55       		.uleb128 0x55
 156 000c 17       		.uleb128 0x17
 157 000d 11       		.uleb128 0x11
 158 000e 01       		.uleb128 0x1
 159 000f 10       		.uleb128 0x10
 160 0010 17       		.uleb128 0x17
 161 0011 00       		.byte	0
 162 0012 00       		.byte	0
 163 0013 02       		.uleb128 0x2
 164 0014 24       		.uleb128 0x24
 165 0015 00       		.byte	0
 166 0016 0B       		.uleb128 0xb
ARM GAS  C:\Users\Jeremias\AppData\Local\Temp\ccz3Awny.s 			page 4


 167 0017 0B       		.uleb128 0xb
 168 0018 3E       		.uleb128 0x3e
 169 0019 0B       		.uleb128 0xb
 170 001a 03       		.uleb128 0x3
 171 001b 0E       		.uleb128 0xe
 172 001c 00       		.byte	0
 173 001d 00       		.byte	0
 174 001e 03       		.uleb128 0x3
 175 001f 24       		.uleb128 0x24
 176 0020 00       		.byte	0
 177 0021 0B       		.uleb128 0xb
 178 0022 0B       		.uleb128 0xb
 179 0023 3E       		.uleb128 0x3e
 180 0024 0B       		.uleb128 0xb
 181 0025 03       		.uleb128 0x3
 182 0026 08       		.uleb128 0x8
 183 0027 00       		.byte	0
 184 0028 00       		.byte	0
 185 0029 04       		.uleb128 0x4
 186 002a 2E       		.uleb128 0x2e
 187 002b 01       		.byte	0x1
 188 002c 3F       		.uleb128 0x3f
 189 002d 19       		.uleb128 0x19
 190 002e 03       		.uleb128 0x3
 191 002f 0E       		.uleb128 0xe
 192 0030 3A       		.uleb128 0x3a
 193 0031 0B       		.uleb128 0xb
 194 0032 3B       		.uleb128 0x3b
 195 0033 0B       		.uleb128 0xb
 196 0034 27       		.uleb128 0x27
 197 0035 19       		.uleb128 0x19
 198 0036 49       		.uleb128 0x49
 199 0037 13       		.uleb128 0x13
 200 0038 8701     		.uleb128 0x87
 201 003a 19       		.uleb128 0x19
 202 003b 11       		.uleb128 0x11
 203 003c 01       		.uleb128 0x1
 204 003d 12       		.uleb128 0x12
 205 003e 06       		.uleb128 0x6
 206 003f 40       		.uleb128 0x40
 207 0040 18       		.uleb128 0x18
 208 0041 9742     		.uleb128 0x2117
 209 0043 19       		.uleb128 0x19
 210 0044 01       		.uleb128 0x1
 211 0045 13       		.uleb128 0x13
 212 0046 00       		.byte	0
 213 0047 00       		.byte	0
 214 0048 05       		.uleb128 0x5
 215 0049 898201   		.uleb128 0x4109
 216 004c 00       		.byte	0
 217 004d 11       		.uleb128 0x11
 218 004e 01       		.uleb128 0x1
 219 004f 31       		.uleb128 0x31
 220 0050 13       		.uleb128 0x13
 221 0051 00       		.byte	0
 222 0052 00       		.byte	0
 223 0053 06       		.uleb128 0x6
ARM GAS  C:\Users\Jeremias\AppData\Local\Temp\ccz3Awny.s 			page 5


 224 0054 2E       		.uleb128 0x2e
 225 0055 00       		.byte	0
 226 0056 3F       		.uleb128 0x3f
 227 0057 19       		.uleb128 0x19
 228 0058 3C       		.uleb128 0x3c
 229 0059 19       		.uleb128 0x19
 230 005a 6E       		.uleb128 0x6e
 231 005b 0E       		.uleb128 0xe
 232 005c 03       		.uleb128 0x3
 233 005d 0E       		.uleb128 0xe
 234 005e 3A       		.uleb128 0x3a
 235 005f 0B       		.uleb128 0xb
 236 0060 3B       		.uleb128 0x3b
 237 0061 0B       		.uleb128 0xb
 238 0062 00       		.byte	0
 239 0063 00       		.byte	0
 240 0064 00       		.byte	0
 241              		.section	.debug_aranges,"",%progbits
 242 0000 1C000000 		.4byte	0x1c
 243 0004 0200     		.2byte	0x2
 244 0006 00000000 		.4byte	.Ldebug_info0
 245 000a 04       		.byte	0x4
 246 000b 00       		.byte	0
 247 000c 0000     		.2byte	0
 248 000e 0000     		.2byte	0
 249 0010 00000000 		.4byte	.LFB32
 250 0014 08000000 		.4byte	.LFE32-.LFB32
 251 0018 00000000 		.4byte	0
 252 001c 00000000 		.4byte	0
 253              		.section	.debug_ranges,"",%progbits
 254              	.Ldebug_ranges0:
 255 0000 00000000 		.4byte	.LFB32
 256 0004 08000000 		.4byte	.LFE32
 257 0008 00000000 		.4byte	0
 258 000c 00000000 		.4byte	0
 259              		.section	.debug_line,"",%progbits
 260              	.Ldebug_line0:
 261 0000 54000000 		.section	.debug_str,"MS",%progbits,1
 261      02004000 
 261      00000201 
 261      FB0E0D00 
 261      01010101 
 262              	.LASF6:
 263 0000 6C6F6E67 		.ascii	"long long int\000"
 263      206C6F6E 
 263      6720696E 
 263      7400
 264              	.LASF8:
 265 000e 756E7369 		.ascii	"unsigned int\000"
 265      676E6564 
 265      20696E74 
 265      00
 266              	.LASF15:
 267 001b 6D61696E 		.ascii	"main.c\000"
 267      2E6300
 268              	.LASF17:
 269 0022 6D61696E 		.ascii	"main\000"
ARM GAS  C:\Users\Jeremias\AppData\Local\Temp\ccz3Awny.s 			page 6


 269      00
 270              	.LASF5:
 271 0027 6C6F6E67 		.ascii	"long unsigned int\000"
 271      20756E73 
 271      69676E65 
 271      6420696E 
 271      7400
 272              	.LASF7:
 273 0039 6C6F6E67 		.ascii	"long long unsigned int\000"
 273      206C6F6E 
 273      6720756E 
 273      7369676E 
 273      65642069 
 274              	.LASF16:
 275 0050 443A5C45 		.ascii	"D:\\ESCRITORIO\\Tesis MIB\\Proyecto de Tesis\\elect"
 275      53435249 
 275      544F5249 
 275      4F5C5465 
 275      73697320 
 276 007f 726F6573 		.ascii	"roestimulador\\PSoC\\PRUEBAS\\SCB_Bootloader\\Prueb"
 276      74696D75 
 276      6C61646F 
 276      725C5053 
 276      6F435C50 
 277 00ae 61204944 		.ascii	"a IDACx2 Bootloadable.cydsn\000"
 277      41437832 
 277      20426F6F 
 277      746C6F61 
 277      6461626C 
 278              	.LASF9:
 279 00ca 666C6F61 		.ascii	"float\000"
 279      7400
 280              	.LASF1:
 281 00d0 756E7369 		.ascii	"unsigned char\000"
 281      676E6564 
 281      20636861 
 281      7200
 282              	.LASF11:
 283 00de 63686172 		.ascii	"char\000"
 283      00
 284              	.LASF18:
 285 00e3 49444143 		.ascii	"IDAC_1_Start\000"
 285      5F315F53 
 285      74617274 
 285      00
 286              	.LASF10:
 287 00f0 646F7562 		.ascii	"double\000"
 287      6C6500
 288              	.LASF4:
 289 00f7 6C6F6E67 		.ascii	"long int\000"
 289      20696E74 
 289      00
 290              	.LASF14:
 291 0100 474E5520 		.ascii	"GNU C11 5.4.1 20160609 (release) [ARM/embedded-5-br"
 291      43313120 
 291      352E342E 
 291      31203230 
ARM GAS  C:\Users\Jeremias\AppData\Local\Temp\ccz3Awny.s 			page 7


 291      31363036 
 292 0133 616E6368 		.ascii	"anch revision 237715] -mcpu=cortex-m0 -mthumb -g -O"
 292      20726576 
 292      6973696F 
 292      6E203233 
 292      37373135 
 293 0166 67202D66 		.ascii	"g -ffunction-sections -ffat-lto-objects\000"
 293      66756E63 
 293      74696F6E 
 293      2D736563 
 293      74696F6E 
 294              	.LASF3:
 295 018e 73686F72 		.ascii	"short unsigned int\000"
 295      7420756E 
 295      7369676E 
 295      65642069 
 295      6E7400
 296              	.LASF0:
 297 01a1 7369676E 		.ascii	"signed char\000"
 297      65642063 
 297      68617200 
 298              	.LASF12:
 299 01ad 6C6F6E67 		.ascii	"long double\000"
 299      20646F75 
 299      626C6500 
 300              	.LASF2:
 301 01b9 73686F72 		.ascii	"short int\000"
 301      7420696E 
 301      7400
 302              	.LASF13:
 303 01c3 73697A65 		.ascii	"sizetype\000"
 303      74797065 
 303      00
 304              		.ident	"GCC: (GNU Tools for ARM Embedded Processors) 5.4.1 20160609 (release) [ARM/embedded-5-bran
