ARM GAS  C:\Users\Jeremias\AppData\Local\Temp\ccZv8xr4.s 			page 1


   1              		.syntax unified
   2              		.cpu cortex-m0
   3              		.fpu softvfp
   4              		.eabi_attribute 20, 1
   5              		.eabi_attribute 21, 1
   6              		.eabi_attribute 23, 3
   7              		.eabi_attribute 24, 1
   8              		.eabi_attribute 25, 1
   9              		.eabi_attribute 26, 1
  10              		.eabi_attribute 30, 6
  11              		.eabi_attribute 34, 0
  12              		.eabi_attribute 18, 4
  13              		.thumb
  14              		.syntax unified
  15              		.file	"cyfitter_cfg.c"
  16              		.text
  17              	.Ltext0:
  18              		.cfi_sections	.debug_frame
  19              		.section	.text.CYMEMZERO,"ax",%progbits
  20              		.align	2
  21              		.code	16
  22              		.thumb_func
  23              		.type	CYMEMZERO, %function
  24              	CYMEMZERO:
  25              	.LFB0:
  26              		.file 1 "Generated_Source\\PSoC4\\cyfitter_cfg.c"
   1:Generated_Source\PSoC4/cyfitter_cfg.c **** 
   2:Generated_Source\PSoC4/cyfitter_cfg.c **** /*******************************************************************************
   3:Generated_Source\PSoC4/cyfitter_cfg.c **** * File Name: cyfitter_cfg.c
   4:Generated_Source\PSoC4/cyfitter_cfg.c **** * 
   5:Generated_Source\PSoC4/cyfitter_cfg.c **** * PSoC Creator  4.4
   6:Generated_Source\PSoC4/cyfitter_cfg.c **** *
   7:Generated_Source\PSoC4/cyfitter_cfg.c **** * Description:
   8:Generated_Source\PSoC4/cyfitter_cfg.c **** * This file contains device initialization code.
   9:Generated_Source\PSoC4/cyfitter_cfg.c **** * Except for the user defined sections in CyClockStartupError(), this file should not be modified.
  10:Generated_Source\PSoC4/cyfitter_cfg.c **** * This file is automatically generated by PSoC Creator.
  11:Generated_Source\PSoC4/cyfitter_cfg.c **** *
  12:Generated_Source\PSoC4/cyfitter_cfg.c **** ********************************************************************************
  13:Generated_Source\PSoC4/cyfitter_cfg.c **** * Copyright (c) 2007-2020 Cypress Semiconductor.  All rights reserved.
  14:Generated_Source\PSoC4/cyfitter_cfg.c **** * You may use this file only in accordance with the license, terms, conditions, 
  15:Generated_Source\PSoC4/cyfitter_cfg.c **** * disclaimers, and limitations in the end user license agreement accompanying 
  16:Generated_Source\PSoC4/cyfitter_cfg.c **** * the software package with which this file was provided.
  17:Generated_Source\PSoC4/cyfitter_cfg.c **** ********************************************************************************/
  18:Generated_Source\PSoC4/cyfitter_cfg.c **** 
  19:Generated_Source\PSoC4/cyfitter_cfg.c **** #include <string.h>
  20:Generated_Source\PSoC4/cyfitter_cfg.c **** #include "cytypes.h"
  21:Generated_Source\PSoC4/cyfitter_cfg.c **** #include "cydevice_trm.h"
  22:Generated_Source\PSoC4/cyfitter_cfg.c **** #include "cyfitter.h"
  23:Generated_Source\PSoC4/cyfitter_cfg.c **** #include "CyLib.h"
  24:Generated_Source\PSoC4/cyfitter_cfg.c **** #include "cyfitter_cfg.h"
  25:Generated_Source\PSoC4/cyfitter_cfg.c **** 
  26:Generated_Source\PSoC4/cyfitter_cfg.c **** 
  27:Generated_Source\PSoC4/cyfitter_cfg.c **** #if defined(__GNUC__) || defined(__ARMCC_VERSION)
  28:Generated_Source\PSoC4/cyfitter_cfg.c ****     #define CYPACKED 
  29:Generated_Source\PSoC4/cyfitter_cfg.c ****     #define CYPACKED_ATTR __attribute__ ((packed))
  30:Generated_Source\PSoC4/cyfitter_cfg.c ****     #define CYALIGNED __attribute__ ((aligned))
  31:Generated_Source\PSoC4/cyfitter_cfg.c ****     #define CY_CFG_UNUSED __attribute__ ((unused))
ARM GAS  C:\Users\Jeremias\AppData\Local\Temp\ccZv8xr4.s 			page 2


  32:Generated_Source\PSoC4/cyfitter_cfg.c ****     #ifndef CY_CFG_SECTION
  33:Generated_Source\PSoC4/cyfitter_cfg.c ****         #define CY_CFG_SECTION __attribute__ ((section(".psocinit")))
  34:Generated_Source\PSoC4/cyfitter_cfg.c ****     #endif
  35:Generated_Source\PSoC4/cyfitter_cfg.c ****     
  36:Generated_Source\PSoC4/cyfitter_cfg.c ****     #if defined(__ARMCC_VERSION)
  37:Generated_Source\PSoC4/cyfitter_cfg.c ****         #define CY_CFG_MEMORY_BARRIER() __memory_changed()
  38:Generated_Source\PSoC4/cyfitter_cfg.c ****     #else
  39:Generated_Source\PSoC4/cyfitter_cfg.c ****         #define CY_CFG_MEMORY_BARRIER() __sync_synchronize()
  40:Generated_Source\PSoC4/cyfitter_cfg.c ****     #endif
  41:Generated_Source\PSoC4/cyfitter_cfg.c ****     
  42:Generated_Source\PSoC4/cyfitter_cfg.c **** #elif defined(__ICCARM__)
  43:Generated_Source\PSoC4/cyfitter_cfg.c ****     #include <intrinsics.h>
  44:Generated_Source\PSoC4/cyfitter_cfg.c **** 
  45:Generated_Source\PSoC4/cyfitter_cfg.c ****     #define CYPACKED __packed
  46:Generated_Source\PSoC4/cyfitter_cfg.c ****     #define CYPACKED_ATTR 
  47:Generated_Source\PSoC4/cyfitter_cfg.c ****     #define CYALIGNED _Pragma("data_alignment=4")
  48:Generated_Source\PSoC4/cyfitter_cfg.c ****     #define CY_CFG_UNUSED _Pragma("diag_suppress=Pe177")
  49:Generated_Source\PSoC4/cyfitter_cfg.c ****     #define CY_CFG_SECTION _Pragma("location=\".psocinit\"")
  50:Generated_Source\PSoC4/cyfitter_cfg.c ****     
  51:Generated_Source\PSoC4/cyfitter_cfg.c ****     #define CY_CFG_MEMORY_BARRIER() __DMB()
  52:Generated_Source\PSoC4/cyfitter_cfg.c ****     
  53:Generated_Source\PSoC4/cyfitter_cfg.c **** #else
  54:Generated_Source\PSoC4/cyfitter_cfg.c ****     #error Unsupported toolchain
  55:Generated_Source\PSoC4/cyfitter_cfg.c **** #endif
  56:Generated_Source\PSoC4/cyfitter_cfg.c **** 
  57:Generated_Source\PSoC4/cyfitter_cfg.c **** #ifndef CYCODE
  58:Generated_Source\PSoC4/cyfitter_cfg.c ****     #define CYCODE
  59:Generated_Source\PSoC4/cyfitter_cfg.c **** #endif
  60:Generated_Source\PSoC4/cyfitter_cfg.c **** #ifndef CYDATA
  61:Generated_Source\PSoC4/cyfitter_cfg.c ****     #define CYDATA
  62:Generated_Source\PSoC4/cyfitter_cfg.c **** #endif
  63:Generated_Source\PSoC4/cyfitter_cfg.c **** #ifndef CYFAR
  64:Generated_Source\PSoC4/cyfitter_cfg.c ****     #define CYFAR
  65:Generated_Source\PSoC4/cyfitter_cfg.c **** #endif
  66:Generated_Source\PSoC4/cyfitter_cfg.c **** #ifndef CYXDATA
  67:Generated_Source\PSoC4/cyfitter_cfg.c ****     #define CYXDATA
  68:Generated_Source\PSoC4/cyfitter_cfg.c **** #endif
  69:Generated_Source\PSoC4/cyfitter_cfg.c **** 
  70:Generated_Source\PSoC4/cyfitter_cfg.c **** 
  71:Generated_Source\PSoC4/cyfitter_cfg.c **** CY_CFG_UNUSED
  72:Generated_Source\PSoC4/cyfitter_cfg.c **** static void CYMEMZERO(void *s, size_t n);
  73:Generated_Source\PSoC4/cyfitter_cfg.c **** CY_CFG_UNUSED
  74:Generated_Source\PSoC4/cyfitter_cfg.c **** static void CYMEMZERO(void *s, size_t n)
  75:Generated_Source\PSoC4/cyfitter_cfg.c **** {
  27              		.loc 1 75 0
  28              		.cfi_startproc
  29              		@ args = 0, pretend = 0, frame = 8
  30              		@ frame_needed = 1, uses_anonymous_args = 0
  31 0000 80B5     		push	{r7, lr}
  32              		.cfi_def_cfa_offset 8
  33              		.cfi_offset 7, -8
  34              		.cfi_offset 14, -4
  35 0002 82B0     		sub	sp, sp, #8
  36              		.cfi_def_cfa_offset 16
  37 0004 00AF     		add	r7, sp, #0
  38              		.cfi_def_cfa_register 7
  39 0006 7860     		str	r0, [r7, #4]
ARM GAS  C:\Users\Jeremias\AppData\Local\Temp\ccZv8xr4.s 			page 3


  40 0008 3960     		str	r1, [r7]
  76:Generated_Source\PSoC4/cyfitter_cfg.c **** 	(void)memset(s, 0, n);
  41              		.loc 1 76 0
  42 000a 3A68     		ldr	r2, [r7]
  43 000c 7B68     		ldr	r3, [r7, #4]
  44 000e 0021     		movs	r1, #0
  45 0010 1800     		movs	r0, r3
  46 0012 FFF7FEFF 		bl	memset
  77:Generated_Source\PSoC4/cyfitter_cfg.c **** }
  47              		.loc 1 77 0
  48 0016 C046     		nop
  49 0018 BD46     		mov	sp, r7
  50 001a 02B0     		add	sp, sp, #8
  51              		@ sp needed
  52 001c 80BD     		pop	{r7, pc}
  53              		.cfi_endproc
  54              	.LFE0:
  55              		.size	CYMEMZERO, .-CYMEMZERO
  56 001e C046     		.section	.text.CYCONFIGCPY,"ax",%progbits
  57              		.align	2
  58              		.code	16
  59              		.thumb_func
  60              		.type	CYCONFIGCPY, %function
  61              	CYCONFIGCPY:
  62              	.LFB1:
  78:Generated_Source\PSoC4/cyfitter_cfg.c **** CY_CFG_UNUSED
  79:Generated_Source\PSoC4/cyfitter_cfg.c **** static void CYCONFIGCPY(void *dest, const void *src, size_t n);
  80:Generated_Source\PSoC4/cyfitter_cfg.c **** CY_CFG_UNUSED
  81:Generated_Source\PSoC4/cyfitter_cfg.c **** static void CYCONFIGCPY(void *dest, const void *src, size_t n)
  82:Generated_Source\PSoC4/cyfitter_cfg.c **** {
  63              		.loc 1 82 0
  64              		.cfi_startproc
  65              		@ args = 0, pretend = 0, frame = 16
  66              		@ frame_needed = 1, uses_anonymous_args = 0
  67 0000 80B5     		push	{r7, lr}
  68              		.cfi_def_cfa_offset 8
  69              		.cfi_offset 7, -8
  70              		.cfi_offset 14, -4
  71 0002 84B0     		sub	sp, sp, #16
  72              		.cfi_def_cfa_offset 24
  73 0004 00AF     		add	r7, sp, #0
  74              		.cfi_def_cfa_register 7
  75 0006 F860     		str	r0, [r7, #12]
  76 0008 B960     		str	r1, [r7, #8]
  77 000a 7A60     		str	r2, [r7, #4]
  83:Generated_Source\PSoC4/cyfitter_cfg.c **** 	(void)memcpy(dest, src, n);
  78              		.loc 1 83 0
  79 000c 7A68     		ldr	r2, [r7, #4]
  80 000e B968     		ldr	r1, [r7, #8]
  81 0010 FB68     		ldr	r3, [r7, #12]
  82 0012 1800     		movs	r0, r3
  83 0014 FFF7FEFF 		bl	memcpy
  84:Generated_Source\PSoC4/cyfitter_cfg.c **** }
  84              		.loc 1 84 0
  85 0018 C046     		nop
  86 001a BD46     		mov	sp, r7
  87 001c 04B0     		add	sp, sp, #16
ARM GAS  C:\Users\Jeremias\AppData\Local\Temp\ccZv8xr4.s 			page 4


  88              		@ sp needed
  89 001e 80BD     		pop	{r7, pc}
  90              		.cfi_endproc
  91              	.LFE1:
  92              		.size	CYCONFIGCPY, .-CYCONFIGCPY
  93              		.section	.text.CYCONFIGCPYCODE,"ax",%progbits
  94              		.align	2
  95              		.code	16
  96              		.thumb_func
  97              		.type	CYCONFIGCPYCODE, %function
  98              	CYCONFIGCPYCODE:
  99              	.LFB2:
  85:Generated_Source\PSoC4/cyfitter_cfg.c **** CY_CFG_UNUSED
  86:Generated_Source\PSoC4/cyfitter_cfg.c **** static void CYCONFIGCPYCODE(void *dest, const void *src, size_t n);
  87:Generated_Source\PSoC4/cyfitter_cfg.c **** CY_CFG_UNUSED
  88:Generated_Source\PSoC4/cyfitter_cfg.c **** static void CYCONFIGCPYCODE(void *dest, const void *src, size_t n)
  89:Generated_Source\PSoC4/cyfitter_cfg.c **** {
 100              		.loc 1 89 0
 101              		.cfi_startproc
 102              		@ args = 0, pretend = 0, frame = 16
 103              		@ frame_needed = 1, uses_anonymous_args = 0
 104 0000 80B5     		push	{r7, lr}
 105              		.cfi_def_cfa_offset 8
 106              		.cfi_offset 7, -8
 107              		.cfi_offset 14, -4
 108 0002 84B0     		sub	sp, sp, #16
 109              		.cfi_def_cfa_offset 24
 110 0004 00AF     		add	r7, sp, #0
 111              		.cfi_def_cfa_register 7
 112 0006 F860     		str	r0, [r7, #12]
 113 0008 B960     		str	r1, [r7, #8]
 114 000a 7A60     		str	r2, [r7, #4]
  90:Generated_Source\PSoC4/cyfitter_cfg.c **** 	(void)memcpy(dest, src, n);
 115              		.loc 1 90 0
 116 000c 7A68     		ldr	r2, [r7, #4]
 117 000e B968     		ldr	r1, [r7, #8]
 118 0010 FB68     		ldr	r3, [r7, #12]
 119 0012 1800     		movs	r0, r3
 120 0014 FFF7FEFF 		bl	memcpy
  91:Generated_Source\PSoC4/cyfitter_cfg.c **** }
 121              		.loc 1 91 0
 122 0018 C046     		nop
 123 001a BD46     		mov	sp, r7
 124 001c 04B0     		add	sp, sp, #16
 125              		@ sp needed
 126 001e 80BD     		pop	{r7, pc}
 127              		.cfi_endproc
 128              	.LFE2:
 129              		.size	CYCONFIGCPYCODE, .-CYCONFIGCPYCODE
 130              		.section	.psocinit,"ax",%progbits
 131              		.align	2
 132              		.code	16
 133              		.thumb_func
 134              		.type	ClockSetup, %function
 135              	ClockSetup:
 136              	.LFB3:
  92:Generated_Source\PSoC4/cyfitter_cfg.c **** 
ARM GAS  C:\Users\Jeremias\AppData\Local\Temp\ccZv8xr4.s 			page 5


  93:Generated_Source\PSoC4/cyfitter_cfg.c **** 
  94:Generated_Source\PSoC4/cyfitter_cfg.c **** 
  95:Generated_Source\PSoC4/cyfitter_cfg.c **** 
  96:Generated_Source\PSoC4/cyfitter_cfg.c **** /* Clock startup error codes                                                   */
  97:Generated_Source\PSoC4/cyfitter_cfg.c **** #define CYCLOCKSTART_NO_ERROR    0u
  98:Generated_Source\PSoC4/cyfitter_cfg.c **** #define CYCLOCKSTART_XTAL_ERROR  1u
  99:Generated_Source\PSoC4/cyfitter_cfg.c **** #define CYCLOCKSTART_32KHZ_ERROR 2u
 100:Generated_Source\PSoC4/cyfitter_cfg.c **** #define CYCLOCKSTART_PLL_ERROR   3u
 101:Generated_Source\PSoC4/cyfitter_cfg.c **** #define CYCLOCKSTART_FLL_ERROR   4u
 102:Generated_Source\PSoC4/cyfitter_cfg.c **** #define CYCLOCKSTART_WCO_ERROR   5u
 103:Generated_Source\PSoC4/cyfitter_cfg.c **** 
 104:Generated_Source\PSoC4/cyfitter_cfg.c **** 
 105:Generated_Source\PSoC4/cyfitter_cfg.c **** #ifdef CY_NEED_CYCLOCKSTARTUPERROR
 106:Generated_Source\PSoC4/cyfitter_cfg.c **** /*******************************************************************************
 107:Generated_Source\PSoC4/cyfitter_cfg.c **** * Function Name: CyClockStartupError
 108:Generated_Source\PSoC4/cyfitter_cfg.c **** ********************************************************************************
 109:Generated_Source\PSoC4/cyfitter_cfg.c **** * Summary:
 110:Generated_Source\PSoC4/cyfitter_cfg.c **** *  If an error is encountered during clock configuration (crystal startup error,
 111:Generated_Source\PSoC4/cyfitter_cfg.c **** *  PLL lock error, etc.), the system will end up here.  Unless reimplemented by
 112:Generated_Source\PSoC4/cyfitter_cfg.c **** *  the customer, this function will stop in an infinite loop.
 113:Generated_Source\PSoC4/cyfitter_cfg.c **** *
 114:Generated_Source\PSoC4/cyfitter_cfg.c **** * Parameters:
 115:Generated_Source\PSoC4/cyfitter_cfg.c **** *   void
 116:Generated_Source\PSoC4/cyfitter_cfg.c **** *
 117:Generated_Source\PSoC4/cyfitter_cfg.c **** * Return:
 118:Generated_Source\PSoC4/cyfitter_cfg.c **** *   void
 119:Generated_Source\PSoC4/cyfitter_cfg.c **** *
 120:Generated_Source\PSoC4/cyfitter_cfg.c **** *******************************************************************************/
 121:Generated_Source\PSoC4/cyfitter_cfg.c **** CY_CFG_UNUSED
 122:Generated_Source\PSoC4/cyfitter_cfg.c **** static void CyClockStartupError(uint8 errorCode);
 123:Generated_Source\PSoC4/cyfitter_cfg.c **** CY_CFG_UNUSED
 124:Generated_Source\PSoC4/cyfitter_cfg.c **** static void CyClockStartupError(uint8 errorCode)
 125:Generated_Source\PSoC4/cyfitter_cfg.c **** {
 126:Generated_Source\PSoC4/cyfitter_cfg.c ****     /* To remove the compiler warning if errorCode not used.                */
 127:Generated_Source\PSoC4/cyfitter_cfg.c ****     errorCode = errorCode;
 128:Generated_Source\PSoC4/cyfitter_cfg.c **** 
 129:Generated_Source\PSoC4/cyfitter_cfg.c ****     /* If we have a clock startup error (bad MHz crystal, PLL lock, etc.),  */
 130:Generated_Source\PSoC4/cyfitter_cfg.c ****     /* we will end up here to allow the customer to implement something to  */
 131:Generated_Source\PSoC4/cyfitter_cfg.c ****     /* deal with the clock condition.                                       */
 132:Generated_Source\PSoC4/cyfitter_cfg.c **** 
 133:Generated_Source\PSoC4/cyfitter_cfg.c **** #ifdef CY_CFG_CLOCK_STARTUP_ERROR_CALLBACK
 134:Generated_Source\PSoC4/cyfitter_cfg.c ****     CY_CFG_Clock_Startup_ErrorCallback();
 135:Generated_Source\PSoC4/cyfitter_cfg.c **** #else
 136:Generated_Source\PSoC4/cyfitter_cfg.c ****     /*  If not using CY_CFG_CLOCK_STARTUP_ERROR_CALLBACK, place your clock startup code here. */
 137:Generated_Source\PSoC4/cyfitter_cfg.c ****     /* `#START CyClockStartupError` */
 138:Generated_Source\PSoC4/cyfitter_cfg.c **** 
 139:Generated_Source\PSoC4/cyfitter_cfg.c **** 
 140:Generated_Source\PSoC4/cyfitter_cfg.c **** 
 141:Generated_Source\PSoC4/cyfitter_cfg.c ****     /* `#END` */
 142:Generated_Source\PSoC4/cyfitter_cfg.c **** 
 143:Generated_Source\PSoC4/cyfitter_cfg.c ****     while(1) {}
 144:Generated_Source\PSoC4/cyfitter_cfg.c **** #endif /* CY_CFG_CLOCK_STARTUP_ERROR_CALLBACK */
 145:Generated_Source\PSoC4/cyfitter_cfg.c **** }
 146:Generated_Source\PSoC4/cyfitter_cfg.c **** #endif
 147:Generated_Source\PSoC4/cyfitter_cfg.c **** 
 148:Generated_Source\PSoC4/cyfitter_cfg.c **** 
 149:Generated_Source\PSoC4/cyfitter_cfg.c **** 
ARM GAS  C:\Users\Jeremias\AppData\Local\Temp\ccZv8xr4.s 			page 6


 150:Generated_Source\PSoC4/cyfitter_cfg.c **** /*******************************************************************************
 151:Generated_Source\PSoC4/cyfitter_cfg.c **** * Function Name: ClockSetup
 152:Generated_Source\PSoC4/cyfitter_cfg.c **** ********************************************************************************
 153:Generated_Source\PSoC4/cyfitter_cfg.c **** *
 154:Generated_Source\PSoC4/cyfitter_cfg.c **** * Summary:
 155:Generated_Source\PSoC4/cyfitter_cfg.c **** *   Performs the initialization of all of the clocks in the device based on the
 156:Generated_Source\PSoC4/cyfitter_cfg.c **** *   settings in the Clock tab of the DWR.  This includes enabling the requested
 157:Generated_Source\PSoC4/cyfitter_cfg.c **** *   clocks and setting the necessary dividers to produce the desired frequency. 
 158:Generated_Source\PSoC4/cyfitter_cfg.c **** *
 159:Generated_Source\PSoC4/cyfitter_cfg.c **** * Parameters:
 160:Generated_Source\PSoC4/cyfitter_cfg.c **** *   void
 161:Generated_Source\PSoC4/cyfitter_cfg.c **** *
 162:Generated_Source\PSoC4/cyfitter_cfg.c **** * Return:
 163:Generated_Source\PSoC4/cyfitter_cfg.c **** *   void
 164:Generated_Source\PSoC4/cyfitter_cfg.c **** *
 165:Generated_Source\PSoC4/cyfitter_cfg.c **** *******************************************************************************/
 166:Generated_Source\PSoC4/cyfitter_cfg.c **** static void ClockSetup(void);
 167:Generated_Source\PSoC4/cyfitter_cfg.c **** CY_CFG_SECTION
 168:Generated_Source\PSoC4/cyfitter_cfg.c **** static void ClockSetup(void)
 169:Generated_Source\PSoC4/cyfitter_cfg.c **** {
 137              		.loc 1 169 0
 138              		.cfi_startproc
 139              		@ args = 0, pretend = 0, frame = 0
 140              		@ frame_needed = 1, uses_anonymous_args = 0
 141 0000 80B5     		push	{r7, lr}
 142              		.cfi_def_cfa_offset 8
 143              		.cfi_offset 7, -8
 144              		.cfi_offset 14, -4
 145 0002 00AF     		add	r7, sp, #0
 146              		.cfi_def_cfa_register 7
 170:Generated_Source\PSoC4/cyfitter_cfg.c **** 	/* Enable HALF_EN before trimming for the flash accelerator. */
 171:Generated_Source\PSoC4/cyfitter_cfg.c **** 	CY_SET_REG32((void CYXDATA *)(CYREG_CLK_SELECT), (CY_GET_REG32((void *)CYREG_CLK_SELECT) | 0x00040
 147              		.loc 1 171 0
 148 0004 0F4B     		ldr	r3, .L5
 149 0006 0F4A     		ldr	r2, .L5
 150 0008 1268     		ldr	r2, [r2]
 151 000a 8021     		movs	r1, #128
 152 000c C902     		lsls	r1, r1, #11
 153 000e 0A43     		orrs	r2, r1
 154 0010 1A60     		str	r2, [r3]
 172:Generated_Source\PSoC4/cyfitter_cfg.c **** 
 173:Generated_Source\PSoC4/cyfitter_cfg.c **** 	/* Setup and trim IMO based on desired frequency. */
 174:Generated_Source\PSoC4/cyfitter_cfg.c **** 	CySysClkWriteImoFreq(3u);
 155              		.loc 1 174 0
 156 0012 0320     		movs	r0, #3
 157 0014 FFF7FEFF 		bl	CySysClkWriteImoFreq
 175:Generated_Source\PSoC4/cyfitter_cfg.c **** 
 176:Generated_Source\PSoC4/cyfitter_cfg.c **** 	/* Disable HALF_EN since it is not required at this IMO frequency. */
 177:Generated_Source\PSoC4/cyfitter_cfg.c **** 	CY_SET_REG32((void CYXDATA *)(CYREG_CLK_SELECT), (CY_GET_REG32((void *)CYREG_CLK_SELECT) & 0xFFFBF
 158              		.loc 1 177 0
 159 0018 0A4B     		ldr	r3, .L5
 160 001a 0A4A     		ldr	r2, .L5
 161 001c 1268     		ldr	r2, [r2]
 162 001e 0A49     		ldr	r1, .L5+4
 163 0020 0A40     		ands	r2, r1
 164 0022 1A60     		str	r2, [r3]
 178:Generated_Source\PSoC4/cyfitter_cfg.c **** 	/* CYDEV_CLK_ILO_CONFIG Starting address: CYDEV_CLK_ILO_CONFIG */
ARM GAS  C:\Users\Jeremias\AppData\Local\Temp\ccZv8xr4.s 			page 7


 179:Generated_Source\PSoC4/cyfitter_cfg.c **** 	CY_SET_REG32((void *)(CYREG_CLK_ILO_CONFIG), 0x80000006u);
 165              		.loc 1 179 0
 166 0024 094B     		ldr	r3, .L5+8
 167 0026 0A4A     		ldr	r2, .L5+12
 168 0028 1A60     		str	r2, [r3]
 180:Generated_Source\PSoC4/cyfitter_cfg.c **** 
 181:Generated_Source\PSoC4/cyfitter_cfg.c **** 
 182:Generated_Source\PSoC4/cyfitter_cfg.c **** 	/* CYDEV_CLK_IMO_CONFIG Starting address: CYDEV_CLK_IMO_CONFIG */
 183:Generated_Source\PSoC4/cyfitter_cfg.c **** 	CY_SET_REG32((void *)(CYREG_CLK_IMO_CONFIG), 0x80000000u);
 169              		.loc 1 183 0
 170 002a 0A4B     		ldr	r3, .L5+16
 171 002c 8022     		movs	r2, #128
 172 002e 1206     		lsls	r2, r2, #24
 173 0030 1A60     		str	r2, [r3]
 184:Generated_Source\PSoC4/cyfitter_cfg.c **** 
 185:Generated_Source\PSoC4/cyfitter_cfg.c **** 	/* CYDEV_CLK_SELECT Starting address: CYDEV_CLK_SELECT */
 186:Generated_Source\PSoC4/cyfitter_cfg.c **** 	CY_SET_REG32((void *)(CYREG_CLK_SELECT), 0x00000000u);
 174              		.loc 1 186 0
 175 0032 044B     		ldr	r3, .L5
 176 0034 0022     		movs	r2, #0
 177 0036 1A60     		str	r2, [r3]
 187:Generated_Source\PSoC4/cyfitter_cfg.c **** 
 188:Generated_Source\PSoC4/cyfitter_cfg.c **** 	CY_SET_REG32((void *)(CYREG_WDT_CONFIG), 0x00000000u);
 178              		.loc 1 188 0
 179 0038 074B     		ldr	r3, .L5+20
 180 003a 0022     		movs	r2, #0
 181 003c 1A60     		str	r2, [r3]
 189:Generated_Source\PSoC4/cyfitter_cfg.c **** }
 182              		.loc 1 189 0
 183 003e C046     		nop
 184 0040 BD46     		mov	sp, r7
 185              		@ sp needed
 186 0042 80BD     		pop	{r7, pc}
 187              	.L6:
 188              		.align	2
 189              	.L5:
 190 0044 00010B40 		.word	1074462976
 191 0048 FFFFFBFF 		.word	-262145
 192 004c 04010B40 		.word	1074462980
 193 0050 06000080 		.word	-2147483642
 194 0054 08010B40 		.word	1074462984
 195 0058 0C020B40 		.word	1074463244
 196              		.cfi_endproc
 197              	.LFE3:
 198              		.size	ClockSetup, .-ClockSetup
 199              		.section	.text.AnalogSetDefault,"ax",%progbits
 200              		.align	2
 201              		.code	16
 202              		.thumb_func
 203              		.type	AnalogSetDefault, %function
 204              	AnalogSetDefault:
 205              	.LFB4:
 190:Generated_Source\PSoC4/cyfitter_cfg.c **** 
 191:Generated_Source\PSoC4/cyfitter_cfg.c **** 
 192:Generated_Source\PSoC4/cyfitter_cfg.c **** /* Analog API Functions */
 193:Generated_Source\PSoC4/cyfitter_cfg.c **** 
 194:Generated_Source\PSoC4/cyfitter_cfg.c **** 
ARM GAS  C:\Users\Jeremias\AppData\Local\Temp\ccZv8xr4.s 			page 8


 195:Generated_Source\PSoC4/cyfitter_cfg.c **** /*******************************************************************************
 196:Generated_Source\PSoC4/cyfitter_cfg.c **** * Function Name: AnalogSetDefault
 197:Generated_Source\PSoC4/cyfitter_cfg.c **** ********************************************************************************
 198:Generated_Source\PSoC4/cyfitter_cfg.c **** *
 199:Generated_Source\PSoC4/cyfitter_cfg.c **** * Summary:
 200:Generated_Source\PSoC4/cyfitter_cfg.c **** *  Sets up the analog portions of the chip to default values based on chip
 201:Generated_Source\PSoC4/cyfitter_cfg.c **** *  configuration options from the project.
 202:Generated_Source\PSoC4/cyfitter_cfg.c **** *
 203:Generated_Source\PSoC4/cyfitter_cfg.c **** * Parameters:
 204:Generated_Source\PSoC4/cyfitter_cfg.c **** *  void
 205:Generated_Source\PSoC4/cyfitter_cfg.c **** *
 206:Generated_Source\PSoC4/cyfitter_cfg.c **** * Return:
 207:Generated_Source\PSoC4/cyfitter_cfg.c **** *  void
 208:Generated_Source\PSoC4/cyfitter_cfg.c **** *
 209:Generated_Source\PSoC4/cyfitter_cfg.c **** *******************************************************************************/
 210:Generated_Source\PSoC4/cyfitter_cfg.c **** static void AnalogSetDefault(void);
 211:Generated_Source\PSoC4/cyfitter_cfg.c **** static void AnalogSetDefault(void)
 212:Generated_Source\PSoC4/cyfitter_cfg.c **** {
 206              		.loc 1 212 0
 207              		.cfi_startproc
 208              		@ args = 0, pretend = 0, frame = 0
 209              		@ frame_needed = 1, uses_anonymous_args = 0
 210 0000 80B5     		push	{r7, lr}
 211              		.cfi_def_cfa_offset 8
 212              		.cfi_offset 7, -8
 213              		.cfi_offset 14, -4
 214 0002 00AF     		add	r7, sp, #0
 215              		.cfi_def_cfa_register 7
 213:Generated_Source\PSoC4/cyfitter_cfg.c **** }
 216              		.loc 1 213 0
 217 0004 C046     		nop
 218 0006 BD46     		mov	sp, r7
 219              		@ sp needed
 220 0008 80BD     		pop	{r7, pc}
 221              		.cfi_endproc
 222              	.LFE4:
 223              		.size	AnalogSetDefault, .-AnalogSetDefault
 224 000a C046     		.section	.psocinit
 225              		.align	2
 226              		.global	cyfitter_cfg
 227              		.code	16
 228              		.thumb_func
 229              		.type	cyfitter_cfg, %function
 230              	cyfitter_cfg:
 231              	.LFB5:
 214:Generated_Source\PSoC4/cyfitter_cfg.c **** 
 215:Generated_Source\PSoC4/cyfitter_cfg.c **** 
 216:Generated_Source\PSoC4/cyfitter_cfg.c **** 
 217:Generated_Source\PSoC4/cyfitter_cfg.c **** 
 218:Generated_Source\PSoC4/cyfitter_cfg.c **** /*******************************************************************************
 219:Generated_Source\PSoC4/cyfitter_cfg.c **** * Function Name: cyfitter_cfg
 220:Generated_Source\PSoC4/cyfitter_cfg.c **** ********************************************************************************
 221:Generated_Source\PSoC4/cyfitter_cfg.c **** * Summary:
 222:Generated_Source\PSoC4/cyfitter_cfg.c **** *  This function is called by the start-up code for the selected device. It
 223:Generated_Source\PSoC4/cyfitter_cfg.c **** *  performs all of the necessary device configuration based on the design
 224:Generated_Source\PSoC4/cyfitter_cfg.c **** *  settings.  This includes settings from the Design Wide Resources (DWR) such
 225:Generated_Source\PSoC4/cyfitter_cfg.c **** *  as Clocks and Pins as well as any component configuration that is necessary.
ARM GAS  C:\Users\Jeremias\AppData\Local\Temp\ccZv8xr4.s 			page 9


 226:Generated_Source\PSoC4/cyfitter_cfg.c **** *
 227:Generated_Source\PSoC4/cyfitter_cfg.c **** * Parameters:
 228:Generated_Source\PSoC4/cyfitter_cfg.c **** *   void
 229:Generated_Source\PSoC4/cyfitter_cfg.c **** *
 230:Generated_Source\PSoC4/cyfitter_cfg.c **** * Return:
 231:Generated_Source\PSoC4/cyfitter_cfg.c **** *   void
 232:Generated_Source\PSoC4/cyfitter_cfg.c **** *
 233:Generated_Source\PSoC4/cyfitter_cfg.c **** *******************************************************************************/
 234:Generated_Source\PSoC4/cyfitter_cfg.c **** CY_CFG_SECTION
 235:Generated_Source\PSoC4/cyfitter_cfg.c **** void cyfitter_cfg(void)
 236:Generated_Source\PSoC4/cyfitter_cfg.c **** {
 232              		.loc 1 236 0
 233              		.cfi_startproc
 234              		@ args = 0, pretend = 0, frame = 8
 235              		@ frame_needed = 1, uses_anonymous_args = 0
 236 005c 80B5     		push	{r7, lr}
 237              		.cfi_def_cfa_offset 8
 238              		.cfi_offset 7, -8
 239              		.cfi_offset 14, -4
 240 005e 82B0     		sub	sp, sp, #8
 241              		.cfi_def_cfa_offset 16
 242 0060 00AF     		add	r7, sp, #0
 243              		.cfi_def_cfa_register 7
 237:Generated_Source\PSoC4/cyfitter_cfg.c **** 	/* Disable interrupts by default. Let user enable if/when they want. */
 238:Generated_Source\PSoC4/cyfitter_cfg.c **** 	CyGlobalIntDisable;
 244              		.loc 1 238 0
 245              		.syntax divided
 246              	@ 238 "Generated_Source\PSoC4\cyfitter_cfg.c" 1
 247 0062 72B6     		CPSID   i
 248              	@ 0 "" 2
 249              		.thumb
 250              		.syntax unified
 251              	.LBB2:
 239:Generated_Source\PSoC4/cyfitter_cfg.c **** 
 240:Generated_Source\PSoC4/cyfitter_cfg.c **** 	{
 241:Generated_Source\PSoC4/cyfitter_cfg.c **** 
 242:Generated_Source\PSoC4/cyfitter_cfg.c **** 		CYPACKED typedef struct {
 243:Generated_Source\PSoC4/cyfitter_cfg.c **** 			void CYFAR *address;
 244:Generated_Source\PSoC4/cyfitter_cfg.c **** 			uint16 size;
 245:Generated_Source\PSoC4/cyfitter_cfg.c **** 		} CYPACKED_ATTR cfg_memset_t;
 246:Generated_Source\PSoC4/cyfitter_cfg.c **** 
 247:Generated_Source\PSoC4/cyfitter_cfg.c **** 		static const cfg_memset_t CYCODE cfg_memset_list[] = {
 248:Generated_Source\PSoC4/cyfitter_cfg.c **** 			/* address, size */
 249:Generated_Source\PSoC4/cyfitter_cfg.c **** 			{(void CYFAR *)(CYDEV_UDB_P0_U0_BASE), 1024u},
 250:Generated_Source\PSoC4/cyfitter_cfg.c **** 			{(void CYFAR *)(CYDEV_UDB_DSI0_BASE), 1024u},
 251:Generated_Source\PSoC4/cyfitter_cfg.c **** 		};
 252:Generated_Source\PSoC4/cyfitter_cfg.c **** 
 253:Generated_Source\PSoC4/cyfitter_cfg.c **** 		uint8 CYDATA i;
 254:Generated_Source\PSoC4/cyfitter_cfg.c **** 
 255:Generated_Source\PSoC4/cyfitter_cfg.c **** 		/* Zero out critical memory blocks before beginning configuration */
 256:Generated_Source\PSoC4/cyfitter_cfg.c **** 		for (i = 0u; i < (sizeof(cfg_memset_list)/sizeof(cfg_memset_list[0])); i++)
 252              		.loc 1 256 0
 253 0064 FB1D     		adds	r3, r7, #7
 254 0066 0022     		movs	r2, #0
 255 0068 1A70     		strb	r2, [r3]
 256 006a 22E0     		b	.L9
 257              	.L10:
ARM GAS  C:\Users\Jeremias\AppData\Local\Temp\ccZv8xr4.s 			page 10


 258              	.LBB3:
 257:Generated_Source\PSoC4/cyfitter_cfg.c **** 		{
 258:Generated_Source\PSoC4/cyfitter_cfg.c **** 			const cfg_memset_t CYCODE * CYDATA ms = &cfg_memset_list[i];
 259              		.loc 1 258 0 discriminator 3
 260 006c FB1D     		adds	r3, r7, #7
 261 006e 1A78     		ldrb	r2, [r3]
 262 0070 1300     		movs	r3, r2
 263 0072 5B00     		lsls	r3, r3, #1
 264 0074 9B18     		adds	r3, r3, r2
 265 0076 5B00     		lsls	r3, r3, #1
 266 0078 244A     		ldr	r2, .L11
 267 007a 9B18     		adds	r3, r3, r2
 268 007c 3B60     		str	r3, [r7]
 259:Generated_Source\PSoC4/cyfitter_cfg.c **** 			CYMEMZERO(ms->address, (size_t)(uint32)(ms->size));
 269              		.loc 1 259 0 discriminator 3
 270 007e 3B68     		ldr	r3, [r7]
 271 0080 1A78     		ldrb	r2, [r3]
 272 0082 5978     		ldrb	r1, [r3, #1]
 273 0084 0902     		lsls	r1, r1, #8
 274 0086 0A43     		orrs	r2, r1
 275 0088 9978     		ldrb	r1, [r3, #2]
 276 008a 0904     		lsls	r1, r1, #16
 277 008c 0A43     		orrs	r2, r1
 278 008e DB78     		ldrb	r3, [r3, #3]
 279 0090 1B06     		lsls	r3, r3, #24
 280 0092 1343     		orrs	r3, r2
 281 0094 1800     		movs	r0, r3
 282 0096 3B68     		ldr	r3, [r7]
 283 0098 1A79     		ldrb	r2, [r3, #4]
 284 009a 5B79     		ldrb	r3, [r3, #5]
 285 009c 1B02     		lsls	r3, r3, #8
 286 009e 1343     		orrs	r3, r2
 287 00a0 9BB2     		uxth	r3, r3
 288 00a2 1900     		movs	r1, r3
 289 00a4 FFF7FEFF 		bl	CYMEMZERO
 290              	.LBE3:
 256:Generated_Source\PSoC4/cyfitter_cfg.c **** 		{
 291              		.loc 1 256 0 discriminator 3
 292 00a8 FB1D     		adds	r3, r7, #7
 293 00aa 1A78     		ldrb	r2, [r3]
 294 00ac FB1D     		adds	r3, r7, #7
 295 00ae 0132     		adds	r2, r2, #1
 296 00b0 1A70     		strb	r2, [r3]
 297              	.L9:
 256:Generated_Source\PSoC4/cyfitter_cfg.c **** 		{
 298              		.loc 1 256 0 is_stmt 0 discriminator 1
 299 00b2 FB1D     		adds	r3, r7, #7
 300 00b4 1B78     		ldrb	r3, [r3]
 301 00b6 012B     		cmp	r3, #1
 302 00b8 D8D9     		bls	.L10
 260:Generated_Source\PSoC4/cyfitter_cfg.c **** 		}
 261:Generated_Source\PSoC4/cyfitter_cfg.c **** 
 262:Generated_Source\PSoC4/cyfitter_cfg.c **** 		/* FORCED_HSIOM Starting address: CYDEV_HSIOM_PORT_SEL3 */
 263:Generated_Source\PSoC4/cyfitter_cfg.c **** 		CY_SET_REG32((void *)(CYREG_HSIOM_PORT_SEL3), 0x00000000u);
 303              		.loc 1 263 0 is_stmt 1
 304 00ba 154B     		ldr	r3, .L11+4
 305 00bc 0022     		movs	r2, #0
ARM GAS  C:\Users\Jeremias\AppData\Local\Temp\ccZv8xr4.s 			page 11


 306 00be 1A60     		str	r2, [r3]
 264:Generated_Source\PSoC4/cyfitter_cfg.c **** 
 265:Generated_Source\PSoC4/cyfitter_cfg.c **** 		/* IOPINS0_3 Starting address: CYDEV_PRT3_PC */
 266:Generated_Source\PSoC4/cyfitter_cfg.c **** 		CY_SET_REG32((void *)(CYREG_PRT3_PC), 0x00000000u);
 307              		.loc 1 266 0
 308 00c0 144B     		ldr	r3, .L11+8
 309 00c2 0022     		movs	r2, #0
 310 00c4 1A60     		str	r2, [r3]
 267:Generated_Source\PSoC4/cyfitter_cfg.c **** 
 268:Generated_Source\PSoC4/cyfitter_cfg.c **** 		/* UDB_PA_0 Starting address: CYDEV_UDB_PA0_BASE */
 269:Generated_Source\PSoC4/cyfitter_cfg.c **** 		CY_SET_REG32((void *)(CYDEV_UDB_PA0_BASE), 0x00990000u);
 311              		.loc 1 269 0
 312 00c6 144B     		ldr	r3, .L11+12
 313 00c8 9922     		movs	r2, #153
 314 00ca 1204     		lsls	r2, r2, #16
 315 00cc 1A60     		str	r2, [r3]
 270:Generated_Source\PSoC4/cyfitter_cfg.c **** 
 271:Generated_Source\PSoC4/cyfitter_cfg.c **** 		/* UDB_PA_1 Starting address: CYDEV_UDB_PA1_BASE */
 272:Generated_Source\PSoC4/cyfitter_cfg.c **** 		CY_SET_REG32((void *)(CYDEV_UDB_PA1_BASE), 0x00990000u);
 316              		.loc 1 272 0
 317 00ce 134B     		ldr	r3, .L11+16
 318 00d0 9922     		movs	r2, #153
 319 00d2 1204     		lsls	r2, r2, #16
 320 00d4 1A60     		str	r2, [r3]
 273:Generated_Source\PSoC4/cyfitter_cfg.c **** 
 274:Generated_Source\PSoC4/cyfitter_cfg.c **** 		/* Enable digital routing */
 275:Generated_Source\PSoC4/cyfitter_cfg.c **** 		CY_SET_XTND_REG8((void *)CYREG_UDB_UDBIF_BANK_CTL, (uint8)(CY_GET_XTND_REG8((void *)CYREG_UDB_UDB
 321              		.loc 1 275 0
 322 00d6 124A     		ldr	r2, .L11+20
 323 00d8 114B     		ldr	r3, .L11+20
 324 00da 1B78     		ldrb	r3, [r3]
 325 00dc DBB2     		uxtb	r3, r3
 326 00de 0621     		movs	r1, #6
 327 00e0 0B43     		orrs	r3, r1
 328 00e2 DBB2     		uxtb	r3, r3
 329 00e4 1370     		strb	r3, [r2]
 330              	.LBE2:
 276:Generated_Source\PSoC4/cyfitter_cfg.c **** 	}
 277:Generated_Source\PSoC4/cyfitter_cfg.c **** 
 278:Generated_Source\PSoC4/cyfitter_cfg.c **** 	/* Perform second pass device configuration. These items must be configured in specific order afte
 279:Generated_Source\PSoC4/cyfitter_cfg.c **** 	/* IOPINS0_0 Starting address: CYDEV_PRT0_BASE */
 280:Generated_Source\PSoC4/cyfitter_cfg.c **** 	CY_SET_REG32((void *)(CYDEV_PRT0_BASE), 0x00000080u);
 331              		.loc 1 280 0
 332 00e6 0F4B     		ldr	r3, .L11+24
 333 00e8 8022     		movs	r2, #128
 334 00ea 1A60     		str	r2, [r3]
 281:Generated_Source\PSoC4/cyfitter_cfg.c **** 	CY_SET_REG32((void *)(CYREG_PRT0_PC), 0x00400000u);
 335              		.loc 1 281 0
 336 00ec 0E4B     		ldr	r3, .L11+28
 337 00ee 8022     		movs	r2, #128
 338 00f0 D203     		lsls	r2, r2, #15
 339 00f2 1A60     		str	r2, [r3]
 282:Generated_Source\PSoC4/cyfitter_cfg.c **** 
 283:Generated_Source\PSoC4/cyfitter_cfg.c **** 	/* IOPINS0_1 Starting address: CYDEV_PRT1_BASE */
 284:Generated_Source\PSoC4/cyfitter_cfg.c **** 	CY_SET_REG32((void *)(CYREG_PRT1_PC), 0x00030000u);
 340              		.loc 1 284 0
 341 00f4 0D4B     		ldr	r3, .L11+32
ARM GAS  C:\Users\Jeremias\AppData\Local\Temp\ccZv8xr4.s 			page 12


 342 00f6 C022     		movs	r2, #192
 343 00f8 9202     		lsls	r2, r2, #10
 344 00fa 1A60     		str	r2, [r3]
 285:Generated_Source\PSoC4/cyfitter_cfg.c **** 
 286:Generated_Source\PSoC4/cyfitter_cfg.c **** 
 287:Generated_Source\PSoC4/cyfitter_cfg.c **** 	/* Setup clocks based on selections from Clock DWR */
 288:Generated_Source\PSoC4/cyfitter_cfg.c **** 	ClockSetup();
 345              		.loc 1 288 0
 346 00fc FFF780FF 		bl	ClockSetup
 289:Generated_Source\PSoC4/cyfitter_cfg.c **** 
 290:Generated_Source\PSoC4/cyfitter_cfg.c **** 	/* Perform basic analog initialization to defaults */
 291:Generated_Source\PSoC4/cyfitter_cfg.c **** 	AnalogSetDefault();
 347              		.loc 1 291 0
 348 0100 FFF7FEFF 		bl	AnalogSetDefault
 292:Generated_Source\PSoC4/cyfitter_cfg.c **** 
 293:Generated_Source\PSoC4/cyfitter_cfg.c **** }
 349              		.loc 1 293 0
 350 0104 C046     		nop
 351 0106 BD46     		mov	sp, r7
 352 0108 02B0     		add	sp, sp, #8
 353              		@ sp needed
 354 010a 80BD     		pop	{r7, pc}
 355              	.L12:
 356              		.align	2
 357              	.L11:
 358 010c 00000000 		.word	cfg_memset_list.4847
 359 0110 0C000140 		.word	1073807372
 360 0114 08030440 		.word	1074004744
 361 0118 00500F40 		.word	1074745344
 362 011c 10500F40 		.word	1074745360
 363 0120 00700F40 		.word	1074753536
 364 0124 00000440 		.word	1074003968
 365 0128 08000440 		.word	1074003976
 366 012c 08010440 		.word	1074004232
 367              		.cfi_endproc
 368              	.LFE5:
 369              		.size	cyfitter_cfg, .-cyfitter_cfg
 370              		.section	.rodata
 371              		.align	2
 372              		.type	cfg_memset_list.4847, %object
 373              		.size	cfg_memset_list.4847, 12
 374              	cfg_memset_list.4847:
 375 0000 00300F40 		.word	1074737152
 376 0004 0004     		.short	1024
 377 0006 00400F40 		.4byte	1074741248
 378 000a 0004     		.short	1024
 379              		.text
 380              	.Letext0:
 381              		.file 2 "c:\\program files (x86)\\cypress\\psoc creator\\4.4\\psoc creator\\import\\gnu\\arm\\5.4.
 382              		.file 3 "Generated_Source\\PSoC4\\cytypes.h"
 383              		.section	.debug_info,"",%progbits
 384              	.Ldebug_info0:
 385 0000 4E020000 		.4byte	0x24e
 386 0004 0400     		.2byte	0x4
 387 0006 00000000 		.4byte	.Ldebug_abbrev0
 388 000a 04       		.byte	0x4
 389 000b 01       		.uleb128 0x1
ARM GAS  C:\Users\Jeremias\AppData\Local\Temp\ccZv8xr4.s 			page 13


 390 000c 83000000 		.4byte	.LASF30
 391 0010 0C       		.byte	0xc
 392 0011 3D020000 		.4byte	.LASF31
 393 0015 11010000 		.4byte	.LASF32
 394 0019 00000000 		.4byte	.Ldebug_ranges0+0
 395 001d 00000000 		.4byte	0
 396 0021 00000000 		.4byte	.Ldebug_line0
 397 0025 02       		.uleb128 0x2
 398 0026 04       		.byte	0x4
 399 0027 05       		.byte	0x5
 400 0028 696E7400 		.ascii	"int\000"
 401 002c 03       		.uleb128 0x3
 402 002d 06000000 		.4byte	.LASF12
 403 0031 02       		.byte	0x2
 404 0032 D8       		.byte	0xd8
 405 0033 37000000 		.4byte	0x37
 406 0037 04       		.uleb128 0x4
 407 0038 04       		.byte	0x4
 408 0039 07       		.byte	0x7
 409 003a BD010000 		.4byte	.LASF0
 410 003e 04       		.uleb128 0x4
 411 003f 08       		.byte	0x8
 412 0040 05       		.byte	0x5
 413 0041 FF010000 		.4byte	.LASF1
 414 0045 04       		.uleb128 0x4
 415 0046 08       		.byte	0x8
 416 0047 04       		.byte	0x4
 417 0048 25020000 		.4byte	.LASF2
 418 004c 04       		.uleb128 0x4
 419 004d 01       		.byte	0x1
 420 004e 06       		.byte	0x6
 421 004f 31020000 		.4byte	.LASF3
 422 0053 04       		.uleb128 0x4
 423 0054 01       		.byte	0x1
 424 0055 08       		.byte	0x8
 425 0056 8D010000 		.4byte	.LASF4
 426 005a 04       		.uleb128 0x4
 427 005b 02       		.byte	0x2
 428 005c 05       		.byte	0x5
 429 005d 12020000 		.4byte	.LASF5
 430 0061 04       		.uleb128 0x4
 431 0062 02       		.byte	0x2
 432 0063 07       		.byte	0x7
 433 0064 39000000 		.4byte	.LASF6
 434 0068 04       		.uleb128 0x4
 435 0069 04       		.byte	0x4
 436 006a 05       		.byte	0x5
 437 006b 1C020000 		.4byte	.LASF7
 438 006f 04       		.uleb128 0x4
 439 0070 04       		.byte	0x4
 440 0071 07       		.byte	0x7
 441 0072 61000000 		.4byte	.LASF8
 442 0076 04       		.uleb128 0x4
 443 0077 08       		.byte	0x8
 444 0078 07       		.byte	0x7
 445 0079 D2010000 		.4byte	.LASF9
 446 007d 04       		.uleb128 0x4
ARM GAS  C:\Users\Jeremias\AppData\Local\Temp\ccZv8xr4.s 			page 14


 447 007e 04       		.byte	0x4
 448 007f 07       		.byte	0x7
 449 0080 F6010000 		.4byte	.LASF10
 450 0084 05       		.uleb128 0x5
 451 0085 04       		.byte	0x4
 452 0086 04       		.uleb128 0x4
 453 0087 01       		.byte	0x1
 454 0088 08       		.byte	0x8
 455 0089 0D020000 		.4byte	.LASF11
 456 008d 06       		.uleb128 0x6
 457 008e 73000000 		.4byte	.LASF13
 458 0092 03       		.byte	0x3
 459 0093 FB01     		.2byte	0x1fb
 460 0095 53000000 		.4byte	0x53
 461 0099 06       		.uleb128 0x6
 462 009a AF010000 		.4byte	.LASF14
 463 009e 03       		.byte	0x3
 464 009f FC01     		.2byte	0x1fc
 465 00a1 61000000 		.4byte	0x61
 466 00a5 06       		.uleb128 0x6
 467 00a6 B6010000 		.4byte	.LASF15
 468 00aa 03       		.byte	0x3
 469 00ab FD01     		.2byte	0x1fd
 470 00ad 6F000000 		.4byte	0x6f
 471 00b1 04       		.uleb128 0x4
 472 00b2 04       		.byte	0x4
 473 00b3 04       		.byte	0x4
 474 00b4 4C000000 		.4byte	.LASF16
 475 00b8 04       		.uleb128 0x4
 476 00b9 08       		.byte	0x8
 477 00ba 04       		.byte	0x4
 478 00bb 9B010000 		.4byte	.LASF17
 479 00bf 06       		.uleb128 0x6
 480 00c0 5C000000 		.4byte	.LASF18
 481 00c4 03       		.byte	0x3
 482 00c5 A502     		.2byte	0x2a5
 483 00c7 CB000000 		.4byte	0xcb
 484 00cb 07       		.uleb128 0x7
 485 00cc 8D000000 		.4byte	0x8d
 486 00d0 06       		.uleb128 0x6
 487 00d1 00000000 		.4byte	.LASF19
 488 00d5 03       		.byte	0x3
 489 00d6 A702     		.2byte	0x2a7
 490 00d8 DC000000 		.4byte	0xdc
 491 00dc 07       		.uleb128 0x7
 492 00dd A5000000 		.4byte	0xa5
 493 00e1 08       		.uleb128 0x8
 494 00e2 79000000 		.4byte	.LASF20
 495 00e6 01       		.byte	0x1
 496 00e7 4A       		.byte	0x4a
 497 00e8 00000000 		.4byte	.LFB0
 498 00ec 1E000000 		.4byte	.LFE0-.LFB0
 499 00f0 01       		.uleb128 0x1
 500 00f1 9C       		.byte	0x9c
 501 00f2 0F010000 		.4byte	0x10f
 502 00f6 09       		.uleb128 0x9
 503 00f7 7300     		.ascii	"s\000"
ARM GAS  C:\Users\Jeremias\AppData\Local\Temp\ccZv8xr4.s 			page 15


 504 00f9 01       		.byte	0x1
 505 00fa 4A       		.byte	0x4a
 506 00fb 84000000 		.4byte	0x84
 507 00ff 02       		.uleb128 0x2
 508 0100 91       		.byte	0x91
 509 0101 74       		.sleb128 -12
 510 0102 09       		.uleb128 0x9
 511 0103 6E00     		.ascii	"n\000"
 512 0105 01       		.byte	0x1
 513 0106 4A       		.byte	0x4a
 514 0107 2C000000 		.4byte	0x2c
 515 010b 02       		.uleb128 0x2
 516 010c 91       		.byte	0x91
 517 010d 70       		.sleb128 -16
 518 010e 00       		.byte	0
 519 010f 08       		.uleb128 0x8
 520 0110 73020000 		.4byte	.LASF21
 521 0114 01       		.byte	0x1
 522 0115 51       		.byte	0x51
 523 0116 00000000 		.4byte	.LFB1
 524 011a 20000000 		.4byte	.LFE1-.LFB1
 525 011e 01       		.uleb128 0x1
 526 011f 9C       		.byte	0x9c
 527 0120 4D010000 		.4byte	0x14d
 528 0124 0A       		.uleb128 0xa
 529 0125 52000000 		.4byte	.LASF22
 530 0129 01       		.byte	0x1
 531 012a 51       		.byte	0x51
 532 012b 84000000 		.4byte	0x84
 533 012f 02       		.uleb128 0x2
 534 0130 91       		.byte	0x91
 535 0131 74       		.sleb128 -12
 536 0132 09       		.uleb128 0x9
 537 0133 73726300 		.ascii	"src\000"
 538 0137 01       		.byte	0x1
 539 0138 51       		.byte	0x51
 540 0139 4D010000 		.4byte	0x14d
 541 013d 02       		.uleb128 0x2
 542 013e 91       		.byte	0x91
 543 013f 70       		.sleb128 -16
 544 0140 09       		.uleb128 0x9
 545 0141 6E00     		.ascii	"n\000"
 546 0143 01       		.byte	0x1
 547 0144 51       		.byte	0x51
 548 0145 2C000000 		.4byte	0x2c
 549 0149 02       		.uleb128 0x2
 550 014a 91       		.byte	0x91
 551 014b 6C       		.sleb128 -20
 552 014c 00       		.byte	0
 553 014d 0B       		.uleb128 0xb
 554 014e 04       		.byte	0x4
 555 014f 53010000 		.4byte	0x153
 556 0153 0C       		.uleb128 0xc
 557 0154 08       		.uleb128 0x8
 558 0155 63020000 		.4byte	.LASF23
 559 0159 01       		.byte	0x1
 560 015a 58       		.byte	0x58
ARM GAS  C:\Users\Jeremias\AppData\Local\Temp\ccZv8xr4.s 			page 16


 561 015b 00000000 		.4byte	.LFB2
 562 015f 20000000 		.4byte	.LFE2-.LFB2
 563 0163 01       		.uleb128 0x1
 564 0164 9C       		.byte	0x9c
 565 0165 92010000 		.4byte	0x192
 566 0169 0A       		.uleb128 0xa
 567 016a 52000000 		.4byte	.LASF22
 568 016e 01       		.byte	0x1
 569 016f 58       		.byte	0x58
 570 0170 84000000 		.4byte	0x84
 571 0174 02       		.uleb128 0x2
 572 0175 91       		.byte	0x91
 573 0176 74       		.sleb128 -12
 574 0177 09       		.uleb128 0x9
 575 0178 73726300 		.ascii	"src\000"
 576 017c 01       		.byte	0x1
 577 017d 58       		.byte	0x58
 578 017e 4D010000 		.4byte	0x14d
 579 0182 02       		.uleb128 0x2
 580 0183 91       		.byte	0x91
 581 0184 70       		.sleb128 -16
 582 0185 09       		.uleb128 0x9
 583 0186 6E00     		.ascii	"n\000"
 584 0188 01       		.byte	0x1
 585 0189 58       		.byte	0x58
 586 018a 2C000000 		.4byte	0x2c
 587 018e 02       		.uleb128 0x2
 588 018f 91       		.byte	0x91
 589 0190 6C       		.sleb128 -20
 590 0191 00       		.byte	0
 591 0192 0D       		.uleb128 0xd
 592 0193 2E000000 		.4byte	.LASF24
 593 0197 01       		.byte	0x1
 594 0198 A8       		.byte	0xa8
 595 0199 00000000 		.4byte	.LFB3
 596 019d 5C000000 		.4byte	.LFE3-.LFB3
 597 01a1 01       		.uleb128 0x1
 598 01a2 9C       		.byte	0x9c
 599 01a3 0E       		.uleb128 0xe
 600 01a4 0D000000 		.4byte	.LASF25
 601 01a8 01       		.byte	0x1
 602 01a9 D3       		.byte	0xd3
 603 01aa 00000000 		.4byte	.LFB4
 604 01ae 0A000000 		.4byte	.LFE4-.LFB4
 605 01b2 01       		.uleb128 0x1
 606 01b3 9C       		.byte	0x9c
 607 01b4 0F       		.uleb128 0xf
 608 01b5 A2010000 		.4byte	.LASF33
 609 01b9 01       		.byte	0x1
 610 01ba EB       		.byte	0xeb
 611 01bb 5C000000 		.4byte	.LFB5
 612 01bf D4000000 		.4byte	.LFE5-.LFB5
 613 01c3 01       		.uleb128 0x1
 614 01c4 9C       		.byte	0x9c
 615 01c5 10       		.uleb128 0x10
 616 01c6 64000000 		.4byte	.LBB2
 617 01ca 82000000 		.4byte	.LBE2-.LBB2
ARM GAS  C:\Users\Jeremias\AppData\Local\Temp\ccZv8xr4.s 			page 17


 618 01ce 11       		.uleb128 0x11
 619 01cf 06       		.byte	0x6
 620 01d0 01       		.byte	0x1
 621 01d1 F2       		.byte	0xf2
 622 01d2 EF010000 		.4byte	0x1ef
 623 01d6 12       		.uleb128 0x12
 624 01d7 CA010000 		.4byte	.LASF26
 625 01db 01       		.byte	0x1
 626 01dc F3       		.byte	0xf3
 627 01dd 84000000 		.4byte	0x84
 628 01e1 00       		.byte	0
 629 01e2 12       		.uleb128 0x12
 630 01e3 57000000 		.4byte	.LASF27
 631 01e7 01       		.byte	0x1
 632 01e8 F4       		.byte	0xf4
 633 01e9 99000000 		.4byte	0x99
 634 01ed 04       		.byte	0x4
 635 01ee 00       		.byte	0
 636 01ef 03       		.uleb128 0x3
 637 01f0 E9010000 		.4byte	.LASF28
 638 01f4 01       		.byte	0x1
 639 01f5 F5       		.byte	0xf5
 640 01f6 CE010000 		.4byte	0x1ce
 641 01fa 13       		.uleb128 0x13
 642 01fb 0A020000 		.4byte	0x20a
 643 01ff 0A020000 		.4byte	0x20a
 644 0203 14       		.uleb128 0x14
 645 0204 7D000000 		.4byte	0x7d
 646 0208 01       		.byte	0x1
 647 0209 00       		.byte	0
 648 020a 15       		.uleb128 0x15
 649 020b EF010000 		.4byte	0x1ef
 650 020f 16       		.uleb128 0x16
 651 0210 1E000000 		.4byte	.LASF29
 652 0214 01       		.byte	0x1
 653 0215 F7       		.byte	0xf7
 654 0216 20020000 		.4byte	0x220
 655 021a 05       		.uleb128 0x5
 656 021b 03       		.byte	0x3
 657 021c 00000000 		.4byte	cfg_memset_list.4847
 658 0220 15       		.uleb128 0x15
 659 0221 FA010000 		.4byte	0x1fa
 660 0225 17       		.uleb128 0x17
 661 0226 6900     		.ascii	"i\000"
 662 0228 01       		.byte	0x1
 663 0229 FD       		.byte	0xfd
 664 022a 8D000000 		.4byte	0x8d
 665 022e 02       		.uleb128 0x2
 666 022f 91       		.byte	0x91
 667 0230 77       		.sleb128 -9
 668 0231 10       		.uleb128 0x10
 669 0232 6C000000 		.4byte	.LBB3
 670 0236 3C000000 		.4byte	.LBE3-.LBB3
 671 023a 18       		.uleb128 0x18
 672 023b 6D7300   		.ascii	"ms\000"
 673 023e 01       		.byte	0x1
 674 023f 0201     		.2byte	0x102
ARM GAS  C:\Users\Jeremias\AppData\Local\Temp\ccZv8xr4.s 			page 18


 675 0241 48020000 		.4byte	0x248
 676 0245 02       		.uleb128 0x2
 677 0246 91       		.byte	0x91
 678 0247 70       		.sleb128 -16
 679 0248 0B       		.uleb128 0xb
 680 0249 04       		.byte	0x4
 681 024a 0A020000 		.4byte	0x20a
 682 024e 00       		.byte	0
 683 024f 00       		.byte	0
 684 0250 00       		.byte	0
 685 0251 00       		.byte	0
 686              		.section	.debug_abbrev,"",%progbits
 687              	.Ldebug_abbrev0:
 688 0000 01       		.uleb128 0x1
 689 0001 11       		.uleb128 0x11
 690 0002 01       		.byte	0x1
 691 0003 25       		.uleb128 0x25
 692 0004 0E       		.uleb128 0xe
 693 0005 13       		.uleb128 0x13
 694 0006 0B       		.uleb128 0xb
 695 0007 03       		.uleb128 0x3
 696 0008 0E       		.uleb128 0xe
 697 0009 1B       		.uleb128 0x1b
 698 000a 0E       		.uleb128 0xe
 699 000b 55       		.uleb128 0x55
 700 000c 17       		.uleb128 0x17
 701 000d 11       		.uleb128 0x11
 702 000e 01       		.uleb128 0x1
 703 000f 10       		.uleb128 0x10
 704 0010 17       		.uleb128 0x17
 705 0011 00       		.byte	0
 706 0012 00       		.byte	0
 707 0013 02       		.uleb128 0x2
 708 0014 24       		.uleb128 0x24
 709 0015 00       		.byte	0
 710 0016 0B       		.uleb128 0xb
 711 0017 0B       		.uleb128 0xb
 712 0018 3E       		.uleb128 0x3e
 713 0019 0B       		.uleb128 0xb
 714 001a 03       		.uleb128 0x3
 715 001b 08       		.uleb128 0x8
 716 001c 00       		.byte	0
 717 001d 00       		.byte	0
 718 001e 03       		.uleb128 0x3
 719 001f 16       		.uleb128 0x16
 720 0020 00       		.byte	0
 721 0021 03       		.uleb128 0x3
 722 0022 0E       		.uleb128 0xe
 723 0023 3A       		.uleb128 0x3a
 724 0024 0B       		.uleb128 0xb
 725 0025 3B       		.uleb128 0x3b
 726 0026 0B       		.uleb128 0xb
 727 0027 49       		.uleb128 0x49
 728 0028 13       		.uleb128 0x13
 729 0029 00       		.byte	0
 730 002a 00       		.byte	0
 731 002b 04       		.uleb128 0x4
ARM GAS  C:\Users\Jeremias\AppData\Local\Temp\ccZv8xr4.s 			page 19


 732 002c 24       		.uleb128 0x24
 733 002d 00       		.byte	0
 734 002e 0B       		.uleb128 0xb
 735 002f 0B       		.uleb128 0xb
 736 0030 3E       		.uleb128 0x3e
 737 0031 0B       		.uleb128 0xb
 738 0032 03       		.uleb128 0x3
 739 0033 0E       		.uleb128 0xe
 740 0034 00       		.byte	0
 741 0035 00       		.byte	0
 742 0036 05       		.uleb128 0x5
 743 0037 0F       		.uleb128 0xf
 744 0038 00       		.byte	0
 745 0039 0B       		.uleb128 0xb
 746 003a 0B       		.uleb128 0xb
 747 003b 00       		.byte	0
 748 003c 00       		.byte	0
 749 003d 06       		.uleb128 0x6
 750 003e 16       		.uleb128 0x16
 751 003f 00       		.byte	0
 752 0040 03       		.uleb128 0x3
 753 0041 0E       		.uleb128 0xe
 754 0042 3A       		.uleb128 0x3a
 755 0043 0B       		.uleb128 0xb
 756 0044 3B       		.uleb128 0x3b
 757 0045 05       		.uleb128 0x5
 758 0046 49       		.uleb128 0x49
 759 0047 13       		.uleb128 0x13
 760 0048 00       		.byte	0
 761 0049 00       		.byte	0
 762 004a 07       		.uleb128 0x7
 763 004b 35       		.uleb128 0x35
 764 004c 00       		.byte	0
 765 004d 49       		.uleb128 0x49
 766 004e 13       		.uleb128 0x13
 767 004f 00       		.byte	0
 768 0050 00       		.byte	0
 769 0051 08       		.uleb128 0x8
 770 0052 2E       		.uleb128 0x2e
 771 0053 01       		.byte	0x1
 772 0054 03       		.uleb128 0x3
 773 0055 0E       		.uleb128 0xe
 774 0056 3A       		.uleb128 0x3a
 775 0057 0B       		.uleb128 0xb
 776 0058 3B       		.uleb128 0x3b
 777 0059 0B       		.uleb128 0xb
 778 005a 27       		.uleb128 0x27
 779 005b 19       		.uleb128 0x19
 780 005c 11       		.uleb128 0x11
 781 005d 01       		.uleb128 0x1
 782 005e 12       		.uleb128 0x12
 783 005f 06       		.uleb128 0x6
 784 0060 40       		.uleb128 0x40
 785 0061 18       		.uleb128 0x18
 786 0062 9642     		.uleb128 0x2116
 787 0064 19       		.uleb128 0x19
 788 0065 01       		.uleb128 0x1
ARM GAS  C:\Users\Jeremias\AppData\Local\Temp\ccZv8xr4.s 			page 20


 789 0066 13       		.uleb128 0x13
 790 0067 00       		.byte	0
 791 0068 00       		.byte	0
 792 0069 09       		.uleb128 0x9
 793 006a 05       		.uleb128 0x5
 794 006b 00       		.byte	0
 795 006c 03       		.uleb128 0x3
 796 006d 08       		.uleb128 0x8
 797 006e 3A       		.uleb128 0x3a
 798 006f 0B       		.uleb128 0xb
 799 0070 3B       		.uleb128 0x3b
 800 0071 0B       		.uleb128 0xb
 801 0072 49       		.uleb128 0x49
 802 0073 13       		.uleb128 0x13
 803 0074 02       		.uleb128 0x2
 804 0075 18       		.uleb128 0x18
 805 0076 00       		.byte	0
 806 0077 00       		.byte	0
 807 0078 0A       		.uleb128 0xa
 808 0079 05       		.uleb128 0x5
 809 007a 00       		.byte	0
 810 007b 03       		.uleb128 0x3
 811 007c 0E       		.uleb128 0xe
 812 007d 3A       		.uleb128 0x3a
 813 007e 0B       		.uleb128 0xb
 814 007f 3B       		.uleb128 0x3b
 815 0080 0B       		.uleb128 0xb
 816 0081 49       		.uleb128 0x49
 817 0082 13       		.uleb128 0x13
 818 0083 02       		.uleb128 0x2
 819 0084 18       		.uleb128 0x18
 820 0085 00       		.byte	0
 821 0086 00       		.byte	0
 822 0087 0B       		.uleb128 0xb
 823 0088 0F       		.uleb128 0xf
 824 0089 00       		.byte	0
 825 008a 0B       		.uleb128 0xb
 826 008b 0B       		.uleb128 0xb
 827 008c 49       		.uleb128 0x49
 828 008d 13       		.uleb128 0x13
 829 008e 00       		.byte	0
 830 008f 00       		.byte	0
 831 0090 0C       		.uleb128 0xc
 832 0091 26       		.uleb128 0x26
 833 0092 00       		.byte	0
 834 0093 00       		.byte	0
 835 0094 00       		.byte	0
 836 0095 0D       		.uleb128 0xd
 837 0096 2E       		.uleb128 0x2e
 838 0097 00       		.byte	0
 839 0098 03       		.uleb128 0x3
 840 0099 0E       		.uleb128 0xe
 841 009a 3A       		.uleb128 0x3a
 842 009b 0B       		.uleb128 0xb
 843 009c 3B       		.uleb128 0x3b
 844 009d 0B       		.uleb128 0xb
 845 009e 27       		.uleb128 0x27
ARM GAS  C:\Users\Jeremias\AppData\Local\Temp\ccZv8xr4.s 			page 21


 846 009f 19       		.uleb128 0x19
 847 00a0 11       		.uleb128 0x11
 848 00a1 01       		.uleb128 0x1
 849 00a2 12       		.uleb128 0x12
 850 00a3 06       		.uleb128 0x6
 851 00a4 40       		.uleb128 0x40
 852 00a5 18       		.uleb128 0x18
 853 00a6 9642     		.uleb128 0x2116
 854 00a8 19       		.uleb128 0x19
 855 00a9 00       		.byte	0
 856 00aa 00       		.byte	0
 857 00ab 0E       		.uleb128 0xe
 858 00ac 2E       		.uleb128 0x2e
 859 00ad 00       		.byte	0
 860 00ae 03       		.uleb128 0x3
 861 00af 0E       		.uleb128 0xe
 862 00b0 3A       		.uleb128 0x3a
 863 00b1 0B       		.uleb128 0xb
 864 00b2 3B       		.uleb128 0x3b
 865 00b3 0B       		.uleb128 0xb
 866 00b4 27       		.uleb128 0x27
 867 00b5 19       		.uleb128 0x19
 868 00b6 11       		.uleb128 0x11
 869 00b7 01       		.uleb128 0x1
 870 00b8 12       		.uleb128 0x12
 871 00b9 06       		.uleb128 0x6
 872 00ba 40       		.uleb128 0x40
 873 00bb 18       		.uleb128 0x18
 874 00bc 9742     		.uleb128 0x2117
 875 00be 19       		.uleb128 0x19
 876 00bf 00       		.byte	0
 877 00c0 00       		.byte	0
 878 00c1 0F       		.uleb128 0xf
 879 00c2 2E       		.uleb128 0x2e
 880 00c3 01       		.byte	0x1
 881 00c4 3F       		.uleb128 0x3f
 882 00c5 19       		.uleb128 0x19
 883 00c6 03       		.uleb128 0x3
 884 00c7 0E       		.uleb128 0xe
 885 00c8 3A       		.uleb128 0x3a
 886 00c9 0B       		.uleb128 0xb
 887 00ca 3B       		.uleb128 0x3b
 888 00cb 0B       		.uleb128 0xb
 889 00cc 27       		.uleb128 0x27
 890 00cd 19       		.uleb128 0x19
 891 00ce 11       		.uleb128 0x11
 892 00cf 01       		.uleb128 0x1
 893 00d0 12       		.uleb128 0x12
 894 00d1 06       		.uleb128 0x6
 895 00d2 40       		.uleb128 0x40
 896 00d3 18       		.uleb128 0x18
 897 00d4 9642     		.uleb128 0x2116
 898 00d6 19       		.uleb128 0x19
 899 00d7 00       		.byte	0
 900 00d8 00       		.byte	0
 901 00d9 10       		.uleb128 0x10
 902 00da 0B       		.uleb128 0xb
ARM GAS  C:\Users\Jeremias\AppData\Local\Temp\ccZv8xr4.s 			page 22


 903 00db 01       		.byte	0x1
 904 00dc 11       		.uleb128 0x11
 905 00dd 01       		.uleb128 0x1
 906 00de 12       		.uleb128 0x12
 907 00df 06       		.uleb128 0x6
 908 00e0 00       		.byte	0
 909 00e1 00       		.byte	0
 910 00e2 11       		.uleb128 0x11
 911 00e3 13       		.uleb128 0x13
 912 00e4 01       		.byte	0x1
 913 00e5 0B       		.uleb128 0xb
 914 00e6 0B       		.uleb128 0xb
 915 00e7 3A       		.uleb128 0x3a
 916 00e8 0B       		.uleb128 0xb
 917 00e9 3B       		.uleb128 0x3b
 918 00ea 0B       		.uleb128 0xb
 919 00eb 01       		.uleb128 0x1
 920 00ec 13       		.uleb128 0x13
 921 00ed 00       		.byte	0
 922 00ee 00       		.byte	0
 923 00ef 12       		.uleb128 0x12
 924 00f0 0D       		.uleb128 0xd
 925 00f1 00       		.byte	0
 926 00f2 03       		.uleb128 0x3
 927 00f3 0E       		.uleb128 0xe
 928 00f4 3A       		.uleb128 0x3a
 929 00f5 0B       		.uleb128 0xb
 930 00f6 3B       		.uleb128 0x3b
 931 00f7 0B       		.uleb128 0xb
 932 00f8 49       		.uleb128 0x49
 933 00f9 13       		.uleb128 0x13
 934 00fa 38       		.uleb128 0x38
 935 00fb 0B       		.uleb128 0xb
 936 00fc 00       		.byte	0
 937 00fd 00       		.byte	0
 938 00fe 13       		.uleb128 0x13
 939 00ff 01       		.uleb128 0x1
 940 0100 01       		.byte	0x1
 941 0101 49       		.uleb128 0x49
 942 0102 13       		.uleb128 0x13
 943 0103 01       		.uleb128 0x1
 944 0104 13       		.uleb128 0x13
 945 0105 00       		.byte	0
 946 0106 00       		.byte	0
 947 0107 14       		.uleb128 0x14
 948 0108 21       		.uleb128 0x21
 949 0109 00       		.byte	0
 950 010a 49       		.uleb128 0x49
 951 010b 13       		.uleb128 0x13
 952 010c 2F       		.uleb128 0x2f
 953 010d 0B       		.uleb128 0xb
 954 010e 00       		.byte	0
 955 010f 00       		.byte	0
 956 0110 15       		.uleb128 0x15
 957 0111 26       		.uleb128 0x26
 958 0112 00       		.byte	0
 959 0113 49       		.uleb128 0x49
ARM GAS  C:\Users\Jeremias\AppData\Local\Temp\ccZv8xr4.s 			page 23


 960 0114 13       		.uleb128 0x13
 961 0115 00       		.byte	0
 962 0116 00       		.byte	0
 963 0117 16       		.uleb128 0x16
 964 0118 34       		.uleb128 0x34
 965 0119 00       		.byte	0
 966 011a 03       		.uleb128 0x3
 967 011b 0E       		.uleb128 0xe
 968 011c 3A       		.uleb128 0x3a
 969 011d 0B       		.uleb128 0xb
 970 011e 3B       		.uleb128 0x3b
 971 011f 0B       		.uleb128 0xb
 972 0120 49       		.uleb128 0x49
 973 0121 13       		.uleb128 0x13
 974 0122 02       		.uleb128 0x2
 975 0123 18       		.uleb128 0x18
 976 0124 00       		.byte	0
 977 0125 00       		.byte	0
 978 0126 17       		.uleb128 0x17
 979 0127 34       		.uleb128 0x34
 980 0128 00       		.byte	0
 981 0129 03       		.uleb128 0x3
 982 012a 08       		.uleb128 0x8
 983 012b 3A       		.uleb128 0x3a
 984 012c 0B       		.uleb128 0xb
 985 012d 3B       		.uleb128 0x3b
 986 012e 0B       		.uleb128 0xb
 987 012f 49       		.uleb128 0x49
 988 0130 13       		.uleb128 0x13
 989 0131 02       		.uleb128 0x2
 990 0132 18       		.uleb128 0x18
 991 0133 00       		.byte	0
 992 0134 00       		.byte	0
 993 0135 18       		.uleb128 0x18
 994 0136 34       		.uleb128 0x34
 995 0137 00       		.byte	0
 996 0138 03       		.uleb128 0x3
 997 0139 08       		.uleb128 0x8
 998 013a 3A       		.uleb128 0x3a
 999 013b 0B       		.uleb128 0xb
 1000 013c 3B       		.uleb128 0x3b
 1001 013d 05       		.uleb128 0x5
 1002 013e 49       		.uleb128 0x49
 1003 013f 13       		.uleb128 0x13
 1004 0140 02       		.uleb128 0x2
 1005 0141 18       		.uleb128 0x18
 1006 0142 00       		.byte	0
 1007 0143 00       		.byte	0
 1008 0144 00       		.byte	0
 1009              		.section	.debug_aranges,"",%progbits
 1010 0000 44000000 		.4byte	0x44
 1011 0004 0200     		.2byte	0x2
 1012 0006 00000000 		.4byte	.Ldebug_info0
 1013 000a 04       		.byte	0x4
 1014 000b 00       		.byte	0
 1015 000c 0000     		.2byte	0
 1016 000e 0000     		.2byte	0
ARM GAS  C:\Users\Jeremias\AppData\Local\Temp\ccZv8xr4.s 			page 24


 1017 0010 00000000 		.4byte	.LFB0
 1018 0014 1E000000 		.4byte	.LFE0-.LFB0
 1019 0018 00000000 		.4byte	.LFB1
 1020 001c 20000000 		.4byte	.LFE1-.LFB1
 1021 0020 00000000 		.4byte	.LFB2
 1022 0024 20000000 		.4byte	.LFE2-.LFB2
 1023 0028 00000000 		.4byte	.LFB3
 1024 002c 5C000000 		.4byte	.LFE3-.LFB3
 1025 0030 00000000 		.4byte	.LFB4
 1026 0034 0A000000 		.4byte	.LFE4-.LFB4
 1027 0038 5C000000 		.4byte	.LFB5
 1028 003c D4000000 		.4byte	.LFE5-.LFB5
 1029 0040 00000000 		.4byte	0
 1030 0044 00000000 		.4byte	0
 1031              		.section	.debug_ranges,"",%progbits
 1032              	.Ldebug_ranges0:
 1033 0000 00000000 		.4byte	.LFB0
 1034 0004 1E000000 		.4byte	.LFE0
 1035 0008 00000000 		.4byte	.LFB1
 1036 000c 20000000 		.4byte	.LFE1
 1037 0010 00000000 		.4byte	.LFB2
 1038 0014 20000000 		.4byte	.LFE2
 1039 0018 00000000 		.4byte	.LFB3
 1040 001c 5C000000 		.4byte	.LFE3
 1041 0020 00000000 		.4byte	.LFB4
 1042 0024 0A000000 		.4byte	.LFE4
 1043 0028 5C000000 		.4byte	.LFB5
 1044 002c 30010000 		.4byte	.LFE5
 1045 0030 00000000 		.4byte	0
 1046 0034 00000000 		.4byte	0
 1047              		.section	.debug_line,"",%progbits
 1048              	.Ldebug_line0:
 1049 0000 59010000 		.section	.debug_str,"MS",%progbits,1
 1049      0200CB00 
 1049      00000201 
 1049      FB0E0D00 
 1049      01010101 
 1050              	.LASF19:
 1051 0000 72656733 		.ascii	"reg32\000"
 1051      3200
 1052              	.LASF12:
 1053 0006 73697A65 		.ascii	"size_t\000"
 1053      5F7400
 1054              	.LASF25:
 1055 000d 416E616C 		.ascii	"AnalogSetDefault\000"
 1055      6F675365 
 1055      74446566 
 1055      61756C74 
 1055      00
 1056              	.LASF29:
 1057 001e 6366675F 		.ascii	"cfg_memset_list\000"
 1057      6D656D73 
 1057      65745F6C 
 1057      69737400 
 1058              	.LASF24:
 1059 002e 436C6F63 		.ascii	"ClockSetup\000"
 1059      6B536574 
ARM GAS  C:\Users\Jeremias\AppData\Local\Temp\ccZv8xr4.s 			page 25


 1059      757000
 1060              	.LASF6:
 1061 0039 73686F72 		.ascii	"short unsigned int\000"
 1061      7420756E 
 1061      7369676E 
 1061      65642069 
 1061      6E7400
 1062              	.LASF16:
 1063 004c 666C6F61 		.ascii	"float\000"
 1063      7400
 1064              	.LASF22:
 1065 0052 64657374 		.ascii	"dest\000"
 1065      00
 1066              	.LASF27:
 1067 0057 73697A65 		.ascii	"size\000"
 1067      00
 1068              	.LASF18:
 1069 005c 72656738 		.ascii	"reg8\000"
 1069      00
 1070              	.LASF8:
 1071 0061 6C6F6E67 		.ascii	"long unsigned int\000"
 1071      20756E73 
 1071      69676E65 
 1071      6420696E 
 1071      7400
 1072              	.LASF13:
 1073 0073 75696E74 		.ascii	"uint8\000"
 1073      3800
 1074              	.LASF20:
 1075 0079 43594D45 		.ascii	"CYMEMZERO\000"
 1075      4D5A4552 
 1075      4F00
 1076              	.LASF30:
 1077 0083 474E5520 		.ascii	"GNU C11 5.4.1 20160609 (release) [ARM/embedded-5-br"
 1077      43313120 
 1077      352E342E 
 1077      31203230 
 1077      31363036 
 1078 00b6 616E6368 		.ascii	"anch revision 237715] -mcpu=cortex-m0 -mthumb -g -O"
 1078      20726576 
 1078      6973696F 
 1078      6E203233 
 1078      37373135 
 1079 00e9 30202D66 		.ascii	"0 -ffunction-sections -ffat-lto-objects\000"
 1079      66756E63 
 1079      74696F6E 
 1079      2D736563 
 1079      74696F6E 
 1080              	.LASF32:
 1081 0111 443A5C45 		.ascii	"D:\\ESCRITORIO\\Tesis MIB\\Proyecto de Tesis\\elect"
 1081      53435249 
 1081      544F5249 
 1081      4F5C5465 
 1081      73697320 
 1082 0140 726F6573 		.ascii	"roestimulador\\PSoC\\PRUEBAS\\SCB_Bootloader\\Bootl"
 1082      74696D75 
 1082      6C61646F 
ARM GAS  C:\Users\Jeremias\AppData\Local\Temp\ccZv8xr4.s 			page 26


 1082      725C5053 
 1082      6F435C50 
 1083 016f 6F616461 		.ascii	"oadable Blinking LED_M0.cydsn\000"
 1083      626C6520 
 1083      426C696E 
 1083      6B696E67 
 1083      204C4544 
 1084              	.LASF4:
 1085 018d 756E7369 		.ascii	"unsigned char\000"
 1085      676E6564 
 1085      20636861 
 1085      7200
 1086              	.LASF17:
 1087 019b 646F7562 		.ascii	"double\000"
 1087      6C6500
 1088              	.LASF33:
 1089 01a2 63796669 		.ascii	"cyfitter_cfg\000"
 1089      74746572 
 1089      5F636667 
 1089      00
 1090              	.LASF14:
 1091 01af 75696E74 		.ascii	"uint16\000"
 1091      313600
 1092              	.LASF15:
 1093 01b6 75696E74 		.ascii	"uint32\000"
 1093      333200
 1094              	.LASF0:
 1095 01bd 756E7369 		.ascii	"unsigned int\000"
 1095      676E6564 
 1095      20696E74 
 1095      00
 1096              	.LASF26:
 1097 01ca 61646472 		.ascii	"address\000"
 1097      65737300 
 1098              	.LASF9:
 1099 01d2 6C6F6E67 		.ascii	"long long unsigned int\000"
 1099      206C6F6E 
 1099      6720756E 
 1099      7369676E 
 1099      65642069 
 1100              	.LASF28:
 1101 01e9 6366675F 		.ascii	"cfg_memset_t\000"
 1101      6D656D73 
 1101      65745F74 
 1101      00
 1102              	.LASF10:
 1103 01f6 73697A65 		.ascii	"sizetype\000"
 1103      74797065 
 1103      00
 1104              	.LASF1:
 1105 01ff 6C6F6E67 		.ascii	"long long int\000"
 1105      206C6F6E 
 1105      6720696E 
 1105      7400
 1106              	.LASF11:
 1107 020d 63686172 		.ascii	"char\000"
 1107      00
ARM GAS  C:\Users\Jeremias\AppData\Local\Temp\ccZv8xr4.s 			page 27


 1108              	.LASF5:
 1109 0212 73686F72 		.ascii	"short int\000"
 1109      7420696E 
 1109      7400
 1110              	.LASF7:
 1111 021c 6C6F6E67 		.ascii	"long int\000"
 1111      20696E74 
 1111      00
 1112              	.LASF2:
 1113 0225 6C6F6E67 		.ascii	"long double\000"
 1113      20646F75 
 1113      626C6500 
 1114              	.LASF3:
 1115 0231 7369676E 		.ascii	"signed char\000"
 1115      65642063 
 1115      68617200 
 1116              	.LASF31:
 1117 023d 47656E65 		.ascii	"Generated_Source\\PSoC4\\cyfitter_cfg.c\000"
 1117      72617465 
 1117      645F536F 
 1117      75726365 
 1117      5C50536F 
 1118              	.LASF23:
 1119 0263 4359434F 		.ascii	"CYCONFIGCPYCODE\000"
 1119      4E464947 
 1119      43505943 
 1119      4F444500 
 1120              	.LASF21:
 1121 0273 4359434F 		.ascii	"CYCONFIGCPY\000"
 1121      4E464947 
 1121      43505900 
 1122              		.ident	"GCC: (GNU Tools for ARM Embedded Processors) 5.4.1 20160609 (release) [ARM/embedded-5-bran
