ARM GAS  C:\Users\Jeremias\AppData\Local\Temp\cc6Fivq9.s 			page 1


   1              		.syntax unified
   2              		.cpu cortex-m0
   3              		.fpu softvfp
   4              		.eabi_attribute 20, 1
   5              		.eabi_attribute 21, 1
   6              		.eabi_attribute 23, 3
   7              		.eabi_attribute 24, 1
   8              		.eabi_attribute 25, 1
   9              		.eabi_attribute 26, 1
  10              		.eabi_attribute 30, 1
  11              		.eabi_attribute 34, 0
  12              		.eabi_attribute 18, 4
  13              		.thumb
  14              		.syntax unified
  15              		.file	"main.c"
  16              		.text
  17              	.Ltext0:
  18              		.cfi_sections	.debug_frame
  19              		.section	.text.main,"ax",%progbits
  20              		.align	2
  21              		.global	main
  22              		.code	16
  23              		.thumb_func
  24              		.type	main, %function
  25              	main:
  26              	.LFB32:
  27              		.file 1 "main.c"
   1:main.c        **** /* ========================================
   2:main.c        ****  *
   3:main.c        **** Prueba de Amplificador Operacional
   4:main.c        ****  *
   5:main.c        ****  * ========================================*/
   6:main.c        **** 
   7:main.c        **** #include "project.h"
   8:main.c        **** 
   9:main.c        **** int main()
  10:main.c        **** {
  28              		.loc 1 10 0
  29              		.cfi_startproc
  30              		@ Volatile: function does not return.
  31              		@ args = 0, pretend = 0, frame = 0
  32              		@ frame_needed = 0, uses_anonymous_args = 0
  33 0000 10B5     		push	{r4, lr}
  34              		.cfi_def_cfa_offset 8
  35              		.cfi_offset 4, -8
  36              		.cfi_offset 14, -4
  11:main.c        ****     Opamp_Start();
  37              		.loc 1 11 0
  38 0002 FFF7FEFF 		bl	Opamp_Start
  39              	.LVL0:
  12:main.c        ****     Opamp_SetPower(Opamp_HIGHPOWER);
  40              		.loc 1 12 0
  41 0006 0320     		movs	r0, #3
  42 0008 FFF7FEFF 		bl	Opamp_SetPower
  43              	.LVL1:
  44              	.L2:
  45 000c FEE7     		b	.L2
ARM GAS  C:\Users\Jeremias\AppData\Local\Temp\cc6Fivq9.s 			page 2


  46              		.cfi_endproc
  47              	.LFE32:
  48              		.size	main, .-main
  49 000e C046     		.text
  50              	.Letext0:
  51              		.file 2 "Generated_Source\\PSoC4/Opamp.h"
  52              		.section	.debug_info,"",%progbits
  53              	.Ldebug_info0:
  54 0000 D3000000 		.4byte	0xd3
  55 0004 0400     		.2byte	0x4
  56 0006 00000000 		.4byte	.Ldebug_abbrev0
  57 000a 04       		.byte	0x4
  58 000b 01       		.uleb128 0x1
  59 000c 85000000 		.4byte	.LASF16
  60 0010 0C       		.byte	0xc
  61 0011 1B000000 		.4byte	.LASF17
  62 0015 60010000 		.4byte	.LASF18
  63 0019 00000000 		.4byte	.Ldebug_ranges0+0
  64 001d 00000000 		.4byte	0
  65 0021 00000000 		.4byte	.Ldebug_line0
  66 0025 02       		.uleb128 0x2
  67 0026 01       		.byte	0x1
  68 0027 06       		.byte	0x6
  69 0028 26010000 		.4byte	.LASF0
  70 002c 02       		.uleb128 0x2
  71 002d 01       		.byte	0x1
  72 002e 08       		.byte	0x8
  73 002f 5B000000 		.4byte	.LASF1
  74 0033 02       		.uleb128 0x2
  75 0034 02       		.byte	0x2
  76 0035 05       		.byte	0x5
  77 0036 4D010000 		.4byte	.LASF2
  78 003a 02       		.uleb128 0x2
  79 003b 02       		.byte	0x2
  80 003c 07       		.byte	0x7
  81 003d 13010000 		.4byte	.LASF3
  82 0041 02       		.uleb128 0x2
  83 0042 04       		.byte	0x4
  84 0043 05       		.byte	0x5
  85 0044 75000000 		.4byte	.LASF4
  86 0048 02       		.uleb128 0x2
  87 0049 04       		.byte	0x4
  88 004a 07       		.byte	0x7
  89 004b 27000000 		.4byte	.LASF5
  90 004f 02       		.uleb128 0x2
  91 0050 08       		.byte	0x8
  92 0051 05       		.byte	0x5
  93 0052 00000000 		.4byte	.LASF6
  94 0056 02       		.uleb128 0x2
  95 0057 08       		.byte	0x8
  96 0058 07       		.byte	0x7
  97 0059 39000000 		.4byte	.LASF7
  98 005d 03       		.uleb128 0x3
  99 005e 04       		.byte	0x4
 100 005f 05       		.byte	0x5
 101 0060 696E7400 		.ascii	"int\000"
 102 0064 02       		.uleb128 0x2
ARM GAS  C:\Users\Jeremias\AppData\Local\Temp\cc6Fivq9.s 			page 3


 103 0065 04       		.byte	0x4
 104 0066 07       		.byte	0x7
 105 0067 0E000000 		.4byte	.LASF8
 106 006b 02       		.uleb128 0x2
 107 006c 04       		.byte	0x4
 108 006d 04       		.byte	0x4
 109 006e 50000000 		.4byte	.LASF9
 110 0072 02       		.uleb128 0x2
 111 0073 08       		.byte	0x8
 112 0074 04       		.byte	0x4
 113 0075 7E000000 		.4byte	.LASF10
 114 0079 02       		.uleb128 0x2
 115 007a 01       		.byte	0x1
 116 007b 08       		.byte	0x8
 117 007c 56000000 		.4byte	.LASF11
 118 0080 02       		.uleb128 0x2
 119 0081 08       		.byte	0x8
 120 0082 04       		.byte	0x4
 121 0083 41010000 		.4byte	.LASF12
 122 0087 02       		.uleb128 0x2
 123 0088 04       		.byte	0x4
 124 0089 07       		.byte	0x7
 125 008a 57010000 		.4byte	.LASF13
 126 008e 04       		.uleb128 0x4
 127 008f 22000000 		.4byte	.LASF19
 128 0093 01       		.byte	0x1
 129 0094 09       		.byte	0x9
 130 0095 5D000000 		.4byte	0x5d
 131 0099 00000000 		.4byte	.LFB32
 132 009d 0E000000 		.4byte	.LFE32-.LFB32
 133 00a1 01       		.uleb128 0x1
 134 00a2 9C       		.byte	0x9c
 135 00a3 C0000000 		.4byte	0xc0
 136 00a7 05       		.uleb128 0x5
 137 00a8 06000000 		.4byte	.LVL0
 138 00ac C0000000 		.4byte	0xc0
 139 00b0 06       		.uleb128 0x6
 140 00b1 0C000000 		.4byte	.LVL1
 141 00b5 CB000000 		.4byte	0xcb
 142 00b9 07       		.uleb128 0x7
 143 00ba 01       		.uleb128 0x1
 144 00bb 50       		.byte	0x50
 145 00bc 01       		.uleb128 0x1
 146 00bd 33       		.byte	0x33
 147 00be 00       		.byte	0
 148 00bf 00       		.byte	0
 149 00c0 08       		.uleb128 0x8
 150 00c1 69000000 		.4byte	.LASF14
 151 00c5 69000000 		.4byte	.LASF14
 152 00c9 02       		.byte	0x2
 153 00ca 29       		.byte	0x29
 154 00cb 08       		.uleb128 0x8
 155 00cc 32010000 		.4byte	.LASF15
 156 00d0 32010000 		.4byte	.LASF15
 157 00d4 02       		.byte	0x2
 158 00d5 2B       		.byte	0x2b
 159 00d6 00       		.byte	0
ARM GAS  C:\Users\Jeremias\AppData\Local\Temp\cc6Fivq9.s 			page 4


 160              		.section	.debug_abbrev,"",%progbits
 161              	.Ldebug_abbrev0:
 162 0000 01       		.uleb128 0x1
 163 0001 11       		.uleb128 0x11
 164 0002 01       		.byte	0x1
 165 0003 25       		.uleb128 0x25
 166 0004 0E       		.uleb128 0xe
 167 0005 13       		.uleb128 0x13
 168 0006 0B       		.uleb128 0xb
 169 0007 03       		.uleb128 0x3
 170 0008 0E       		.uleb128 0xe
 171 0009 1B       		.uleb128 0x1b
 172 000a 0E       		.uleb128 0xe
 173 000b 55       		.uleb128 0x55
 174 000c 17       		.uleb128 0x17
 175 000d 11       		.uleb128 0x11
 176 000e 01       		.uleb128 0x1
 177 000f 10       		.uleb128 0x10
 178 0010 17       		.uleb128 0x17
 179 0011 00       		.byte	0
 180 0012 00       		.byte	0
 181 0013 02       		.uleb128 0x2
 182 0014 24       		.uleb128 0x24
 183 0015 00       		.byte	0
 184 0016 0B       		.uleb128 0xb
 185 0017 0B       		.uleb128 0xb
 186 0018 3E       		.uleb128 0x3e
 187 0019 0B       		.uleb128 0xb
 188 001a 03       		.uleb128 0x3
 189 001b 0E       		.uleb128 0xe
 190 001c 00       		.byte	0
 191 001d 00       		.byte	0
 192 001e 03       		.uleb128 0x3
 193 001f 24       		.uleb128 0x24
 194 0020 00       		.byte	0
 195 0021 0B       		.uleb128 0xb
 196 0022 0B       		.uleb128 0xb
 197 0023 3E       		.uleb128 0x3e
 198 0024 0B       		.uleb128 0xb
 199 0025 03       		.uleb128 0x3
 200 0026 08       		.uleb128 0x8
 201 0027 00       		.byte	0
 202 0028 00       		.byte	0
 203 0029 04       		.uleb128 0x4
 204 002a 2E       		.uleb128 0x2e
 205 002b 01       		.byte	0x1
 206 002c 3F       		.uleb128 0x3f
 207 002d 19       		.uleb128 0x19
 208 002e 03       		.uleb128 0x3
 209 002f 0E       		.uleb128 0xe
 210 0030 3A       		.uleb128 0x3a
 211 0031 0B       		.uleb128 0xb
 212 0032 3B       		.uleb128 0x3b
 213 0033 0B       		.uleb128 0xb
 214 0034 49       		.uleb128 0x49
 215 0035 13       		.uleb128 0x13
 216 0036 8701     		.uleb128 0x87
ARM GAS  C:\Users\Jeremias\AppData\Local\Temp\cc6Fivq9.s 			page 5


 217 0038 19       		.uleb128 0x19
 218 0039 11       		.uleb128 0x11
 219 003a 01       		.uleb128 0x1
 220 003b 12       		.uleb128 0x12
 221 003c 06       		.uleb128 0x6
 222 003d 40       		.uleb128 0x40
 223 003e 18       		.uleb128 0x18
 224 003f 9742     		.uleb128 0x2117
 225 0041 19       		.uleb128 0x19
 226 0042 01       		.uleb128 0x1
 227 0043 13       		.uleb128 0x13
 228 0044 00       		.byte	0
 229 0045 00       		.byte	0
 230 0046 05       		.uleb128 0x5
 231 0047 898201   		.uleb128 0x4109
 232 004a 00       		.byte	0
 233 004b 11       		.uleb128 0x11
 234 004c 01       		.uleb128 0x1
 235 004d 31       		.uleb128 0x31
 236 004e 13       		.uleb128 0x13
 237 004f 00       		.byte	0
 238 0050 00       		.byte	0
 239 0051 06       		.uleb128 0x6
 240 0052 898201   		.uleb128 0x4109
 241 0055 01       		.byte	0x1
 242 0056 11       		.uleb128 0x11
 243 0057 01       		.uleb128 0x1
 244 0058 31       		.uleb128 0x31
 245 0059 13       		.uleb128 0x13
 246 005a 00       		.byte	0
 247 005b 00       		.byte	0
 248 005c 07       		.uleb128 0x7
 249 005d 8A8201   		.uleb128 0x410a
 250 0060 00       		.byte	0
 251 0061 02       		.uleb128 0x2
 252 0062 18       		.uleb128 0x18
 253 0063 9142     		.uleb128 0x2111
 254 0065 18       		.uleb128 0x18
 255 0066 00       		.byte	0
 256 0067 00       		.byte	0
 257 0068 08       		.uleb128 0x8
 258 0069 2E       		.uleb128 0x2e
 259 006a 00       		.byte	0
 260 006b 3F       		.uleb128 0x3f
 261 006c 19       		.uleb128 0x19
 262 006d 3C       		.uleb128 0x3c
 263 006e 19       		.uleb128 0x19
 264 006f 6E       		.uleb128 0x6e
 265 0070 0E       		.uleb128 0xe
 266 0071 03       		.uleb128 0x3
 267 0072 0E       		.uleb128 0xe
 268 0073 3A       		.uleb128 0x3a
 269 0074 0B       		.uleb128 0xb
 270 0075 3B       		.uleb128 0x3b
 271 0076 0B       		.uleb128 0xb
 272 0077 00       		.byte	0
 273 0078 00       		.byte	0
ARM GAS  C:\Users\Jeremias\AppData\Local\Temp\cc6Fivq9.s 			page 6


 274 0079 00       		.byte	0
 275              		.section	.debug_aranges,"",%progbits
 276 0000 1C000000 		.4byte	0x1c
 277 0004 0200     		.2byte	0x2
 278 0006 00000000 		.4byte	.Ldebug_info0
 279 000a 04       		.byte	0x4
 280 000b 00       		.byte	0
 281 000c 0000     		.2byte	0
 282 000e 0000     		.2byte	0
 283 0010 00000000 		.4byte	.LFB32
 284 0014 0E000000 		.4byte	.LFE32-.LFB32
 285 0018 00000000 		.4byte	0
 286 001c 00000000 		.4byte	0
 287              		.section	.debug_ranges,"",%progbits
 288              	.Ldebug_ranges0:
 289 0000 00000000 		.4byte	.LFB32
 290 0004 0E000000 		.4byte	.LFE32
 291 0008 00000000 		.4byte	0
 292 000c 00000000 		.4byte	0
 293              		.section	.debug_line,"",%progbits
 294              	.Ldebug_line0:
 295 0000 56000000 		.section	.debug_str,"MS",%progbits,1
 295      02003F00 
 295      00000201 
 295      FB0E0D00 
 295      01010101 
 296              	.LASF6:
 297 0000 6C6F6E67 		.ascii	"long long int\000"
 297      206C6F6E 
 297      6720696E 
 297      7400
 298              	.LASF8:
 299 000e 756E7369 		.ascii	"unsigned int\000"
 299      676E6564 
 299      20696E74 
 299      00
 300              	.LASF17:
 301 001b 6D61696E 		.ascii	"main.c\000"
 301      2E6300
 302              	.LASF19:
 303 0022 6D61696E 		.ascii	"main\000"
 303      00
 304              	.LASF5:
 305 0027 6C6F6E67 		.ascii	"long unsigned int\000"
 305      20756E73 
 305      69676E65 
 305      6420696E 
 305      7400
 306              	.LASF7:
 307 0039 6C6F6E67 		.ascii	"long long unsigned int\000"
 307      206C6F6E 
 307      6720756E 
 307      7369676E 
 307      65642069 
 308              	.LASF9:
 309 0050 666C6F61 		.ascii	"float\000"
 309      7400
ARM GAS  C:\Users\Jeremias\AppData\Local\Temp\cc6Fivq9.s 			page 7


 310              	.LASF11:
 311 0056 63686172 		.ascii	"char\000"
 311      00
 312              	.LASF1:
 313 005b 756E7369 		.ascii	"unsigned char\000"
 313      676E6564 
 313      20636861 
 313      7200
 314              	.LASF14:
 315 0069 4F70616D 		.ascii	"Opamp_Start\000"
 315      705F5374 
 315      61727400 
 316              	.LASF4:
 317 0075 6C6F6E67 		.ascii	"long int\000"
 317      20696E74 
 317      00
 318              	.LASF10:
 319 007e 646F7562 		.ascii	"double\000"
 319      6C6500
 320              	.LASF16:
 321 0085 474E5520 		.ascii	"GNU C11 5.4.1 20160609 (release) [ARM/embedded-5-br"
 321      43313120 
 321      352E342E 
 321      31203230 
 321      31363036 
 322 00b8 616E6368 		.ascii	"anch revision 237715] -mcpu=cortex-m0 -mthumb -g -O"
 322      20726576 
 322      6973696F 
 322      6E203233 
 322      37373135 
 323 00eb 67202D66 		.ascii	"g -ffunction-sections -ffat-lto-objects\000"
 323      66756E63 
 323      74696F6E 
 323      2D736563 
 323      74696F6E 
 324              	.LASF3:
 325 0113 73686F72 		.ascii	"short unsigned int\000"
 325      7420756E 
 325      7369676E 
 325      65642069 
 325      6E7400
 326              	.LASF0:
 327 0126 7369676E 		.ascii	"signed char\000"
 327      65642063 
 327      68617200 
 328              	.LASF15:
 329 0132 4F70616D 		.ascii	"Opamp_SetPower\000"
 329      705F5365 
 329      74506F77 
 329      657200
 330              	.LASF12:
 331 0141 6C6F6E67 		.ascii	"long double\000"
 331      20646F75 
 331      626C6500 
 332              	.LASF2:
 333 014d 73686F72 		.ascii	"short int\000"
 333      7420696E 
ARM GAS  C:\Users\Jeremias\AppData\Local\Temp\cc6Fivq9.s 			page 8


 333      7400
 334              	.LASF13:
 335 0157 73697A65 		.ascii	"sizetype\000"
 335      74797065 
 335      00
 336              	.LASF18:
 337 0160 443A5C45 		.ascii	"D:\\ESCRITORIO\\Tesis MIB\\Proyecto de Tesis\\elect"
 337      53435249 
 337      544F5249 
 337      4F5C5465 
 337      73697320 
 338 018f 726F6573 		.ascii	"roestimulador\\PSoC\\electroestimulador\\Pruebas el"
 338      74696D75 
 338      6C61646F 
 338      725C5053 
 338      6F435C65 
 339 01bf 65637472 		.ascii	"ectroestimulador\\prueba AO.cydsn\000"
 339      6F657374 
 339      696D756C 
 339      61646F72 
 339      5C707275 
 340              		.ident	"GCC: (GNU Tools for ARM Embedded Processors) 5.4.1 20160609 (release) [ARM/embedded-5-bran
