ARM GAS  C:\Users\Jeremias\AppData\Local\Temp\ccyeL94a.s 			page 1


   1              		.syntax unified
   2              		.cpu cortex-m0
   3              		.fpu softvfp
   4              		.eabi_attribute 20, 1
   5              		.eabi_attribute 21, 1
   6              		.eabi_attribute 23, 3
   7              		.eabi_attribute 24, 1
   8              		.eabi_attribute 25, 1
   9              		.eabi_attribute 26, 1
  10              		.eabi_attribute 30, 1
  11              		.eabi_attribute 34, 0
  12              		.eabi_attribute 18, 4
  13              		.thumb
  14              		.syntax unified
  15              		.file	"mainGenPul.c"
  16              		.text
  17              	.Ltext0:
  18              		.cfi_sections	.debug_frame
  19              		.global	__aeabi_uidiv
  20              		.section	.text.ADC_INTAux_Handler,"ax",%progbits
  21              		.align	2
  22              		.global	ADC_INTAux_Handler
  23              		.code	16
  24              		.thumb_func
  25              		.type	ADC_INTAux_Handler, %function
  26              	ADC_INTAux_Handler:
  27              	.LFB32:
  28              		.file 1 "mainGenPul.c"
   1:mainGenPul.c  **** /* ========================================
   2:mainGenPul.c  ****     Segunda prueba de Generador de Pulsos para
   3:mainGenPul.c  ****     Electroestimulador.
   4:mainGenPul.c  **** ======================================== */
   5:mainGenPul.c  **** #include <project.h>
   6:mainGenPul.c  **** #include <stdlib.h>
   7:mainGenPul.c  **** 
   8:mainGenPul.c  **** uint8 estadoPWM = 0;
   9:mainGenPul.c  **** 
  10:mainGenPul.c  **** CY_ISR(ADC_INTAux_Handler)
  11:mainGenPul.c  **** {
  29              		.loc 1 11 0
  30              		.cfi_startproc
  31              		@ args = 0, pretend = 0, frame = 16
  32              		@ frame_needed = 0, uses_anonymous_args = 0
  33 0000 F0B5     		push	{r4, r5, r6, r7, lr}
  34              		.cfi_def_cfa_offset 20
  35              		.cfi_offset 4, -20
  36              		.cfi_offset 5, -16
  37              		.cfi_offset 6, -12
  38              		.cfi_offset 7, -8
  39              		.cfi_offset 14, -4
  40 0002 85B0     		sub	sp, sp, #20
  41              		.cfi_def_cfa_offset 40
  12:mainGenPul.c  ****     int16 canal_0;
  13:mainGenPul.c  ****     int16 canal_1;
  14:mainGenPul.c  ****     int16 canal_2;
  15:mainGenPul.c  ****     uint32 periodo;
  16:mainGenPul.c  ****     div_t dutyAux;
ARM GAS  C:\Users\Jeremias\AppData\Local\Temp\ccyeL94a.s 			page 2


  17:mainGenPul.c  ****     uint32 div_entero;
  18:mainGenPul.c  ****     uint32 div_resto;
  19:mainGenPul.c  ****     uint32 duty;
  20:mainGenPul.c  ****     uint32 Iout;
  21:mainGenPul.c  ****     ADC_StopConvert();
  42              		.loc 1 21 0
  43 0004 FFF7FEFF 		bl	ADC_StopConvert
  44              	.LVL0:
  22:mainGenPul.c  ****     canal_0 = ADC_GetResult16(0);
  45              		.loc 1 22 0
  46 0008 0020     		movs	r0, #0
  47 000a FFF7FEFF 		bl	ADC_GetResult16
  48              	.LVL1:
  49 000e 0600     		movs	r6, r0
  50              	.LVL2:
  23:mainGenPul.c  ****     canal_1 = ADC_GetResult16(1);
  51              		.loc 1 23 0
  52 0010 0120     		movs	r0, #1
  53              	.LVL3:
  54 0012 FFF7FEFF 		bl	ADC_GetResult16
  55              	.LVL4:
  56 0016 0500     		movs	r5, r0
  57              	.LVL5:
  24:mainGenPul.c  ****     canal_2 = ADC_GetResult16(2);
  58              		.loc 1 24 0
  59 0018 0220     		movs	r0, #2
  60 001a FFF7FEFF 		bl	ADC_GetResult16
  61              	.LVL6:
  62 001e 0190     		str	r0, [sp, #4]
  63              	.LVL7:
  25:mainGenPul.c  ****     periodo = canal_0;
  26:mainGenPul.c  ****     dutyAux = div(2047,canal_1);
  64              		.loc 1 26 0
  65 0020 144F     		ldr	r7, .L4
  66 0022 2A00     		movs	r2, r5
  67 0024 3900     		movs	r1, r7
  68 0026 02A8     		add	r0, sp, #8
  69 0028 FFF7FEFF 		bl	div
  70              	.LVL8:
  27:mainGenPul.c  ****     div_entero = dutyAux.quot;
  28:mainGenPul.c  ****     div_resto = dutyAux.rem;
  71              		.loc 1 28 0
  72 002c 039C     		ldr	r4, [sp, #12]
  73              	.LVL9:
  29:mainGenPul.c  ****     duty = (periodo/div_entero)-((periodo*div_resto)/2047);
  74              		.loc 1 29 0
  75 002e 0299     		ldr	r1, [sp, #8]
  76 0030 3000     		movs	r0, r6
  77 0032 FFF7FEFF 		bl	__aeabi_uidiv
  78              	.LVL10:
  79 0036 0500     		movs	r5, r0
  80              	.LVL11:
  81 0038 2300     		movs	r3, r4
  82 003a 7343     		muls	r3, r6
  83 003c 1800     		movs	r0, r3
  84 003e 3900     		movs	r1, r7
  85 0040 FFF7FEFF 		bl	__aeabi_uidiv
ARM GAS  C:\Users\Jeremias\AppData\Local\Temp\ccyeL94a.s 			page 3


  86              	.LVL12:
  87 0044 2D1A     		subs	r5, r5, r0
  88              	.LVL13:
  30:mainGenPul.c  ****     Iout = canal_2;
  89              		.loc 1 30 0
  90 0046 019C     		ldr	r4, [sp, #4]
  91              	.LVL14:
  31:mainGenPul.c  ****     if(Iout>255)
  92              		.loc 1 31 0
  93 0048 FF2C     		cmp	r4, #255
  94 004a 00D9     		bls	.L2
  32:mainGenPul.c  ****         Iout = 255;
  95              		.loc 1 32 0
  96 004c FF24     		movs	r4, #255
  97              	.LVL15:
  98              	.L2:
  33:mainGenPul.c  ****     else{}
  34:mainGenPul.c  ****     PWM_WritePeriod(periodo);
  99              		.loc 1 34 0
 100 004e 3000     		movs	r0, r6
 101 0050 FFF7FEFF 		bl	PWM_WritePeriod
 102              	.LVL16:
  35:mainGenPul.c  ****     PWM_WriteCompare(duty);
 103              		.loc 1 35 0
 104 0054 2800     		movs	r0, r5
 105 0056 FFF7FEFF 		bl	PWM_WriteCompare
 106              	.LVL17:
  36:mainGenPul.c  ****     IDAC_SetValue(Iout);
 107              		.loc 1 36 0
 108 005a 2000     		movs	r0, r4
 109 005c FFF7FEFF 		bl	IDAC_SetValue
 110              	.LVL18:
  37:mainGenPul.c  ****     canal_0 = periodo;
  38:mainGenPul.c  ****     canal_1 = duty;
  39:mainGenPul.c  ****     canal_2 = Iout;
  40:mainGenPul.c  **** //    LCD_ClearDisplay();
  41:mainGenPul.c  ****     LCD_Position(1,0);
 111              		.loc 1 41 0
 112 0060 0021     		movs	r1, #0
 113 0062 0120     		movs	r0, #1
 114 0064 FFF7FEFF 		bl	LCD_Position
 115              	.LVL19:
  42:mainGenPul.c  ****     LCD_PrintNumber(canal_2);
 116              		.loc 1 42 0
 117 0068 2004     		lsls	r0, r4, #16
 118 006a 000C     		lsrs	r0, r0, #16
 119 006c FFF7FEFF 		bl	LCD_PrintU32Number
 120              	.LVL20:
  43:mainGenPul.c  **** //    LCD_Position(1,0);
  44:mainGenPul.c  **** //    LCD_PrintInt16(canal_0);
  45:mainGenPul.c  **** //    LCD_Position(1,8);
  46:mainGenPul.c  **** //    LCD_PrintInt16(canal_1);
  47:mainGenPul.c  **** }
 121              		.loc 1 47 0
 122 0070 05B0     		add	sp, sp, #20
 123              		@ sp needed
 124              	.LVL21:
ARM GAS  C:\Users\Jeremias\AppData\Local\Temp\ccyeL94a.s 			page 4


 125              	.LVL22:
 126              	.LVL23:
 127 0072 F0BD     		pop	{r4, r5, r6, r7, pc}
 128              	.L5:
 129              		.align	2
 130              	.L4:
 131 0074 FF070000 		.word	2047
 132              		.cfi_endproc
 133              	.LFE32:
 134              		.size	ADC_INTAux_Handler, .-ADC_INTAux_Handler
 135              		.section	.text.TIMER_INT_Handler,"ax",%progbits
 136              		.align	2
 137              		.global	TIMER_INT_Handler
 138              		.code	16
 139              		.thumb_func
 140              		.type	TIMER_INT_Handler, %function
 141              	TIMER_INT_Handler:
 142              	.LFB33:
  48:mainGenPul.c  **** 
  49:mainGenPul.c  **** CY_ISR(TIMER_INT_Handler)
  50:mainGenPul.c  **** {
 143              		.loc 1 50 0
 144              		.cfi_startproc
 145              		@ args = 0, pretend = 0, frame = 0
 146              		@ frame_needed = 0, uses_anonymous_args = 0
 147 0000 10B5     		push	{r4, lr}
 148              		.cfi_def_cfa_offset 8
 149              		.cfi_offset 4, -8
 150              		.cfi_offset 14, -4
  51:mainGenPul.c  ****     ADC_StartConvert();
 151              		.loc 1 51 0
 152 0002 FFF7FEFF 		bl	ADC_StartConvert
 153              	.LVL24:
  52:mainGenPul.c  ****     Timer_1_ClearInterrupt(Timer_1_INTR_MASK_TC);
 154              		.loc 1 52 0
 155 0006 0120     		movs	r0, #1
 156 0008 FFF7FEFF 		bl	Timer_1_ClearInterrupt
 157              	.LVL25:
  53:mainGenPul.c  **** }
 158              		.loc 1 53 0
 159              		@ sp needed
 160 000c 10BD     		pop	{r4, pc}
 161              		.cfi_endproc
 162              	.LFE33:
 163              		.size	TIMER_INT_Handler, .-TIMER_INT_Handler
 164 000e C046     		.section	.text.PWM_INT_Handler,"ax",%progbits
 165              		.align	2
 166              		.global	PWM_INT_Handler
 167              		.code	16
 168              		.thumb_func
 169              		.type	PWM_INT_Handler, %function
 170              	PWM_INT_Handler:
 171              	.LFB34:
  54:mainGenPul.c  **** 
  55:mainGenPul.c  **** CY_ISR(PWM_INT_Handler)
  56:mainGenPul.c  **** {
 172              		.loc 1 56 0
ARM GAS  C:\Users\Jeremias\AppData\Local\Temp\ccyeL94a.s 			page 5


 173              		.cfi_startproc
 174              		@ args = 0, pretend = 0, frame = 0
 175              		@ frame_needed = 0, uses_anonymous_args = 0
 176 0000 10B5     		push	{r4, lr}
 177              		.cfi_def_cfa_offset 8
 178              		.cfi_offset 4, -8
 179              		.cfi_offset 14, -4
 180              	.LVL26:
  57:mainGenPul.c  ****     uint32 estadoINT_PWM = 0;
  58:mainGenPul.c  ****     estadoINT_PWM = PWM_GetInterruptSource();
 181              		.loc 1 58 0
 182 0002 FFF7FEFF 		bl	PWM_GetInterruptSource
 183              	.LVL27:
  59:mainGenPul.c  ****     switch(estadoINT_PWM)
 184              		.loc 1 59 0
 185 0006 0128     		cmp	r0, #1
 186 0008 02D0     		beq	.L9
 187 000a 0228     		cmp	r0, #2
 188 000c 09D0     		beq	.L10
 189 000e 11E0     		b	.L12
 190              	.L9:
  60:mainGenPul.c  ****     {
  61:mainGenPul.c  ****         case PWM_INTR_MASK_TC:
  62:mainGenPul.c  ****             AMux_DisconnectAll();
 191              		.loc 1 62 0
 192 0010 FFF7FEFF 		bl	AMux_DisconnectAll
 193              	.LVL28:
  63:mainGenPul.c  ****             AMux_Select(0);
 194              		.loc 1 63 0
 195 0014 0020     		movs	r0, #0
 196 0016 FFF7FEFF 		bl	AMux_FastSelect
 197              	.LVL29:
  64:mainGenPul.c  ****             PWM_ClearInterrupt(PWM_INTR_MASK_TC);
 198              		.loc 1 64 0
 199 001a 0120     		movs	r0, #1
 200 001c FFF7FEFF 		bl	PWM_ClearInterrupt
 201              	.LVL30:
  65:mainGenPul.c  ****             break;
 202              		.loc 1 65 0
 203 0020 0EE0     		b	.L7
 204              	.LVL31:
 205              	.L10:
  66:mainGenPul.c  ****         case PWM_INTR_MASK_CC_MATCH:
  67:mainGenPul.c  ****             AMux_DisconnectAll();
 206              		.loc 1 67 0
 207 0022 FFF7FEFF 		bl	AMux_DisconnectAll
 208              	.LVL32:
  68:mainGenPul.c  ****             AMux_Select(1);
 209              		.loc 1 68 0
 210 0026 0120     		movs	r0, #1
 211 0028 FFF7FEFF 		bl	AMux_FastSelect
 212              	.LVL33:
  69:mainGenPul.c  ****             PWM_ClearInterrupt(PWM_INTR_MASK_CC_MATCH);
 213              		.loc 1 69 0
 214 002c 0220     		movs	r0, #2
 215 002e FFF7FEFF 		bl	PWM_ClearInterrupt
 216              	.LVL34:
ARM GAS  C:\Users\Jeremias\AppData\Local\Temp\ccyeL94a.s 			page 6


  70:mainGenPul.c  ****             break;
 217              		.loc 1 70 0
 218 0032 05E0     		b	.L7
 219              	.LVL35:
 220              	.L12:
  71:mainGenPul.c  ****         default:
  72:mainGenPul.c  ****             PWM_ClearInterrupt(PWM_INTR_MASK_TC);
 221              		.loc 1 72 0
 222 0034 0120     		movs	r0, #1
 223              	.LVL36:
 224 0036 FFF7FEFF 		bl	PWM_ClearInterrupt
 225              	.LVL37:
  73:mainGenPul.c  ****             PWM_ClearInterrupt(PWM_INTR_MASK_CC_MATCH);
 226              		.loc 1 73 0
 227 003a 0220     		movs	r0, #2
 228 003c FFF7FEFF 		bl	PWM_ClearInterrupt
 229              	.LVL38:
 230              	.L7:
  74:mainGenPul.c  ****             break;
  75:mainGenPul.c  ****     }
  76:mainGenPul.c  **** }
 231              		.loc 1 76 0
 232              		@ sp needed
 233 0040 10BD     		pop	{r4, pc}
 234              		.cfi_endproc
 235              	.LFE34:
 236              		.size	PWM_INT_Handler, .-PWM_INT_Handler
 237              		.section	.text.SW_INT_Handler,"ax",%progbits
 238              		.align	2
 239              		.global	SW_INT_Handler
 240              		.code	16
 241              		.thumb_func
 242              		.type	SW_INT_Handler, %function
 243              	SW_INT_Handler:
 244              	.LFB35:
  77:mainGenPul.c  **** 
  78:mainGenPul.c  **** CY_ISR(SW_INT_Handler)
  79:mainGenPul.c  **** {
 245              		.loc 1 79 0
 246              		.cfi_startproc
 247              		@ args = 0, pretend = 0, frame = 0
 248              		@ frame_needed = 0, uses_anonymous_args = 0
 249 0000 10B5     		push	{r4, lr}
 250              		.cfi_def_cfa_offset 8
 251              		.cfi_offset 4, -8
 252              		.cfi_offset 14, -4
  80:mainGenPul.c  ****     if(estadoPWM)
 253              		.loc 1 80 0
 254 0002 094B     		ldr	r3, .L16
 255 0004 1B78     		ldrb	r3, [r3]
 256 0006 002B     		cmp	r3, #0
 257 0008 05D0     		beq	.L14
  81:mainGenPul.c  ****     {
  82:mainGenPul.c  ****         PWM_Stop();
 258              		.loc 1 82 0
 259 000a FFF7FEFF 		bl	PWM_Stop
 260              	.LVL39:
ARM GAS  C:\Users\Jeremias\AppData\Local\Temp\ccyeL94a.s 			page 7


  83:mainGenPul.c  ****         estadoPWM = 0;
 261              		.loc 1 83 0
 262 000e 0022     		movs	r2, #0
 263 0010 054B     		ldr	r3, .L16
 264 0012 1A70     		strb	r2, [r3]
 265 0014 04E0     		b	.L15
 266              	.L14:
  84:mainGenPul.c  ****     }
  85:mainGenPul.c  ****     else
  86:mainGenPul.c  ****     {
  87:mainGenPul.c  ****         PWM_Start();
 267              		.loc 1 87 0
 268 0016 FFF7FEFF 		bl	PWM_Start
 269              	.LVL40:
  88:mainGenPul.c  ****         estadoPWM = 1;
 270              		.loc 1 88 0
 271 001a 0122     		movs	r2, #1
 272 001c 024B     		ldr	r3, .L16
 273 001e 1A70     		strb	r2, [r3]
 274              	.L15:
  89:mainGenPul.c  ****     }
  90:mainGenPul.c  ****     PIN_SW_ClearInterrupt();
 275              		.loc 1 90 0
 276 0020 FFF7FEFF 		bl	PIN_SW_ClearInterrupt
 277              	.LVL41:
  91:mainGenPul.c  **** }
 278              		.loc 1 91 0
 279              		@ sp needed
 280 0024 10BD     		pop	{r4, pc}
 281              	.L17:
 282 0026 C046     		.align	2
 283              	.L16:
 284 0028 00000000 		.word	.LANCHOR0
 285              		.cfi_endproc
 286              	.LFE35:
 287              		.size	SW_INT_Handler, .-SW_INT_Handler
 288              		.section	.text.main,"ax",%progbits
 289              		.align	2
 290              		.global	main
 291              		.code	16
 292              		.thumb_func
 293              		.type	main, %function
 294              	main:
 295              	.LFB36:
  92:mainGenPul.c  **** 
  93:mainGenPul.c  **** int main(void)
  94:mainGenPul.c  **** {
 296              		.loc 1 94 0
 297              		.cfi_startproc
 298              		@ Volatile: function does not return.
 299              		@ args = 0, pretend = 0, frame = 0
 300              		@ frame_needed = 0, uses_anonymous_args = 0
 301 0000 10B5     		push	{r4, lr}
 302              		.cfi_def_cfa_offset 8
 303              		.cfi_offset 4, -8
 304              		.cfi_offset 14, -4
  95:mainGenPul.c  ****     CyGlobalIntEnable; 
ARM GAS  C:\Users\Jeremias\AppData\Local\Temp\ccyeL94a.s 			page 8


 305              		.loc 1 95 0
 306              		.syntax divided
 307              	@ 95 "mainGenPul.c" 1
 308 0002 62B6     		CPSIE   i
 309              	@ 0 "" 2
  96:mainGenPul.c  ****     ADC_IRQ_Disable();
 310              		.loc 1 96 0
 311              		.thumb
 312              		.syntax unified
 313 0004 FFF7FEFF 		bl	ADC_IRQ_Disable
 314              	.LVL42:
  97:mainGenPul.c  ****     ADC_INTAux_StartEx(ADC_INTAux_Handler);
 315              		.loc 1 97 0
 316 0008 0F48     		ldr	r0, .L20
 317 000a FFF7FEFF 		bl	ADC_INTAux_StartEx
 318              	.LVL43:
  98:mainGenPul.c  ****     SW_INT_StartEx(SW_INT_Handler);
 319              		.loc 1 98 0
 320 000e 0F48     		ldr	r0, .L20+4
 321 0010 FFF7FEFF 		bl	SW_INT_StartEx
 322              	.LVL44:
  99:mainGenPul.c  ****     PWM_INT_StartEx(PWM_INT_Handler);
 323              		.loc 1 99 0
 324 0014 0E48     		ldr	r0, .L20+8
 325 0016 FFF7FEFF 		bl	PWM_INT_StartEx
 326              	.LVL45:
 100:mainGenPul.c  ****     TIMER_INT_StartEx(TIMER_INT_Handler);
 327              		.loc 1 100 0
 328 001a 0E48     		ldr	r0, .L20+12
 329 001c FFF7FEFF 		bl	TIMER_INT_StartEx
 330              	.LVL46:
 101:mainGenPul.c  ****     LCD_Start();
 331              		.loc 1 101 0
 332 0020 FFF7FEFF 		bl	LCD_Start
 333              	.LVL47:
 102:mainGenPul.c  ****     PWM_Init();
 334              		.loc 1 102 0
 335 0024 FFF7FEFF 		bl	PWM_Init
 336              	.LVL48:
 103:mainGenPul.c  ****     Timer_1_Start();
 337              		.loc 1 103 0
 338 0028 FFF7FEFF 		bl	Timer_1_Start
 339              	.LVL49:
 104:mainGenPul.c  ****     IDAC_Start();
 340              		.loc 1 104 0
 341 002c FFF7FEFF 		bl	IDAC_Start
 342              	.LVL50:
 105:mainGenPul.c  ****     AMux_Start();
 343              		.loc 1 105 0
 344 0030 FFF7FEFF 		bl	AMux_Start
 345              	.LVL51:
 106:mainGenPul.c  ****     ADC_Start();
 346              		.loc 1 106 0
 347 0034 FFF7FEFF 		bl	ADC_Start
 348              	.LVL52:
 107:mainGenPul.c  ****     LCD_Position(0,0);
 349              		.loc 1 107 0
ARM GAS  C:\Users\Jeremias\AppData\Local\Temp\ccyeL94a.s 			page 9


 350 0038 0021     		movs	r1, #0
 351 003a 0020     		movs	r0, #0
 352 003c FFF7FEFF 		bl	LCD_Position
 353              	.LVL53:
 108:mainGenPul.c  ****     LCD_PrintString("Electroestimulador");
 354              		.loc 1 108 0
 355 0040 0548     		ldr	r0, .L20+16
 356 0042 FFF7FEFF 		bl	LCD_PrintString
 357              	.LVL54:
 358              	.L19:
 359 0046 FEE7     		b	.L19
 360              	.L21:
 361              		.align	2
 362              	.L20:
 363 0048 00000000 		.word	ADC_INTAux_Handler
 364 004c 00000000 		.word	SW_INT_Handler
 365 0050 00000000 		.word	PWM_INT_Handler
 366 0054 00000000 		.word	TIMER_INT_Handler
 367 0058 00000000 		.word	.LC5
 368              		.cfi_endproc
 369              	.LFE36:
 370              		.size	main, .-main
 371              		.global	estadoPWM
 372              		.section	.rodata.str1.4,"aMS",%progbits,1
 373              		.align	2
 374              	.LC5:
 375 0000 456C6563 		.ascii	"Electroestimulador\000"
 375      74726F65 
 375      7374696D 
 375      756C6164 
 375      6F7200
 376              		.bss
 377              		.set	.LANCHOR0,. + 0
 378              		.type	estadoPWM, %object
 379              		.size	estadoPWM, 1
 380              	estadoPWM:
 381 0000 00       		.space	1
 382              		.text
 383              	.Letext0:
 384              		.file 2 "Generated_Source\\PSoC4/cytypes.h"
 385              		.file 3 "c:\\program files (x86)\\cypress\\psoc creator\\4.4\\psoc creator\\import\\gnu\\arm\\5.4.
 386              		.file 4 "Generated_Source\\PSoC4/ADC.h"
 387              		.file 5 "Generated_Source\\PSoC4/PWM.h"
 388              		.file 6 "Generated_Source\\PSoC4/IDAC.h"
 389              		.file 7 "Generated_Source\\PSoC4/LCD.h"
 390              		.file 8 "Generated_Source\\PSoC4/Timer_1.h"
 391              		.file 9 "Generated_Source\\PSoC4/AMux.h"
 392              		.file 10 "Generated_Source\\PSoC4/PIN_SW.h"
 393              		.file 11 "Generated_Source\\PSoC4/ADC_IRQ.h"
 394              		.file 12 "Generated_Source\\PSoC4/ADC_INTAux.h"
 395              		.file 13 "Generated_Source\\PSoC4/SW_INT.h"
 396              		.file 14 "Generated_Source\\PSoC4/PWM_INT.h"
 397              		.file 15 "Generated_Source\\PSoC4/TIMER_INT.h"
 398              		.section	.debug_info,"",%progbits
 399              	.Ldebug_info0:
 400 0000 92050000 		.4byte	0x592
 401 0004 0400     		.2byte	0x4
ARM GAS  C:\Users\Jeremias\AppData\Local\Temp\ccyeL94a.s 			page 10


 402 0006 00000000 		.4byte	.Ldebug_abbrev0
 403 000a 04       		.byte	0x4
 404 000b 01       		.uleb128 0x1
 405 000c 27000000 		.4byte	.LASF62
 406 0010 0C       		.byte	0xc
 407 0011 22030000 		.4byte	.LASF63
 408 0015 75020000 		.4byte	.LASF64
 409 0019 00000000 		.4byte	.Ldebug_ranges0+0
 410 001d 00000000 		.4byte	0
 411 0021 00000000 		.4byte	.Ldebug_line0
 412 0025 02       		.uleb128 0x2
 413 0026 01       		.byte	0x1
 414 0027 06       		.byte	0x6
 415 0028 12010000 		.4byte	.LASF0
 416 002c 02       		.uleb128 0x2
 417 002d 01       		.byte	0x1
 418 002e 08       		.byte	0x8
 419 002f 2F030000 		.4byte	.LASF1
 420 0033 02       		.uleb128 0x2
 421 0034 02       		.byte	0x2
 422 0035 05       		.byte	0x5
 423 0036 46030000 		.4byte	.LASF2
 424 003a 02       		.uleb128 0x2
 425 003b 02       		.byte	0x2
 426 003c 07       		.byte	0x7
 427 003d FD010000 		.4byte	.LASF3
 428 0041 02       		.uleb128 0x2
 429 0042 04       		.byte	0x4
 430 0043 05       		.byte	0x5
 431 0044 46010000 		.4byte	.LASF4
 432 0048 02       		.uleb128 0x2
 433 0049 04       		.byte	0x4
 434 004a 07       		.byte	0x7
 435 004b C0010000 		.4byte	.LASF5
 436 004f 02       		.uleb128 0x2
 437 0050 08       		.byte	0x8
 438 0051 05       		.byte	0x5
 439 0052 04010000 		.4byte	.LASF6
 440 0056 02       		.uleb128 0x2
 441 0057 08       		.byte	0x8
 442 0058 07       		.byte	0x7
 443 0059 B5000000 		.4byte	.LASF7
 444 005d 03       		.uleb128 0x3
 445 005e 04       		.byte	0x4
 446 005f 05       		.byte	0x5
 447 0060 696E7400 		.ascii	"int\000"
 448 0064 02       		.uleb128 0x2
 449 0065 04       		.byte	0x4
 450 0066 07       		.byte	0x7
 451 0067 A9010000 		.4byte	.LASF8
 452 006b 04       		.uleb128 0x4
 453 006c 69010000 		.4byte	.LASF9
 454 0070 02       		.byte	0x2
 455 0071 FB01     		.2byte	0x1fb
 456 0073 2C000000 		.4byte	0x2c
 457 0077 04       		.uleb128 0x4
 458 0078 00000000 		.4byte	.LASF10
ARM GAS  C:\Users\Jeremias\AppData\Local\Temp\ccyeL94a.s 			page 11


 459 007c 02       		.byte	0x2
 460 007d FC01     		.2byte	0x1fc
 461 007f 3A000000 		.4byte	0x3a
 462 0083 04       		.uleb128 0x4
 463 0084 7F010000 		.4byte	.LASF11
 464 0088 02       		.byte	0x2
 465 0089 FD01     		.2byte	0x1fd
 466 008b 48000000 		.4byte	0x48
 467 008f 04       		.uleb128 0x4
 468 0090 D4030000 		.4byte	.LASF12
 469 0094 02       		.byte	0x2
 470 0095 FF01     		.2byte	0x1ff
 471 0097 33000000 		.4byte	0x33
 472 009b 02       		.uleb128 0x2
 473 009c 04       		.byte	0x4
 474 009d 04       		.byte	0x4
 475 009e 1C030000 		.4byte	.LASF13
 476 00a2 02       		.uleb128 0x2
 477 00a3 08       		.byte	0x8
 478 00a4 04       		.byte	0x4
 479 00a5 6F010000 		.4byte	.LASF14
 480 00a9 02       		.uleb128 0x2
 481 00aa 01       		.byte	0x1
 482 00ab 08       		.byte	0x8
 483 00ac 9D030000 		.4byte	.LASF15
 484 00b0 02       		.uleb128 0x2
 485 00b1 08       		.byte	0x8
 486 00b2 04       		.byte	0x4
 487 00b3 69020000 		.4byte	.LASF16
 488 00b7 02       		.uleb128 0x2
 489 00b8 04       		.byte	0x4
 490 00b9 07       		.byte	0x7
 491 00ba 50020000 		.4byte	.LASF17
 492 00be 05       		.uleb128 0x5
 493 00bf 08       		.byte	0x8
 494 00c0 03       		.byte	0x3
 495 00c1 1F       		.byte	0x1f
 496 00c2 DF000000 		.4byte	0xdf
 497 00c6 06       		.uleb128 0x6
 498 00c7 0F000000 		.4byte	.LASF18
 499 00cb 03       		.byte	0x3
 500 00cc 21       		.byte	0x21
 501 00cd 5D000000 		.4byte	0x5d
 502 00d1 00       		.byte	0
 503 00d2 07       		.uleb128 0x7
 504 00d3 72656D00 		.ascii	"rem\000"
 505 00d7 03       		.byte	0x3
 506 00d8 22       		.byte	0x22
 507 00d9 5D000000 		.4byte	0x5d
 508 00dd 04       		.byte	0x4
 509 00de 00       		.byte	0
 510 00df 08       		.uleb128 0x8
 511 00e0 FE000000 		.4byte	.LASF19
 512 00e4 03       		.byte	0x3
 513 00e5 23       		.byte	0x23
 514 00e6 BE000000 		.4byte	0xbe
 515 00ea 09       		.uleb128 0x9
ARM GAS  C:\Users\Jeremias\AppData\Local\Temp\ccyeL94a.s 			page 12


 516 00eb 09030000 		.4byte	.LASF29
 517 00ef 01       		.byte	0x1
 518 00f0 0A       		.byte	0xa
 519 00f1 00000000 		.4byte	.LFB32
 520 00f5 78000000 		.4byte	.LFE32-.LFB32
 521 00f9 01       		.uleb128 0x1
 522 00fa 9C       		.byte	0x9c
 523 00fb 4F020000 		.4byte	0x24f
 524 00ff 0A       		.uleb128 0xa
 525 0100 91010000 		.4byte	.LASF20
 526 0104 01       		.byte	0x1
 527 0105 0C       		.byte	0xc
 528 0106 8F000000 		.4byte	0x8f
 529 010a 00000000 		.4byte	.LLST0
 530 010e 0A       		.uleb128 0xa
 531 010f 99010000 		.4byte	.LASF21
 532 0113 01       		.byte	0x1
 533 0114 0D       		.byte	0xd
 534 0115 8F000000 		.4byte	0x8f
 535 0119 1E000000 		.4byte	.LLST1
 536 011d 0A       		.uleb128 0xa
 537 011e A1010000 		.4byte	.LASF22
 538 0122 01       		.byte	0x1
 539 0123 0E       		.byte	0xe
 540 0124 8F000000 		.4byte	0x8f
 541 0128 3C000000 		.4byte	.LLST2
 542 012c 0A       		.uleb128 0xa
 543 012d 0F040000 		.4byte	.LASF23
 544 0131 01       		.byte	0x1
 545 0132 0F       		.byte	0xf
 546 0133 83000000 		.4byte	0x83
 547 0137 5B000000 		.4byte	.LLST3
 548 013b 0B       		.uleb128 0xb
 549 013c 07000000 		.4byte	.LASF24
 550 0140 01       		.byte	0x1
 551 0141 10       		.byte	0x10
 552 0142 DF000000 		.4byte	0xdf
 553 0146 02       		.uleb128 0x2
 554 0147 91       		.byte	0x91
 555 0148 60       		.sleb128 -32
 556 0149 0B       		.uleb128 0xb
 557 014a F2010000 		.4byte	.LASF25
 558 014e 01       		.byte	0x1
 559 014f 11       		.byte	0x11
 560 0150 83000000 		.4byte	0x83
 561 0154 02       		.uleb128 0x2
 562 0155 91       		.byte	0x91
 563 0156 60       		.sleb128 -32
 564 0157 0A       		.uleb128 0xa
 565 0158 80030000 		.4byte	.LASF26
 566 015c 01       		.byte	0x1
 567 015d 12       		.byte	0x12
 568 015e 83000000 		.4byte	0x83
 569 0162 6E000000 		.4byte	.LLST4
 570 0166 0A       		.uleb128 0xa
 571 0167 C2030000 		.4byte	.LASF27
 572 016b 01       		.byte	0x1
ARM GAS  C:\Users\Jeremias\AppData\Local\Temp\ccyeL94a.s 			page 13


 573 016c 13       		.byte	0x13
 574 016d 83000000 		.4byte	0x83
 575 0171 8D000000 		.4byte	.LLST5
 576 0175 0A       		.uleb128 0xa
 577 0176 3D040000 		.4byte	.LASF28
 578 017a 01       		.byte	0x1
 579 017b 14       		.byte	0x14
 580 017c 83000000 		.4byte	0x83
 581 0180 A0000000 		.4byte	.LLST6
 582 0184 0C       		.uleb128 0xc
 583 0185 08000000 		.4byte	.LVL0
 584 0189 4D040000 		.4byte	0x44d
 585 018d 0D       		.uleb128 0xd
 586 018e 0E000000 		.4byte	.LVL1
 587 0192 58040000 		.4byte	0x458
 588 0196 A0010000 		.4byte	0x1a0
 589 019a 0E       		.uleb128 0xe
 590 019b 01       		.uleb128 0x1
 591 019c 50       		.byte	0x50
 592 019d 01       		.uleb128 0x1
 593 019e 30       		.byte	0x30
 594 019f 00       		.byte	0
 595 01a0 0D       		.uleb128 0xd
 596 01a1 16000000 		.4byte	.LVL4
 597 01a5 58040000 		.4byte	0x458
 598 01a9 B3010000 		.4byte	0x1b3
 599 01ad 0E       		.uleb128 0xe
 600 01ae 01       		.uleb128 0x1
 601 01af 50       		.byte	0x50
 602 01b0 01       		.uleb128 0x1
 603 01b1 31       		.byte	0x31
 604 01b2 00       		.byte	0
 605 01b3 0D       		.uleb128 0xd
 606 01b4 1E000000 		.4byte	.LVL6
 607 01b8 58040000 		.4byte	0x458
 608 01bc C6010000 		.4byte	0x1c6
 609 01c0 0E       		.uleb128 0xe
 610 01c1 01       		.uleb128 0x1
 611 01c2 50       		.byte	0x50
 612 01c3 01       		.uleb128 0x1
 613 01c4 32       		.byte	0x32
 614 01c5 00       		.byte	0
 615 01c6 0D       		.uleb128 0xd
 616 01c7 2C000000 		.4byte	.LVL8
 617 01cb 63040000 		.4byte	0x463
 618 01cf E6010000 		.4byte	0x1e6
 619 01d3 0E       		.uleb128 0xe
 620 01d4 01       		.uleb128 0x1
 621 01d5 50       		.byte	0x50
 622 01d6 02       		.uleb128 0x2
 623 01d7 91       		.byte	0x91
 624 01d8 60       		.sleb128 -32
 625 01d9 0E       		.uleb128 0xe
 626 01da 01       		.uleb128 0x1
 627 01db 51       		.byte	0x51
 628 01dc 02       		.uleb128 0x2
 629 01dd 77       		.byte	0x77
ARM GAS  C:\Users\Jeremias\AppData\Local\Temp\ccyeL94a.s 			page 14


 630 01de 00       		.sleb128 0
 631 01df 0E       		.uleb128 0xe
 632 01e0 01       		.uleb128 0x1
 633 01e1 52       		.byte	0x52
 634 01e2 02       		.uleb128 0x2
 635 01e3 75       		.byte	0x75
 636 01e4 00       		.sleb128 0
 637 01e5 00       		.byte	0
 638 01e6 0D       		.uleb128 0xd
 639 01e7 54000000 		.4byte	.LVL16
 640 01eb 6E040000 		.4byte	0x46e
 641 01ef FA010000 		.4byte	0x1fa
 642 01f3 0E       		.uleb128 0xe
 643 01f4 01       		.uleb128 0x1
 644 01f5 50       		.byte	0x50
 645 01f6 02       		.uleb128 0x2
 646 01f7 76       		.byte	0x76
 647 01f8 00       		.sleb128 0
 648 01f9 00       		.byte	0
 649 01fa 0D       		.uleb128 0xd
 650 01fb 5A000000 		.4byte	.LVL17
 651 01ff 7A040000 		.4byte	0x47a
 652 0203 0E020000 		.4byte	0x20e
 653 0207 0E       		.uleb128 0xe
 654 0208 01       		.uleb128 0x1
 655 0209 50       		.byte	0x50
 656 020a 02       		.uleb128 0x2
 657 020b 75       		.byte	0x75
 658 020c 00       		.sleb128 0
 659 020d 00       		.byte	0
 660 020e 0D       		.uleb128 0xd
 661 020f 60000000 		.4byte	.LVL18
 662 0213 86040000 		.4byte	0x486
 663 0217 22020000 		.4byte	0x222
 664 021b 0E       		.uleb128 0xe
 665 021c 01       		.uleb128 0x1
 666 021d 50       		.byte	0x50
 667 021e 02       		.uleb128 0x2
 668 021f 74       		.byte	0x74
 669 0220 00       		.sleb128 0
 670 0221 00       		.byte	0
 671 0222 0D       		.uleb128 0xd
 672 0223 68000000 		.4byte	.LVL19
 673 0227 91040000 		.4byte	0x491
 674 022b 3A020000 		.4byte	0x23a
 675 022f 0E       		.uleb128 0xe
 676 0230 01       		.uleb128 0x1
 677 0231 50       		.byte	0x50
 678 0232 01       		.uleb128 0x1
 679 0233 31       		.byte	0x31
 680 0234 0E       		.uleb128 0xe
 681 0235 01       		.uleb128 0x1
 682 0236 51       		.byte	0x51
 683 0237 01       		.uleb128 0x1
 684 0238 30       		.byte	0x30
 685 0239 00       		.byte	0
 686 023a 0F       		.uleb128 0xf
ARM GAS  C:\Users\Jeremias\AppData\Local\Temp\ccyeL94a.s 			page 15


 687 023b 70000000 		.4byte	.LVL20
 688 023f 9C040000 		.4byte	0x49c
 689 0243 0E       		.uleb128 0xe
 690 0244 01       		.uleb128 0x1
 691 0245 50       		.byte	0x50
 692 0246 06       		.uleb128 0x6
 693 0247 74       		.byte	0x74
 694 0248 00       		.sleb128 0
 695 0249 40       		.byte	0x40
 696 024a 24       		.byte	0x24
 697 024b 40       		.byte	0x40
 698 024c 25       		.byte	0x25
 699 024d 00       		.byte	0
 700 024e 00       		.byte	0
 701 024f 10       		.uleb128 0x10
 702 0250 E0010000 		.4byte	.LASF30
 703 0254 01       		.byte	0x1
 704 0255 31       		.byte	0x31
 705 0256 00000000 		.4byte	.LFB33
 706 025a 0E000000 		.4byte	.LFE33-.LFB33
 707 025e 01       		.uleb128 0x1
 708 025f 9C       		.byte	0x9c
 709 0260 7D020000 		.4byte	0x27d
 710 0264 0C       		.uleb128 0xc
 711 0265 06000000 		.4byte	.LVL24
 712 0269 A7040000 		.4byte	0x4a7
 713 026d 0F       		.uleb128 0xf
 714 026e 0C000000 		.4byte	.LVL25
 715 0272 B2040000 		.4byte	0x4b2
 716 0276 0E       		.uleb128 0xe
 717 0277 01       		.uleb128 0x1
 718 0278 50       		.byte	0x50
 719 0279 01       		.uleb128 0x1
 720 027a 31       		.byte	0x31
 721 027b 00       		.byte	0
 722 027c 00       		.byte	0
 723 027d 10       		.uleb128 0x10
 724 027e B2030000 		.4byte	.LASF31
 725 0282 01       		.byte	0x1
 726 0283 37       		.byte	0x37
 727 0284 00000000 		.4byte	.LFB34
 728 0288 42000000 		.4byte	.LFE34-.LFB34
 729 028c 01       		.uleb128 0x1
 730 028d 9C       		.byte	0x9c
 731 028e 2B030000 		.4byte	0x32b
 732 0292 0A       		.uleb128 0xa
 733 0293 DA030000 		.4byte	.LASF32
 734 0297 01       		.byte	0x1
 735 0298 39       		.byte	0x39
 736 0299 83000000 		.4byte	0x83
 737 029d B3000000 		.4byte	.LLST7
 738 02a1 0C       		.uleb128 0xc
 739 02a2 06000000 		.4byte	.LVL27
 740 02a6 BE040000 		.4byte	0x4be
 741 02aa 0C       		.uleb128 0xc
 742 02ab 14000000 		.4byte	.LVL28
 743 02af CA040000 		.4byte	0x4ca
ARM GAS  C:\Users\Jeremias\AppData\Local\Temp\ccyeL94a.s 			page 16


 744 02b3 0D       		.uleb128 0xd
 745 02b4 1A000000 		.4byte	.LVL29
 746 02b8 D5040000 		.4byte	0x4d5
 747 02bc C6020000 		.4byte	0x2c6
 748 02c0 0E       		.uleb128 0xe
 749 02c1 01       		.uleb128 0x1
 750 02c2 50       		.byte	0x50
 751 02c3 01       		.uleb128 0x1
 752 02c4 30       		.byte	0x30
 753 02c5 00       		.byte	0
 754 02c6 0D       		.uleb128 0xd
 755 02c7 20000000 		.4byte	.LVL30
 756 02cb E0040000 		.4byte	0x4e0
 757 02cf D9020000 		.4byte	0x2d9
 758 02d3 0E       		.uleb128 0xe
 759 02d4 01       		.uleb128 0x1
 760 02d5 50       		.byte	0x50
 761 02d6 01       		.uleb128 0x1
 762 02d7 31       		.byte	0x31
 763 02d8 00       		.byte	0
 764 02d9 0C       		.uleb128 0xc
 765 02da 26000000 		.4byte	.LVL32
 766 02de CA040000 		.4byte	0x4ca
 767 02e2 0D       		.uleb128 0xd
 768 02e3 2C000000 		.4byte	.LVL33
 769 02e7 D5040000 		.4byte	0x4d5
 770 02eb F5020000 		.4byte	0x2f5
 771 02ef 0E       		.uleb128 0xe
 772 02f0 01       		.uleb128 0x1
 773 02f1 50       		.byte	0x50
 774 02f2 01       		.uleb128 0x1
 775 02f3 31       		.byte	0x31
 776 02f4 00       		.byte	0
 777 02f5 0D       		.uleb128 0xd
 778 02f6 32000000 		.4byte	.LVL34
 779 02fa E0040000 		.4byte	0x4e0
 780 02fe 08030000 		.4byte	0x308
 781 0302 0E       		.uleb128 0xe
 782 0303 01       		.uleb128 0x1
 783 0304 50       		.byte	0x50
 784 0305 01       		.uleb128 0x1
 785 0306 32       		.byte	0x32
 786 0307 00       		.byte	0
 787 0308 0D       		.uleb128 0xd
 788 0309 3A000000 		.4byte	.LVL37
 789 030d E0040000 		.4byte	0x4e0
 790 0311 1B030000 		.4byte	0x31b
 791 0315 0E       		.uleb128 0xe
 792 0316 01       		.uleb128 0x1
 793 0317 50       		.byte	0x50
 794 0318 01       		.uleb128 0x1
 795 0319 31       		.byte	0x31
 796 031a 00       		.byte	0
 797 031b 0F       		.uleb128 0xf
 798 031c 40000000 		.4byte	.LVL38
 799 0320 E0040000 		.4byte	0x4e0
 800 0324 0E       		.uleb128 0xe
ARM GAS  C:\Users\Jeremias\AppData\Local\Temp\ccyeL94a.s 			page 17


 801 0325 01       		.uleb128 0x1
 802 0326 50       		.byte	0x50
 803 0327 01       		.uleb128 0x1
 804 0328 32       		.byte	0x32
 805 0329 00       		.byte	0
 806 032a 00       		.byte	0
 807 032b 10       		.uleb128 0x10
 808 032c 71030000 		.4byte	.LASF33
 809 0330 01       		.byte	0x1
 810 0331 4E       		.byte	0x4e
 811 0332 00000000 		.4byte	.LFB35
 812 0336 2C000000 		.4byte	.LFE35-.LFB35
 813 033a 01       		.uleb128 0x1
 814 033b 9C       		.byte	0x9c
 815 033c 5C030000 		.4byte	0x35c
 816 0340 0C       		.uleb128 0xc
 817 0341 0E000000 		.4byte	.LVL39
 818 0345 EC040000 		.4byte	0x4ec
 819 0349 0C       		.uleb128 0xc
 820 034a 1A000000 		.4byte	.LVL40
 821 034e F8040000 		.4byte	0x4f8
 822 0352 0C       		.uleb128 0xc
 823 0353 24000000 		.4byte	.LVL41
 824 0357 04050000 		.4byte	0x504
 825 035b 00       		.byte	0
 826 035c 11       		.uleb128 0x11
 827 035d 17040000 		.4byte	.LASF65
 828 0361 01       		.byte	0x1
 829 0362 5D       		.byte	0x5d
 830 0363 5D000000 		.4byte	0x5d
 831 0367 00000000 		.4byte	.LFB36
 832 036b 5C000000 		.4byte	.LFE36-.LFB36
 833 036f 01       		.uleb128 0x1
 834 0370 9C       		.byte	0x9c
 835 0371 3C040000 		.4byte	0x43c
 836 0375 0C       		.uleb128 0xc
 837 0376 08000000 		.4byte	.LVL42
 838 037a 0F050000 		.4byte	0x50f
 839 037e 0D       		.uleb128 0xd
 840 037f 0E000000 		.4byte	.LVL43
 841 0383 1A050000 		.4byte	0x51a
 842 0387 95030000 		.4byte	0x395
 843 038b 0E       		.uleb128 0xe
 844 038c 01       		.uleb128 0x1
 845 038d 50       		.byte	0x50
 846 038e 05       		.uleb128 0x5
 847 038f 03       		.byte	0x3
 848 0390 00000000 		.4byte	ADC_INTAux_Handler
 849 0394 00       		.byte	0
 850 0395 0D       		.uleb128 0xd
 851 0396 14000000 		.4byte	.LVL44
 852 039a 25050000 		.4byte	0x525
 853 039e AC030000 		.4byte	0x3ac
 854 03a2 0E       		.uleb128 0xe
 855 03a3 01       		.uleb128 0x1
 856 03a4 50       		.byte	0x50
 857 03a5 05       		.uleb128 0x5
ARM GAS  C:\Users\Jeremias\AppData\Local\Temp\ccyeL94a.s 			page 18


 858 03a6 03       		.byte	0x3
 859 03a7 00000000 		.4byte	SW_INT_Handler
 860 03ab 00       		.byte	0
 861 03ac 0D       		.uleb128 0xd
 862 03ad 1A000000 		.4byte	.LVL45
 863 03b1 30050000 		.4byte	0x530
 864 03b5 C3030000 		.4byte	0x3c3
 865 03b9 0E       		.uleb128 0xe
 866 03ba 01       		.uleb128 0x1
 867 03bb 50       		.byte	0x50
 868 03bc 05       		.uleb128 0x5
 869 03bd 03       		.byte	0x3
 870 03be 00000000 		.4byte	PWM_INT_Handler
 871 03c2 00       		.byte	0
 872 03c3 0D       		.uleb128 0xd
 873 03c4 20000000 		.4byte	.LVL46
 874 03c8 3B050000 		.4byte	0x53b
 875 03cc DA030000 		.4byte	0x3da
 876 03d0 0E       		.uleb128 0xe
 877 03d1 01       		.uleb128 0x1
 878 03d2 50       		.byte	0x50
 879 03d3 05       		.uleb128 0x5
 880 03d4 03       		.byte	0x3
 881 03d5 00000000 		.4byte	TIMER_INT_Handler
 882 03d9 00       		.byte	0
 883 03da 0C       		.uleb128 0xc
 884 03db 24000000 		.4byte	.LVL47
 885 03df 46050000 		.4byte	0x546
 886 03e3 0C       		.uleb128 0xc
 887 03e4 28000000 		.4byte	.LVL48
 888 03e8 51050000 		.4byte	0x551
 889 03ec 0C       		.uleb128 0xc
 890 03ed 2C000000 		.4byte	.LVL49
 891 03f1 5D050000 		.4byte	0x55d
 892 03f5 0C       		.uleb128 0xc
 893 03f6 30000000 		.4byte	.LVL50
 894 03fa 69050000 		.4byte	0x569
 895 03fe 0C       		.uleb128 0xc
 896 03ff 34000000 		.4byte	.LVL51
 897 0403 74050000 		.4byte	0x574
 898 0407 0C       		.uleb128 0xc
 899 0408 38000000 		.4byte	.LVL52
 900 040c 7F050000 		.4byte	0x57f
 901 0410 0D       		.uleb128 0xd
 902 0411 40000000 		.4byte	.LVL53
 903 0415 91040000 		.4byte	0x491
 904 0419 28040000 		.4byte	0x428
 905 041d 0E       		.uleb128 0xe
 906 041e 01       		.uleb128 0x1
 907 041f 50       		.byte	0x50
 908 0420 01       		.uleb128 0x1
 909 0421 30       		.byte	0x30
 910 0422 0E       		.uleb128 0xe
 911 0423 01       		.uleb128 0x1
 912 0424 51       		.byte	0x51
 913 0425 01       		.uleb128 0x1
 914 0426 30       		.byte	0x30
ARM GAS  C:\Users\Jeremias\AppData\Local\Temp\ccyeL94a.s 			page 19


 915 0427 00       		.byte	0
 916 0428 0F       		.uleb128 0xf
 917 0429 46000000 		.4byte	.LVL54
 918 042d 8A050000 		.4byte	0x58a
 919 0431 0E       		.uleb128 0xe
 920 0432 01       		.uleb128 0x1
 921 0433 50       		.byte	0x50
 922 0434 05       		.uleb128 0x5
 923 0435 03       		.byte	0x3
 924 0436 00000000 		.4byte	.LC5
 925 043a 00       		.byte	0
 926 043b 00       		.byte	0
 927 043c 12       		.uleb128 0x12
 928 043d 4F010000 		.4byte	.LASF66
 929 0441 01       		.byte	0x1
 930 0442 08       		.byte	0x8
 931 0443 6B000000 		.4byte	0x6b
 932 0447 05       		.uleb128 0x5
 933 0448 03       		.byte	0x3
 934 0449 00000000 		.4byte	estadoPWM
 935 044d 13       		.uleb128 0x13
 936 044e 10020000 		.4byte	.LASF34
 937 0452 10020000 		.4byte	.LASF34
 938 0456 04       		.byte	0x4
 939 0457 9E       		.byte	0x9e
 940 0458 13       		.uleb128 0x13
 941 0459 2D040000 		.4byte	.LASF35
 942 045d 2D040000 		.4byte	.LASF35
 943 0461 04       		.byte	0x4
 944 0462 A0       		.byte	0xa0
 945 0463 14       		.uleb128 0x14
 946 0464 64697600 		.ascii	"div\000"
 947 0468 64697600 		.ascii	"div\000"
 948 046c 03       		.byte	0x3
 949 046d 57       		.byte	0x57
 950 046e 15       		.uleb128 0x15
 951 046f 40020000 		.4byte	.LASF36
 952 0473 40020000 		.4byte	.LASF36
 953 0477 05       		.byte	0x5
 954 0478 5001     		.2byte	0x150
 955 047a 15       		.uleb128 0x15
 956 047b 1C040000 		.4byte	.LASF37
 957 047f 1C040000 		.4byte	.LASF37
 958 0483 05       		.byte	0x5
 959 0484 5501     		.2byte	0x155
 960 0486 13       		.uleb128 0x13
 961 0487 50030000 		.4byte	.LASF38
 962 048b 50030000 		.4byte	.LASF38
 963 048f 06       		.byte	0x6
 964 0490 54       		.byte	0x54
 965 0491 13       		.uleb128 0x13
 966 0492 C7030000 		.4byte	.LASF39
 967 0496 C7030000 		.4byte	.LASF39
 968 049a 07       		.byte	0x7
 969 049b 3D       		.byte	0x3d
 970 049c 13       		.uleb128 0x13
 971 049d 5E030000 		.4byte	.LASF40
ARM GAS  C:\Users\Jeremias\AppData\Local\Temp\ccyeL94a.s 			page 20


 972 04a1 5E030000 		.4byte	.LASF40
 973 04a5 07       		.byte	0x7
 974 04a6 61       		.byte	0x61
 975 04a7 13       		.uleb128 0x13
 976 04a8 ED000000 		.4byte	.LASF41
 977 04ac ED000000 		.4byte	.LASF41
 978 04b0 04       		.byte	0x4
 979 04b1 9D       		.byte	0x9d
 980 04b2 15       		.uleb128 0x15
 981 04b3 F2020000 		.4byte	.LASF42
 982 04b7 F2020000 		.4byte	.LASF42
 983 04bb 08       		.byte	0x8
 984 04bc 4701     		.2byte	0x147
 985 04be 15       		.uleb128 0x15
 986 04bf F8030000 		.4byte	.LASF43
 987 04c3 F8030000 		.4byte	.LASF43
 988 04c7 05       		.byte	0x5
 989 04c8 4601     		.2byte	0x146
 990 04ca 13       		.uleb128 0x13
 991 04cb 8A030000 		.4byte	.LASF44
 992 04cf 8A030000 		.4byte	.LASF44
 993 04d3 09       		.byte	0x9
 994 04d4 54       		.byte	0x54
 995 04d5 13       		.uleb128 0x13
 996 04d6 E8030000 		.4byte	.LASF45
 997 04da E8030000 		.4byte	.LASF45
 998 04de 09       		.byte	0x9
 999 04df 27       		.byte	0x27
 1000 04e0 15       		.uleb128 0x15
 1001 04e1 1E010000 		.4byte	.LASF46
 1002 04e5 1E010000 		.4byte	.LASF46
 1003 04e9 05       		.byte	0x5
 1004 04ea 4701     		.2byte	0x147
 1005 04ec 15       		.uleb128 0x15
 1006 04ed 76010000 		.4byte	.LASF47
 1007 04f1 76010000 		.4byte	.LASF47
 1008 04f5 05       		.byte	0x5
 1009 04f6 3301     		.2byte	0x133
 1010 04f8 15       		.uleb128 0x15
 1011 04f9 20020000 		.4byte	.LASF48
 1012 04fd 20020000 		.4byte	.LASF48
 1013 0501 05       		.byte	0x5
 1014 0502 3201     		.2byte	0x132
 1015 0504 13       		.uleb128 0x13
 1016 0505 2A020000 		.4byte	.LASF49
 1017 0509 2A020000 		.4byte	.LASF49
 1018 050d 0A       		.byte	0xa
 1019 050e 39       		.byte	0x39
 1020 050f 13       		.uleb128 0x13
 1021 0510 59010000 		.4byte	.LASF50
 1022 0514 59010000 		.4byte	.LASF50
 1023 0518 0B       		.byte	0xb
 1024 0519 25       		.byte	0x25
 1025 051a 13       		.uleb128 0x13
 1026 051b 14000000 		.4byte	.LASF51
 1027 051f 14000000 		.4byte	.LASF51
 1028 0523 0C       		.byte	0xc
ARM GAS  C:\Users\Jeremias\AppData\Local\Temp\ccyeL94a.s 			page 21


 1029 0524 18       		.byte	0x18
 1030 0525 13       		.uleb128 0x13
 1031 0526 CC000000 		.4byte	.LASF52
 1032 052a CC000000 		.4byte	.LASF52
 1033 052e 0D       		.byte	0xd
 1034 052f 18       		.byte	0x18
 1035 0530 13       		.uleb128 0x13
 1036 0531 59020000 		.4byte	.LASF53
 1037 0535 59020000 		.4byte	.LASF53
 1038 0539 0E       		.byte	0xe
 1039 053a 18       		.byte	0x18
 1040 053b 13       		.uleb128 0x13
 1041 053c DB000000 		.4byte	.LASF54
 1042 0540 DB000000 		.4byte	.LASF54
 1043 0544 0F       		.byte	0xf
 1044 0545 18       		.byte	0x18
 1045 0546 13       		.uleb128 0x13
 1046 0547 B6010000 		.4byte	.LASF55
 1047 054b B6010000 		.4byte	.LASF55
 1048 054f 07       		.byte	0x7
 1049 0550 38       		.byte	0x38
 1050 0551 15       		.uleb128 0x15
 1051 0552 3D030000 		.4byte	.LASF56
 1052 0556 3D030000 		.4byte	.LASF56
 1053 055a 05       		.byte	0x5
 1054 055b 3001     		.2byte	0x130
 1055 055d 15       		.uleb128 0x15
 1056 055e D2010000 		.4byte	.LASF57
 1057 0562 D2010000 		.4byte	.LASF57
 1058 0566 08       		.byte	0x8
 1059 0567 3201     		.2byte	0x132
 1060 0569 13       		.uleb128 0x13
 1061 056a 86010000 		.4byte	.LASF58
 1062 056e 86010000 		.4byte	.LASF58
 1063 0572 06       		.byte	0x6
 1064 0573 52       		.byte	0x52
 1065 0574 13       		.uleb128 0x13
 1066 0575 31010000 		.4byte	.LASF59
 1067 0579 31010000 		.4byte	.LASF59
 1068 057d 09       		.byte	0x9
 1069 057e 25       		.byte	0x25
 1070 057f 13       		.uleb128 0x13
 1071 0580 3C010000 		.4byte	.LASF60
 1072 0584 3C010000 		.4byte	.LASF60
 1073 0588 04       		.byte	0x4
 1074 0589 99       		.byte	0x99
 1075 058a 13       		.uleb128 0x13
 1076 058b A2030000 		.4byte	.LASF61
 1077 058f A2030000 		.4byte	.LASF61
 1078 0593 07       		.byte	0x7
 1079 0594 3C       		.byte	0x3c
 1080 0595 00       		.byte	0
 1081              		.section	.debug_abbrev,"",%progbits
 1082              	.Ldebug_abbrev0:
 1083 0000 01       		.uleb128 0x1
 1084 0001 11       		.uleb128 0x11
 1085 0002 01       		.byte	0x1
ARM GAS  C:\Users\Jeremias\AppData\Local\Temp\ccyeL94a.s 			page 22


 1086 0003 25       		.uleb128 0x25
 1087 0004 0E       		.uleb128 0xe
 1088 0005 13       		.uleb128 0x13
 1089 0006 0B       		.uleb128 0xb
 1090 0007 03       		.uleb128 0x3
 1091 0008 0E       		.uleb128 0xe
 1092 0009 1B       		.uleb128 0x1b
 1093 000a 0E       		.uleb128 0xe
 1094 000b 55       		.uleb128 0x55
 1095 000c 17       		.uleb128 0x17
 1096 000d 11       		.uleb128 0x11
 1097 000e 01       		.uleb128 0x1
 1098 000f 10       		.uleb128 0x10
 1099 0010 17       		.uleb128 0x17
 1100 0011 00       		.byte	0
 1101 0012 00       		.byte	0
 1102 0013 02       		.uleb128 0x2
 1103 0014 24       		.uleb128 0x24
 1104 0015 00       		.byte	0
 1105 0016 0B       		.uleb128 0xb
 1106 0017 0B       		.uleb128 0xb
 1107 0018 3E       		.uleb128 0x3e
 1108 0019 0B       		.uleb128 0xb
 1109 001a 03       		.uleb128 0x3
 1110 001b 0E       		.uleb128 0xe
 1111 001c 00       		.byte	0
 1112 001d 00       		.byte	0
 1113 001e 03       		.uleb128 0x3
 1114 001f 24       		.uleb128 0x24
 1115 0020 00       		.byte	0
 1116 0021 0B       		.uleb128 0xb
 1117 0022 0B       		.uleb128 0xb
 1118 0023 3E       		.uleb128 0x3e
 1119 0024 0B       		.uleb128 0xb
 1120 0025 03       		.uleb128 0x3
 1121 0026 08       		.uleb128 0x8
 1122 0027 00       		.byte	0
 1123 0028 00       		.byte	0
 1124 0029 04       		.uleb128 0x4
 1125 002a 16       		.uleb128 0x16
 1126 002b 00       		.byte	0
 1127 002c 03       		.uleb128 0x3
 1128 002d 0E       		.uleb128 0xe
 1129 002e 3A       		.uleb128 0x3a
 1130 002f 0B       		.uleb128 0xb
 1131 0030 3B       		.uleb128 0x3b
 1132 0031 05       		.uleb128 0x5
 1133 0032 49       		.uleb128 0x49
 1134 0033 13       		.uleb128 0x13
 1135 0034 00       		.byte	0
 1136 0035 00       		.byte	0
 1137 0036 05       		.uleb128 0x5
 1138 0037 13       		.uleb128 0x13
 1139 0038 01       		.byte	0x1
 1140 0039 0B       		.uleb128 0xb
 1141 003a 0B       		.uleb128 0xb
 1142 003b 3A       		.uleb128 0x3a
ARM GAS  C:\Users\Jeremias\AppData\Local\Temp\ccyeL94a.s 			page 23


 1143 003c 0B       		.uleb128 0xb
 1144 003d 3B       		.uleb128 0x3b
 1145 003e 0B       		.uleb128 0xb
 1146 003f 01       		.uleb128 0x1
 1147 0040 13       		.uleb128 0x13
 1148 0041 00       		.byte	0
 1149 0042 00       		.byte	0
 1150 0043 06       		.uleb128 0x6
 1151 0044 0D       		.uleb128 0xd
 1152 0045 00       		.byte	0
 1153 0046 03       		.uleb128 0x3
 1154 0047 0E       		.uleb128 0xe
 1155 0048 3A       		.uleb128 0x3a
 1156 0049 0B       		.uleb128 0xb
 1157 004a 3B       		.uleb128 0x3b
 1158 004b 0B       		.uleb128 0xb
 1159 004c 49       		.uleb128 0x49
 1160 004d 13       		.uleb128 0x13
 1161 004e 38       		.uleb128 0x38
 1162 004f 0B       		.uleb128 0xb
 1163 0050 00       		.byte	0
 1164 0051 00       		.byte	0
 1165 0052 07       		.uleb128 0x7
 1166 0053 0D       		.uleb128 0xd
 1167 0054 00       		.byte	0
 1168 0055 03       		.uleb128 0x3
 1169 0056 08       		.uleb128 0x8
 1170 0057 3A       		.uleb128 0x3a
 1171 0058 0B       		.uleb128 0xb
 1172 0059 3B       		.uleb128 0x3b
 1173 005a 0B       		.uleb128 0xb
 1174 005b 49       		.uleb128 0x49
 1175 005c 13       		.uleb128 0x13
 1176 005d 38       		.uleb128 0x38
 1177 005e 0B       		.uleb128 0xb
 1178 005f 00       		.byte	0
 1179 0060 00       		.byte	0
 1180 0061 08       		.uleb128 0x8
 1181 0062 16       		.uleb128 0x16
 1182 0063 00       		.byte	0
 1183 0064 03       		.uleb128 0x3
 1184 0065 0E       		.uleb128 0xe
 1185 0066 3A       		.uleb128 0x3a
 1186 0067 0B       		.uleb128 0xb
 1187 0068 3B       		.uleb128 0x3b
 1188 0069 0B       		.uleb128 0xb
 1189 006a 49       		.uleb128 0x49
 1190 006b 13       		.uleb128 0x13
 1191 006c 00       		.byte	0
 1192 006d 00       		.byte	0
 1193 006e 09       		.uleb128 0x9
 1194 006f 2E       		.uleb128 0x2e
 1195 0070 01       		.byte	0x1
 1196 0071 3F       		.uleb128 0x3f
 1197 0072 19       		.uleb128 0x19
 1198 0073 03       		.uleb128 0x3
 1199 0074 0E       		.uleb128 0xe
ARM GAS  C:\Users\Jeremias\AppData\Local\Temp\ccyeL94a.s 			page 24


 1200 0075 3A       		.uleb128 0x3a
 1201 0076 0B       		.uleb128 0xb
 1202 0077 3B       		.uleb128 0x3b
 1203 0078 0B       		.uleb128 0xb
 1204 0079 27       		.uleb128 0x27
 1205 007a 19       		.uleb128 0x19
 1206 007b 11       		.uleb128 0x11
 1207 007c 01       		.uleb128 0x1
 1208 007d 12       		.uleb128 0x12
 1209 007e 06       		.uleb128 0x6
 1210 007f 40       		.uleb128 0x40
 1211 0080 18       		.uleb128 0x18
 1212 0081 9642     		.uleb128 0x2116
 1213 0083 19       		.uleb128 0x19
 1214 0084 01       		.uleb128 0x1
 1215 0085 13       		.uleb128 0x13
 1216 0086 00       		.byte	0
 1217 0087 00       		.byte	0
 1218 0088 0A       		.uleb128 0xa
 1219 0089 34       		.uleb128 0x34
 1220 008a 00       		.byte	0
 1221 008b 03       		.uleb128 0x3
 1222 008c 0E       		.uleb128 0xe
 1223 008d 3A       		.uleb128 0x3a
 1224 008e 0B       		.uleb128 0xb
 1225 008f 3B       		.uleb128 0x3b
 1226 0090 0B       		.uleb128 0xb
 1227 0091 49       		.uleb128 0x49
 1228 0092 13       		.uleb128 0x13
 1229 0093 02       		.uleb128 0x2
 1230 0094 17       		.uleb128 0x17
 1231 0095 00       		.byte	0
 1232 0096 00       		.byte	0
 1233 0097 0B       		.uleb128 0xb
 1234 0098 34       		.uleb128 0x34
 1235 0099 00       		.byte	0
 1236 009a 03       		.uleb128 0x3
 1237 009b 0E       		.uleb128 0xe
 1238 009c 3A       		.uleb128 0x3a
 1239 009d 0B       		.uleb128 0xb
 1240 009e 3B       		.uleb128 0x3b
 1241 009f 0B       		.uleb128 0xb
 1242 00a0 49       		.uleb128 0x49
 1243 00a1 13       		.uleb128 0x13
 1244 00a2 02       		.uleb128 0x2
 1245 00a3 18       		.uleb128 0x18
 1246 00a4 00       		.byte	0
 1247 00a5 00       		.byte	0
 1248 00a6 0C       		.uleb128 0xc
 1249 00a7 898201   		.uleb128 0x4109
 1250 00aa 00       		.byte	0
 1251 00ab 11       		.uleb128 0x11
 1252 00ac 01       		.uleb128 0x1
 1253 00ad 31       		.uleb128 0x31
 1254 00ae 13       		.uleb128 0x13
 1255 00af 00       		.byte	0
 1256 00b0 00       		.byte	0
ARM GAS  C:\Users\Jeremias\AppData\Local\Temp\ccyeL94a.s 			page 25


 1257 00b1 0D       		.uleb128 0xd
 1258 00b2 898201   		.uleb128 0x4109
 1259 00b5 01       		.byte	0x1
 1260 00b6 11       		.uleb128 0x11
 1261 00b7 01       		.uleb128 0x1
 1262 00b8 31       		.uleb128 0x31
 1263 00b9 13       		.uleb128 0x13
 1264 00ba 01       		.uleb128 0x1
 1265 00bb 13       		.uleb128 0x13
 1266 00bc 00       		.byte	0
 1267 00bd 00       		.byte	0
 1268 00be 0E       		.uleb128 0xe
 1269 00bf 8A8201   		.uleb128 0x410a
 1270 00c2 00       		.byte	0
 1271 00c3 02       		.uleb128 0x2
 1272 00c4 18       		.uleb128 0x18
 1273 00c5 9142     		.uleb128 0x2111
 1274 00c7 18       		.uleb128 0x18
 1275 00c8 00       		.byte	0
 1276 00c9 00       		.byte	0
 1277 00ca 0F       		.uleb128 0xf
 1278 00cb 898201   		.uleb128 0x4109
 1279 00ce 01       		.byte	0x1
 1280 00cf 11       		.uleb128 0x11
 1281 00d0 01       		.uleb128 0x1
 1282 00d1 31       		.uleb128 0x31
 1283 00d2 13       		.uleb128 0x13
 1284 00d3 00       		.byte	0
 1285 00d4 00       		.byte	0
 1286 00d5 10       		.uleb128 0x10
 1287 00d6 2E       		.uleb128 0x2e
 1288 00d7 01       		.byte	0x1
 1289 00d8 3F       		.uleb128 0x3f
 1290 00d9 19       		.uleb128 0x19
 1291 00da 03       		.uleb128 0x3
 1292 00db 0E       		.uleb128 0xe
 1293 00dc 3A       		.uleb128 0x3a
 1294 00dd 0B       		.uleb128 0xb
 1295 00de 3B       		.uleb128 0x3b
 1296 00df 0B       		.uleb128 0xb
 1297 00e0 27       		.uleb128 0x27
 1298 00e1 19       		.uleb128 0x19
 1299 00e2 11       		.uleb128 0x11
 1300 00e3 01       		.uleb128 0x1
 1301 00e4 12       		.uleb128 0x12
 1302 00e5 06       		.uleb128 0x6
 1303 00e6 40       		.uleb128 0x40
 1304 00e7 18       		.uleb128 0x18
 1305 00e8 9742     		.uleb128 0x2117
 1306 00ea 19       		.uleb128 0x19
 1307 00eb 01       		.uleb128 0x1
 1308 00ec 13       		.uleb128 0x13
 1309 00ed 00       		.byte	0
 1310 00ee 00       		.byte	0
 1311 00ef 11       		.uleb128 0x11
 1312 00f0 2E       		.uleb128 0x2e
 1313 00f1 01       		.byte	0x1
ARM GAS  C:\Users\Jeremias\AppData\Local\Temp\ccyeL94a.s 			page 26


 1314 00f2 3F       		.uleb128 0x3f
 1315 00f3 19       		.uleb128 0x19
 1316 00f4 03       		.uleb128 0x3
 1317 00f5 0E       		.uleb128 0xe
 1318 00f6 3A       		.uleb128 0x3a
 1319 00f7 0B       		.uleb128 0xb
 1320 00f8 3B       		.uleb128 0x3b
 1321 00f9 0B       		.uleb128 0xb
 1322 00fa 27       		.uleb128 0x27
 1323 00fb 19       		.uleb128 0x19
 1324 00fc 49       		.uleb128 0x49
 1325 00fd 13       		.uleb128 0x13
 1326 00fe 8701     		.uleb128 0x87
 1327 0100 19       		.uleb128 0x19
 1328 0101 11       		.uleb128 0x11
 1329 0102 01       		.uleb128 0x1
 1330 0103 12       		.uleb128 0x12
 1331 0104 06       		.uleb128 0x6
 1332 0105 40       		.uleb128 0x40
 1333 0106 18       		.uleb128 0x18
 1334 0107 9742     		.uleb128 0x2117
 1335 0109 19       		.uleb128 0x19
 1336 010a 01       		.uleb128 0x1
 1337 010b 13       		.uleb128 0x13
 1338 010c 00       		.byte	0
 1339 010d 00       		.byte	0
 1340 010e 12       		.uleb128 0x12
 1341 010f 34       		.uleb128 0x34
 1342 0110 00       		.byte	0
 1343 0111 03       		.uleb128 0x3
 1344 0112 0E       		.uleb128 0xe
 1345 0113 3A       		.uleb128 0x3a
 1346 0114 0B       		.uleb128 0xb
 1347 0115 3B       		.uleb128 0x3b
 1348 0116 0B       		.uleb128 0xb
 1349 0117 49       		.uleb128 0x49
 1350 0118 13       		.uleb128 0x13
 1351 0119 3F       		.uleb128 0x3f
 1352 011a 19       		.uleb128 0x19
 1353 011b 02       		.uleb128 0x2
 1354 011c 18       		.uleb128 0x18
 1355 011d 00       		.byte	0
 1356 011e 00       		.byte	0
 1357 011f 13       		.uleb128 0x13
 1358 0120 2E       		.uleb128 0x2e
 1359 0121 00       		.byte	0
 1360 0122 3F       		.uleb128 0x3f
 1361 0123 19       		.uleb128 0x19
 1362 0124 3C       		.uleb128 0x3c
 1363 0125 19       		.uleb128 0x19
 1364 0126 6E       		.uleb128 0x6e
 1365 0127 0E       		.uleb128 0xe
 1366 0128 03       		.uleb128 0x3
 1367 0129 0E       		.uleb128 0xe
 1368 012a 3A       		.uleb128 0x3a
 1369 012b 0B       		.uleb128 0xb
 1370 012c 3B       		.uleb128 0x3b
ARM GAS  C:\Users\Jeremias\AppData\Local\Temp\ccyeL94a.s 			page 27


 1371 012d 0B       		.uleb128 0xb
 1372 012e 00       		.byte	0
 1373 012f 00       		.byte	0
 1374 0130 14       		.uleb128 0x14
 1375 0131 2E       		.uleb128 0x2e
 1376 0132 00       		.byte	0
 1377 0133 3F       		.uleb128 0x3f
 1378 0134 19       		.uleb128 0x19
 1379 0135 3C       		.uleb128 0x3c
 1380 0136 19       		.uleb128 0x19
 1381 0137 6E       		.uleb128 0x6e
 1382 0138 08       		.uleb128 0x8
 1383 0139 03       		.uleb128 0x3
 1384 013a 08       		.uleb128 0x8
 1385 013b 3A       		.uleb128 0x3a
 1386 013c 0B       		.uleb128 0xb
 1387 013d 3B       		.uleb128 0x3b
 1388 013e 0B       		.uleb128 0xb
 1389 013f 00       		.byte	0
 1390 0140 00       		.byte	0
 1391 0141 15       		.uleb128 0x15
 1392 0142 2E       		.uleb128 0x2e
 1393 0143 00       		.byte	0
 1394 0144 3F       		.uleb128 0x3f
 1395 0145 19       		.uleb128 0x19
 1396 0146 3C       		.uleb128 0x3c
 1397 0147 19       		.uleb128 0x19
 1398 0148 6E       		.uleb128 0x6e
 1399 0149 0E       		.uleb128 0xe
 1400 014a 03       		.uleb128 0x3
 1401 014b 0E       		.uleb128 0xe
 1402 014c 3A       		.uleb128 0x3a
 1403 014d 0B       		.uleb128 0xb
 1404 014e 3B       		.uleb128 0x3b
 1405 014f 05       		.uleb128 0x5
 1406 0150 00       		.byte	0
 1407 0151 00       		.byte	0
 1408 0152 00       		.byte	0
 1409              		.section	.debug_loc,"",%progbits
 1410              	.Ldebug_loc0:
 1411              	.LLST0:
 1412 0000 10000000 		.4byte	.LVL2
 1413 0004 12000000 		.4byte	.LVL3
 1414 0008 0100     		.2byte	0x1
 1415 000a 50       		.byte	0x50
 1416 000b 12000000 		.4byte	.LVL3
 1417 000f 72000000 		.4byte	.LVL23
 1418 0013 0100     		.2byte	0x1
 1419 0015 56       		.byte	0x56
 1420 0016 00000000 		.4byte	0
 1421 001a 00000000 		.4byte	0
 1422              	.LLST1:
 1423 001e 18000000 		.4byte	.LVL5
 1424 0022 38000000 		.4byte	.LVL11
 1425 0026 0100     		.2byte	0x1
 1426 0028 55       		.byte	0x55
 1427 0029 60000000 		.4byte	.LVL18
ARM GAS  C:\Users\Jeremias\AppData\Local\Temp\ccyeL94a.s 			page 28


 1428 002d 72000000 		.4byte	.LVL22
 1429 0031 0100     		.2byte	0x1
 1430 0033 55       		.byte	0x55
 1431 0034 00000000 		.4byte	0
 1432 0038 00000000 		.4byte	0
 1433              	.LLST2:
 1434 003c 20000000 		.4byte	.LVL7
 1435 0040 60000000 		.4byte	.LVL18
 1436 0044 0200     		.2byte	0x2
 1437 0046 91       		.byte	0x91
 1438 0047 5C       		.sleb128 -36
 1439 0048 60000000 		.4byte	.LVL18
 1440 004c 72000000 		.4byte	.LVL21
 1441 0050 0100     		.2byte	0x1
 1442 0052 54       		.byte	0x54
 1443 0053 00000000 		.4byte	0
 1444 0057 00000000 		.4byte	0
 1445              	.LLST3:
 1446 005b 20000000 		.4byte	.LVL7
 1447 005f 72000000 		.4byte	.LVL23
 1448 0063 0100     		.2byte	0x1
 1449 0065 56       		.byte	0x56
 1450 0066 00000000 		.4byte	0
 1451 006a 00000000 		.4byte	0
 1452              	.LLST4:
 1453 006e 2E000000 		.4byte	.LVL9
 1454 0072 48000000 		.4byte	.LVL14
 1455 0076 0100     		.2byte	0x1
 1456 0078 54       		.byte	0x54
 1457 0079 48000000 		.4byte	.LVL14
 1458 007d 78000000 		.4byte	.LFE32
 1459 0081 0200     		.2byte	0x2
 1460 0083 91       		.byte	0x91
 1461 0084 64       		.sleb128 -28
 1462 0085 00000000 		.4byte	0
 1463 0089 00000000 		.4byte	0
 1464              	.LLST5:
 1465 008d 46000000 		.4byte	.LVL13
 1466 0091 72000000 		.4byte	.LVL22
 1467 0095 0100     		.2byte	0x1
 1468 0097 55       		.byte	0x55
 1469 0098 00000000 		.4byte	0
 1470 009c 00000000 		.4byte	0
 1471              	.LLST6:
 1472 00a0 48000000 		.4byte	.LVL14
 1473 00a4 72000000 		.4byte	.LVL21
 1474 00a8 0100     		.2byte	0x1
 1475 00aa 54       		.byte	0x54
 1476 00ab 00000000 		.4byte	0
 1477 00af 00000000 		.4byte	0
 1478              	.LLST7:
 1479 00b3 02000000 		.4byte	.LVL26
 1480 00b7 06000000 		.4byte	.LVL27
 1481 00bb 0200     		.2byte	0x2
 1482 00bd 30       		.byte	0x30
 1483 00be 9F       		.byte	0x9f
 1484 00bf 06000000 		.4byte	.LVL27
ARM GAS  C:\Users\Jeremias\AppData\Local\Temp\ccyeL94a.s 			page 29


 1485 00c3 13000000 		.4byte	.LVL28-1
 1486 00c7 0100     		.2byte	0x1
 1487 00c9 50       		.byte	0x50
 1488 00ca 22000000 		.4byte	.LVL31
 1489 00ce 25000000 		.4byte	.LVL32-1
 1490 00d2 0100     		.2byte	0x1
 1491 00d4 50       		.byte	0x50
 1492 00d5 34000000 		.4byte	.LVL35
 1493 00d9 36000000 		.4byte	.LVL36
 1494 00dd 0100     		.2byte	0x1
 1495 00df 50       		.byte	0x50
 1496 00e0 00000000 		.4byte	0
 1497 00e4 00000000 		.4byte	0
 1498              		.section	.debug_aranges,"",%progbits
 1499 0000 3C000000 		.4byte	0x3c
 1500 0004 0200     		.2byte	0x2
 1501 0006 00000000 		.4byte	.Ldebug_info0
 1502 000a 04       		.byte	0x4
 1503 000b 00       		.byte	0
 1504 000c 0000     		.2byte	0
 1505 000e 0000     		.2byte	0
 1506 0010 00000000 		.4byte	.LFB32
 1507 0014 78000000 		.4byte	.LFE32-.LFB32
 1508 0018 00000000 		.4byte	.LFB33
 1509 001c 0E000000 		.4byte	.LFE33-.LFB33
 1510 0020 00000000 		.4byte	.LFB34
 1511 0024 42000000 		.4byte	.LFE34-.LFB34
 1512 0028 00000000 		.4byte	.LFB35
 1513 002c 2C000000 		.4byte	.LFE35-.LFB35
 1514 0030 00000000 		.4byte	.LFB36
 1515 0034 5C000000 		.4byte	.LFE36-.LFB36
 1516 0038 00000000 		.4byte	0
 1517 003c 00000000 		.4byte	0
 1518              		.section	.debug_ranges,"",%progbits
 1519              	.Ldebug_ranges0:
 1520 0000 00000000 		.4byte	.LFB32
 1521 0004 78000000 		.4byte	.LFE32
 1522 0008 00000000 		.4byte	.LFB33
 1523 000c 0E000000 		.4byte	.LFE33
 1524 0010 00000000 		.4byte	.LFB34
 1525 0014 42000000 		.4byte	.LFE34
 1526 0018 00000000 		.4byte	.LFB35
 1527 001c 2C000000 		.4byte	.LFE35
 1528 0020 00000000 		.4byte	.LFB36
 1529 0024 5C000000 		.4byte	.LFE36
 1530 0028 00000000 		.4byte	0
 1531 002c 00000000 		.4byte	0
 1532              		.section	.debug_line,"",%progbits
 1533              	.Ldebug_line0:
 1534 0000 D2010000 		.section	.debug_str,"MS",%progbits,1
 1534      02004801 
 1534      00000201 
 1534      FB0E0D00 
 1534      01010101 
 1535              	.LASF10:
 1536 0000 75696E74 		.ascii	"uint16\000"
 1536      313600
ARM GAS  C:\Users\Jeremias\AppData\Local\Temp\ccyeL94a.s 			page 30


 1537              	.LASF24:
 1538 0007 64757479 		.ascii	"dutyAux\000"
 1538      41757800 
 1539              	.LASF18:
 1540 000f 71756F74 		.ascii	"quot\000"
 1540      00
 1541              	.LASF51:
 1542 0014 4144435F 		.ascii	"ADC_INTAux_StartEx\000"
 1542      494E5441 
 1542      75785F53 
 1542      74617274 
 1542      457800
 1543              	.LASF62:
 1544 0027 474E5520 		.ascii	"GNU C11 5.4.1 20160609 (release) [ARM/embedded-5-br"
 1544      43313120 
 1544      352E342E 
 1544      31203230 
 1544      31363036 
 1545 005a 616E6368 		.ascii	"anch revision 237715] -mcpu=cortex-m0 -mthumb -g -O"
 1545      20726576 
 1545      6973696F 
 1545      6E203233 
 1545      37373135 
 1546 008d 67202D66 		.ascii	"g -ffunction-sections -ffat-lto-objects\000"
 1546      66756E63 
 1546      74696F6E 
 1546      2D736563 
 1546      74696F6E 
 1547              	.LASF7:
 1548 00b5 6C6F6E67 		.ascii	"long long unsigned int\000"
 1548      206C6F6E 
 1548      6720756E 
 1548      7369676E 
 1548      65642069 
 1549              	.LASF52:
 1550 00cc 53575F49 		.ascii	"SW_INT_StartEx\000"
 1550      4E545F53 
 1550      74617274 
 1550      457800
 1551              	.LASF54:
 1552 00db 54494D45 		.ascii	"TIMER_INT_StartEx\000"
 1552      525F494E 
 1552      545F5374 
 1552      61727445 
 1552      7800
 1553              	.LASF41:
 1554 00ed 4144435F 		.ascii	"ADC_StartConvert\000"
 1554      53746172 
 1554      74436F6E 
 1554      76657274 
 1554      00
 1555              	.LASF19:
 1556 00fe 6469765F 		.ascii	"div_t\000"
 1556      7400
 1557              	.LASF6:
 1558 0104 6C6F6E67 		.ascii	"long long int\000"
 1558      206C6F6E 
ARM GAS  C:\Users\Jeremias\AppData\Local\Temp\ccyeL94a.s 			page 31


 1558      6720696E 
 1558      7400
 1559              	.LASF0:
 1560 0112 7369676E 		.ascii	"signed char\000"
 1560      65642063 
 1560      68617200 
 1561              	.LASF46:
 1562 011e 50574D5F 		.ascii	"PWM_ClearInterrupt\000"
 1562      436C6561 
 1562      72496E74 
 1562      65727275 
 1562      707400
 1563              	.LASF59:
 1564 0131 414D7578 		.ascii	"AMux_Start\000"
 1564      5F537461 
 1564      727400
 1565              	.LASF60:
 1566 013c 4144435F 		.ascii	"ADC_Start\000"
 1566      53746172 
 1566      7400
 1567              	.LASF4:
 1568 0146 6C6F6E67 		.ascii	"long int\000"
 1568      20696E74 
 1568      00
 1569              	.LASF66:
 1570 014f 65737461 		.ascii	"estadoPWM\000"
 1570      646F5057 
 1570      4D00
 1571              	.LASF50:
 1572 0159 4144435F 		.ascii	"ADC_IRQ_Disable\000"
 1572      4952515F 
 1572      44697361 
 1572      626C6500 
 1573              	.LASF9:
 1574 0169 75696E74 		.ascii	"uint8\000"
 1574      3800
 1575              	.LASF14:
 1576 016f 646F7562 		.ascii	"double\000"
 1576      6C6500
 1577              	.LASF47:
 1578 0176 50574D5F 		.ascii	"PWM_Stop\000"
 1578      53746F70 
 1578      00
 1579              	.LASF11:
 1580 017f 75696E74 		.ascii	"uint32\000"
 1580      333200
 1581              	.LASF58:
 1582 0186 49444143 		.ascii	"IDAC_Start\000"
 1582      5F537461 
 1582      727400
 1583              	.LASF20:
 1584 0191 63616E61 		.ascii	"canal_0\000"
 1584      6C5F3000 
 1585              	.LASF21:
 1586 0199 63616E61 		.ascii	"canal_1\000"
 1586      6C5F3100 
 1587              	.LASF22:
ARM GAS  C:\Users\Jeremias\AppData\Local\Temp\ccyeL94a.s 			page 32


 1588 01a1 63616E61 		.ascii	"canal_2\000"
 1588      6C5F3200 
 1589              	.LASF8:
 1590 01a9 756E7369 		.ascii	"unsigned int\000"
 1590      676E6564 
 1590      20696E74 
 1590      00
 1591              	.LASF55:
 1592 01b6 4C43445F 		.ascii	"LCD_Start\000"
 1592      53746172 
 1592      7400
 1593              	.LASF5:
 1594 01c0 6C6F6E67 		.ascii	"long unsigned int\000"
 1594      20756E73 
 1594      69676E65 
 1594      6420696E 
 1594      7400
 1595              	.LASF57:
 1596 01d2 54696D65 		.ascii	"Timer_1_Start\000"
 1596      725F315F 
 1596      53746172 
 1596      7400
 1597              	.LASF30:
 1598 01e0 54494D45 		.ascii	"TIMER_INT_Handler\000"
 1598      525F494E 
 1598      545F4861 
 1598      6E646C65 
 1598      7200
 1599              	.LASF25:
 1600 01f2 6469765F 		.ascii	"div_entero\000"
 1600      656E7465 
 1600      726F00
 1601              	.LASF3:
 1602 01fd 73686F72 		.ascii	"short unsigned int\000"
 1602      7420756E 
 1602      7369676E 
 1602      65642069 
 1602      6E7400
 1603              	.LASF34:
 1604 0210 4144435F 		.ascii	"ADC_StopConvert\000"
 1604      53746F70 
 1604      436F6E76 
 1604      65727400 
 1605              	.LASF48:
 1606 0220 50574D5F 		.ascii	"PWM_Start\000"
 1606      53746172 
 1606      7400
 1607              	.LASF49:
 1608 022a 50494E5F 		.ascii	"PIN_SW_ClearInterrupt\000"
 1608      53575F43 
 1608      6C656172 
 1608      496E7465 
 1608      72727570 
 1609              	.LASF36:
 1610 0240 50574D5F 		.ascii	"PWM_WritePeriod\000"
 1610      57726974 
 1610      65506572 
ARM GAS  C:\Users\Jeremias\AppData\Local\Temp\ccyeL94a.s 			page 33


 1610      696F6400 
 1611              	.LASF17:
 1612 0250 73697A65 		.ascii	"sizetype\000"
 1612      74797065 
 1612      00
 1613              	.LASF53:
 1614 0259 50574D5F 		.ascii	"PWM_INT_StartEx\000"
 1614      494E545F 
 1614      53746172 
 1614      74457800 
 1615              	.LASF16:
 1616 0269 6C6F6E67 		.ascii	"long double\000"
 1616      20646F75 
 1616      626C6500 
 1617              	.LASF64:
 1618 0275 443A5C45 		.ascii	"D:\\ESCRITORIO\\Tesis MIB\\Proyecto de Tesis\\elect"
 1618      53435249 
 1618      544F5249 
 1618      4F5C5465 
 1618      73697320 
 1619 02a4 726F6573 		.ascii	"roestimulador\\PSoC\\electroestimulador\\WorkspaceM"
 1619      74696D75 
 1619      6C61646F 
 1619      725C5053 
 1619      6F435C65 
 1620 02d4 4942325C 		.ascii	"IB2\\Generador de Pulsos.cydsn\000"
 1620      47656E65 
 1620      7261646F 
 1620      72206465 
 1620      2050756C 
 1621              	.LASF42:
 1622 02f2 54696D65 		.ascii	"Timer_1_ClearInterrupt\000"
 1622      725F315F 
 1622      436C6561 
 1622      72496E74 
 1622      65727275 
 1623              	.LASF29:
 1624 0309 4144435F 		.ascii	"ADC_INTAux_Handler\000"
 1624      494E5441 
 1624      75785F48 
 1624      616E646C 
 1624      657200
 1625              	.LASF13:
 1626 031c 666C6F61 		.ascii	"float\000"
 1626      7400
 1627              	.LASF63:
 1628 0322 6D61696E 		.ascii	"mainGenPul.c\000"
 1628      47656E50 
 1628      756C2E63 
 1628      00
 1629              	.LASF1:
 1630 032f 756E7369 		.ascii	"unsigned char\000"
 1630      676E6564 
 1630      20636861 
 1630      7200
 1631              	.LASF56:
 1632 033d 50574D5F 		.ascii	"PWM_Init\000"
ARM GAS  C:\Users\Jeremias\AppData\Local\Temp\ccyeL94a.s 			page 34


 1632      496E6974 
 1632      00
 1633              	.LASF2:
 1634 0346 73686F72 		.ascii	"short int\000"
 1634      7420696E 
 1634      7400
 1635              	.LASF38:
 1636 0350 49444143 		.ascii	"IDAC_SetValue\000"
 1636      5F536574 
 1636      56616C75 
 1636      6500
 1637              	.LASF40:
 1638 035e 4C43445F 		.ascii	"LCD_PrintU32Number\000"
 1638      5072696E 
 1638      74553332 
 1638      4E756D62 
 1638      657200
 1639              	.LASF33:
 1640 0371 53575F49 		.ascii	"SW_INT_Handler\000"
 1640      4E545F48 
 1640      616E646C 
 1640      657200
 1641              	.LASF26:
 1642 0380 6469765F 		.ascii	"div_resto\000"
 1642      72657374 
 1642      6F00
 1643              	.LASF44:
 1644 038a 414D7578 		.ascii	"AMux_DisconnectAll\000"
 1644      5F446973 
 1644      636F6E6E 
 1644      65637441 
 1644      6C6C00
 1645              	.LASF15:
 1646 039d 63686172 		.ascii	"char\000"
 1646      00
 1647              	.LASF61:
 1648 03a2 4C43445F 		.ascii	"LCD_PrintString\000"
 1648      5072696E 
 1648      74537472 
 1648      696E6700 
 1649              	.LASF31:
 1650 03b2 50574D5F 		.ascii	"PWM_INT_Handler\000"
 1650      494E545F 
 1650      48616E64 
 1650      6C657200 
 1651              	.LASF27:
 1652 03c2 64757479 		.ascii	"duty\000"
 1652      00
 1653              	.LASF39:
 1654 03c7 4C43445F 		.ascii	"LCD_Position\000"
 1654      506F7369 
 1654      74696F6E 
 1654      00
 1655              	.LASF12:
 1656 03d4 696E7431 		.ascii	"int16\000"
 1656      3600
 1657              	.LASF32:
ARM GAS  C:\Users\Jeremias\AppData\Local\Temp\ccyeL94a.s 			page 35


 1658 03da 65737461 		.ascii	"estadoINT_PWM\000"
 1658      646F494E 
 1658      545F5057 
 1658      4D00
 1659              	.LASF45:
 1660 03e8 414D7578 		.ascii	"AMux_FastSelect\000"
 1660      5F466173 
 1660      7453656C 
 1660      65637400 
 1661              	.LASF43:
 1662 03f8 50574D5F 		.ascii	"PWM_GetInterruptSource\000"
 1662      47657449 
 1662      6E746572 
 1662      72757074 
 1662      536F7572 
 1663              	.LASF23:
 1664 040f 70657269 		.ascii	"periodo\000"
 1664      6F646F00 
 1665              	.LASF65:
 1666 0417 6D61696E 		.ascii	"main\000"
 1666      00
 1667              	.LASF37:
 1668 041c 50574D5F 		.ascii	"PWM_WriteCompare\000"
 1668      57726974 
 1668      65436F6D 
 1668      70617265 
 1668      00
 1669              	.LASF35:
 1670 042d 4144435F 		.ascii	"ADC_GetResult16\000"
 1670      47657452 
 1670      6573756C 
 1670      74313600 
 1671              	.LASF28:
 1672 043d 496F7574 		.ascii	"Iout\000"
 1672      00
 1673              		.ident	"GCC: (GNU Tools for ARM Embedded Processors) 5.4.1 20160609 (release) [ARM/embedded-5-bran
