ARM GAS  C:\Users\Jeremias\AppData\Local\Temp\ccB7ptNJ.s 			page 1


   1              		.syntax unified
   2              		.cpu cortex-m0
   3              		.fpu softvfp
   4              		.eabi_attribute 20, 1
   5              		.eabi_attribute 21, 1
   6              		.eabi_attribute 23, 3
   7              		.eabi_attribute 24, 1
   8              		.eabi_attribute 25, 1
   9              		.eabi_attribute 26, 1
  10              		.eabi_attribute 30, 1
  11              		.eabi_attribute 34, 0
  12              		.eabi_attribute 18, 4
  13              		.thumb
  14              		.syntax unified
  15              		.file	"mainTCPWM.c"
  16              		.text
  17              	.Ltext0:
  18              		.cfi_sections	.debug_frame
  19              		.section	.text.PWM_INT_Handler,"ax",%progbits
  20              		.align	2
  21              		.global	PWM_INT_Handler
  22              		.code	16
  23              		.thumb_func
  24              		.type	PWM_INT_Handler, %function
  25              	PWM_INT_Handler:
  26              	.LFB32:
  27              		.file 1 "mainTCPWM.c"
   1:mainTCPWM.c   **** /* ========================================
   2:mainTCPWM.c   ****  pRUEBA DEL MODULO TCPWM
   3:mainTCPWM.c   ****  * ========================================
   4:mainTCPWM.c   **** */
   5:mainTCPWM.c   **** #include <project.h>
   6:mainTCPWM.c   **** 
   7:mainTCPWM.c   **** uint8 estado = 0;
   8:mainTCPWM.c   **** 
   9:mainTCPWM.c   **** CY_ISR(PWM_INT_Handler)
  10:mainTCPWM.c   **** {
  28              		.loc 1 10 0
  29              		.cfi_startproc
  30              		@ args = 0, pretend = 0, frame = 0
  31              		@ frame_needed = 0, uses_anonymous_args = 0
  32 0000 10B5     		push	{r4, lr}
  33              		.cfi_def_cfa_offset 8
  34              		.cfi_offset 4, -8
  35              		.cfi_offset 14, -4
  36              	.LVL0:
  11:mainTCPWM.c   ****     uint32 estado_int=0;
  12:mainTCPWM.c   ****     estado_int = PWM_1_GetInterruptSourceMasked();
  37              		.loc 1 12 0
  38 0002 FFF7FEFF 		bl	PWM_1_GetInterruptSourceMasked
  39              	.LVL1:
  13:mainTCPWM.c   ****     switch(estado_int)
  40              		.loc 1 13 0
  41 0006 0128     		cmp	r0, #1
  42 0008 02D0     		beq	.L3
  43 000a 0228     		cmp	r0, #2
  44 000c 0AD0     		beq	.L4
ARM GAS  C:\Users\Jeremias\AppData\Local\Temp\ccB7ptNJ.s 			page 2


  45 000e 13E0     		b	.L6
  46              	.L3:
  14:mainTCPWM.c   ****     {
  15:mainTCPWM.c   ****         case PWM_1_INTR_MASK_TC:
  16:mainTCPWM.c   ****             Pin_INT_TC_Write(~Pin_INT_TC_Read());
  47              		.loc 1 16 0
  48 0010 FFF7FEFF 		bl	Pin_INT_TC_Read
  49              	.LVL2:
  50 0014 C043     		mvns	r0, r0
  51 0016 C0B2     		uxtb	r0, r0
  52 0018 FFF7FEFF 		bl	Pin_INT_TC_Write
  53              	.LVL3:
  17:mainTCPWM.c   ****             PWM_1_ClearInterrupt(PWM_1_INTR_MASK_TC);
  54              		.loc 1 17 0
  55 001c 0120     		movs	r0, #1
  56 001e FFF7FEFF 		bl	PWM_1_ClearInterrupt
  57              	.LVL4:
  18:mainTCPWM.c   ****             break;
  58              		.loc 1 18 0
  59 0022 0FE0     		b	.L1
  60              	.LVL5:
  61              	.L4:
  19:mainTCPWM.c   ****         case PWM_1_INTR_MASK_CC_MATCH:
  20:mainTCPWM.c   ****             Pin_INT_CC_Write(~Pin_INT_CC_Read());
  62              		.loc 1 20 0
  63 0024 FFF7FEFF 		bl	Pin_INT_CC_Read
  64              	.LVL6:
  65 0028 C043     		mvns	r0, r0
  66 002a C0B2     		uxtb	r0, r0
  67 002c FFF7FEFF 		bl	Pin_INT_CC_Write
  68              	.LVL7:
  21:mainTCPWM.c   ****             PWM_1_ClearInterrupt(PWM_1_INTR_MASK_CC_MATCH);
  69              		.loc 1 21 0
  70 0030 0220     		movs	r0, #2
  71 0032 FFF7FEFF 		bl	PWM_1_ClearInterrupt
  72              	.LVL8:
  22:mainTCPWM.c   ****             break;
  73              		.loc 1 22 0
  74 0036 05E0     		b	.L1
  75              	.LVL9:
  76              	.L6:
  23:mainTCPWM.c   ****         default:
  24:mainTCPWM.c   ****             PWM_1_ClearInterrupt(PWM_1_INTR_MASK_TC);
  77              		.loc 1 24 0
  78 0038 0120     		movs	r0, #1
  79              	.LVL10:
  80 003a FFF7FEFF 		bl	PWM_1_ClearInterrupt
  81              	.LVL11:
  25:mainTCPWM.c   ****             PWM_1_ClearInterrupt(PWM_1_INTR_MASK_CC_MATCH);
  82              		.loc 1 25 0
  83 003e 0220     		movs	r0, #2
  84 0040 FFF7FEFF 		bl	PWM_1_ClearInterrupt
  85              	.LVL12:
  86              	.L1:
  26:mainTCPWM.c   ****             break;
  27:mainTCPWM.c   ****     }
  28:mainTCPWM.c   **** }
ARM GAS  C:\Users\Jeremias\AppData\Local\Temp\ccB7ptNJ.s 			page 3


  87              		.loc 1 28 0
  88              		@ sp needed
  89 0044 10BD     		pop	{r4, pc}
  90              		.cfi_endproc
  91              	.LFE32:
  92              		.size	PWM_INT_Handler, .-PWM_INT_Handler
  93 0046 C046     		.section	.text.SW_INT_Handler,"ax",%progbits
  94              		.align	2
  95              		.global	SW_INT_Handler
  96              		.code	16
  97              		.thumb_func
  98              		.type	SW_INT_Handler, %function
  99              	SW_INT_Handler:
 100              	.LFB33:
  29:mainTCPWM.c   **** 
  30:mainTCPWM.c   **** CY_ISR(SW_INT_Handler)
  31:mainTCPWM.c   **** {
 101              		.loc 1 31 0
 102              		.cfi_startproc
 103              		@ args = 0, pretend = 0, frame = 0
 104              		@ frame_needed = 0, uses_anonymous_args = 0
 105 0000 10B5     		push	{r4, lr}
 106              		.cfi_def_cfa_offset 8
 107              		.cfi_offset 4, -8
 108              		.cfi_offset 14, -4
  32:mainTCPWM.c   ****     if(estado)
 109              		.loc 1 32 0
 110 0002 0D4B     		ldr	r3, .L10
 111 0004 1B78     		ldrb	r3, [r3]
 112 0006 002B     		cmp	r3, #0
 113 0008 0BD0     		beq	.L8
  33:mainTCPWM.c   ****     {
  34:mainTCPWM.c   ****         estado = 0;
 114              		.loc 1 34 0
 115 000a 0022     		movs	r2, #0
 116 000c 0A4B     		ldr	r3, .L10
 117 000e 1A70     		strb	r2, [r3]
  35:mainTCPWM.c   ****         PWM_1_Stop();
 118              		.loc 1 35 0
 119 0010 FFF7FEFF 		bl	PWM_1_Stop
 120              	.LVL13:
  36:mainTCPWM.c   ****         Pin_INT_TC_Write(0);
 121              		.loc 1 36 0
 122 0014 0020     		movs	r0, #0
 123 0016 FFF7FEFF 		bl	Pin_INT_TC_Write
 124              	.LVL14:
  37:mainTCPWM.c   ****         Pin_INT_CC_Write(0);
 125              		.loc 1 37 0
 126 001a 0020     		movs	r0, #0
 127 001c FFF7FEFF 		bl	Pin_INT_CC_Write
 128              	.LVL15:
 129 0020 04E0     		b	.L9
 130              	.L8:
  38:mainTCPWM.c   ****     }
  39:mainTCPWM.c   ****     else
  40:mainTCPWM.c   ****     {
  41:mainTCPWM.c   ****         estado = 1;
ARM GAS  C:\Users\Jeremias\AppData\Local\Temp\ccB7ptNJ.s 			page 4


 131              		.loc 1 41 0
 132 0022 0122     		movs	r2, #1
 133 0024 044B     		ldr	r3, .L10
 134 0026 1A70     		strb	r2, [r3]
  42:mainTCPWM.c   ****         PWM_1_Start();
 135              		.loc 1 42 0
 136 0028 FFF7FEFF 		bl	PWM_1_Start
 137              	.LVL16:
 138              	.L9:
  43:mainTCPWM.c   ****     }
  44:mainTCPWM.c   ****     Pin_SW_ClearInterrupt();
 139              		.loc 1 44 0
 140 002c FFF7FEFF 		bl	Pin_SW_ClearInterrupt
 141              	.LVL17:
  45:mainTCPWM.c   ****     CyDelayUs(40);
 142              		.loc 1 45 0
 143 0030 2820     		movs	r0, #40
 144 0032 FFF7FEFF 		bl	CyDelayUs
 145              	.LVL18:
  46:mainTCPWM.c   **** }
 146              		.loc 1 46 0
 147              		@ sp needed
 148 0036 10BD     		pop	{r4, pc}
 149              	.L11:
 150              		.align	2
 151              	.L10:
 152 0038 00000000 		.word	.LANCHOR0
 153              		.cfi_endproc
 154              	.LFE33:
 155              		.size	SW_INT_Handler, .-SW_INT_Handler
 156              		.section	.text.main,"ax",%progbits
 157              		.align	2
 158              		.global	main
 159              		.code	16
 160              		.thumb_func
 161              		.type	main, %function
 162              	main:
 163              	.LFB34:
  47:mainTCPWM.c   **** 
  48:mainTCPWM.c   **** int main(void)
  49:mainTCPWM.c   **** {
 164              		.loc 1 49 0
 165              		.cfi_startproc
 166              		@ Volatile: function does not return.
 167              		@ args = 0, pretend = 0, frame = 0
 168              		@ frame_needed = 0, uses_anonymous_args = 0
 169 0000 10B5     		push	{r4, lr}
 170              		.cfi_def_cfa_offset 8
 171              		.cfi_offset 4, -8
 172              		.cfi_offset 14, -4
  50:mainTCPWM.c   ****     CyGlobalIntEnable; // Enable global interrupts.
 173              		.loc 1 50 0
 174              		.syntax divided
 175              	@ 50 "mainTCPWM.c" 1
 176 0002 62B6     		CPSIE   i
 177              	@ 0 "" 2
  51:mainTCPWM.c   ****     PWM_INT_StartEx(PWM_INT_Handler);
ARM GAS  C:\Users\Jeremias\AppData\Local\Temp\ccB7ptNJ.s 			page 5


 178              		.loc 1 51 0
 179              		.thumb
 180              		.syntax unified
 181 0004 0648     		ldr	r0, .L14
 182 0006 FFF7FEFF 		bl	PWM_INT_StartEx
 183              	.LVL19:
  52:mainTCPWM.c   ****     SW_INT_StartEx(SW_INT_Handler);
 184              		.loc 1 52 0
 185 000a 0648     		ldr	r0, .L14+4
 186 000c FFF7FEFF 		bl	SW_INT_StartEx
 187              	.LVL20:
  53:mainTCPWM.c   ****     Pin_INT_TC_Write(0);
 188              		.loc 1 53 0
 189 0010 0020     		movs	r0, #0
 190 0012 FFF7FEFF 		bl	Pin_INT_TC_Write
 191              	.LVL21:
  54:mainTCPWM.c   ****     Pin_INT_CC_Write(0);
 192              		.loc 1 54 0
 193 0016 0020     		movs	r0, #0
 194 0018 FFF7FEFF 		bl	Pin_INT_CC_Write
 195              	.LVL22:
 196              	.L13:
 197 001c FEE7     		b	.L13
 198              	.L15:
 199 001e C046     		.align	2
 200              	.L14:
 201 0020 00000000 		.word	PWM_INT_Handler
 202 0024 00000000 		.word	SW_INT_Handler
 203              		.cfi_endproc
 204              	.LFE34:
 205              		.size	main, .-main
 206              		.global	estado
 207              		.bss
 208              		.set	.LANCHOR0,. + 0
 209              		.type	estado, %object
 210              		.size	estado, 1
 211              	estado:
 212 0000 00       		.space	1
 213              		.text
 214              	.Letext0:
 215              		.file 2 "Generated_Source\\PSoC4/cytypes.h"
 216              		.file 3 "Generated_Source\\PSoC4/PWM_1.h"
 217              		.file 4 "Generated_Source\\PSoC4/Pin_INT_TC.h"
 218              		.file 5 "Generated_Source\\PSoC4/Pin_INT_CC.h"
 219              		.file 6 "Generated_Source\\PSoC4/Pin_SW.h"
 220              		.file 7 "Generated_Source\\PSoC4/CyLib.h"
 221              		.file 8 "Generated_Source\\PSoC4/PWM_INT.h"
 222              		.file 9 "Generated_Source\\PSoC4/SW_INT.h"
 223              		.section	.debug_info,"",%progbits
 224              	.Ldebug_info0:
 225 0000 A7020000 		.4byte	0x2a7
 226 0004 0400     		.2byte	0x4
 227 0006 00000000 		.4byte	.Ldebug_abbrev0
 228 000a 04       		.byte	0x4
 229 000b 01       		.uleb128 0x1
 230 000c 25010000 		.4byte	.LASF30
 231 0010 0C       		.byte	0xc
ARM GAS  C:\Users\Jeremias\AppData\Local\Temp\ccB7ptNJ.s 			page 6


 232 0011 DF000000 		.4byte	.LASF31
 233 0015 F4010000 		.4byte	.LASF32
 234 0019 00000000 		.4byte	.Ldebug_ranges0+0
 235 001d 00000000 		.4byte	0
 236 0021 00000000 		.4byte	.Ldebug_line0
 237 0025 02       		.uleb128 0x2
 238 0026 01       		.byte	0x1
 239 0027 06       		.byte	0x6
 240 0028 A2020000 		.4byte	.LASF0
 241 002c 02       		.uleb128 0x2
 242 002d 01       		.byte	0x1
 243 002e 08       		.byte	0x8
 244 002f 7E000000 		.4byte	.LASF1
 245 0033 02       		.uleb128 0x2
 246 0034 02       		.byte	0x2
 247 0035 05       		.byte	0x5
 248 0036 EA010000 		.4byte	.LASF2
 249 003a 02       		.uleb128 0x2
 250 003b 02       		.byte	0x2
 251 003c 07       		.byte	0x7
 252 003d 2F000000 		.4byte	.LASF3
 253 0041 02       		.uleb128 0x2
 254 0042 04       		.byte	0x4
 255 0043 05       		.byte	0x5
 256 0044 8D020000 		.4byte	.LASF4
 257 0048 02       		.uleb128 0x2
 258 0049 04       		.byte	0x4
 259 004a 07       		.byte	0x7
 260 004b 9C000000 		.4byte	.LASF5
 261 004f 02       		.uleb128 0x2
 262 0050 08       		.byte	0x8
 263 0051 05       		.byte	0x5
 264 0052 BC010000 		.4byte	.LASF6
 265 0056 02       		.uleb128 0x2
 266 0057 08       		.byte	0x8
 267 0058 07       		.byte	0x7
 268 0059 0E010000 		.4byte	.LASF7
 269 005d 03       		.uleb128 0x3
 270 005e 04       		.byte	0x4
 271 005f 05       		.byte	0x5
 272 0060 696E7400 		.ascii	"int\000"
 273 0064 02       		.uleb128 0x2
 274 0065 04       		.byte	0x4
 275 0066 07       		.byte	0x7
 276 0067 01010000 		.4byte	.LASF8
 277 006b 04       		.uleb128 0x4
 278 006c AE000000 		.4byte	.LASF9
 279 0070 02       		.byte	0x2
 280 0071 FB01     		.2byte	0x1fb
 281 0073 2C000000 		.4byte	0x2c
 282 0077 04       		.uleb128 0x4
 283 0078 F5000000 		.4byte	.LASF10
 284 007c 02       		.byte	0x2
 285 007d FD01     		.2byte	0x1fd
 286 007f 48000000 		.4byte	0x48
 287 0083 02       		.uleb128 0x2
 288 0084 04       		.byte	0x4
ARM GAS  C:\Users\Jeremias\AppData\Local\Temp\ccB7ptNJ.s 			page 7


 289 0085 04       		.byte	0x4
 290 0086 78000000 		.4byte	.LASF11
 291 008a 02       		.uleb128 0x2
 292 008b 08       		.byte	0x8
 293 008c 04       		.byte	0x4
 294 008d C9000000 		.4byte	.LASF12
 295 0091 02       		.uleb128 0x2
 296 0092 01       		.byte	0x1
 297 0093 08       		.byte	0x8
 298 0094 DA010000 		.4byte	.LASF13
 299 0098 02       		.uleb128 0x2
 300 0099 08       		.byte	0x8
 301 009a 04       		.byte	0x4
 302 009b 96020000 		.4byte	.LASF14
 303 009f 02       		.uleb128 0x2
 304 00a0 04       		.byte	0x4
 305 00a1 07       		.byte	0x7
 306 00a2 B3010000 		.4byte	.LASF15
 307 00a6 05       		.uleb128 0x5
 308 00a7 CA010000 		.4byte	.LASF16
 309 00ab 01       		.byte	0x1
 310 00ac 09       		.byte	0x9
 311 00ad 00000000 		.4byte	.LFB32
 312 00b1 46000000 		.4byte	.LFE32-.LFB32
 313 00b5 01       		.uleb128 0x1
 314 00b6 9C       		.byte	0x9c
 315 00b7 40010000 		.4byte	0x140
 316 00bb 06       		.uleb128 0x6
 317 00bc DF010000 		.4byte	.LASF33
 318 00c0 01       		.byte	0x1
 319 00c1 0B       		.byte	0xb
 320 00c2 77000000 		.4byte	0x77
 321 00c6 00000000 		.4byte	.LLST0
 322 00ca 07       		.uleb128 0x7
 323 00cb 06000000 		.4byte	.LVL1
 324 00cf 22020000 		.4byte	0x222
 325 00d3 07       		.uleb128 0x7
 326 00d4 14000000 		.4byte	.LVL2
 327 00d8 2E020000 		.4byte	0x22e
 328 00dc 07       		.uleb128 0x7
 329 00dd 1C000000 		.4byte	.LVL3
 330 00e1 39020000 		.4byte	0x239
 331 00e5 08       		.uleb128 0x8
 332 00e6 22000000 		.4byte	.LVL4
 333 00ea 44020000 		.4byte	0x244
 334 00ee F8000000 		.4byte	0xf8
 335 00f2 09       		.uleb128 0x9
 336 00f3 01       		.uleb128 0x1
 337 00f4 50       		.byte	0x50
 338 00f5 01       		.uleb128 0x1
 339 00f6 31       		.byte	0x31
 340 00f7 00       		.byte	0
 341 00f8 07       		.uleb128 0x7
 342 00f9 28000000 		.4byte	.LVL6
 343 00fd 50020000 		.4byte	0x250
 344 0101 07       		.uleb128 0x7
 345 0102 30000000 		.4byte	.LVL7
ARM GAS  C:\Users\Jeremias\AppData\Local\Temp\ccB7ptNJ.s 			page 8


 346 0106 5B020000 		.4byte	0x25b
 347 010a 08       		.uleb128 0x8
 348 010b 36000000 		.4byte	.LVL8
 349 010f 44020000 		.4byte	0x244
 350 0113 1D010000 		.4byte	0x11d
 351 0117 09       		.uleb128 0x9
 352 0118 01       		.uleb128 0x1
 353 0119 50       		.byte	0x50
 354 011a 01       		.uleb128 0x1
 355 011b 32       		.byte	0x32
 356 011c 00       		.byte	0
 357 011d 08       		.uleb128 0x8
 358 011e 3E000000 		.4byte	.LVL11
 359 0122 44020000 		.4byte	0x244
 360 0126 30010000 		.4byte	0x130
 361 012a 09       		.uleb128 0x9
 362 012b 01       		.uleb128 0x1
 363 012c 50       		.byte	0x50
 364 012d 01       		.uleb128 0x1
 365 012e 31       		.byte	0x31
 366 012f 00       		.byte	0
 367 0130 0A       		.uleb128 0xa
 368 0131 44000000 		.4byte	.LVL12
 369 0135 44020000 		.4byte	0x244
 370 0139 09       		.uleb128 0x9
 371 013a 01       		.uleb128 0x1
 372 013b 50       		.byte	0x50
 373 013c 01       		.uleb128 0x1
 374 013d 32       		.byte	0x32
 375 013e 00       		.byte	0
 376 013f 00       		.byte	0
 377 0140 05       		.uleb128 0x5
 378 0141 D0000000 		.4byte	.LASF17
 379 0145 01       		.byte	0x1
 380 0146 1E       		.byte	0x1e
 381 0147 00000000 		.4byte	.LFB33
 382 014b 3C000000 		.4byte	.LFE33-.LFB33
 383 014f 01       		.uleb128 0x1
 384 0150 9C       		.byte	0x9c
 385 0151 A7010000 		.4byte	0x1a7
 386 0155 07       		.uleb128 0x7
 387 0156 14000000 		.4byte	.LVL13
 388 015a 66020000 		.4byte	0x266
 389 015e 08       		.uleb128 0x8
 390 015f 1A000000 		.4byte	.LVL14
 391 0163 39020000 		.4byte	0x239
 392 0167 71010000 		.4byte	0x171
 393 016b 09       		.uleb128 0x9
 394 016c 01       		.uleb128 0x1
 395 016d 50       		.byte	0x50
 396 016e 01       		.uleb128 0x1
 397 016f 30       		.byte	0x30
 398 0170 00       		.byte	0
 399 0171 08       		.uleb128 0x8
 400 0172 20000000 		.4byte	.LVL15
 401 0176 5B020000 		.4byte	0x25b
 402 017a 84010000 		.4byte	0x184
ARM GAS  C:\Users\Jeremias\AppData\Local\Temp\ccB7ptNJ.s 			page 9


 403 017e 09       		.uleb128 0x9
 404 017f 01       		.uleb128 0x1
 405 0180 50       		.byte	0x50
 406 0181 01       		.uleb128 0x1
 407 0182 30       		.byte	0x30
 408 0183 00       		.byte	0
 409 0184 07       		.uleb128 0x7
 410 0185 2C000000 		.4byte	.LVL16
 411 0189 72020000 		.4byte	0x272
 412 018d 07       		.uleb128 0x7
 413 018e 30000000 		.4byte	.LVL17
 414 0192 7E020000 		.4byte	0x27e
 415 0196 0A       		.uleb128 0xa
 416 0197 36000000 		.4byte	.LVL18
 417 019b 89020000 		.4byte	0x289
 418 019f 09       		.uleb128 0x9
 419 01a0 01       		.uleb128 0x1
 420 01a1 50       		.byte	0x50
 421 01a2 02       		.uleb128 0x2
 422 01a3 08       		.byte	0x8
 423 01a4 28       		.byte	0x28
 424 01a5 00       		.byte	0
 425 01a6 00       		.byte	0
 426 01a7 0B       		.uleb128 0xb
 427 01a8 FC000000 		.4byte	.LASF34
 428 01ac 01       		.byte	0x1
 429 01ad 30       		.byte	0x30
 430 01ae 5D000000 		.4byte	0x5d
 431 01b2 00000000 		.4byte	.LFB34
 432 01b6 28000000 		.4byte	.LFE34-.LFB34
 433 01ba 01       		.uleb128 0x1
 434 01bb 9C       		.byte	0x9c
 435 01bc 11020000 		.4byte	0x211
 436 01c0 08       		.uleb128 0x8
 437 01c1 0A000000 		.4byte	.LVL19
 438 01c5 94020000 		.4byte	0x294
 439 01c9 D7010000 		.4byte	0x1d7
 440 01cd 09       		.uleb128 0x9
 441 01ce 01       		.uleb128 0x1
 442 01cf 50       		.byte	0x50
 443 01d0 05       		.uleb128 0x5
 444 01d1 03       		.byte	0x3
 445 01d2 00000000 		.4byte	PWM_INT_Handler
 446 01d6 00       		.byte	0
 447 01d7 08       		.uleb128 0x8
 448 01d8 10000000 		.4byte	.LVL20
 449 01dc 9F020000 		.4byte	0x29f
 450 01e0 EE010000 		.4byte	0x1ee
 451 01e4 09       		.uleb128 0x9
 452 01e5 01       		.uleb128 0x1
 453 01e6 50       		.byte	0x50
 454 01e7 05       		.uleb128 0x5
 455 01e8 03       		.byte	0x3
 456 01e9 00000000 		.4byte	SW_INT_Handler
 457 01ed 00       		.byte	0
 458 01ee 08       		.uleb128 0x8
 459 01ef 16000000 		.4byte	.LVL21
ARM GAS  C:\Users\Jeremias\AppData\Local\Temp\ccB7ptNJ.s 			page 10


 460 01f3 39020000 		.4byte	0x239
 461 01f7 01020000 		.4byte	0x201
 462 01fb 09       		.uleb128 0x9
 463 01fc 01       		.uleb128 0x1
 464 01fd 50       		.byte	0x50
 465 01fe 01       		.uleb128 0x1
 466 01ff 30       		.byte	0x30
 467 0200 00       		.byte	0
 468 0201 0A       		.uleb128 0xa
 469 0202 1C000000 		.4byte	.LVL22
 470 0206 5B020000 		.4byte	0x25b
 471 020a 09       		.uleb128 0x9
 472 020b 01       		.uleb128 0x1
 473 020c 50       		.byte	0x50
 474 020d 01       		.uleb128 0x1
 475 020e 30       		.byte	0x30
 476 020f 00       		.byte	0
 477 0210 00       		.byte	0
 478 0211 0C       		.uleb128 0xc
 479 0212 AE020000 		.4byte	.LASF35
 480 0216 01       		.byte	0x1
 481 0217 07       		.byte	0x7
 482 0218 6B000000 		.4byte	0x6b
 483 021c 05       		.uleb128 0x5
 484 021d 03       		.byte	0x3
 485 021e 00000000 		.4byte	estado
 486 0222 0D       		.uleb128 0xd
 487 0223 00000000 		.4byte	.LASF18
 488 0227 00000000 		.4byte	.LASF18
 489 022b 03       		.byte	0x3
 490 022c 4501     		.2byte	0x145
 491 022e 0E       		.uleb128 0xe
 492 022f 8C000000 		.4byte	.LASF19
 493 0233 8C000000 		.4byte	.LASF19
 494 0237 04       		.byte	0x4
 495 0238 32       		.byte	0x32
 496 0239 0E       		.uleb128 0xe
 497 023a B5020000 		.4byte	.LASF20
 498 023e B5020000 		.4byte	.LASF20
 499 0242 04       		.byte	0x4
 500 0243 33       		.byte	0x33
 501 0244 0D       		.uleb128 0xd
 502 0245 B4000000 		.4byte	.LASF21
 503 0249 B4000000 		.4byte	.LASF21
 504 024d 03       		.byte	0x3
 505 024e 4701     		.2byte	0x147
 506 0250 0E       		.uleb128 0xe
 507 0251 72020000 		.4byte	.LASF22
 508 0255 72020000 		.4byte	.LASF22
 509 0259 05       		.byte	0x5
 510 025a 32       		.byte	0x32
 511 025b 0E       		.uleb128 0xe
 512 025c 42000000 		.4byte	.LASF23
 513 0260 42000000 		.4byte	.LASF23
 514 0264 05       		.byte	0x5
 515 0265 33       		.byte	0x33
 516 0266 0D       		.uleb128 0xd
ARM GAS  C:\Users\Jeremias\AppData\Local\Temp\ccB7ptNJ.s 			page 11


 517 0267 82020000 		.4byte	.LASF24
 518 026b 82020000 		.4byte	.LASF24
 519 026f 03       		.byte	0x3
 520 0270 3301     		.2byte	0x133
 521 0272 0D       		.uleb128 0xd
 522 0273 C6020000 		.4byte	.LASF25
 523 0277 C6020000 		.4byte	.LASF25
 524 027b 03       		.byte	0x3
 525 027c 3201     		.2byte	0x132
 526 027e 0E       		.uleb128 0xe
 527 027f 53000000 		.4byte	.LASF26
 528 0283 53000000 		.4byte	.LASF26
 529 0287 06       		.byte	0x6
 530 0288 39       		.byte	0x39
 531 0289 0E       		.uleb128 0xe
 532 028a EB000000 		.4byte	.LASF27
 533 028e EB000000 		.4byte	.LASF27
 534 0292 07       		.byte	0x7
 535 0293 ED       		.byte	0xed
 536 0294 0E       		.uleb128 0xe
 537 0295 1F000000 		.4byte	.LASF28
 538 0299 1F000000 		.4byte	.LASF28
 539 029d 08       		.byte	0x8
 540 029e 18       		.byte	0x18
 541 029f 0E       		.uleb128 0xe
 542 02a0 69000000 		.4byte	.LASF29
 543 02a4 69000000 		.4byte	.LASF29
 544 02a8 09       		.byte	0x9
 545 02a9 18       		.byte	0x18
 546 02aa 00       		.byte	0
 547              		.section	.debug_abbrev,"",%progbits
 548              	.Ldebug_abbrev0:
 549 0000 01       		.uleb128 0x1
 550 0001 11       		.uleb128 0x11
 551 0002 01       		.byte	0x1
 552 0003 25       		.uleb128 0x25
 553 0004 0E       		.uleb128 0xe
 554 0005 13       		.uleb128 0x13
 555 0006 0B       		.uleb128 0xb
 556 0007 03       		.uleb128 0x3
 557 0008 0E       		.uleb128 0xe
 558 0009 1B       		.uleb128 0x1b
 559 000a 0E       		.uleb128 0xe
 560 000b 55       		.uleb128 0x55
 561 000c 17       		.uleb128 0x17
 562 000d 11       		.uleb128 0x11
 563 000e 01       		.uleb128 0x1
 564 000f 10       		.uleb128 0x10
 565 0010 17       		.uleb128 0x17
 566 0011 00       		.byte	0
 567 0012 00       		.byte	0
 568 0013 02       		.uleb128 0x2
 569 0014 24       		.uleb128 0x24
 570 0015 00       		.byte	0
 571 0016 0B       		.uleb128 0xb
 572 0017 0B       		.uleb128 0xb
 573 0018 3E       		.uleb128 0x3e
ARM GAS  C:\Users\Jeremias\AppData\Local\Temp\ccB7ptNJ.s 			page 12


 574 0019 0B       		.uleb128 0xb
 575 001a 03       		.uleb128 0x3
 576 001b 0E       		.uleb128 0xe
 577 001c 00       		.byte	0
 578 001d 00       		.byte	0
 579 001e 03       		.uleb128 0x3
 580 001f 24       		.uleb128 0x24
 581 0020 00       		.byte	0
 582 0021 0B       		.uleb128 0xb
 583 0022 0B       		.uleb128 0xb
 584 0023 3E       		.uleb128 0x3e
 585 0024 0B       		.uleb128 0xb
 586 0025 03       		.uleb128 0x3
 587 0026 08       		.uleb128 0x8
 588 0027 00       		.byte	0
 589 0028 00       		.byte	0
 590 0029 04       		.uleb128 0x4
 591 002a 16       		.uleb128 0x16
 592 002b 00       		.byte	0
 593 002c 03       		.uleb128 0x3
 594 002d 0E       		.uleb128 0xe
 595 002e 3A       		.uleb128 0x3a
 596 002f 0B       		.uleb128 0xb
 597 0030 3B       		.uleb128 0x3b
 598 0031 05       		.uleb128 0x5
 599 0032 49       		.uleb128 0x49
 600 0033 13       		.uleb128 0x13
 601 0034 00       		.byte	0
 602 0035 00       		.byte	0
 603 0036 05       		.uleb128 0x5
 604 0037 2E       		.uleb128 0x2e
 605 0038 01       		.byte	0x1
 606 0039 3F       		.uleb128 0x3f
 607 003a 19       		.uleb128 0x19
 608 003b 03       		.uleb128 0x3
 609 003c 0E       		.uleb128 0xe
 610 003d 3A       		.uleb128 0x3a
 611 003e 0B       		.uleb128 0xb
 612 003f 3B       		.uleb128 0x3b
 613 0040 0B       		.uleb128 0xb
 614 0041 27       		.uleb128 0x27
 615 0042 19       		.uleb128 0x19
 616 0043 11       		.uleb128 0x11
 617 0044 01       		.uleb128 0x1
 618 0045 12       		.uleb128 0x12
 619 0046 06       		.uleb128 0x6
 620 0047 40       		.uleb128 0x40
 621 0048 18       		.uleb128 0x18
 622 0049 9742     		.uleb128 0x2117
 623 004b 19       		.uleb128 0x19
 624 004c 01       		.uleb128 0x1
 625 004d 13       		.uleb128 0x13
 626 004e 00       		.byte	0
 627 004f 00       		.byte	0
 628 0050 06       		.uleb128 0x6
 629 0051 34       		.uleb128 0x34
 630 0052 00       		.byte	0
ARM GAS  C:\Users\Jeremias\AppData\Local\Temp\ccB7ptNJ.s 			page 13


 631 0053 03       		.uleb128 0x3
 632 0054 0E       		.uleb128 0xe
 633 0055 3A       		.uleb128 0x3a
 634 0056 0B       		.uleb128 0xb
 635 0057 3B       		.uleb128 0x3b
 636 0058 0B       		.uleb128 0xb
 637 0059 49       		.uleb128 0x49
 638 005a 13       		.uleb128 0x13
 639 005b 02       		.uleb128 0x2
 640 005c 17       		.uleb128 0x17
 641 005d 00       		.byte	0
 642 005e 00       		.byte	0
 643 005f 07       		.uleb128 0x7
 644 0060 898201   		.uleb128 0x4109
 645 0063 00       		.byte	0
 646 0064 11       		.uleb128 0x11
 647 0065 01       		.uleb128 0x1
 648 0066 31       		.uleb128 0x31
 649 0067 13       		.uleb128 0x13
 650 0068 00       		.byte	0
 651 0069 00       		.byte	0
 652 006a 08       		.uleb128 0x8
 653 006b 898201   		.uleb128 0x4109
 654 006e 01       		.byte	0x1
 655 006f 11       		.uleb128 0x11
 656 0070 01       		.uleb128 0x1
 657 0071 31       		.uleb128 0x31
 658 0072 13       		.uleb128 0x13
 659 0073 01       		.uleb128 0x1
 660 0074 13       		.uleb128 0x13
 661 0075 00       		.byte	0
 662 0076 00       		.byte	0
 663 0077 09       		.uleb128 0x9
 664 0078 8A8201   		.uleb128 0x410a
 665 007b 00       		.byte	0
 666 007c 02       		.uleb128 0x2
 667 007d 18       		.uleb128 0x18
 668 007e 9142     		.uleb128 0x2111
 669 0080 18       		.uleb128 0x18
 670 0081 00       		.byte	0
 671 0082 00       		.byte	0
 672 0083 0A       		.uleb128 0xa
 673 0084 898201   		.uleb128 0x4109
 674 0087 01       		.byte	0x1
 675 0088 11       		.uleb128 0x11
 676 0089 01       		.uleb128 0x1
 677 008a 31       		.uleb128 0x31
 678 008b 13       		.uleb128 0x13
 679 008c 00       		.byte	0
 680 008d 00       		.byte	0
 681 008e 0B       		.uleb128 0xb
 682 008f 2E       		.uleb128 0x2e
 683 0090 01       		.byte	0x1
 684 0091 3F       		.uleb128 0x3f
 685 0092 19       		.uleb128 0x19
 686 0093 03       		.uleb128 0x3
 687 0094 0E       		.uleb128 0xe
ARM GAS  C:\Users\Jeremias\AppData\Local\Temp\ccB7ptNJ.s 			page 14


 688 0095 3A       		.uleb128 0x3a
 689 0096 0B       		.uleb128 0xb
 690 0097 3B       		.uleb128 0x3b
 691 0098 0B       		.uleb128 0xb
 692 0099 27       		.uleb128 0x27
 693 009a 19       		.uleb128 0x19
 694 009b 49       		.uleb128 0x49
 695 009c 13       		.uleb128 0x13
 696 009d 8701     		.uleb128 0x87
 697 009f 19       		.uleb128 0x19
 698 00a0 11       		.uleb128 0x11
 699 00a1 01       		.uleb128 0x1
 700 00a2 12       		.uleb128 0x12
 701 00a3 06       		.uleb128 0x6
 702 00a4 40       		.uleb128 0x40
 703 00a5 18       		.uleb128 0x18
 704 00a6 9742     		.uleb128 0x2117
 705 00a8 19       		.uleb128 0x19
 706 00a9 01       		.uleb128 0x1
 707 00aa 13       		.uleb128 0x13
 708 00ab 00       		.byte	0
 709 00ac 00       		.byte	0
 710 00ad 0C       		.uleb128 0xc
 711 00ae 34       		.uleb128 0x34
 712 00af 00       		.byte	0
 713 00b0 03       		.uleb128 0x3
 714 00b1 0E       		.uleb128 0xe
 715 00b2 3A       		.uleb128 0x3a
 716 00b3 0B       		.uleb128 0xb
 717 00b4 3B       		.uleb128 0x3b
 718 00b5 0B       		.uleb128 0xb
 719 00b6 49       		.uleb128 0x49
 720 00b7 13       		.uleb128 0x13
 721 00b8 3F       		.uleb128 0x3f
 722 00b9 19       		.uleb128 0x19
 723 00ba 02       		.uleb128 0x2
 724 00bb 18       		.uleb128 0x18
 725 00bc 00       		.byte	0
 726 00bd 00       		.byte	0
 727 00be 0D       		.uleb128 0xd
 728 00bf 2E       		.uleb128 0x2e
 729 00c0 00       		.byte	0
 730 00c1 3F       		.uleb128 0x3f
 731 00c2 19       		.uleb128 0x19
 732 00c3 3C       		.uleb128 0x3c
 733 00c4 19       		.uleb128 0x19
 734 00c5 6E       		.uleb128 0x6e
 735 00c6 0E       		.uleb128 0xe
 736 00c7 03       		.uleb128 0x3
 737 00c8 0E       		.uleb128 0xe
 738 00c9 3A       		.uleb128 0x3a
 739 00ca 0B       		.uleb128 0xb
 740 00cb 3B       		.uleb128 0x3b
 741 00cc 05       		.uleb128 0x5
 742 00cd 00       		.byte	0
 743 00ce 00       		.byte	0
 744 00cf 0E       		.uleb128 0xe
ARM GAS  C:\Users\Jeremias\AppData\Local\Temp\ccB7ptNJ.s 			page 15


 745 00d0 2E       		.uleb128 0x2e
 746 00d1 00       		.byte	0
 747 00d2 3F       		.uleb128 0x3f
 748 00d3 19       		.uleb128 0x19
 749 00d4 3C       		.uleb128 0x3c
 750 00d5 19       		.uleb128 0x19
 751 00d6 6E       		.uleb128 0x6e
 752 00d7 0E       		.uleb128 0xe
 753 00d8 03       		.uleb128 0x3
 754 00d9 0E       		.uleb128 0xe
 755 00da 3A       		.uleb128 0x3a
 756 00db 0B       		.uleb128 0xb
 757 00dc 3B       		.uleb128 0x3b
 758 00dd 0B       		.uleb128 0xb
 759 00de 00       		.byte	0
 760 00df 00       		.byte	0
 761 00e0 00       		.byte	0
 762              		.section	.debug_loc,"",%progbits
 763              	.Ldebug_loc0:
 764              	.LLST0:
 765 0000 02000000 		.4byte	.LVL0
 766 0004 06000000 		.4byte	.LVL1
 767 0008 0200     		.2byte	0x2
 768 000a 30       		.byte	0x30
 769 000b 9F       		.byte	0x9f
 770 000c 06000000 		.4byte	.LVL1
 771 0010 13000000 		.4byte	.LVL2-1
 772 0014 0100     		.2byte	0x1
 773 0016 50       		.byte	0x50
 774 0017 24000000 		.4byte	.LVL5
 775 001b 27000000 		.4byte	.LVL6-1
 776 001f 0100     		.2byte	0x1
 777 0021 50       		.byte	0x50
 778 0022 38000000 		.4byte	.LVL9
 779 0026 3A000000 		.4byte	.LVL10
 780 002a 0100     		.2byte	0x1
 781 002c 50       		.byte	0x50
 782 002d 00000000 		.4byte	0
 783 0031 00000000 		.4byte	0
 784              		.section	.debug_aranges,"",%progbits
 785 0000 2C000000 		.4byte	0x2c
 786 0004 0200     		.2byte	0x2
 787 0006 00000000 		.4byte	.Ldebug_info0
 788 000a 04       		.byte	0x4
 789 000b 00       		.byte	0
 790 000c 0000     		.2byte	0
 791 000e 0000     		.2byte	0
 792 0010 00000000 		.4byte	.LFB32
 793 0014 46000000 		.4byte	.LFE32-.LFB32
 794 0018 00000000 		.4byte	.LFB33
 795 001c 3C000000 		.4byte	.LFE33-.LFB33
 796 0020 00000000 		.4byte	.LFB34
 797 0024 28000000 		.4byte	.LFE34-.LFB34
 798 0028 00000000 		.4byte	0
 799 002c 00000000 		.4byte	0
 800              		.section	.debug_ranges,"",%progbits
 801              	.Ldebug_ranges0:
ARM GAS  C:\Users\Jeremias\AppData\Local\Temp\ccB7ptNJ.s 			page 16


 802 0000 00000000 		.4byte	.LFB32
 803 0004 46000000 		.4byte	.LFE32
 804 0008 00000000 		.4byte	.LFB33
 805 000c 3C000000 		.4byte	.LFE33
 806 0010 00000000 		.4byte	.LFB34
 807 0014 28000000 		.4byte	.LFE34
 808 0018 00000000 		.4byte	0
 809 001c 00000000 		.4byte	0
 810              		.section	.debug_line,"",%progbits
 811              	.Ldebug_line0:
 812 0000 EE000000 		.section	.debug_str,"MS",%progbits,1
 812      0200A100 
 812      00000201 
 812      FB0E0D00 
 812      01010101 
 813              	.LASF18:
 814 0000 50574D5F 		.ascii	"PWM_1_GetInterruptSourceMasked\000"
 814      315F4765 
 814      74496E74 
 814      65727275 
 814      7074536F 
 815              	.LASF28:
 816 001f 50574D5F 		.ascii	"PWM_INT_StartEx\000"
 816      494E545F 
 816      53746172 
 816      74457800 
 817              	.LASF3:
 818 002f 73686F72 		.ascii	"short unsigned int\000"
 818      7420756E 
 818      7369676E 
 818      65642069 
 818      6E7400
 819              	.LASF23:
 820 0042 50696E5F 		.ascii	"Pin_INT_CC_Write\000"
 820      494E545F 
 820      43435F57 
 820      72697465 
 820      00
 821              	.LASF26:
 822 0053 50696E5F 		.ascii	"Pin_SW_ClearInterrupt\000"
 822      53575F43 
 822      6C656172 
 822      496E7465 
 822      72727570 
 823              	.LASF29:
 824 0069 53575F49 		.ascii	"SW_INT_StartEx\000"
 824      4E545F53 
 824      74617274 
 824      457800
 825              	.LASF11:
 826 0078 666C6F61 		.ascii	"float\000"
 826      7400
 827              	.LASF1:
 828 007e 756E7369 		.ascii	"unsigned char\000"
 828      676E6564 
 828      20636861 
 828      7200
ARM GAS  C:\Users\Jeremias\AppData\Local\Temp\ccB7ptNJ.s 			page 17


 829              	.LASF19:
 830 008c 50696E5F 		.ascii	"Pin_INT_TC_Read\000"
 830      494E545F 
 830      54435F52 
 830      65616400 
 831              	.LASF5:
 832 009c 6C6F6E67 		.ascii	"long unsigned int\000"
 832      20756E73 
 832      69676E65 
 832      6420696E 
 832      7400
 833              	.LASF9:
 834 00ae 75696E74 		.ascii	"uint8\000"
 834      3800
 835              	.LASF21:
 836 00b4 50574D5F 		.ascii	"PWM_1_ClearInterrupt\000"
 836      315F436C 
 836      65617249 
 836      6E746572 
 836      72757074 
 837              	.LASF12:
 838 00c9 646F7562 		.ascii	"double\000"
 838      6C6500
 839              	.LASF17:
 840 00d0 53575F49 		.ascii	"SW_INT_Handler\000"
 840      4E545F48 
 840      616E646C 
 840      657200
 841              	.LASF31:
 842 00df 6D61696E 		.ascii	"mainTCPWM.c\000"
 842      54435057 
 842      4D2E6300 
 843              	.LASF27:
 844 00eb 43794465 		.ascii	"CyDelayUs\000"
 844      6C617955 
 844      7300
 845              	.LASF10:
 846 00f5 75696E74 		.ascii	"uint32\000"
 846      333200
 847              	.LASF34:
 848 00fc 6D61696E 		.ascii	"main\000"
 848      00
 849              	.LASF8:
 850 0101 756E7369 		.ascii	"unsigned int\000"
 850      676E6564 
 850      20696E74 
 850      00
 851              	.LASF7:
 852 010e 6C6F6E67 		.ascii	"long long unsigned int\000"
 852      206C6F6E 
 852      6720756E 
 852      7369676E 
 852      65642069 
 853              	.LASF30:
 854 0125 474E5520 		.ascii	"GNU C11 5.4.1 20160609 (release) [ARM/embedded-5-br"
 854      43313120 
 854      352E342E 
ARM GAS  C:\Users\Jeremias\AppData\Local\Temp\ccB7ptNJ.s 			page 18


 854      31203230 
 854      31363036 
 855 0158 616E6368 		.ascii	"anch revision 237715] -mcpu=cortex-m0 -mthumb -g -O"
 855      20726576 
 855      6973696F 
 855      6E203233 
 855      37373135 
 856 018b 67202D66 		.ascii	"g -ffunction-sections -ffat-lto-objects\000"
 856      66756E63 
 856      74696F6E 
 856      2D736563 
 856      74696F6E 
 857              	.LASF15:
 858 01b3 73697A65 		.ascii	"sizetype\000"
 858      74797065 
 858      00
 859              	.LASF6:
 860 01bc 6C6F6E67 		.ascii	"long long int\000"
 860      206C6F6E 
 860      6720696E 
 860      7400
 861              	.LASF16:
 862 01ca 50574D5F 		.ascii	"PWM_INT_Handler\000"
 862      494E545F 
 862      48616E64 
 862      6C657200 
 863              	.LASF13:
 864 01da 63686172 		.ascii	"char\000"
 864      00
 865              	.LASF33:
 866 01df 65737461 		.ascii	"estado_int\000"
 866      646F5F69 
 866      6E7400
 867              	.LASF2:
 868 01ea 73686F72 		.ascii	"short int\000"
 868      7420696E 
 868      7400
 869              	.LASF32:
 870 01f4 443A5C45 		.ascii	"D:\\ESCRITORIO\\Tesis MIB\\Proyecto de Tesis\\elect"
 870      53435249 
 870      544F5249 
 870      4F5C5465 
 870      73697320 
 871 0223 726F6573 		.ascii	"roestimulador\\PSoC\\electroestimulador\\WorkspaceM"
 871      74696D75 
 871      6C61646F 
 871      725C5053 
 871      6F435C65 
 872 0253 4942325C 		.ascii	"IB2\\Prueba PWM con TCPWM.cydsn\000"
 872      50727565 
 872      62612050 
 872      574D2063 
 872      6F6E2054 
 873              	.LASF22:
 874 0272 50696E5F 		.ascii	"Pin_INT_CC_Read\000"
 874      494E545F 
 874      43435F52 
ARM GAS  C:\Users\Jeremias\AppData\Local\Temp\ccB7ptNJ.s 			page 19


 874      65616400 
 875              	.LASF24:
 876 0282 50574D5F 		.ascii	"PWM_1_Stop\000"
 876      315F5374 
 876      6F7000
 877              	.LASF4:
 878 028d 6C6F6E67 		.ascii	"long int\000"
 878      20696E74 
 878      00
 879              	.LASF14:
 880 0296 6C6F6E67 		.ascii	"long double\000"
 880      20646F75 
 880      626C6500 
 881              	.LASF0:
 882 02a2 7369676E 		.ascii	"signed char\000"
 882      65642063 
 882      68617200 
 883              	.LASF35:
 884 02ae 65737461 		.ascii	"estado\000"
 884      646F00
 885              	.LASF20:
 886 02b5 50696E5F 		.ascii	"Pin_INT_TC_Write\000"
 886      494E545F 
 886      54435F57 
 886      72697465 
 886      00
 887              	.LASF25:
 888 02c6 50574D5F 		.ascii	"PWM_1_Start\000"
 888      315F5374 
 888      61727400 
 889              		.ident	"GCC: (GNU Tools for ARM Embedded Processors) 5.4.1 20160609 (release) [ARM/embedded-5-bran
