ARM GAS  C:\Users\Jeremias\AppData\Local\Temp\ccMc3GKI.s 			page 1


   1              		.syntax unified
   2              		.cpu cortex-m0
   3              		.fpu softvfp
   4              		.eabi_attribute 20, 1
   5              		.eabi_attribute 21, 1
   6              		.eabi_attribute 23, 3
   7              		.eabi_attribute 24, 1
   8              		.eabi_attribute 25, 1
   9              		.eabi_attribute 26, 1
  10              		.eabi_attribute 30, 6
  11              		.eabi_attribute 34, 0
  12              		.eabi_attribute 18, 4
  13              		.thumb
  14              		.syntax unified
  15              		.file	"cyfitter_cfg.c"
  16              		.text
  17              	.Ltext0:
  18              		.cfi_sections	.debug_frame
  19              		.section	.text.CYMEMZERO,"ax",%progbits
  20              		.align	2
  21              		.code	16
  22              		.thumb_func
  23              		.type	CYMEMZERO, %function
  24              	CYMEMZERO:
  25              	.LFB0:
  26              		.file 1 "Generated_Source\\PSoC4\\cyfitter_cfg.c"
   1:Generated_Source\PSoC4/cyfitter_cfg.c **** 
   2:Generated_Source\PSoC4/cyfitter_cfg.c **** /*******************************************************************************
   3:Generated_Source\PSoC4/cyfitter_cfg.c **** * File Name: cyfitter_cfg.c
   4:Generated_Source\PSoC4/cyfitter_cfg.c **** * 
   5:Generated_Source\PSoC4/cyfitter_cfg.c **** * PSoC Creator  4.4
   6:Generated_Source\PSoC4/cyfitter_cfg.c **** *
   7:Generated_Source\PSoC4/cyfitter_cfg.c **** * Description:
   8:Generated_Source\PSoC4/cyfitter_cfg.c **** * This file contains device initialization code.
   9:Generated_Source\PSoC4/cyfitter_cfg.c **** * Except for the user defined sections in CyClockStartupError(), this file should not be modified.
  10:Generated_Source\PSoC4/cyfitter_cfg.c **** * This file is automatically generated by PSoC Creator.
  11:Generated_Source\PSoC4/cyfitter_cfg.c **** *
  12:Generated_Source\PSoC4/cyfitter_cfg.c **** ********************************************************************************
  13:Generated_Source\PSoC4/cyfitter_cfg.c **** * Copyright (c) 2007-2020 Cypress Semiconductor.  All rights reserved.
  14:Generated_Source\PSoC4/cyfitter_cfg.c **** * You may use this file only in accordance with the license, terms, conditions, 
  15:Generated_Source\PSoC4/cyfitter_cfg.c **** * disclaimers, and limitations in the end user license agreement accompanying 
  16:Generated_Source\PSoC4/cyfitter_cfg.c **** * the software package with which this file was provided.
  17:Generated_Source\PSoC4/cyfitter_cfg.c **** ********************************************************************************/
  18:Generated_Source\PSoC4/cyfitter_cfg.c **** 
  19:Generated_Source\PSoC4/cyfitter_cfg.c **** #include <string.h>
  20:Generated_Source\PSoC4/cyfitter_cfg.c **** #include "cytypes.h"
  21:Generated_Source\PSoC4/cyfitter_cfg.c **** #include "cydevice_trm.h"
  22:Generated_Source\PSoC4/cyfitter_cfg.c **** #include "cyfitter.h"
  23:Generated_Source\PSoC4/cyfitter_cfg.c **** #include "CyLib.h"
  24:Generated_Source\PSoC4/cyfitter_cfg.c **** #include "cyfitter_cfg.h"
  25:Generated_Source\PSoC4/cyfitter_cfg.c **** 
  26:Generated_Source\PSoC4/cyfitter_cfg.c **** 
  27:Generated_Source\PSoC4/cyfitter_cfg.c **** #if defined(__GNUC__) || defined(__ARMCC_VERSION)
  28:Generated_Source\PSoC4/cyfitter_cfg.c ****     #define CYPACKED 
  29:Generated_Source\PSoC4/cyfitter_cfg.c ****     #define CYPACKED_ATTR __attribute__ ((packed))
  30:Generated_Source\PSoC4/cyfitter_cfg.c ****     #define CYALIGNED __attribute__ ((aligned))
  31:Generated_Source\PSoC4/cyfitter_cfg.c ****     #define CY_CFG_UNUSED __attribute__ ((unused))
ARM GAS  C:\Users\Jeremias\AppData\Local\Temp\ccMc3GKI.s 			page 2


  32:Generated_Source\PSoC4/cyfitter_cfg.c ****     #ifndef CY_CFG_SECTION
  33:Generated_Source\PSoC4/cyfitter_cfg.c ****         #define CY_CFG_SECTION __attribute__ ((section(".psocinit")))
  34:Generated_Source\PSoC4/cyfitter_cfg.c ****     #endif
  35:Generated_Source\PSoC4/cyfitter_cfg.c ****     
  36:Generated_Source\PSoC4/cyfitter_cfg.c ****     #if defined(__ARMCC_VERSION)
  37:Generated_Source\PSoC4/cyfitter_cfg.c ****         #define CY_CFG_MEMORY_BARRIER() __memory_changed()
  38:Generated_Source\PSoC4/cyfitter_cfg.c ****     #else
  39:Generated_Source\PSoC4/cyfitter_cfg.c ****         #define CY_CFG_MEMORY_BARRIER() __sync_synchronize()
  40:Generated_Source\PSoC4/cyfitter_cfg.c ****     #endif
  41:Generated_Source\PSoC4/cyfitter_cfg.c ****     
  42:Generated_Source\PSoC4/cyfitter_cfg.c **** #elif defined(__ICCARM__)
  43:Generated_Source\PSoC4/cyfitter_cfg.c ****     #include <intrinsics.h>
  44:Generated_Source\PSoC4/cyfitter_cfg.c **** 
  45:Generated_Source\PSoC4/cyfitter_cfg.c ****     #define CYPACKED __packed
  46:Generated_Source\PSoC4/cyfitter_cfg.c ****     #define CYPACKED_ATTR 
  47:Generated_Source\PSoC4/cyfitter_cfg.c ****     #define CYALIGNED _Pragma("data_alignment=4")
  48:Generated_Source\PSoC4/cyfitter_cfg.c ****     #define CY_CFG_UNUSED _Pragma("diag_suppress=Pe177")
  49:Generated_Source\PSoC4/cyfitter_cfg.c ****     #define CY_CFG_SECTION _Pragma("location=\".psocinit\"")
  50:Generated_Source\PSoC4/cyfitter_cfg.c ****     
  51:Generated_Source\PSoC4/cyfitter_cfg.c ****     #define CY_CFG_MEMORY_BARRIER() __DMB()
  52:Generated_Source\PSoC4/cyfitter_cfg.c ****     
  53:Generated_Source\PSoC4/cyfitter_cfg.c **** #else
  54:Generated_Source\PSoC4/cyfitter_cfg.c ****     #error Unsupported toolchain
  55:Generated_Source\PSoC4/cyfitter_cfg.c **** #endif
  56:Generated_Source\PSoC4/cyfitter_cfg.c **** 
  57:Generated_Source\PSoC4/cyfitter_cfg.c **** #ifndef CYCODE
  58:Generated_Source\PSoC4/cyfitter_cfg.c ****     #define CYCODE
  59:Generated_Source\PSoC4/cyfitter_cfg.c **** #endif
  60:Generated_Source\PSoC4/cyfitter_cfg.c **** #ifndef CYDATA
  61:Generated_Source\PSoC4/cyfitter_cfg.c ****     #define CYDATA
  62:Generated_Source\PSoC4/cyfitter_cfg.c **** #endif
  63:Generated_Source\PSoC4/cyfitter_cfg.c **** #ifndef CYFAR
  64:Generated_Source\PSoC4/cyfitter_cfg.c ****     #define CYFAR
  65:Generated_Source\PSoC4/cyfitter_cfg.c **** #endif
  66:Generated_Source\PSoC4/cyfitter_cfg.c **** #ifndef CYXDATA
  67:Generated_Source\PSoC4/cyfitter_cfg.c ****     #define CYXDATA
  68:Generated_Source\PSoC4/cyfitter_cfg.c **** #endif
  69:Generated_Source\PSoC4/cyfitter_cfg.c **** 
  70:Generated_Source\PSoC4/cyfitter_cfg.c **** 
  71:Generated_Source\PSoC4/cyfitter_cfg.c **** CY_CFG_UNUSED
  72:Generated_Source\PSoC4/cyfitter_cfg.c **** static void CYMEMZERO(void *s, size_t n);
  73:Generated_Source\PSoC4/cyfitter_cfg.c **** CY_CFG_UNUSED
  74:Generated_Source\PSoC4/cyfitter_cfg.c **** static void CYMEMZERO(void *s, size_t n)
  75:Generated_Source\PSoC4/cyfitter_cfg.c **** {
  27              		.loc 1 75 0
  28              		.cfi_startproc
  29              		@ args = 0, pretend = 0, frame = 8
  30              		@ frame_needed = 1, uses_anonymous_args = 0
  31 0000 80B5     		push	{r7, lr}
  32              		.cfi_def_cfa_offset 8
  33              		.cfi_offset 7, -8
  34              		.cfi_offset 14, -4
  35 0002 82B0     		sub	sp, sp, #8
  36              		.cfi_def_cfa_offset 16
  37 0004 00AF     		add	r7, sp, #0
  38              		.cfi_def_cfa_register 7
  39 0006 7860     		str	r0, [r7, #4]
ARM GAS  C:\Users\Jeremias\AppData\Local\Temp\ccMc3GKI.s 			page 3


  40 0008 3960     		str	r1, [r7]
  76:Generated_Source\PSoC4/cyfitter_cfg.c **** 	(void)memset(s, 0, n);
  41              		.loc 1 76 0
  42 000a 3A68     		ldr	r2, [r7]
  43 000c 7B68     		ldr	r3, [r7, #4]
  44 000e 0021     		movs	r1, #0
  45 0010 1800     		movs	r0, r3
  46 0012 FFF7FEFF 		bl	memset
  77:Generated_Source\PSoC4/cyfitter_cfg.c **** }
  47              		.loc 1 77 0
  48 0016 C046     		nop
  49 0018 BD46     		mov	sp, r7
  50 001a 02B0     		add	sp, sp, #8
  51              		@ sp needed
  52 001c 80BD     		pop	{r7, pc}
  53              		.cfi_endproc
  54              	.LFE0:
  55              		.size	CYMEMZERO, .-CYMEMZERO
  56 001e C046     		.section	.text.CYCONFIGCPY,"ax",%progbits
  57              		.align	2
  58              		.code	16
  59              		.thumb_func
  60              		.type	CYCONFIGCPY, %function
  61              	CYCONFIGCPY:
  62              	.LFB1:
  78:Generated_Source\PSoC4/cyfitter_cfg.c **** CY_CFG_UNUSED
  79:Generated_Source\PSoC4/cyfitter_cfg.c **** static void CYCONFIGCPY(void *dest, const void *src, size_t n);
  80:Generated_Source\PSoC4/cyfitter_cfg.c **** CY_CFG_UNUSED
  81:Generated_Source\PSoC4/cyfitter_cfg.c **** static void CYCONFIGCPY(void *dest, const void *src, size_t n)
  82:Generated_Source\PSoC4/cyfitter_cfg.c **** {
  63              		.loc 1 82 0
  64              		.cfi_startproc
  65              		@ args = 0, pretend = 0, frame = 16
  66              		@ frame_needed = 1, uses_anonymous_args = 0
  67 0000 80B5     		push	{r7, lr}
  68              		.cfi_def_cfa_offset 8
  69              		.cfi_offset 7, -8
  70              		.cfi_offset 14, -4
  71 0002 84B0     		sub	sp, sp, #16
  72              		.cfi_def_cfa_offset 24
  73 0004 00AF     		add	r7, sp, #0
  74              		.cfi_def_cfa_register 7
  75 0006 F860     		str	r0, [r7, #12]
  76 0008 B960     		str	r1, [r7, #8]
  77 000a 7A60     		str	r2, [r7, #4]
  83:Generated_Source\PSoC4/cyfitter_cfg.c **** 	(void)memcpy(dest, src, n);
  78              		.loc 1 83 0
  79 000c 7A68     		ldr	r2, [r7, #4]
  80 000e B968     		ldr	r1, [r7, #8]
  81 0010 FB68     		ldr	r3, [r7, #12]
  82 0012 1800     		movs	r0, r3
  83 0014 FFF7FEFF 		bl	memcpy
  84:Generated_Source\PSoC4/cyfitter_cfg.c **** }
  84              		.loc 1 84 0
  85 0018 C046     		nop
  86 001a BD46     		mov	sp, r7
  87 001c 04B0     		add	sp, sp, #16
ARM GAS  C:\Users\Jeremias\AppData\Local\Temp\ccMc3GKI.s 			page 4


  88              		@ sp needed
  89 001e 80BD     		pop	{r7, pc}
  90              		.cfi_endproc
  91              	.LFE1:
  92              		.size	CYCONFIGCPY, .-CYCONFIGCPY
  93              		.section	.text.CYCONFIGCPYCODE,"ax",%progbits
  94              		.align	2
  95              		.code	16
  96              		.thumb_func
  97              		.type	CYCONFIGCPYCODE, %function
  98              	CYCONFIGCPYCODE:
  99              	.LFB2:
  85:Generated_Source\PSoC4/cyfitter_cfg.c **** CY_CFG_UNUSED
  86:Generated_Source\PSoC4/cyfitter_cfg.c **** static void CYCONFIGCPYCODE(void *dest, const void *src, size_t n);
  87:Generated_Source\PSoC4/cyfitter_cfg.c **** CY_CFG_UNUSED
  88:Generated_Source\PSoC4/cyfitter_cfg.c **** static void CYCONFIGCPYCODE(void *dest, const void *src, size_t n)
  89:Generated_Source\PSoC4/cyfitter_cfg.c **** {
 100              		.loc 1 89 0
 101              		.cfi_startproc
 102              		@ args = 0, pretend = 0, frame = 16
 103              		@ frame_needed = 1, uses_anonymous_args = 0
 104 0000 80B5     		push	{r7, lr}
 105              		.cfi_def_cfa_offset 8
 106              		.cfi_offset 7, -8
 107              		.cfi_offset 14, -4
 108 0002 84B0     		sub	sp, sp, #16
 109              		.cfi_def_cfa_offset 24
 110 0004 00AF     		add	r7, sp, #0
 111              		.cfi_def_cfa_register 7
 112 0006 F860     		str	r0, [r7, #12]
 113 0008 B960     		str	r1, [r7, #8]
 114 000a 7A60     		str	r2, [r7, #4]
  90:Generated_Source\PSoC4/cyfitter_cfg.c **** 	(void)memcpy(dest, src, n);
 115              		.loc 1 90 0
 116 000c 7A68     		ldr	r2, [r7, #4]
 117 000e B968     		ldr	r1, [r7, #8]
 118 0010 FB68     		ldr	r3, [r7, #12]
 119 0012 1800     		movs	r0, r3
 120 0014 FFF7FEFF 		bl	memcpy
  91:Generated_Source\PSoC4/cyfitter_cfg.c **** }
 121              		.loc 1 91 0
 122 0018 C046     		nop
 123 001a BD46     		mov	sp, r7
 124 001c 04B0     		add	sp, sp, #16
 125              		@ sp needed
 126 001e 80BD     		pop	{r7, pc}
 127              		.cfi_endproc
 128              	.LFE2:
 129              		.size	CYCONFIGCPYCODE, .-CYCONFIGCPYCODE
 130              		.section	.text.cfg_write_bytes32,"ax",%progbits
 131              		.align	2
 132              		.code	16
 133              		.thumb_func
 134              		.type	cfg_write_bytes32, %function
 135              	cfg_write_bytes32:
 136              	.LFB3:
  92:Generated_Source\PSoC4/cyfitter_cfg.c **** 
ARM GAS  C:\Users\Jeremias\AppData\Local\Temp\ccMc3GKI.s 			page 5


  93:Generated_Source\PSoC4/cyfitter_cfg.c **** 
  94:Generated_Source\PSoC4/cyfitter_cfg.c **** 
  95:Generated_Source\PSoC4/cyfitter_cfg.c **** 
  96:Generated_Source\PSoC4/cyfitter_cfg.c **** /* Clock startup error codes                                                   */
  97:Generated_Source\PSoC4/cyfitter_cfg.c **** #define CYCLOCKSTART_NO_ERROR    0u
  98:Generated_Source\PSoC4/cyfitter_cfg.c **** #define CYCLOCKSTART_XTAL_ERROR  1u
  99:Generated_Source\PSoC4/cyfitter_cfg.c **** #define CYCLOCKSTART_32KHZ_ERROR 2u
 100:Generated_Source\PSoC4/cyfitter_cfg.c **** #define CYCLOCKSTART_PLL_ERROR   3u
 101:Generated_Source\PSoC4/cyfitter_cfg.c **** #define CYCLOCKSTART_FLL_ERROR   4u
 102:Generated_Source\PSoC4/cyfitter_cfg.c **** #define CYCLOCKSTART_WCO_ERROR   5u
 103:Generated_Source\PSoC4/cyfitter_cfg.c **** 
 104:Generated_Source\PSoC4/cyfitter_cfg.c **** 
 105:Generated_Source\PSoC4/cyfitter_cfg.c **** #ifdef CY_NEED_CYCLOCKSTARTUPERROR
 106:Generated_Source\PSoC4/cyfitter_cfg.c **** /*******************************************************************************
 107:Generated_Source\PSoC4/cyfitter_cfg.c **** * Function Name: CyClockStartupError
 108:Generated_Source\PSoC4/cyfitter_cfg.c **** ********************************************************************************
 109:Generated_Source\PSoC4/cyfitter_cfg.c **** * Summary:
 110:Generated_Source\PSoC4/cyfitter_cfg.c **** *  If an error is encountered during clock configuration (crystal startup error,
 111:Generated_Source\PSoC4/cyfitter_cfg.c **** *  PLL lock error, etc.), the system will end up here.  Unless reimplemented by
 112:Generated_Source\PSoC4/cyfitter_cfg.c **** *  the customer, this function will stop in an infinite loop.
 113:Generated_Source\PSoC4/cyfitter_cfg.c **** *
 114:Generated_Source\PSoC4/cyfitter_cfg.c **** * Parameters:
 115:Generated_Source\PSoC4/cyfitter_cfg.c **** *   void
 116:Generated_Source\PSoC4/cyfitter_cfg.c **** *
 117:Generated_Source\PSoC4/cyfitter_cfg.c **** * Return:
 118:Generated_Source\PSoC4/cyfitter_cfg.c **** *   void
 119:Generated_Source\PSoC4/cyfitter_cfg.c **** *
 120:Generated_Source\PSoC4/cyfitter_cfg.c **** *******************************************************************************/
 121:Generated_Source\PSoC4/cyfitter_cfg.c **** CY_CFG_UNUSED
 122:Generated_Source\PSoC4/cyfitter_cfg.c **** static void CyClockStartupError(uint8 errorCode);
 123:Generated_Source\PSoC4/cyfitter_cfg.c **** CY_CFG_UNUSED
 124:Generated_Source\PSoC4/cyfitter_cfg.c **** static void CyClockStartupError(uint8 errorCode)
 125:Generated_Source\PSoC4/cyfitter_cfg.c **** {
 126:Generated_Source\PSoC4/cyfitter_cfg.c ****     /* To remove the compiler warning if errorCode not used.                */
 127:Generated_Source\PSoC4/cyfitter_cfg.c ****     errorCode = errorCode;
 128:Generated_Source\PSoC4/cyfitter_cfg.c **** 
 129:Generated_Source\PSoC4/cyfitter_cfg.c ****     /* If we have a clock startup error (bad MHz crystal, PLL lock, etc.),  */
 130:Generated_Source\PSoC4/cyfitter_cfg.c ****     /* we will end up here to allow the customer to implement something to  */
 131:Generated_Source\PSoC4/cyfitter_cfg.c ****     /* deal with the clock condition.                                       */
 132:Generated_Source\PSoC4/cyfitter_cfg.c **** 
 133:Generated_Source\PSoC4/cyfitter_cfg.c **** #ifdef CY_CFG_CLOCK_STARTUP_ERROR_CALLBACK
 134:Generated_Source\PSoC4/cyfitter_cfg.c ****     CY_CFG_Clock_Startup_ErrorCallback();
 135:Generated_Source\PSoC4/cyfitter_cfg.c **** #else
 136:Generated_Source\PSoC4/cyfitter_cfg.c ****     /*  If not using CY_CFG_CLOCK_STARTUP_ERROR_CALLBACK, place your clock startup code here. */
 137:Generated_Source\PSoC4/cyfitter_cfg.c ****     /* `#START CyClockStartupError` */
 138:Generated_Source\PSoC4/cyfitter_cfg.c **** 
 139:Generated_Source\PSoC4/cyfitter_cfg.c **** 
 140:Generated_Source\PSoC4/cyfitter_cfg.c **** 
 141:Generated_Source\PSoC4/cyfitter_cfg.c ****     /* `#END` */
 142:Generated_Source\PSoC4/cyfitter_cfg.c **** 
 143:Generated_Source\PSoC4/cyfitter_cfg.c ****     while(1) {}
 144:Generated_Source\PSoC4/cyfitter_cfg.c **** #endif /* CY_CFG_CLOCK_STARTUP_ERROR_CALLBACK */
 145:Generated_Source\PSoC4/cyfitter_cfg.c **** }
 146:Generated_Source\PSoC4/cyfitter_cfg.c **** #endif
 147:Generated_Source\PSoC4/cyfitter_cfg.c **** 
 148:Generated_Source\PSoC4/cyfitter_cfg.c **** #define CY_CFG_BASE_ADDR_COUNT 6u
 149:Generated_Source\PSoC4/cyfitter_cfg.c **** CYPACKED typedef struct
ARM GAS  C:\Users\Jeremias\AppData\Local\Temp\ccMc3GKI.s 			page 6


 150:Generated_Source\PSoC4/cyfitter_cfg.c **** {
 151:Generated_Source\PSoC4/cyfitter_cfg.c **** 	uint8 offset;
 152:Generated_Source\PSoC4/cyfitter_cfg.c **** 	uint8 value;
 153:Generated_Source\PSoC4/cyfitter_cfg.c **** } CYPACKED_ATTR cy_cfg_addrvalue_t;
 154:Generated_Source\PSoC4/cyfitter_cfg.c **** 
 155:Generated_Source\PSoC4/cyfitter_cfg.c **** 
 156:Generated_Source\PSoC4/cyfitter_cfg.c **** 
 157:Generated_Source\PSoC4/cyfitter_cfg.c **** /*******************************************************************************
 158:Generated_Source\PSoC4/cyfitter_cfg.c **** * Function Name: cfg_write_bytes32
 159:Generated_Source\PSoC4/cyfitter_cfg.c **** ********************************************************************************
 160:Generated_Source\PSoC4/cyfitter_cfg.c **** * Summary:
 161:Generated_Source\PSoC4/cyfitter_cfg.c **** *  This function is used for setting up the chip configuration areas that
 162:Generated_Source\PSoC4/cyfitter_cfg.c **** *  contain relatively sparse data.
 163:Generated_Source\PSoC4/cyfitter_cfg.c **** *
 164:Generated_Source\PSoC4/cyfitter_cfg.c **** * Parameters:
 165:Generated_Source\PSoC4/cyfitter_cfg.c **** *   void
 166:Generated_Source\PSoC4/cyfitter_cfg.c **** *
 167:Generated_Source\PSoC4/cyfitter_cfg.c **** * Return:
 168:Generated_Source\PSoC4/cyfitter_cfg.c **** *   void
 169:Generated_Source\PSoC4/cyfitter_cfg.c **** *
 170:Generated_Source\PSoC4/cyfitter_cfg.c **** *******************************************************************************/
 171:Generated_Source\PSoC4/cyfitter_cfg.c **** static void cfg_write_bytes32(const uint32 addr_table[], const cy_cfg_addrvalue_t data_table[]);
 172:Generated_Source\PSoC4/cyfitter_cfg.c **** static void cfg_write_bytes32(const uint32 addr_table[], const cy_cfg_addrvalue_t data_table[])
 173:Generated_Source\PSoC4/cyfitter_cfg.c **** {
 137              		.loc 1 173 0
 138              		.cfi_startproc
 139              		@ args = 0, pretend = 0, frame = 24
 140              		@ frame_needed = 1, uses_anonymous_args = 0
 141 0000 80B5     		push	{r7, lr}
 142              		.cfi_def_cfa_offset 8
 143              		.cfi_offset 7, -8
 144              		.cfi_offset 14, -4
 145 0002 86B0     		sub	sp, sp, #24
 146              		.cfi_def_cfa_offset 32
 147 0004 00AF     		add	r7, sp, #0
 148              		.cfi_def_cfa_register 7
 149 0006 7860     		str	r0, [r7, #4]
 150 0008 3960     		str	r1, [r7]
 174:Generated_Source\PSoC4/cyfitter_cfg.c **** 	/* For 32-bit little-endian architectures */
 175:Generated_Source\PSoC4/cyfitter_cfg.c **** 	uint32 i, j = 0u;
 151              		.loc 1 175 0
 152 000a 0023     		movs	r3, #0
 153 000c 3B61     		str	r3, [r7, #16]
 176:Generated_Source\PSoC4/cyfitter_cfg.c **** 	for (i = 0u; i < CY_CFG_BASE_ADDR_COUNT; i++)
 154              		.loc 1 176 0
 155 000e 0023     		movs	r3, #0
 156 0010 7B61     		str	r3, [r7, #20]
 157 0012 2FE0     		b	.L5
 158              	.L8:
 159              	.LBB2:
 177:Generated_Source\PSoC4/cyfitter_cfg.c **** 	{
 178:Generated_Source\PSoC4/cyfitter_cfg.c **** 		uint32 baseAddr = addr_table[i];
 160              		.loc 1 178 0
 161 0014 7B69     		ldr	r3, [r7, #20]
 162 0016 9B00     		lsls	r3, r3, #2
 163 0018 7A68     		ldr	r2, [r7, #4]
 164 001a D318     		adds	r3, r2, r3
ARM GAS  C:\Users\Jeremias\AppData\Local\Temp\ccMc3GKI.s 			page 7


 165 001c 1B68     		ldr	r3, [r3]
 166 001e BB60     		str	r3, [r7, #8]
 179:Generated_Source\PSoC4/cyfitter_cfg.c **** 		uint8 count = (uint8)baseAddr;
 167              		.loc 1 179 0
 168 0020 0F23     		movs	r3, #15
 169 0022 FB18     		adds	r3, r7, r3
 170 0024 BA68     		ldr	r2, [r7, #8]
 171 0026 1A70     		strb	r2, [r3]
 180:Generated_Source\PSoC4/cyfitter_cfg.c **** 		baseAddr &= 0xFFFFFF00u;
 172              		.loc 1 180 0
 173 0028 BB68     		ldr	r3, [r7, #8]
 174 002a FF22     		movs	r2, #255
 175 002c 9343     		bics	r3, r2
 176 002e BB60     		str	r3, [r7, #8]
 181:Generated_Source\PSoC4/cyfitter_cfg.c **** 		while (count != 0u)
 177              		.loc 1 181 0
 178 0030 18E0     		b	.L6
 179              	.L7:
 182:Generated_Source\PSoC4/cyfitter_cfg.c **** 		{
 183:Generated_Source\PSoC4/cyfitter_cfg.c **** 			CY_SET_REG8((void *)(baseAddr + data_table[j].offset), data_table[j].value);
 180              		.loc 1 183 0
 181 0032 3B69     		ldr	r3, [r7, #16]
 182 0034 5B00     		lsls	r3, r3, #1
 183 0036 3A68     		ldr	r2, [r7]
 184 0038 D318     		adds	r3, r2, r3
 185 003a 1B78     		ldrb	r3, [r3]
 186 003c 1A00     		movs	r2, r3
 187 003e BB68     		ldr	r3, [r7, #8]
 188 0040 D318     		adds	r3, r2, r3
 189 0042 1900     		movs	r1, r3
 190 0044 3B69     		ldr	r3, [r7, #16]
 191 0046 5B00     		lsls	r3, r3, #1
 192 0048 3A68     		ldr	r2, [r7]
 193 004a D318     		adds	r3, r2, r3
 194 004c 5B78     		ldrb	r3, [r3, #1]
 195 004e 0B70     		strb	r3, [r1]
 184:Generated_Source\PSoC4/cyfitter_cfg.c **** 			j++;
 196              		.loc 1 184 0
 197 0050 3B69     		ldr	r3, [r7, #16]
 198 0052 0133     		adds	r3, r3, #1
 199 0054 3B61     		str	r3, [r7, #16]
 185:Generated_Source\PSoC4/cyfitter_cfg.c **** 			count--;
 200              		.loc 1 185 0
 201 0056 0F23     		movs	r3, #15
 202 0058 FB18     		adds	r3, r7, r3
 203 005a 1A78     		ldrb	r2, [r3]
 204 005c 0F23     		movs	r3, #15
 205 005e FB18     		adds	r3, r7, r3
 206 0060 013A     		subs	r2, r2, #1
 207 0062 1A70     		strb	r2, [r3]
 208              	.L6:
 181:Generated_Source\PSoC4/cyfitter_cfg.c **** 		{
 209              		.loc 1 181 0
 210 0064 0F23     		movs	r3, #15
 211 0066 FB18     		adds	r3, r7, r3
 212 0068 1B78     		ldrb	r3, [r3]
 213 006a 002B     		cmp	r3, #0
ARM GAS  C:\Users\Jeremias\AppData\Local\Temp\ccMc3GKI.s 			page 8


 214 006c E1D1     		bne	.L7
 215              	.LBE2:
 176:Generated_Source\PSoC4/cyfitter_cfg.c **** 	{
 216              		.loc 1 176 0 discriminator 2
 217 006e 7B69     		ldr	r3, [r7, #20]
 218 0070 0133     		adds	r3, r3, #1
 219 0072 7B61     		str	r3, [r7, #20]
 220              	.L5:
 176:Generated_Source\PSoC4/cyfitter_cfg.c **** 	{
 221              		.loc 1 176 0 is_stmt 0 discriminator 1
 222 0074 7B69     		ldr	r3, [r7, #20]
 223 0076 052B     		cmp	r3, #5
 224 0078 CCD9     		bls	.L8
 186:Generated_Source\PSoC4/cyfitter_cfg.c **** 		}
 187:Generated_Source\PSoC4/cyfitter_cfg.c **** 	}
 188:Generated_Source\PSoC4/cyfitter_cfg.c **** }
 225              		.loc 1 188 0 is_stmt 1
 226 007a C046     		nop
 227 007c BD46     		mov	sp, r7
 228 007e 06B0     		add	sp, sp, #24
 229              		@ sp needed
 230 0080 80BD     		pop	{r7, pc}
 231              		.cfi_endproc
 232              	.LFE3:
 233              		.size	cfg_write_bytes32, .-cfg_write_bytes32
 234 0082 C046     		.section	.psocinit,"ax",%progbits
 235              		.align	2
 236              		.code	16
 237              		.thumb_func
 238              		.type	ClockSetup, %function
 239              	ClockSetup:
 240              	.LFB4:
 189:Generated_Source\PSoC4/cyfitter_cfg.c **** 
 190:Generated_Source\PSoC4/cyfitter_cfg.c **** 
 191:Generated_Source\PSoC4/cyfitter_cfg.c **** /*******************************************************************************
 192:Generated_Source\PSoC4/cyfitter_cfg.c **** * Function Name: ClockSetup
 193:Generated_Source\PSoC4/cyfitter_cfg.c **** ********************************************************************************
 194:Generated_Source\PSoC4/cyfitter_cfg.c **** *
 195:Generated_Source\PSoC4/cyfitter_cfg.c **** * Summary:
 196:Generated_Source\PSoC4/cyfitter_cfg.c **** *   Performs the initialization of all of the clocks in the device based on the
 197:Generated_Source\PSoC4/cyfitter_cfg.c **** *   settings in the Clock tab of the DWR.  This includes enabling the requested
 198:Generated_Source\PSoC4/cyfitter_cfg.c **** *   clocks and setting the necessary dividers to produce the desired frequency. 
 199:Generated_Source\PSoC4/cyfitter_cfg.c **** *
 200:Generated_Source\PSoC4/cyfitter_cfg.c **** * Parameters:
 201:Generated_Source\PSoC4/cyfitter_cfg.c **** *   void
 202:Generated_Source\PSoC4/cyfitter_cfg.c **** *
 203:Generated_Source\PSoC4/cyfitter_cfg.c **** * Return:
 204:Generated_Source\PSoC4/cyfitter_cfg.c **** *   void
 205:Generated_Source\PSoC4/cyfitter_cfg.c **** *
 206:Generated_Source\PSoC4/cyfitter_cfg.c **** *******************************************************************************/
 207:Generated_Source\PSoC4/cyfitter_cfg.c **** static void ClockSetup(void);
 208:Generated_Source\PSoC4/cyfitter_cfg.c **** CY_CFG_SECTION
 209:Generated_Source\PSoC4/cyfitter_cfg.c **** static void ClockSetup(void)
 210:Generated_Source\PSoC4/cyfitter_cfg.c **** {
 241              		.loc 1 210 0
 242              		.cfi_startproc
 243              		@ args = 0, pretend = 0, frame = 0
ARM GAS  C:\Users\Jeremias\AppData\Local\Temp\ccMc3GKI.s 			page 9


 244              		@ frame_needed = 1, uses_anonymous_args = 0
 245 0000 80B5     		push	{r7, lr}
 246              		.cfi_def_cfa_offset 8
 247              		.cfi_offset 7, -8
 248              		.cfi_offset 14, -4
 249 0002 00AF     		add	r7, sp, #0
 250              		.cfi_def_cfa_register 7
 211:Generated_Source\PSoC4/cyfitter_cfg.c **** 	/* Enable HALF_EN before trimming for the flash accelerator. */
 212:Generated_Source\PSoC4/cyfitter_cfg.c **** 	CY_SET_REG32((void CYXDATA *)(CYREG_CLK_SELECT), (CY_GET_REG32((void *)CYREG_CLK_SELECT) | 0x00040
 251              		.loc 1 212 0
 252 0004 0F4B     		ldr	r3, .L10
 253 0006 0F4A     		ldr	r2, .L10
 254 0008 1268     		ldr	r2, [r2]
 255 000a 8021     		movs	r1, #128
 256 000c C902     		lsls	r1, r1, #11
 257 000e 0A43     		orrs	r2, r1
 258 0010 1A60     		str	r2, [r3]
 213:Generated_Source\PSoC4/cyfitter_cfg.c **** 
 214:Generated_Source\PSoC4/cyfitter_cfg.c **** 	/* Setup and trim IMO based on desired frequency. */
 215:Generated_Source\PSoC4/cyfitter_cfg.c **** 	CySysClkWriteImoFreq(3u);
 259              		.loc 1 215 0
 260 0012 0320     		movs	r0, #3
 261 0014 FFF7FEFF 		bl	CySysClkWriteImoFreq
 216:Generated_Source\PSoC4/cyfitter_cfg.c **** 
 217:Generated_Source\PSoC4/cyfitter_cfg.c **** 	/* Disable HALF_EN since it is not required at this IMO frequency. */
 218:Generated_Source\PSoC4/cyfitter_cfg.c **** 	CY_SET_REG32((void CYXDATA *)(CYREG_CLK_SELECT), (CY_GET_REG32((void *)CYREG_CLK_SELECT) & 0xFFFBF
 262              		.loc 1 218 0
 263 0018 0A4B     		ldr	r3, .L10
 264 001a 0A4A     		ldr	r2, .L10
 265 001c 1268     		ldr	r2, [r2]
 266 001e 0A49     		ldr	r1, .L10+4
 267 0020 0A40     		ands	r2, r1
 268 0022 1A60     		str	r2, [r3]
 219:Generated_Source\PSoC4/cyfitter_cfg.c **** 	/* CYDEV_CLK_ILO_CONFIG Starting address: CYDEV_CLK_ILO_CONFIG */
 220:Generated_Source\PSoC4/cyfitter_cfg.c **** 	CY_SET_REG32((void *)(CYREG_CLK_ILO_CONFIG), 0x80000006u);
 269              		.loc 1 220 0
 270 0024 094B     		ldr	r3, .L10+8
 271 0026 0A4A     		ldr	r2, .L10+12
 272 0028 1A60     		str	r2, [r3]
 221:Generated_Source\PSoC4/cyfitter_cfg.c **** 
 222:Generated_Source\PSoC4/cyfitter_cfg.c **** 
 223:Generated_Source\PSoC4/cyfitter_cfg.c **** 	/* CYDEV_CLK_IMO_CONFIG Starting address: CYDEV_CLK_IMO_CONFIG */
 224:Generated_Source\PSoC4/cyfitter_cfg.c **** 	CY_SET_REG32((void *)(CYREG_CLK_IMO_CONFIG), 0x80000000u);
 273              		.loc 1 224 0
 274 002a 0A4B     		ldr	r3, .L10+16
 275 002c 8022     		movs	r2, #128
 276 002e 1206     		lsls	r2, r2, #24
 277 0030 1A60     		str	r2, [r3]
 225:Generated_Source\PSoC4/cyfitter_cfg.c **** 
 226:Generated_Source\PSoC4/cyfitter_cfg.c **** 	/* CYDEV_CLK_SELECT Starting address: CYDEV_CLK_SELECT */
 227:Generated_Source\PSoC4/cyfitter_cfg.c **** 	CY_SET_REG32((void *)(CYREG_CLK_SELECT), 0x00000000u);
 278              		.loc 1 227 0
 279 0032 044B     		ldr	r3, .L10
 280 0034 0022     		movs	r2, #0
 281 0036 1A60     		str	r2, [r3]
 228:Generated_Source\PSoC4/cyfitter_cfg.c **** 
 229:Generated_Source\PSoC4/cyfitter_cfg.c **** 	CY_SET_REG32((void *)(CYREG_WDT_CONFIG), 0x00000000u);
ARM GAS  C:\Users\Jeremias\AppData\Local\Temp\ccMc3GKI.s 			page 10


 282              		.loc 1 229 0
 283 0038 074B     		ldr	r3, .L10+20
 284 003a 0022     		movs	r2, #0
 285 003c 1A60     		str	r2, [r3]
 230:Generated_Source\PSoC4/cyfitter_cfg.c **** }
 286              		.loc 1 230 0
 287 003e C046     		nop
 288 0040 BD46     		mov	sp, r7
 289              		@ sp needed
 290 0042 80BD     		pop	{r7, pc}
 291              	.L11:
 292              		.align	2
 293              	.L10:
 294 0044 00010B40 		.word	1074462976
 295 0048 FFFFFBFF 		.word	-262145
 296 004c 04010B40 		.word	1074462980
 297 0050 06000080 		.word	-2147483642
 298 0054 08010B40 		.word	1074462984
 299 0058 0C020B40 		.word	1074463244
 300              		.cfi_endproc
 301              	.LFE4:
 302              		.size	ClockSetup, .-ClockSetup
 303              		.section	.text.AnalogSetDefault,"ax",%progbits
 304              		.align	2
 305              		.code	16
 306              		.thumb_func
 307              		.type	AnalogSetDefault, %function
 308              	AnalogSetDefault:
 309              	.LFB5:
 231:Generated_Source\PSoC4/cyfitter_cfg.c **** 
 232:Generated_Source\PSoC4/cyfitter_cfg.c **** 
 233:Generated_Source\PSoC4/cyfitter_cfg.c **** /* Analog API Functions */
 234:Generated_Source\PSoC4/cyfitter_cfg.c **** 
 235:Generated_Source\PSoC4/cyfitter_cfg.c **** 
 236:Generated_Source\PSoC4/cyfitter_cfg.c **** /*******************************************************************************
 237:Generated_Source\PSoC4/cyfitter_cfg.c **** * Function Name: AnalogSetDefault
 238:Generated_Source\PSoC4/cyfitter_cfg.c **** ********************************************************************************
 239:Generated_Source\PSoC4/cyfitter_cfg.c **** *
 240:Generated_Source\PSoC4/cyfitter_cfg.c **** * Summary:
 241:Generated_Source\PSoC4/cyfitter_cfg.c **** *  Sets up the analog portions of the chip to default values based on chip
 242:Generated_Source\PSoC4/cyfitter_cfg.c **** *  configuration options from the project.
 243:Generated_Source\PSoC4/cyfitter_cfg.c **** *
 244:Generated_Source\PSoC4/cyfitter_cfg.c **** * Parameters:
 245:Generated_Source\PSoC4/cyfitter_cfg.c **** *  void
 246:Generated_Source\PSoC4/cyfitter_cfg.c **** *
 247:Generated_Source\PSoC4/cyfitter_cfg.c **** * Return:
 248:Generated_Source\PSoC4/cyfitter_cfg.c **** *  void
 249:Generated_Source\PSoC4/cyfitter_cfg.c **** *
 250:Generated_Source\PSoC4/cyfitter_cfg.c **** *******************************************************************************/
 251:Generated_Source\PSoC4/cyfitter_cfg.c **** static void AnalogSetDefault(void);
 252:Generated_Source\PSoC4/cyfitter_cfg.c **** static void AnalogSetDefault(void)
 253:Generated_Source\PSoC4/cyfitter_cfg.c **** {
 310              		.loc 1 253 0
 311              		.cfi_startproc
 312              		@ args = 0, pretend = 0, frame = 0
 313              		@ frame_needed = 1, uses_anonymous_args = 0
 314 0000 80B5     		push	{r7, lr}
ARM GAS  C:\Users\Jeremias\AppData\Local\Temp\ccMc3GKI.s 			page 11


 315              		.cfi_def_cfa_offset 8
 316              		.cfi_offset 7, -8
 317              		.cfi_offset 14, -4
 318 0002 00AF     		add	r7, sp, #0
 319              		.cfi_def_cfa_register 7
 254:Generated_Source\PSoC4/cyfitter_cfg.c **** }
 320              		.loc 1 254 0
 321 0004 C046     		nop
 322 0006 BD46     		mov	sp, r7
 323              		@ sp needed
 324 0008 80BD     		pop	{r7, pc}
 325              		.cfi_endproc
 326              	.LFE5:
 327              		.size	AnalogSetDefault, .-AnalogSetDefault
 328 000a C046     		.section	.psocinit
 329              		.align	2
 330              		.global	cyfitter_cfg
 331              		.code	16
 332              		.thumb_func
 333              		.type	cyfitter_cfg, %function
 334              	cyfitter_cfg:
 335              	.LFB6:
 255:Generated_Source\PSoC4/cyfitter_cfg.c **** 
 256:Generated_Source\PSoC4/cyfitter_cfg.c **** 
 257:Generated_Source\PSoC4/cyfitter_cfg.c **** 
 258:Generated_Source\PSoC4/cyfitter_cfg.c **** 
 259:Generated_Source\PSoC4/cyfitter_cfg.c **** /*******************************************************************************
 260:Generated_Source\PSoC4/cyfitter_cfg.c **** * Function Name: cyfitter_cfg
 261:Generated_Source\PSoC4/cyfitter_cfg.c **** ********************************************************************************
 262:Generated_Source\PSoC4/cyfitter_cfg.c **** * Summary:
 263:Generated_Source\PSoC4/cyfitter_cfg.c **** *  This function is called by the start-up code for the selected device. It
 264:Generated_Source\PSoC4/cyfitter_cfg.c **** *  performs all of the necessary device configuration based on the design
 265:Generated_Source\PSoC4/cyfitter_cfg.c **** *  settings.  This includes settings from the Design Wide Resources (DWR) such
 266:Generated_Source\PSoC4/cyfitter_cfg.c **** *  as Clocks and Pins as well as any component configuration that is necessary.
 267:Generated_Source\PSoC4/cyfitter_cfg.c **** *
 268:Generated_Source\PSoC4/cyfitter_cfg.c **** * Parameters:
 269:Generated_Source\PSoC4/cyfitter_cfg.c **** *   void
 270:Generated_Source\PSoC4/cyfitter_cfg.c **** *
 271:Generated_Source\PSoC4/cyfitter_cfg.c **** * Return:
 272:Generated_Source\PSoC4/cyfitter_cfg.c **** *   void
 273:Generated_Source\PSoC4/cyfitter_cfg.c **** *
 274:Generated_Source\PSoC4/cyfitter_cfg.c **** *******************************************************************************/
 275:Generated_Source\PSoC4/cyfitter_cfg.c **** CY_CFG_SECTION
 276:Generated_Source\PSoC4/cyfitter_cfg.c **** void cyfitter_cfg(void)
 277:Generated_Source\PSoC4/cyfitter_cfg.c **** {
 336              		.loc 1 277 0
 337              		.cfi_startproc
 338              		@ args = 0, pretend = 0, frame = 8
 339              		@ frame_needed = 1, uses_anonymous_args = 0
 340 005c 80B5     		push	{r7, lr}
 341              		.cfi_def_cfa_offset 8
 342              		.cfi_offset 7, -8
 343              		.cfi_offset 14, -4
 344 005e 82B0     		sub	sp, sp, #8
 345              		.cfi_def_cfa_offset 16
 346 0060 00AF     		add	r7, sp, #0
 347              		.cfi_def_cfa_register 7
ARM GAS  C:\Users\Jeremias\AppData\Local\Temp\ccMc3GKI.s 			page 12


 278:Generated_Source\PSoC4/cyfitter_cfg.c **** 	/* Disable interrupts by default. Let user enable if/when they want. */
 279:Generated_Source\PSoC4/cyfitter_cfg.c **** 	CyGlobalIntDisable;
 348              		.loc 1 279 0
 349              		.syntax divided
 350              	@ 279 "Generated_Source\PSoC4\cyfitter_cfg.c" 1
 351 0062 72B6     		CPSID   i
 352              	@ 0 "" 2
 280:Generated_Source\PSoC4/cyfitter_cfg.c **** 
 281:Generated_Source\PSoC4/cyfitter_cfg.c **** 	/* Enable the clock in the interrupt controller for the routed interrupts */
 282:Generated_Source\PSoC4/cyfitter_cfg.c **** 	CY_SET_REG8((void *)CYREG_UDB_UDBIF_INT_CLK_CTL, 0x01u);
 353              		.loc 1 282 0
 354              		.thumb
 355              		.syntax unified
 356 0064 3E4B     		ldr	r3, .L16
 357 0066 0122     		movs	r2, #1
 358 0068 1A70     		strb	r2, [r3]
 359              	.LBB3:
 283:Generated_Source\PSoC4/cyfitter_cfg.c **** 	{
 284:Generated_Source\PSoC4/cyfitter_cfg.c **** 		static const uint32 CYCODE cy_cfg_addr_table[] = {
 285:Generated_Source\PSoC4/cyfitter_cfg.c **** 			0x400F3008u, /* Base address: 0x400F3000 Count: 8 */
 286:Generated_Source\PSoC4/cyfitter_cfg.c **** 			0x400F3109u, /* Base address: 0x400F3100 Count: 9 */
 287:Generated_Source\PSoC4/cyfitter_cfg.c **** 			0x400F3304u, /* Base address: 0x400F3300 Count: 4 */
 288:Generated_Source\PSoC4/cyfitter_cfg.c **** 			0x400F4007u, /* Base address: 0x400F4000 Count: 7 */
 289:Generated_Source\PSoC4/cyfitter_cfg.c **** 			0x400F4108u, /* Base address: 0x400F4100 Count: 8 */
 290:Generated_Source\PSoC4/cyfitter_cfg.c **** 			0x400F6002u, /* Base address: 0x400F6000 Count: 2 */
 291:Generated_Source\PSoC4/cyfitter_cfg.c **** 		};
 292:Generated_Source\PSoC4/cyfitter_cfg.c **** 
 293:Generated_Source\PSoC4/cyfitter_cfg.c **** 		static const cy_cfg_addrvalue_t CYCODE cy_cfg_data_table[] = {
 294:Generated_Source\PSoC4/cyfitter_cfg.c **** 			{0x96u, 0x03u},
 295:Generated_Source\PSoC4/cyfitter_cfg.c **** 			{0x9Au, 0x01u},
 296:Generated_Source\PSoC4/cyfitter_cfg.c **** 			{0xB0u, 0x01u},
 297:Generated_Source\PSoC4/cyfitter_cfg.c **** 			{0xB4u, 0x02u},
 298:Generated_Source\PSoC4/cyfitter_cfg.c **** 			{0xBAu, 0x2Eu},
 299:Generated_Source\PSoC4/cyfitter_cfg.c **** 			{0xD8u, 0x0Bu},
 300:Generated_Source\PSoC4/cyfitter_cfg.c **** 			{0xDCu, 0x09u},
 301:Generated_Source\PSoC4/cyfitter_cfg.c **** 			{0xDFu, 0x01u},
 302:Generated_Source\PSoC4/cyfitter_cfg.c **** 			{0x0Eu, 0x28u},
 303:Generated_Source\PSoC4/cyfitter_cfg.c **** 			{0x1Cu, 0x80u},
 304:Generated_Source\PSoC4/cyfitter_cfg.c **** 			{0x1Eu, 0x28u},
 305:Generated_Source\PSoC4/cyfitter_cfg.c **** 			{0x7Eu, 0x80u},
 306:Generated_Source\PSoC4/cyfitter_cfg.c **** 			{0x82u, 0x80u},
 307:Generated_Source\PSoC4/cyfitter_cfg.c **** 			{0x88u, 0x40u},
 308:Generated_Source\PSoC4/cyfitter_cfg.c **** 			{0xC2u, 0x60u},
 309:Generated_Source\PSoC4/cyfitter_cfg.c **** 			{0xDEu, 0x80u},
 310:Generated_Source\PSoC4/cyfitter_cfg.c **** 			{0xE6u, 0x20u},
 311:Generated_Source\PSoC4/cyfitter_cfg.c **** 			{0x86u, 0x10u},
 312:Generated_Source\PSoC4/cyfitter_cfg.c **** 			{0xA2u, 0x10u},
 313:Generated_Source\PSoC4/cyfitter_cfg.c **** 			{0xB6u, 0x04u},
 314:Generated_Source\PSoC4/cyfitter_cfg.c **** 			{0xEAu, 0x40u},
 315:Generated_Source\PSoC4/cyfitter_cfg.c **** 			{0x0Fu, 0x08u},
 316:Generated_Source\PSoC4/cyfitter_cfg.c **** 			{0x6Du, 0x80u},
 317:Generated_Source\PSoC4/cyfitter_cfg.c **** 			{0x83u, 0x04u},
 318:Generated_Source\PSoC4/cyfitter_cfg.c **** 			{0x89u, 0x40u},
 319:Generated_Source\PSoC4/cyfitter_cfg.c **** 			{0xC2u, 0x80u},
 320:Generated_Source\PSoC4/cyfitter_cfg.c **** 			{0xDAu, 0x80u},
 321:Generated_Source\PSoC4/cyfitter_cfg.c **** 			{0xE4u, 0x20u},
 322:Generated_Source\PSoC4/cyfitter_cfg.c **** 			{0x63u, 0x02u},
ARM GAS  C:\Users\Jeremias\AppData\Local\Temp\ccMc3GKI.s 			page 13


 323:Generated_Source\PSoC4/cyfitter_cfg.c **** 			{0x66u, 0x02u},
 324:Generated_Source\PSoC4/cyfitter_cfg.c **** 			{0x87u, 0x01u},
 325:Generated_Source\PSoC4/cyfitter_cfg.c **** 			{0x9Au, 0x02u},
 326:Generated_Source\PSoC4/cyfitter_cfg.c **** 			{0xB6u, 0x02u},
 327:Generated_Source\PSoC4/cyfitter_cfg.c **** 			{0xD6u, 0x40u},
 328:Generated_Source\PSoC4/cyfitter_cfg.c **** 			{0xD8u, 0x80u},
 329:Generated_Source\PSoC4/cyfitter_cfg.c **** 			{0xE6u, 0x10u},
 330:Generated_Source\PSoC4/cyfitter_cfg.c **** 			{0x02u, 0x01u},
 331:Generated_Source\PSoC4/cyfitter_cfg.c **** 			{0x11u, 0x01u},
 332:Generated_Source\PSoC4/cyfitter_cfg.c **** 		};
 333:Generated_Source\PSoC4/cyfitter_cfg.c **** 
 334:Generated_Source\PSoC4/cyfitter_cfg.c **** 
 335:Generated_Source\PSoC4/cyfitter_cfg.c **** 
 336:Generated_Source\PSoC4/cyfitter_cfg.c **** 		CYPACKED typedef struct {
 337:Generated_Source\PSoC4/cyfitter_cfg.c **** 			void CYFAR *address;
 338:Generated_Source\PSoC4/cyfitter_cfg.c **** 			uint16 size;
 339:Generated_Source\PSoC4/cyfitter_cfg.c **** 		} CYPACKED_ATTR cfg_memset_t;
 340:Generated_Source\PSoC4/cyfitter_cfg.c **** 
 341:Generated_Source\PSoC4/cyfitter_cfg.c **** 		static const cfg_memset_t CYCODE cfg_memset_list[] = {
 342:Generated_Source\PSoC4/cyfitter_cfg.c **** 			/* address, size */
 343:Generated_Source\PSoC4/cyfitter_cfg.c **** 			{(void CYFAR *)(CYDEV_UDB_P0_U0_BASE), 1024u},
 344:Generated_Source\PSoC4/cyfitter_cfg.c **** 			{(void CYFAR *)(CYDEV_UDB_DSI0_BASE), 1024u},
 345:Generated_Source\PSoC4/cyfitter_cfg.c **** 		};
 346:Generated_Source\PSoC4/cyfitter_cfg.c **** 
 347:Generated_Source\PSoC4/cyfitter_cfg.c **** 		uint8 CYDATA i;
 348:Generated_Source\PSoC4/cyfitter_cfg.c **** 
 349:Generated_Source\PSoC4/cyfitter_cfg.c **** 		/* Zero out critical memory blocks before beginning configuration */
 350:Generated_Source\PSoC4/cyfitter_cfg.c **** 		for (i = 0u; i < (sizeof(cfg_memset_list)/sizeof(cfg_memset_list[0])); i++)
 360              		.loc 1 350 0
 361 006a FB1D     		adds	r3, r7, #7
 362 006c 0022     		movs	r2, #0
 363 006e 1A70     		strb	r2, [r3]
 364 0070 22E0     		b	.L14
 365              	.L15:
 366              	.LBB4:
 351:Generated_Source\PSoC4/cyfitter_cfg.c **** 		{
 352:Generated_Source\PSoC4/cyfitter_cfg.c **** 			const cfg_memset_t CYCODE * CYDATA ms = &cfg_memset_list[i];
 367              		.loc 1 352 0 discriminator 3
 368 0072 FB1D     		adds	r3, r7, #7
 369 0074 1A78     		ldrb	r2, [r3]
 370 0076 1300     		movs	r3, r2
 371 0078 5B00     		lsls	r3, r3, #1
 372 007a 9B18     		adds	r3, r3, r2
 373 007c 5B00     		lsls	r3, r3, #1
 374 007e 394A     		ldr	r2, .L16+4
 375 0080 9B18     		adds	r3, r3, r2
 376 0082 3B60     		str	r3, [r7]
 353:Generated_Source\PSoC4/cyfitter_cfg.c **** 			CYMEMZERO(ms->address, (size_t)(uint32)(ms->size));
 377              		.loc 1 353 0 discriminator 3
 378 0084 3B68     		ldr	r3, [r7]
 379 0086 1A78     		ldrb	r2, [r3]
 380 0088 5978     		ldrb	r1, [r3, #1]
 381 008a 0902     		lsls	r1, r1, #8
 382 008c 0A43     		orrs	r2, r1
 383 008e 9978     		ldrb	r1, [r3, #2]
 384 0090 0904     		lsls	r1, r1, #16
 385 0092 0A43     		orrs	r2, r1
ARM GAS  C:\Users\Jeremias\AppData\Local\Temp\ccMc3GKI.s 			page 14


 386 0094 DB78     		ldrb	r3, [r3, #3]
 387 0096 1B06     		lsls	r3, r3, #24
 388 0098 1343     		orrs	r3, r2
 389 009a 1800     		movs	r0, r3
 390 009c 3B68     		ldr	r3, [r7]
 391 009e 1A79     		ldrb	r2, [r3, #4]
 392 00a0 5B79     		ldrb	r3, [r3, #5]
 393 00a2 1B02     		lsls	r3, r3, #8
 394 00a4 1343     		orrs	r3, r2
 395 00a6 9BB2     		uxth	r3, r3
 396 00a8 1900     		movs	r1, r3
 397 00aa FFF7FEFF 		bl	CYMEMZERO
 398              	.LBE4:
 350:Generated_Source\PSoC4/cyfitter_cfg.c **** 		{
 399              		.loc 1 350 0 discriminator 3
 400 00ae FB1D     		adds	r3, r7, #7
 401 00b0 1A78     		ldrb	r2, [r3]
 402 00b2 FB1D     		adds	r3, r7, #7
 403 00b4 0132     		adds	r2, r2, #1
 404 00b6 1A70     		strb	r2, [r3]
 405              	.L14:
 350:Generated_Source\PSoC4/cyfitter_cfg.c **** 		{
 406              		.loc 1 350 0 is_stmt 0 discriminator 1
 407 00b8 FB1D     		adds	r3, r7, #7
 408 00ba 1B78     		ldrb	r3, [r3]
 409 00bc 012B     		cmp	r3, #1
 410 00be D8D9     		bls	.L15
 354:Generated_Source\PSoC4/cyfitter_cfg.c **** 		}
 355:Generated_Source\PSoC4/cyfitter_cfg.c **** 
 356:Generated_Source\PSoC4/cyfitter_cfg.c **** 		cfg_write_bytes32(cy_cfg_addr_table, cy_cfg_data_table);
 411              		.loc 1 356 0 is_stmt 1
 412 00c0 294A     		ldr	r2, .L16+8
 413 00c2 2A4B     		ldr	r3, .L16+12
 414 00c4 1100     		movs	r1, r2
 415 00c6 1800     		movs	r0, r3
 416 00c8 FFF7FEFF 		bl	cfg_write_bytes32
 357:Generated_Source\PSoC4/cyfitter_cfg.c **** 
 358:Generated_Source\PSoC4/cyfitter_cfg.c **** 		/* HSIOM Starting address: CYDEV_HSIOM_BASE */
 359:Generated_Source\PSoC4/cyfitter_cfg.c **** 		CY_SET_REG32((void *)(CYREG_HSIOM_PORT_SEL1), 0x03300000u);
 417              		.loc 1 359 0
 418 00cc 284B     		ldr	r3, .L16+16
 419 00ce CC22     		movs	r2, #204
 420 00d0 9204     		lsls	r2, r2, #18
 421 00d2 1A60     		str	r2, [r3]
 360:Generated_Source\PSoC4/cyfitter_cfg.c **** 
 361:Generated_Source\PSoC4/cyfitter_cfg.c **** 		/* FORCED_HSIOM Starting address: CYDEV_HSIOM_PORT_SEL3 */
 362:Generated_Source\PSoC4/cyfitter_cfg.c **** 		CY_SET_REG32((void *)(CYREG_HSIOM_PORT_SEL3), 0x00000000u);
 422              		.loc 1 362 0
 423 00d4 274B     		ldr	r3, .L16+20
 424 00d6 0022     		movs	r2, #0
 425 00d8 1A60     		str	r2, [r3]
 363:Generated_Source\PSoC4/cyfitter_cfg.c **** 
 364:Generated_Source\PSoC4/cyfitter_cfg.c **** 		/* UDB_PA_0 Starting address: CYDEV_UDB_PA0_BASE */
 365:Generated_Source\PSoC4/cyfitter_cfg.c **** 		CY_SET_REG32((void *)(CYDEV_UDB_PA0_BASE), 0x00990004u);
 426              		.loc 1 365 0
 427 00da 274B     		ldr	r3, .L16+24
 428 00dc 274A     		ldr	r2, .L16+28
ARM GAS  C:\Users\Jeremias\AppData\Local\Temp\ccMc3GKI.s 			page 15


 429 00de 1A60     		str	r2, [r3]
 366:Generated_Source\PSoC4/cyfitter_cfg.c **** 		CY_SET_REG32((void *)(CYREG_UDB_PA0_CFG4), 0x80000000u);
 430              		.loc 1 366 0
 431 00e0 274B     		ldr	r3, .L16+32
 432 00e2 8022     		movs	r2, #128
 433 00e4 1206     		lsls	r2, r2, #24
 434 00e6 1A60     		str	r2, [r3]
 367:Generated_Source\PSoC4/cyfitter_cfg.c **** 
 368:Generated_Source\PSoC4/cyfitter_cfg.c **** 		/* UDB_PA_1 Starting address: CYDEV_UDB_PA1_BASE */
 369:Generated_Source\PSoC4/cyfitter_cfg.c **** 		CY_SET_REG32((void *)(CYDEV_UDB_PA1_BASE), 0x00990000u);
 435              		.loc 1 369 0
 436 00e8 264B     		ldr	r3, .L16+36
 437 00ea 9922     		movs	r2, #153
 438 00ec 1204     		lsls	r2, r2, #16
 439 00ee 1A60     		str	r2, [r3]
 370:Generated_Source\PSoC4/cyfitter_cfg.c **** 		CY_SET_REG32((void *)(CYREG_UDB_PA1_CFG8), 0x71000000u);
 440              		.loc 1 370 0
 441 00f0 254B     		ldr	r3, .L16+40
 442 00f2 E222     		movs	r2, #226
 443 00f4 D205     		lsls	r2, r2, #23
 444 00f6 1A60     		str	r2, [r3]
 371:Generated_Source\PSoC4/cyfitter_cfg.c **** 
 372:Generated_Source\PSoC4/cyfitter_cfg.c **** 		/* UDB_PA_3 Starting address: CYDEV_UDB_PA3_BASE */
 373:Generated_Source\PSoC4/cyfitter_cfg.c **** 		CY_SET_REG32((void *)(CYDEV_UDB_PA3_BASE), 0x00990000u);
 445              		.loc 1 373 0
 446 00f8 244B     		ldr	r3, .L16+44
 447 00fa 9922     		movs	r2, #153
 448 00fc 1204     		lsls	r2, r2, #16
 449 00fe 1A60     		str	r2, [r3]
 374:Generated_Source\PSoC4/cyfitter_cfg.c **** 
 375:Generated_Source\PSoC4/cyfitter_cfg.c **** 		/* INT_SELECT Starting address: CYDEV_CPUSS_INTR_SELECT */
 376:Generated_Source\PSoC4/cyfitter_cfg.c **** 		CY_SET_REG32((void *)(CYREG_CPUSS_INTR_SELECT), 0x00000001u);
 450              		.loc 1 376 0
 451 0100 234B     		ldr	r3, .L16+48
 452 0102 0122     		movs	r2, #1
 453 0104 1A60     		str	r2, [r3]
 377:Generated_Source\PSoC4/cyfitter_cfg.c **** 
 378:Generated_Source\PSoC4/cyfitter_cfg.c **** 		/* Enable UDB array and digital routing */
 379:Generated_Source\PSoC4/cyfitter_cfg.c **** 		CY_SET_XTND_REG8((void *)CYREG_UDB_UDBIF_WAIT_CFG, (uint8)((CY_GET_XTND_REG8((void *)CYREG_UDB_UD
 454              		.loc 1 379 0
 455 0106 234A     		ldr	r2, .L16+52
 456 0108 224B     		ldr	r3, .L16+52
 457 010a 1B78     		ldrb	r3, [r3]
 458 010c DBB2     		uxtb	r3, r3
 459 010e 3C21     		movs	r1, #60
 460 0110 8B43     		bics	r3, r1
 461 0112 DBB2     		uxtb	r3, r3
 462 0114 1421     		movs	r1, #20
 463 0116 0B43     		orrs	r3, r1
 464 0118 DBB2     		uxtb	r3, r3
 465 011a 1370     		strb	r3, [r2]
 380:Generated_Source\PSoC4/cyfitter_cfg.c **** 		CY_SET_XTND_REG8((void *)CYREG_UDB_UDBIF_BANK_CTL, (uint8)(CY_GET_XTND_REG8((void *)CYREG_UDB_UDB
 466              		.loc 1 380 0
 467 011c 1E4A     		ldr	r2, .L16+56
 468 011e 1E4B     		ldr	r3, .L16+56
 469 0120 1B78     		ldrb	r3, [r3]
 470 0122 DBB2     		uxtb	r3, r3
ARM GAS  C:\Users\Jeremias\AppData\Local\Temp\ccMc3GKI.s 			page 16


 471 0124 1621     		movs	r1, #22
 472 0126 0B43     		orrs	r3, r1
 473 0128 DBB2     		uxtb	r3, r3
 474 012a 1370     		strb	r3, [r2]
 475              	.LBE3:
 381:Generated_Source\PSoC4/cyfitter_cfg.c **** 	}
 382:Generated_Source\PSoC4/cyfitter_cfg.c **** 
 383:Generated_Source\PSoC4/cyfitter_cfg.c **** 	/* Perform second pass device configuration. These items must be configured in specific order afte
 384:Generated_Source\PSoC4/cyfitter_cfg.c **** 	/* IOPINS0_0 Starting address: CYDEV_PRT0_BASE */
 385:Generated_Source\PSoC4/cyfitter_cfg.c **** 	CY_SET_REG32((void *)(CYDEV_PRT0_BASE), 0x00000080u);
 476              		.loc 1 385 0
 477 012c 1B4B     		ldr	r3, .L16+60
 478 012e 8022     		movs	r2, #128
 479 0130 1A60     		str	r2, [r3]
 386:Generated_Source\PSoC4/cyfitter_cfg.c **** 	CY_SET_REG32((void *)(CYREG_PRT0_PC), 0x00400000u);
 480              		.loc 1 386 0
 481 0132 1B4B     		ldr	r3, .L16+64
 482 0134 8022     		movs	r2, #128
 483 0136 D203     		lsls	r2, r2, #15
 484 0138 1A60     		str	r2, [r3]
 387:Generated_Source\PSoC4/cyfitter_cfg.c **** 
 388:Generated_Source\PSoC4/cyfitter_cfg.c **** 	/* IOPINS0_1 Starting address: CYDEV_PRT1_BASE */
 389:Generated_Source\PSoC4/cyfitter_cfg.c **** 	CY_SET_REG32((void *)(CYDEV_PRT1_BASE), 0x00000060u);
 485              		.loc 1 389 0
 486 013a 1A4B     		ldr	r3, .L16+68
 487 013c 6022     		movs	r2, #96
 488 013e 1A60     		str	r2, [r3]
 390:Generated_Source\PSoC4/cyfitter_cfg.c **** 	CY_SET_REG32((void *)(CYREG_PRT1_PC), 0x001B0000u);
 489              		.loc 1 390 0
 490 0140 194B     		ldr	r3, .L16+72
 491 0142 D822     		movs	r2, #216
 492 0144 5203     		lsls	r2, r2, #13
 493 0146 1A60     		str	r2, [r3]
 391:Generated_Source\PSoC4/cyfitter_cfg.c **** 
 392:Generated_Source\PSoC4/cyfitter_cfg.c **** 	/* IOPINS0_3 Starting address: CYDEV_PRT3_BASE */
 393:Generated_Source\PSoC4/cyfitter_cfg.c **** 	CY_SET_REG32((void *)(CYREG_PRT3_PC), 0x00C00000u);
 494              		.loc 1 393 0
 495 0148 184B     		ldr	r3, .L16+76
 496 014a C022     		movs	r2, #192
 497 014c 1204     		lsls	r2, r2, #16
 498 014e 1A60     		str	r2, [r3]
 394:Generated_Source\PSoC4/cyfitter_cfg.c **** 
 395:Generated_Source\PSoC4/cyfitter_cfg.c **** 
 396:Generated_Source\PSoC4/cyfitter_cfg.c **** 	/* Setup clocks based on selections from Clock DWR */
 397:Generated_Source\PSoC4/cyfitter_cfg.c **** 	ClockSetup();
 499              		.loc 1 397 0
 500 0150 FFF756FF 		bl	ClockSetup
 398:Generated_Source\PSoC4/cyfitter_cfg.c **** 
 399:Generated_Source\PSoC4/cyfitter_cfg.c **** 	/* Perform basic analog initialization to defaults */
 400:Generated_Source\PSoC4/cyfitter_cfg.c **** 	AnalogSetDefault();
 501              		.loc 1 400 0
 502 0154 FFF7FEFF 		bl	AnalogSetDefault
 401:Generated_Source\PSoC4/cyfitter_cfg.c **** 
 402:Generated_Source\PSoC4/cyfitter_cfg.c **** }
 503              		.loc 1 402 0
 504 0158 C046     		nop
 505 015a BD46     		mov	sp, r7
ARM GAS  C:\Users\Jeremias\AppData\Local\Temp\ccMc3GKI.s 			page 17


 506 015c 02B0     		add	sp, sp, #8
 507              		@ sp needed
 508 015e 80BD     		pop	{r7, pc}
 509              	.L17:
 510              		.align	2
 511              	.L16:
 512 0160 1C700F40 		.word	1074753564
 513 0164 00000000 		.word	cfg_memset_list.4870
 514 0168 24000000 		.word	cy_cfg_data_table.4865
 515 016c 0C000000 		.word	cy_cfg_addr_table.4864
 516 0170 04000140 		.word	1073807364
 517 0174 0C000140 		.word	1073807372
 518 0178 00500F40 		.word	1074745344
 519 017c 04009900 		.word	10027012
 520 0180 04500F40 		.word	1074745348
 521 0184 10500F40 		.word	1074745360
 522 0188 18500F40 		.word	1074745368
 523 018c 30500F40 		.word	1074745392
 524 0190 20000040 		.word	1073741856
 525 0194 01700F40 		.word	1074753537
 526 0198 00700F40 		.word	1074753536
 527 019c 00000440 		.word	1074003968
 528 01a0 08000440 		.word	1074003976
 529 01a4 00010440 		.word	1074004224
 530 01a8 08010440 		.word	1074004232
 531 01ac 08030440 		.word	1074004744
 532              		.cfi_endproc
 533              	.LFE6:
 534              		.size	cyfitter_cfg, .-cyfitter_cfg
 535              		.section	.rodata
 536              		.align	2
 537              		.type	cfg_memset_list.4870, %object
 538              		.size	cfg_memset_list.4870, 12
 539              	cfg_memset_list.4870:
 540 0000 00300F40 		.word	1074737152
 541 0004 0004     		.short	1024
 542 0006 00400F40 		.4byte	1074741248
 543 000a 0004     		.short	1024
 544              		.align	2
 545              		.type	cy_cfg_addr_table.4864, %object
 546              		.size	cy_cfg_addr_table.4864, 24
 547              	cy_cfg_addr_table.4864:
 548 000c 08300F40 		.word	1074737160
 549 0010 09310F40 		.word	1074737417
 550 0014 04330F40 		.word	1074737924
 551 0018 07400F40 		.word	1074741255
 552 001c 08410F40 		.word	1074741512
 553 0020 02600F40 		.word	1074749442
 554              		.align	2
 555              		.type	cy_cfg_data_table.4865, %object
 556              		.size	cy_cfg_data_table.4865, 76
 557              	cy_cfg_data_table.4865:
 558 0024 96       		.byte	-106
 559 0025 03       		.byte	3
 560 0026 9A       		.byte	-102
 561 0027 01       		.byte	1
 562 0028 B0       		.byte	-80
ARM GAS  C:\Users\Jeremias\AppData\Local\Temp\ccMc3GKI.s 			page 18


 563 0029 01       		.byte	1
 564 002a B4       		.byte	-76
 565 002b 02       		.byte	2
 566 002c BA       		.byte	-70
 567 002d 2E       		.byte	46
 568 002e D8       		.byte	-40
 569 002f 0B       		.byte	11
 570 0030 DC       		.byte	-36
 571 0031 09       		.byte	9
 572 0032 DF       		.byte	-33
 573 0033 01       		.byte	1
 574 0034 0E       		.byte	14
 575 0035 28       		.byte	40
 576 0036 1C       		.byte	28
 577 0037 80       		.byte	-128
 578 0038 1E       		.byte	30
 579 0039 28       		.byte	40
 580 003a 7E       		.byte	126
 581 003b 80       		.byte	-128
 582 003c 82       		.byte	-126
 583 003d 80       		.byte	-128
 584 003e 88       		.byte	-120
 585 003f 40       		.byte	64
 586 0040 C2       		.byte	-62
 587 0041 60       		.byte	96
 588 0042 DE       		.byte	-34
 589 0043 80       		.byte	-128
 590 0044 E6       		.byte	-26
 591 0045 20       		.byte	32
 592 0046 86       		.byte	-122
 593 0047 10       		.byte	16
 594 0048 A2       		.byte	-94
 595 0049 10       		.byte	16
 596 004a B6       		.byte	-74
 597 004b 04       		.byte	4
 598 004c EA       		.byte	-22
 599 004d 40       		.byte	64
 600 004e 0F       		.byte	15
 601 004f 08       		.byte	8
 602 0050 6D       		.byte	109
 603 0051 80       		.byte	-128
 604 0052 83       		.byte	-125
 605 0053 04       		.byte	4
 606 0054 89       		.byte	-119
 607 0055 40       		.byte	64
 608 0056 C2       		.byte	-62
 609 0057 80       		.byte	-128
 610 0058 DA       		.byte	-38
 611 0059 80       		.byte	-128
 612 005a E4       		.byte	-28
 613 005b 20       		.byte	32
 614 005c 63       		.byte	99
 615 005d 02       		.byte	2
 616 005e 66       		.byte	102
 617 005f 02       		.byte	2
 618 0060 87       		.byte	-121
 619 0061 01       		.byte	1
ARM GAS  C:\Users\Jeremias\AppData\Local\Temp\ccMc3GKI.s 			page 19


 620 0062 9A       		.byte	-102
 621 0063 02       		.byte	2
 622 0064 B6       		.byte	-74
 623 0065 02       		.byte	2
 624 0066 D6       		.byte	-42
 625 0067 40       		.byte	64
 626 0068 D8       		.byte	-40
 627 0069 80       		.byte	-128
 628 006a E6       		.byte	-26
 629 006b 10       		.byte	16
 630 006c 02       		.byte	2
 631 006d 01       		.byte	1
 632 006e 11       		.byte	17
 633 006f 01       		.byte	1
 634              		.text
 635              	.Letext0:
 636              		.file 2 "c:\\program files (x86)\\cypress\\psoc creator\\4.4\\psoc creator\\import\\gnu\\arm\\5.4.
 637              		.file 3 "Generated_Source\\PSoC4\\cytypes.h"
 638              		.section	.debug_info,"",%progbits
 639              	.Ldebug_info0:
 640 0000 59030000 		.4byte	0x359
 641 0004 0400     		.2byte	0x4
 642 0006 00000000 		.4byte	.Ldebug_abbrev0
 643 000a 04       		.byte	0x4
 644 000b 01       		.uleb128 0x1
 645 000c 22010000 		.4byte	.LASF40
 646 0010 0C       		.byte	0xc
 647 0011 BE020000 		.4byte	.LASF41
 648 0015 64000000 		.4byte	.LASF42
 649 0019 00000000 		.4byte	.Ldebug_ranges0+0
 650 001d 00000000 		.4byte	0
 651 0021 00000000 		.4byte	.Ldebug_line0
 652 0025 02       		.uleb128 0x2
 653 0026 04       		.byte	0x4
 654 0027 05       		.byte	0x5
 655 0028 696E7400 		.ascii	"int\000"
 656 002c 03       		.uleb128 0x3
 657 002d 06000000 		.4byte	.LASF12
 658 0031 02       		.byte	0x2
 659 0032 D8       		.byte	0xd8
 660 0033 37000000 		.4byte	0x37
 661 0037 04       		.uleb128 0x4
 662 0038 04       		.byte	0x4
 663 0039 07       		.byte	0x7
 664 003a 08020000 		.4byte	.LASF0
 665 003e 04       		.uleb128 0x4
 666 003f 08       		.byte	0x8
 667 0040 05       		.byte	0x5
 668 0041 66020000 		.4byte	.LASF1
 669 0045 04       		.uleb128 0x4
 670 0046 08       		.byte	0x8
 671 0047 04       		.byte	0x4
 672 0048 A6020000 		.4byte	.LASF2
 673 004c 04       		.uleb128 0x4
 674 004d 01       		.byte	0x1
 675 004e 06       		.byte	0x6
 676 004f B2020000 		.4byte	.LASF3
ARM GAS  C:\Users\Jeremias\AppData\Local\Temp\ccMc3GKI.s 			page 20


 677 0053 04       		.uleb128 0x4
 678 0054 01       		.byte	0x1
 679 0055 08       		.byte	0x8
 680 0056 B0010000 		.4byte	.LASF4
 681 005a 04       		.uleb128 0x4
 682 005b 02       		.byte	0x2
 683 005c 05       		.byte	0x5
 684 005d 93020000 		.4byte	.LASF5
 685 0061 04       		.uleb128 0x4
 686 0062 02       		.byte	0x2
 687 0063 07       		.byte	0x7
 688 0064 53020000 		.4byte	.LASF6
 689 0068 04       		.uleb128 0x4
 690 0069 04       		.byte	0x4
 691 006a 05       		.byte	0x5
 692 006b 9D020000 		.4byte	.LASF7
 693 006f 04       		.uleb128 0x4
 694 0070 04       		.byte	0x4
 695 0071 07       		.byte	0x7
 696 0072 00010000 		.4byte	.LASF8
 697 0076 04       		.uleb128 0x4
 698 0077 08       		.byte	0x8
 699 0078 07       		.byte	0x7
 700 0079 1D020000 		.4byte	.LASF9
 701 007d 04       		.uleb128 0x4
 702 007e 04       		.byte	0x4
 703 007f 07       		.byte	0x7
 704 0080 4A020000 		.4byte	.LASF10
 705 0084 05       		.uleb128 0x5
 706 0085 04       		.byte	0x4
 707 0086 04       		.uleb128 0x4
 708 0087 01       		.byte	0x1
 709 0088 08       		.byte	0x8
 710 0089 74020000 		.4byte	.LASF11
 711 008d 06       		.uleb128 0x6
 712 008e 12010000 		.4byte	.LASF13
 713 0092 03       		.byte	0x3
 714 0093 FB01     		.2byte	0x1fb
 715 0095 53000000 		.4byte	0x53
 716 0099 06       		.uleb128 0x6
 717 009a EF010000 		.4byte	.LASF14
 718 009e 03       		.byte	0x3
 719 009f FC01     		.2byte	0x1fc
 720 00a1 61000000 		.4byte	0x61
 721 00a5 06       		.uleb128 0x6
 722 00a6 01020000 		.4byte	.LASF15
 723 00aa 03       		.byte	0x3
 724 00ab FD01     		.2byte	0x1fd
 725 00ad 6F000000 		.4byte	0x6f
 726 00b1 04       		.uleb128 0x4
 727 00b2 04       		.byte	0x4
 728 00b3 04       		.byte	0x4
 729 00b4 59000000 		.4byte	.LASF16
 730 00b8 04       		.uleb128 0x4
 731 00b9 08       		.byte	0x8
 732 00ba 04       		.byte	0x4
 733 00bb BE010000 		.4byte	.LASF17
ARM GAS  C:\Users\Jeremias\AppData\Local\Temp\ccMc3GKI.s 			page 21


 734 00bf 06       		.uleb128 0x6
 735 00c0 FB000000 		.4byte	.LASF18
 736 00c4 03       		.byte	0x3
 737 00c5 A502     		.2byte	0x2a5
 738 00c7 CB000000 		.4byte	0xcb
 739 00cb 07       		.uleb128 0x7
 740 00cc 8D000000 		.4byte	0x8d
 741 00d0 06       		.uleb128 0x6
 742 00d1 00000000 		.4byte	.LASF19
 743 00d5 03       		.byte	0x3
 744 00d6 A702     		.2byte	0x2a7
 745 00d8 DC000000 		.4byte	0xdc
 746 00dc 07       		.uleb128 0x7
 747 00dd A5000000 		.4byte	0xa5
 748 00e1 08       		.uleb128 0x8
 749 00e2 02       		.byte	0x2
 750 00e3 01       		.byte	0x1
 751 00e4 95       		.byte	0x95
 752 00e5 02010000 		.4byte	0x102
 753 00e9 09       		.uleb128 0x9
 754 00ea 8C020000 		.4byte	.LASF20
 755 00ee 01       		.byte	0x1
 756 00ef 97       		.byte	0x97
 757 00f0 8D000000 		.4byte	0x8d
 758 00f4 00       		.byte	0
 759 00f5 09       		.uleb128 0x9
 760 00f6 1E000000 		.4byte	.LASF21
 761 00fa 01       		.byte	0x1
 762 00fb 98       		.byte	0x98
 763 00fc 8D000000 		.4byte	0x8d
 764 0100 01       		.byte	0x1
 765 0101 00       		.byte	0
 766 0102 03       		.uleb128 0x3
 767 0103 79020000 		.4byte	.LASF22
 768 0107 01       		.byte	0x1
 769 0108 99       		.byte	0x99
 770 0109 E1000000 		.4byte	0xe1
 771 010d 0A       		.uleb128 0xa
 772 010e 18010000 		.4byte	.LASF23
 773 0112 01       		.byte	0x1
 774 0113 4A       		.byte	0x4a
 775 0114 00000000 		.4byte	.LFB0
 776 0118 1E000000 		.4byte	.LFE0-.LFB0
 777 011c 01       		.uleb128 0x1
 778 011d 9C       		.byte	0x9c
 779 011e 3B010000 		.4byte	0x13b
 780 0122 0B       		.uleb128 0xb
 781 0123 7300     		.ascii	"s\000"
 782 0125 01       		.byte	0x1
 783 0126 4A       		.byte	0x4a
 784 0127 84000000 		.4byte	0x84
 785 012b 02       		.uleb128 0x2
 786 012c 91       		.byte	0x91
 787 012d 74       		.sleb128 -12
 788 012e 0B       		.uleb128 0xb
 789 012f 6E00     		.ascii	"n\000"
 790 0131 01       		.byte	0x1
ARM GAS  C:\Users\Jeremias\AppData\Local\Temp\ccMc3GKI.s 			page 22


 791 0132 4A       		.byte	0x4a
 792 0133 2C000000 		.4byte	0x2c
 793 0137 02       		.uleb128 0x2
 794 0138 91       		.byte	0x91
 795 0139 70       		.sleb128 -16
 796 013a 00       		.byte	0
 797 013b 0A       		.uleb128 0xa
 798 013c F4020000 		.4byte	.LASF24
 799 0140 01       		.byte	0x1
 800 0141 51       		.byte	0x51
 801 0142 00000000 		.4byte	.LFB1
 802 0146 20000000 		.4byte	.LFE1-.LFB1
 803 014a 01       		.uleb128 0x1
 804 014b 9C       		.byte	0x9c
 805 014c 79010000 		.4byte	0x179
 806 0150 0C       		.uleb128 0xc
 807 0151 5F000000 		.4byte	.LASF25
 808 0155 01       		.byte	0x1
 809 0156 51       		.byte	0x51
 810 0157 84000000 		.4byte	0x84
 811 015b 02       		.uleb128 0x2
 812 015c 91       		.byte	0x91
 813 015d 74       		.sleb128 -12
 814 015e 0B       		.uleb128 0xb
 815 015f 73726300 		.ascii	"src\000"
 816 0163 01       		.byte	0x1
 817 0164 51       		.byte	0x51
 818 0165 79010000 		.4byte	0x179
 819 0169 02       		.uleb128 0x2
 820 016a 91       		.byte	0x91
 821 016b 70       		.sleb128 -16
 822 016c 0B       		.uleb128 0xb
 823 016d 6E00     		.ascii	"n\000"
 824 016f 01       		.byte	0x1
 825 0170 51       		.byte	0x51
 826 0171 2C000000 		.4byte	0x2c
 827 0175 02       		.uleb128 0x2
 828 0176 91       		.byte	0x91
 829 0177 6C       		.sleb128 -20
 830 0178 00       		.byte	0
 831 0179 0D       		.uleb128 0xd
 832 017a 04       		.byte	0x4
 833 017b 7F010000 		.4byte	0x17f
 834 017f 0E       		.uleb128 0xe
 835 0180 0A       		.uleb128 0xa
 836 0181 E4020000 		.4byte	.LASF26
 837 0185 01       		.byte	0x1
 838 0186 58       		.byte	0x58
 839 0187 00000000 		.4byte	.LFB2
 840 018b 20000000 		.4byte	.LFE2-.LFB2
 841 018f 01       		.uleb128 0x1
 842 0190 9C       		.byte	0x9c
 843 0191 BE010000 		.4byte	0x1be
 844 0195 0C       		.uleb128 0xc
 845 0196 5F000000 		.4byte	.LASF25
 846 019a 01       		.byte	0x1
 847 019b 58       		.byte	0x58
ARM GAS  C:\Users\Jeremias\AppData\Local\Temp\ccMc3GKI.s 			page 23


 848 019c 84000000 		.4byte	0x84
 849 01a0 02       		.uleb128 0x2
 850 01a1 91       		.byte	0x91
 851 01a2 74       		.sleb128 -12
 852 01a3 0B       		.uleb128 0xb
 853 01a4 73726300 		.ascii	"src\000"
 854 01a8 01       		.byte	0x1
 855 01a9 58       		.byte	0x58
 856 01aa 79010000 		.4byte	0x179
 857 01ae 02       		.uleb128 0x2
 858 01af 91       		.byte	0x91
 859 01b0 70       		.sleb128 -16
 860 01b1 0B       		.uleb128 0xb
 861 01b2 6E00     		.ascii	"n\000"
 862 01b4 01       		.byte	0x1
 863 01b5 58       		.byte	0x58
 864 01b6 2C000000 		.4byte	0x2c
 865 01ba 02       		.uleb128 0x2
 866 01bb 91       		.byte	0x91
 867 01bc 6C       		.sleb128 -20
 868 01bd 00       		.byte	0
 869 01be 0F       		.uleb128 0xf
 870 01bf C5010000 		.4byte	.LASF27
 871 01c3 01       		.byte	0x1
 872 01c4 AC       		.byte	0xac
 873 01c5 00000000 		.4byte	.LFB3
 874 01c9 82000000 		.4byte	.LFE3-.LFB3
 875 01cd 01       		.uleb128 0x1
 876 01ce 9C       		.byte	0x9c
 877 01cf 2E020000 		.4byte	0x22e
 878 01d3 0C       		.uleb128 0xc
 879 01d4 E4010000 		.4byte	.LASF28
 880 01d8 01       		.byte	0x1
 881 01d9 AC       		.byte	0xac
 882 01da 2E020000 		.4byte	0x22e
 883 01de 02       		.uleb128 0x2
 884 01df 91       		.byte	0x91
 885 01e0 64       		.sleb128 -28
 886 01e1 0C       		.uleb128 0xc
 887 01e2 F6010000 		.4byte	.LASF29
 888 01e6 01       		.byte	0x1
 889 01e7 AC       		.byte	0xac
 890 01e8 39020000 		.4byte	0x239
 891 01ec 02       		.uleb128 0x2
 892 01ed 91       		.byte	0x91
 893 01ee 60       		.sleb128 -32
 894 01ef 10       		.uleb128 0x10
 895 01f0 6900     		.ascii	"i\000"
 896 01f2 01       		.byte	0x1
 897 01f3 AF       		.byte	0xaf
 898 01f4 A5000000 		.4byte	0xa5
 899 01f8 02       		.uleb128 0x2
 900 01f9 91       		.byte	0x91
 901 01fa 74       		.sleb128 -12
 902 01fb 10       		.uleb128 0x10
 903 01fc 6A00     		.ascii	"j\000"
 904 01fe 01       		.byte	0x1
ARM GAS  C:\Users\Jeremias\AppData\Local\Temp\ccMc3GKI.s 			page 24


 905 01ff AF       		.byte	0xaf
 906 0200 A5000000 		.4byte	0xa5
 907 0204 02       		.uleb128 0x2
 908 0205 91       		.byte	0x91
 909 0206 70       		.sleb128 -16
 910 0207 11       		.uleb128 0x11
 911 0208 14000000 		.4byte	.LBB2
 912 020c 5A000000 		.4byte	.LBE2-.LBB2
 913 0210 12       		.uleb128 0x12
 914 0211 41020000 		.4byte	.LASF30
 915 0215 01       		.byte	0x1
 916 0216 B2       		.byte	0xb2
 917 0217 A5000000 		.4byte	0xa5
 918 021b 02       		.uleb128 0x2
 919 021c 91       		.byte	0x91
 920 021d 68       		.sleb128 -24
 921 021e 12       		.uleb128 0x12
 922 021f 24000000 		.4byte	.LASF31
 923 0223 01       		.byte	0x1
 924 0224 B3       		.byte	0xb3
 925 0225 8D000000 		.4byte	0x8d
 926 0229 02       		.uleb128 0x2
 927 022a 91       		.byte	0x91
 928 022b 6F       		.sleb128 -17
 929 022c 00       		.byte	0
 930 022d 00       		.byte	0
 931 022e 0D       		.uleb128 0xd
 932 022f 04       		.byte	0x4
 933 0230 34020000 		.4byte	0x234
 934 0234 13       		.uleb128 0x13
 935 0235 A5000000 		.4byte	0xa5
 936 0239 0D       		.uleb128 0xd
 937 023a 04       		.byte	0x4
 938 023b 3F020000 		.4byte	0x23f
 939 023f 13       		.uleb128 0x13
 940 0240 02010000 		.4byte	0x102
 941 0244 14       		.uleb128 0x14
 942 0245 2A000000 		.4byte	.LASF32
 943 0249 01       		.byte	0x1
 944 024a D1       		.byte	0xd1
 945 024b 00000000 		.4byte	.LFB4
 946 024f 5C000000 		.4byte	.LFE4-.LFB4
 947 0253 01       		.uleb128 0x1
 948 0254 9C       		.byte	0x9c
 949 0255 15       		.uleb128 0x15
 950 0256 0D000000 		.4byte	.LASF33
 951 025a 01       		.byte	0x1
 952 025b FC       		.byte	0xfc
 953 025c 00000000 		.4byte	.LFB5
 954 0260 0A000000 		.4byte	.LFE5-.LFB5
 955 0264 01       		.uleb128 0x1
 956 0265 9C       		.byte	0x9c
 957 0266 16       		.uleb128 0x16
 958 0267 D7010000 		.4byte	.LASF43
 959 026b 01       		.byte	0x1
 960 026c 1401     		.2byte	0x114
 961 026e 5C000000 		.4byte	.LFB6
ARM GAS  C:\Users\Jeremias\AppData\Local\Temp\ccMc3GKI.s 			page 25


 962 0272 54010000 		.4byte	.LFE6-.LFB6
 963 0276 01       		.uleb128 0x1
 964 0277 9C       		.byte	0x9c
 965 0278 32030000 		.4byte	0x332
 966 027c 11       		.uleb128 0x11
 967 027d 6A000000 		.4byte	.LBB3
 968 0281 C2000000 		.4byte	.LBE3-.LBB3
 969 0285 17       		.uleb128 0x17
 970 0286 35000000 		.4byte	.LASF34
 971 028a 01       		.byte	0x1
 972 028b 1C01     		.2byte	0x11c
 973 028d 42030000 		.4byte	0x342
 974 0291 05       		.uleb128 0x5
 975 0292 03       		.byte	0x3
 976 0293 0C000000 		.4byte	cy_cfg_addr_table.4864
 977 0297 17       		.uleb128 0x17
 978 0298 47000000 		.4byte	.LASF35
 979 029c 01       		.byte	0x1
 980 029d 2501     		.2byte	0x125
 981 029f 57030000 		.4byte	0x357
 982 02a3 05       		.uleb128 0x5
 983 02a4 03       		.byte	0x3
 984 02a5 24000000 		.4byte	cy_cfg_data_table.4865
 985 02a9 18       		.uleb128 0x18
 986 02aa 06       		.byte	0x6
 987 02ab 01       		.byte	0x1
 988 02ac 5001     		.2byte	0x150
 989 02ae CD020000 		.4byte	0x2cd
 990 02b2 19       		.uleb128 0x19
 991 02b3 15020000 		.4byte	.LASF36
 992 02b7 01       		.byte	0x1
 993 02b8 5101     		.2byte	0x151
 994 02ba 84000000 		.4byte	0x84
 995 02be 00       		.byte	0
 996 02bf 19       		.uleb128 0x19
 997 02c0 F6000000 		.4byte	.LASF37
 998 02c4 01       		.byte	0x1
 999 02c5 5201     		.2byte	0x152
 1000 02c7 99000000 		.4byte	0x99
 1001 02cb 04       		.byte	0x4
 1002 02cc 00       		.byte	0
 1003 02cd 06       		.uleb128 0x6
 1004 02ce 34020000 		.4byte	.LASF38
 1005 02d2 01       		.byte	0x1
 1006 02d3 5301     		.2byte	0x153
 1007 02d5 A9020000 		.4byte	0x2a9
 1008 02d9 1A       		.uleb128 0x1a
 1009 02da E9020000 		.4byte	0x2e9
 1010 02de E9020000 		.4byte	0x2e9
 1011 02e2 1B       		.uleb128 0x1b
 1012 02e3 7D000000 		.4byte	0x7d
 1013 02e7 01       		.byte	0x1
 1014 02e8 00       		.byte	0
 1015 02e9 13       		.uleb128 0x13
 1016 02ea CD020000 		.4byte	0x2cd
 1017 02ee 17       		.uleb128 0x17
 1018 02ef E6000000 		.4byte	.LASF39
ARM GAS  C:\Users\Jeremias\AppData\Local\Temp\ccMc3GKI.s 			page 26


 1019 02f3 01       		.byte	0x1
 1020 02f4 5501     		.2byte	0x155
 1021 02f6 00030000 		.4byte	0x300
 1022 02fa 05       		.uleb128 0x5
 1023 02fb 03       		.byte	0x3
 1024 02fc 00000000 		.4byte	cfg_memset_list.4870
 1025 0300 13       		.uleb128 0x13
 1026 0301 D9020000 		.4byte	0x2d9
 1027 0305 1C       		.uleb128 0x1c
 1028 0306 6900     		.ascii	"i\000"
 1029 0308 01       		.byte	0x1
 1030 0309 5B01     		.2byte	0x15b
 1031 030b 8D000000 		.4byte	0x8d
 1032 030f 02       		.uleb128 0x2
 1033 0310 91       		.byte	0x91
 1034 0311 77       		.sleb128 -9
 1035 0312 11       		.uleb128 0x11
 1036 0313 72000000 		.4byte	.LBB4
 1037 0317 3C000000 		.4byte	.LBE4-.LBB4
 1038 031b 1C       		.uleb128 0x1c
 1039 031c 6D7300   		.ascii	"ms\000"
 1040 031f 01       		.byte	0x1
 1041 0320 6001     		.2byte	0x160
 1042 0322 29030000 		.4byte	0x329
 1043 0326 02       		.uleb128 0x2
 1044 0327 91       		.byte	0x91
 1045 0328 70       		.sleb128 -16
 1046 0329 0D       		.uleb128 0xd
 1047 032a 04       		.byte	0x4
 1048 032b E9020000 		.4byte	0x2e9
 1049 032f 00       		.byte	0
 1050 0330 00       		.byte	0
 1051 0331 00       		.byte	0
 1052 0332 1A       		.uleb128 0x1a
 1053 0333 34020000 		.4byte	0x234
 1054 0337 42030000 		.4byte	0x342
 1055 033b 1B       		.uleb128 0x1b
 1056 033c 7D000000 		.4byte	0x7d
 1057 0340 05       		.byte	0x5
 1058 0341 00       		.byte	0
 1059 0342 13       		.uleb128 0x13
 1060 0343 32030000 		.4byte	0x332
 1061 0347 1A       		.uleb128 0x1a
 1062 0348 3F020000 		.4byte	0x23f
 1063 034c 57030000 		.4byte	0x357
 1064 0350 1B       		.uleb128 0x1b
 1065 0351 7D000000 		.4byte	0x7d
 1066 0355 25       		.byte	0x25
 1067 0356 00       		.byte	0
 1068 0357 13       		.uleb128 0x13
 1069 0358 47030000 		.4byte	0x347
 1070 035c 00       		.byte	0
 1071              		.section	.debug_abbrev,"",%progbits
 1072              	.Ldebug_abbrev0:
 1073 0000 01       		.uleb128 0x1
 1074 0001 11       		.uleb128 0x11
 1075 0002 01       		.byte	0x1
ARM GAS  C:\Users\Jeremias\AppData\Local\Temp\ccMc3GKI.s 			page 27


 1076 0003 25       		.uleb128 0x25
 1077 0004 0E       		.uleb128 0xe
 1078 0005 13       		.uleb128 0x13
 1079 0006 0B       		.uleb128 0xb
 1080 0007 03       		.uleb128 0x3
 1081 0008 0E       		.uleb128 0xe
 1082 0009 1B       		.uleb128 0x1b
 1083 000a 0E       		.uleb128 0xe
 1084 000b 55       		.uleb128 0x55
 1085 000c 17       		.uleb128 0x17
 1086 000d 11       		.uleb128 0x11
 1087 000e 01       		.uleb128 0x1
 1088 000f 10       		.uleb128 0x10
 1089 0010 17       		.uleb128 0x17
 1090 0011 00       		.byte	0
 1091 0012 00       		.byte	0
 1092 0013 02       		.uleb128 0x2
 1093 0014 24       		.uleb128 0x24
 1094 0015 00       		.byte	0
 1095 0016 0B       		.uleb128 0xb
 1096 0017 0B       		.uleb128 0xb
 1097 0018 3E       		.uleb128 0x3e
 1098 0019 0B       		.uleb128 0xb
 1099 001a 03       		.uleb128 0x3
 1100 001b 08       		.uleb128 0x8
 1101 001c 00       		.byte	0
 1102 001d 00       		.byte	0
 1103 001e 03       		.uleb128 0x3
 1104 001f 16       		.uleb128 0x16
 1105 0020 00       		.byte	0
 1106 0021 03       		.uleb128 0x3
 1107 0022 0E       		.uleb128 0xe
 1108 0023 3A       		.uleb128 0x3a
 1109 0024 0B       		.uleb128 0xb
 1110 0025 3B       		.uleb128 0x3b
 1111 0026 0B       		.uleb128 0xb
 1112 0027 49       		.uleb128 0x49
 1113 0028 13       		.uleb128 0x13
 1114 0029 00       		.byte	0
 1115 002a 00       		.byte	0
 1116 002b 04       		.uleb128 0x4
 1117 002c 24       		.uleb128 0x24
 1118 002d 00       		.byte	0
 1119 002e 0B       		.uleb128 0xb
 1120 002f 0B       		.uleb128 0xb
 1121 0030 3E       		.uleb128 0x3e
 1122 0031 0B       		.uleb128 0xb
 1123 0032 03       		.uleb128 0x3
 1124 0033 0E       		.uleb128 0xe
 1125 0034 00       		.byte	0
 1126 0035 00       		.byte	0
 1127 0036 05       		.uleb128 0x5
 1128 0037 0F       		.uleb128 0xf
 1129 0038 00       		.byte	0
 1130 0039 0B       		.uleb128 0xb
 1131 003a 0B       		.uleb128 0xb
 1132 003b 00       		.byte	0
ARM GAS  C:\Users\Jeremias\AppData\Local\Temp\ccMc3GKI.s 			page 28


 1133 003c 00       		.byte	0
 1134 003d 06       		.uleb128 0x6
 1135 003e 16       		.uleb128 0x16
 1136 003f 00       		.byte	0
 1137 0040 03       		.uleb128 0x3
 1138 0041 0E       		.uleb128 0xe
 1139 0042 3A       		.uleb128 0x3a
 1140 0043 0B       		.uleb128 0xb
 1141 0044 3B       		.uleb128 0x3b
 1142 0045 05       		.uleb128 0x5
 1143 0046 49       		.uleb128 0x49
 1144 0047 13       		.uleb128 0x13
 1145 0048 00       		.byte	0
 1146 0049 00       		.byte	0
 1147 004a 07       		.uleb128 0x7
 1148 004b 35       		.uleb128 0x35
 1149 004c 00       		.byte	0
 1150 004d 49       		.uleb128 0x49
 1151 004e 13       		.uleb128 0x13
 1152 004f 00       		.byte	0
 1153 0050 00       		.byte	0
 1154 0051 08       		.uleb128 0x8
 1155 0052 13       		.uleb128 0x13
 1156 0053 01       		.byte	0x1
 1157 0054 0B       		.uleb128 0xb
 1158 0055 0B       		.uleb128 0xb
 1159 0056 3A       		.uleb128 0x3a
 1160 0057 0B       		.uleb128 0xb
 1161 0058 3B       		.uleb128 0x3b
 1162 0059 0B       		.uleb128 0xb
 1163 005a 01       		.uleb128 0x1
 1164 005b 13       		.uleb128 0x13
 1165 005c 00       		.byte	0
 1166 005d 00       		.byte	0
 1167 005e 09       		.uleb128 0x9
 1168 005f 0D       		.uleb128 0xd
 1169 0060 00       		.byte	0
 1170 0061 03       		.uleb128 0x3
 1171 0062 0E       		.uleb128 0xe
 1172 0063 3A       		.uleb128 0x3a
 1173 0064 0B       		.uleb128 0xb
 1174 0065 3B       		.uleb128 0x3b
 1175 0066 0B       		.uleb128 0xb
 1176 0067 49       		.uleb128 0x49
 1177 0068 13       		.uleb128 0x13
 1178 0069 38       		.uleb128 0x38
 1179 006a 0B       		.uleb128 0xb
 1180 006b 00       		.byte	0
 1181 006c 00       		.byte	0
 1182 006d 0A       		.uleb128 0xa
 1183 006e 2E       		.uleb128 0x2e
 1184 006f 01       		.byte	0x1
 1185 0070 03       		.uleb128 0x3
 1186 0071 0E       		.uleb128 0xe
 1187 0072 3A       		.uleb128 0x3a
 1188 0073 0B       		.uleb128 0xb
 1189 0074 3B       		.uleb128 0x3b
ARM GAS  C:\Users\Jeremias\AppData\Local\Temp\ccMc3GKI.s 			page 29


 1190 0075 0B       		.uleb128 0xb
 1191 0076 27       		.uleb128 0x27
 1192 0077 19       		.uleb128 0x19
 1193 0078 11       		.uleb128 0x11
 1194 0079 01       		.uleb128 0x1
 1195 007a 12       		.uleb128 0x12
 1196 007b 06       		.uleb128 0x6
 1197 007c 40       		.uleb128 0x40
 1198 007d 18       		.uleb128 0x18
 1199 007e 9642     		.uleb128 0x2116
 1200 0080 19       		.uleb128 0x19
 1201 0081 01       		.uleb128 0x1
 1202 0082 13       		.uleb128 0x13
 1203 0083 00       		.byte	0
 1204 0084 00       		.byte	0
 1205 0085 0B       		.uleb128 0xb
 1206 0086 05       		.uleb128 0x5
 1207 0087 00       		.byte	0
 1208 0088 03       		.uleb128 0x3
 1209 0089 08       		.uleb128 0x8
 1210 008a 3A       		.uleb128 0x3a
 1211 008b 0B       		.uleb128 0xb
 1212 008c 3B       		.uleb128 0x3b
 1213 008d 0B       		.uleb128 0xb
 1214 008e 49       		.uleb128 0x49
 1215 008f 13       		.uleb128 0x13
 1216 0090 02       		.uleb128 0x2
 1217 0091 18       		.uleb128 0x18
 1218 0092 00       		.byte	0
 1219 0093 00       		.byte	0
 1220 0094 0C       		.uleb128 0xc
 1221 0095 05       		.uleb128 0x5
 1222 0096 00       		.byte	0
 1223 0097 03       		.uleb128 0x3
 1224 0098 0E       		.uleb128 0xe
 1225 0099 3A       		.uleb128 0x3a
 1226 009a 0B       		.uleb128 0xb
 1227 009b 3B       		.uleb128 0x3b
 1228 009c 0B       		.uleb128 0xb
 1229 009d 49       		.uleb128 0x49
 1230 009e 13       		.uleb128 0x13
 1231 009f 02       		.uleb128 0x2
 1232 00a0 18       		.uleb128 0x18
 1233 00a1 00       		.byte	0
 1234 00a2 00       		.byte	0
 1235 00a3 0D       		.uleb128 0xd
 1236 00a4 0F       		.uleb128 0xf
 1237 00a5 00       		.byte	0
 1238 00a6 0B       		.uleb128 0xb
 1239 00a7 0B       		.uleb128 0xb
 1240 00a8 49       		.uleb128 0x49
 1241 00a9 13       		.uleb128 0x13
 1242 00aa 00       		.byte	0
 1243 00ab 00       		.byte	0
 1244 00ac 0E       		.uleb128 0xe
 1245 00ad 26       		.uleb128 0x26
 1246 00ae 00       		.byte	0
ARM GAS  C:\Users\Jeremias\AppData\Local\Temp\ccMc3GKI.s 			page 30


 1247 00af 00       		.byte	0
 1248 00b0 00       		.byte	0
 1249 00b1 0F       		.uleb128 0xf
 1250 00b2 2E       		.uleb128 0x2e
 1251 00b3 01       		.byte	0x1
 1252 00b4 03       		.uleb128 0x3
 1253 00b5 0E       		.uleb128 0xe
 1254 00b6 3A       		.uleb128 0x3a
 1255 00b7 0B       		.uleb128 0xb
 1256 00b8 3B       		.uleb128 0x3b
 1257 00b9 0B       		.uleb128 0xb
 1258 00ba 27       		.uleb128 0x27
 1259 00bb 19       		.uleb128 0x19
 1260 00bc 11       		.uleb128 0x11
 1261 00bd 01       		.uleb128 0x1
 1262 00be 12       		.uleb128 0x12
 1263 00bf 06       		.uleb128 0x6
 1264 00c0 40       		.uleb128 0x40
 1265 00c1 18       		.uleb128 0x18
 1266 00c2 9742     		.uleb128 0x2117
 1267 00c4 19       		.uleb128 0x19
 1268 00c5 01       		.uleb128 0x1
 1269 00c6 13       		.uleb128 0x13
 1270 00c7 00       		.byte	0
 1271 00c8 00       		.byte	0
 1272 00c9 10       		.uleb128 0x10
 1273 00ca 34       		.uleb128 0x34
 1274 00cb 00       		.byte	0
 1275 00cc 03       		.uleb128 0x3
 1276 00cd 08       		.uleb128 0x8
 1277 00ce 3A       		.uleb128 0x3a
 1278 00cf 0B       		.uleb128 0xb
 1279 00d0 3B       		.uleb128 0x3b
 1280 00d1 0B       		.uleb128 0xb
 1281 00d2 49       		.uleb128 0x49
 1282 00d3 13       		.uleb128 0x13
 1283 00d4 02       		.uleb128 0x2
 1284 00d5 18       		.uleb128 0x18
 1285 00d6 00       		.byte	0
 1286 00d7 00       		.byte	0
 1287 00d8 11       		.uleb128 0x11
 1288 00d9 0B       		.uleb128 0xb
 1289 00da 01       		.byte	0x1
 1290 00db 11       		.uleb128 0x11
 1291 00dc 01       		.uleb128 0x1
 1292 00dd 12       		.uleb128 0x12
 1293 00de 06       		.uleb128 0x6
 1294 00df 00       		.byte	0
 1295 00e0 00       		.byte	0
 1296 00e1 12       		.uleb128 0x12
 1297 00e2 34       		.uleb128 0x34
 1298 00e3 00       		.byte	0
 1299 00e4 03       		.uleb128 0x3
 1300 00e5 0E       		.uleb128 0xe
 1301 00e6 3A       		.uleb128 0x3a
 1302 00e7 0B       		.uleb128 0xb
 1303 00e8 3B       		.uleb128 0x3b
ARM GAS  C:\Users\Jeremias\AppData\Local\Temp\ccMc3GKI.s 			page 31


 1304 00e9 0B       		.uleb128 0xb
 1305 00ea 49       		.uleb128 0x49
 1306 00eb 13       		.uleb128 0x13
 1307 00ec 02       		.uleb128 0x2
 1308 00ed 18       		.uleb128 0x18
 1309 00ee 00       		.byte	0
 1310 00ef 00       		.byte	0
 1311 00f0 13       		.uleb128 0x13
 1312 00f1 26       		.uleb128 0x26
 1313 00f2 00       		.byte	0
 1314 00f3 49       		.uleb128 0x49
 1315 00f4 13       		.uleb128 0x13
 1316 00f5 00       		.byte	0
 1317 00f6 00       		.byte	0
 1318 00f7 14       		.uleb128 0x14
 1319 00f8 2E       		.uleb128 0x2e
 1320 00f9 00       		.byte	0
 1321 00fa 03       		.uleb128 0x3
 1322 00fb 0E       		.uleb128 0xe
 1323 00fc 3A       		.uleb128 0x3a
 1324 00fd 0B       		.uleb128 0xb
 1325 00fe 3B       		.uleb128 0x3b
 1326 00ff 0B       		.uleb128 0xb
 1327 0100 27       		.uleb128 0x27
 1328 0101 19       		.uleb128 0x19
 1329 0102 11       		.uleb128 0x11
 1330 0103 01       		.uleb128 0x1
 1331 0104 12       		.uleb128 0x12
 1332 0105 06       		.uleb128 0x6
 1333 0106 40       		.uleb128 0x40
 1334 0107 18       		.uleb128 0x18
 1335 0108 9642     		.uleb128 0x2116
 1336 010a 19       		.uleb128 0x19
 1337 010b 00       		.byte	0
 1338 010c 00       		.byte	0
 1339 010d 15       		.uleb128 0x15
 1340 010e 2E       		.uleb128 0x2e
 1341 010f 00       		.byte	0
 1342 0110 03       		.uleb128 0x3
 1343 0111 0E       		.uleb128 0xe
 1344 0112 3A       		.uleb128 0x3a
 1345 0113 0B       		.uleb128 0xb
 1346 0114 3B       		.uleb128 0x3b
 1347 0115 0B       		.uleb128 0xb
 1348 0116 27       		.uleb128 0x27
 1349 0117 19       		.uleb128 0x19
 1350 0118 11       		.uleb128 0x11
 1351 0119 01       		.uleb128 0x1
 1352 011a 12       		.uleb128 0x12
 1353 011b 06       		.uleb128 0x6
 1354 011c 40       		.uleb128 0x40
 1355 011d 18       		.uleb128 0x18
 1356 011e 9742     		.uleb128 0x2117
 1357 0120 19       		.uleb128 0x19
 1358 0121 00       		.byte	0
 1359 0122 00       		.byte	0
 1360 0123 16       		.uleb128 0x16
ARM GAS  C:\Users\Jeremias\AppData\Local\Temp\ccMc3GKI.s 			page 32


 1361 0124 2E       		.uleb128 0x2e
 1362 0125 01       		.byte	0x1
 1363 0126 3F       		.uleb128 0x3f
 1364 0127 19       		.uleb128 0x19
 1365 0128 03       		.uleb128 0x3
 1366 0129 0E       		.uleb128 0xe
 1367 012a 3A       		.uleb128 0x3a
 1368 012b 0B       		.uleb128 0xb
 1369 012c 3B       		.uleb128 0x3b
 1370 012d 05       		.uleb128 0x5
 1371 012e 27       		.uleb128 0x27
 1372 012f 19       		.uleb128 0x19
 1373 0130 11       		.uleb128 0x11
 1374 0131 01       		.uleb128 0x1
 1375 0132 12       		.uleb128 0x12
 1376 0133 06       		.uleb128 0x6
 1377 0134 40       		.uleb128 0x40
 1378 0135 18       		.uleb128 0x18
 1379 0136 9642     		.uleb128 0x2116
 1380 0138 19       		.uleb128 0x19
 1381 0139 01       		.uleb128 0x1
 1382 013a 13       		.uleb128 0x13
 1383 013b 00       		.byte	0
 1384 013c 00       		.byte	0
 1385 013d 17       		.uleb128 0x17
 1386 013e 34       		.uleb128 0x34
 1387 013f 00       		.byte	0
 1388 0140 03       		.uleb128 0x3
 1389 0141 0E       		.uleb128 0xe
 1390 0142 3A       		.uleb128 0x3a
 1391 0143 0B       		.uleb128 0xb
 1392 0144 3B       		.uleb128 0x3b
 1393 0145 05       		.uleb128 0x5
 1394 0146 49       		.uleb128 0x49
 1395 0147 13       		.uleb128 0x13
 1396 0148 02       		.uleb128 0x2
 1397 0149 18       		.uleb128 0x18
 1398 014a 00       		.byte	0
 1399 014b 00       		.byte	0
 1400 014c 18       		.uleb128 0x18
 1401 014d 13       		.uleb128 0x13
 1402 014e 01       		.byte	0x1
 1403 014f 0B       		.uleb128 0xb
 1404 0150 0B       		.uleb128 0xb
 1405 0151 3A       		.uleb128 0x3a
 1406 0152 0B       		.uleb128 0xb
 1407 0153 3B       		.uleb128 0x3b
 1408 0154 05       		.uleb128 0x5
 1409 0155 01       		.uleb128 0x1
 1410 0156 13       		.uleb128 0x13
 1411 0157 00       		.byte	0
 1412 0158 00       		.byte	0
 1413 0159 19       		.uleb128 0x19
 1414 015a 0D       		.uleb128 0xd
 1415 015b 00       		.byte	0
 1416 015c 03       		.uleb128 0x3
 1417 015d 0E       		.uleb128 0xe
ARM GAS  C:\Users\Jeremias\AppData\Local\Temp\ccMc3GKI.s 			page 33


 1418 015e 3A       		.uleb128 0x3a
 1419 015f 0B       		.uleb128 0xb
 1420 0160 3B       		.uleb128 0x3b
 1421 0161 05       		.uleb128 0x5
 1422 0162 49       		.uleb128 0x49
 1423 0163 13       		.uleb128 0x13
 1424 0164 38       		.uleb128 0x38
 1425 0165 0B       		.uleb128 0xb
 1426 0166 00       		.byte	0
 1427 0167 00       		.byte	0
 1428 0168 1A       		.uleb128 0x1a
 1429 0169 01       		.uleb128 0x1
 1430 016a 01       		.byte	0x1
 1431 016b 49       		.uleb128 0x49
 1432 016c 13       		.uleb128 0x13
 1433 016d 01       		.uleb128 0x1
 1434 016e 13       		.uleb128 0x13
 1435 016f 00       		.byte	0
 1436 0170 00       		.byte	0
 1437 0171 1B       		.uleb128 0x1b
 1438 0172 21       		.uleb128 0x21
 1439 0173 00       		.byte	0
 1440 0174 49       		.uleb128 0x49
 1441 0175 13       		.uleb128 0x13
 1442 0176 2F       		.uleb128 0x2f
 1443 0177 0B       		.uleb128 0xb
 1444 0178 00       		.byte	0
 1445 0179 00       		.byte	0
 1446 017a 1C       		.uleb128 0x1c
 1447 017b 34       		.uleb128 0x34
 1448 017c 00       		.byte	0
 1449 017d 03       		.uleb128 0x3
 1450 017e 08       		.uleb128 0x8
 1451 017f 3A       		.uleb128 0x3a
 1452 0180 0B       		.uleb128 0xb
 1453 0181 3B       		.uleb128 0x3b
 1454 0182 05       		.uleb128 0x5
 1455 0183 49       		.uleb128 0x49
 1456 0184 13       		.uleb128 0x13
 1457 0185 02       		.uleb128 0x2
 1458 0186 18       		.uleb128 0x18
 1459 0187 00       		.byte	0
 1460 0188 00       		.byte	0
 1461 0189 00       		.byte	0
 1462              		.section	.debug_aranges,"",%progbits
 1463 0000 4C000000 		.4byte	0x4c
 1464 0004 0200     		.2byte	0x2
 1465 0006 00000000 		.4byte	.Ldebug_info0
 1466 000a 04       		.byte	0x4
 1467 000b 00       		.byte	0
 1468 000c 0000     		.2byte	0
 1469 000e 0000     		.2byte	0
 1470 0010 00000000 		.4byte	.LFB0
 1471 0014 1E000000 		.4byte	.LFE0-.LFB0
 1472 0018 00000000 		.4byte	.LFB1
 1473 001c 20000000 		.4byte	.LFE1-.LFB1
 1474 0020 00000000 		.4byte	.LFB2
ARM GAS  C:\Users\Jeremias\AppData\Local\Temp\ccMc3GKI.s 			page 34


 1475 0024 20000000 		.4byte	.LFE2-.LFB2
 1476 0028 00000000 		.4byte	.LFB3
 1477 002c 82000000 		.4byte	.LFE3-.LFB3
 1478 0030 00000000 		.4byte	.LFB4
 1479 0034 5C000000 		.4byte	.LFE4-.LFB4
 1480 0038 00000000 		.4byte	.LFB5
 1481 003c 0A000000 		.4byte	.LFE5-.LFB5
 1482 0040 5C000000 		.4byte	.LFB6
 1483 0044 54010000 		.4byte	.LFE6-.LFB6
 1484 0048 00000000 		.4byte	0
 1485 004c 00000000 		.4byte	0
 1486              		.section	.debug_ranges,"",%progbits
 1487              	.Ldebug_ranges0:
 1488 0000 00000000 		.4byte	.LFB0
 1489 0004 1E000000 		.4byte	.LFE0
 1490 0008 00000000 		.4byte	.LFB1
 1491 000c 20000000 		.4byte	.LFE1
 1492 0010 00000000 		.4byte	.LFB2
 1493 0014 20000000 		.4byte	.LFE2
 1494 0018 00000000 		.4byte	.LFB3
 1495 001c 82000000 		.4byte	.LFE3
 1496 0020 00000000 		.4byte	.LFB4
 1497 0024 5C000000 		.4byte	.LFE4
 1498 0028 00000000 		.4byte	.LFB5
 1499 002c 0A000000 		.4byte	.LFE5
 1500 0030 5C000000 		.4byte	.LFB6
 1501 0034 B0010000 		.4byte	.LFE6
 1502 0038 00000000 		.4byte	0
 1503 003c 00000000 		.4byte	0
 1504              		.section	.debug_line,"",%progbits
 1505              	.Ldebug_line0:
 1506 0000 8C010000 		.section	.debug_str,"MS",%progbits,1
 1506      0200CB00 
 1506      00000201 
 1506      FB0E0D00 
 1506      01010101 
 1507              	.LASF19:
 1508 0000 72656733 		.ascii	"reg32\000"
 1508      3200
 1509              	.LASF12:
 1510 0006 73697A65 		.ascii	"size_t\000"
 1510      5F7400
 1511              	.LASF33:
 1512 000d 416E616C 		.ascii	"AnalogSetDefault\000"
 1512      6F675365 
 1512      74446566 
 1512      61756C74 
 1512      00
 1513              	.LASF21:
 1514 001e 76616C75 		.ascii	"value\000"
 1514      6500
 1515              	.LASF31:
 1516 0024 636F756E 		.ascii	"count\000"
 1516      7400
 1517              	.LASF32:
 1518 002a 436C6F63 		.ascii	"ClockSetup\000"
 1518      6B536574 
ARM GAS  C:\Users\Jeremias\AppData\Local\Temp\ccMc3GKI.s 			page 35


 1518      757000
 1519              	.LASF34:
 1520 0035 63795F63 		.ascii	"cy_cfg_addr_table\000"
 1520      66675F61 
 1520      6464725F 
 1520      7461626C 
 1520      6500
 1521              	.LASF35:
 1522 0047 63795F63 		.ascii	"cy_cfg_data_table\000"
 1522      66675F64 
 1522      6174615F 
 1522      7461626C 
 1522      6500
 1523              	.LASF16:
 1524 0059 666C6F61 		.ascii	"float\000"
 1524      7400
 1525              	.LASF25:
 1526 005f 64657374 		.ascii	"dest\000"
 1526      00
 1527              	.LASF42:
 1528 0064 443A5C45 		.ascii	"D:\\ESCRITORIO\\Tesis MIB\\Proyecto de Tesis\\elect"
 1528      53435249 
 1528      544F5249 
 1528      4F5C5465 
 1528      73697320 
 1529 0093 726F6573 		.ascii	"roestimulador\\PSoC\\PRUEBAS\\SCB_Bootloader\\Bootl"
 1529      74696D75 
 1529      6C61646F 
 1529      725C5053 
 1529      6F435C50 
 1530 00c2 6F616461 		.ascii	"oadable Toggle LEDs con BCont.cydsn\000"
 1530      626C6520 
 1530      546F6767 
 1530      6C65204C 
 1530      45447320 
 1531              	.LASF39:
 1532 00e6 6366675F 		.ascii	"cfg_memset_list\000"
 1532      6D656D73 
 1532      65745F6C 
 1532      69737400 
 1533              	.LASF37:
 1534 00f6 73697A65 		.ascii	"size\000"
 1534      00
 1535              	.LASF18:
 1536 00fb 72656738 		.ascii	"reg8\000"
 1536      00
 1537              	.LASF8:
 1538 0100 6C6F6E67 		.ascii	"long unsigned int\000"
 1538      20756E73 
 1538      69676E65 
 1538      6420696E 
 1538      7400
 1539              	.LASF13:
 1540 0112 75696E74 		.ascii	"uint8\000"
 1540      3800
 1541              	.LASF23:
 1542 0118 43594D45 		.ascii	"CYMEMZERO\000"
ARM GAS  C:\Users\Jeremias\AppData\Local\Temp\ccMc3GKI.s 			page 36


 1542      4D5A4552 
 1542      4F00
 1543              	.LASF40:
 1544 0122 474E5520 		.ascii	"GNU C11 5.4.1 20160609 (release) [ARM/embedded-5-br"
 1544      43313120 
 1544      352E342E 
 1544      31203230 
 1544      31363036 
 1545 0155 616E6368 		.ascii	"anch revision 237715] -mcpu=cortex-m0 -mthumb -g -O"
 1545      20726576 
 1545      6973696F 
 1545      6E203233 
 1545      37373135 
 1546 0188 30202D66 		.ascii	"0 -ffunction-sections -ffat-lto-objects\000"
 1546      66756E63 
 1546      74696F6E 
 1546      2D736563 
 1546      74696F6E 
 1547              	.LASF4:
 1548 01b0 756E7369 		.ascii	"unsigned char\000"
 1548      676E6564 
 1548      20636861 
 1548      7200
 1549              	.LASF17:
 1550 01be 646F7562 		.ascii	"double\000"
 1550      6C6500
 1551              	.LASF27:
 1552 01c5 6366675F 		.ascii	"cfg_write_bytes32\000"
 1552      77726974 
 1552      655F6279 
 1552      74657333 
 1552      3200
 1553              	.LASF43:
 1554 01d7 63796669 		.ascii	"cyfitter_cfg\000"
 1554      74746572 
 1554      5F636667 
 1554      00
 1555              	.LASF28:
 1556 01e4 61646472 		.ascii	"addr_table\000"
 1556      5F746162 
 1556      6C6500
 1557              	.LASF14:
 1558 01ef 75696E74 		.ascii	"uint16\000"
 1558      313600
 1559              	.LASF29:
 1560 01f6 64617461 		.ascii	"data_table\000"
 1560      5F746162 
 1560      6C6500
 1561              	.LASF15:
 1562 0201 75696E74 		.ascii	"uint32\000"
 1562      333200
 1563              	.LASF0:
 1564 0208 756E7369 		.ascii	"unsigned int\000"
 1564      676E6564 
 1564      20696E74 
 1564      00
 1565              	.LASF36:
ARM GAS  C:\Users\Jeremias\AppData\Local\Temp\ccMc3GKI.s 			page 37


 1566 0215 61646472 		.ascii	"address\000"
 1566      65737300 
 1567              	.LASF9:
 1568 021d 6C6F6E67 		.ascii	"long long unsigned int\000"
 1568      206C6F6E 
 1568      6720756E 
 1568      7369676E 
 1568      65642069 
 1569              	.LASF38:
 1570 0234 6366675F 		.ascii	"cfg_memset_t\000"
 1570      6D656D73 
 1570      65745F74 
 1570      00
 1571              	.LASF30:
 1572 0241 62617365 		.ascii	"baseAddr\000"
 1572      41646472 
 1572      00
 1573              	.LASF10:
 1574 024a 73697A65 		.ascii	"sizetype\000"
 1574      74797065 
 1574      00
 1575              	.LASF6:
 1576 0253 73686F72 		.ascii	"short unsigned int\000"
 1576      7420756E 
 1576      7369676E 
 1576      65642069 
 1576      6E7400
 1577              	.LASF1:
 1578 0266 6C6F6E67 		.ascii	"long long int\000"
 1578      206C6F6E 
 1578      6720696E 
 1578      7400
 1579              	.LASF11:
 1580 0274 63686172 		.ascii	"char\000"
 1580      00
 1581              	.LASF22:
 1582 0279 63795F63 		.ascii	"cy_cfg_addrvalue_t\000"
 1582      66675F61 
 1582      64647276 
 1582      616C7565 
 1582      5F7400
 1583              	.LASF20:
 1584 028c 6F666673 		.ascii	"offset\000"
 1584      657400
 1585              	.LASF5:
 1586 0293 73686F72 		.ascii	"short int\000"
 1586      7420696E 
 1586      7400
 1587              	.LASF7:
 1588 029d 6C6F6E67 		.ascii	"long int\000"
 1588      20696E74 
 1588      00
 1589              	.LASF2:
 1590 02a6 6C6F6E67 		.ascii	"long double\000"
 1590      20646F75 
 1590      626C6500 
 1591              	.LASF3:
ARM GAS  C:\Users\Jeremias\AppData\Local\Temp\ccMc3GKI.s 			page 38


 1592 02b2 7369676E 		.ascii	"signed char\000"
 1592      65642063 
 1592      68617200 
 1593              	.LASF41:
 1594 02be 47656E65 		.ascii	"Generated_Source\\PSoC4\\cyfitter_cfg.c\000"
 1594      72617465 
 1594      645F536F 
 1594      75726365 
 1594      5C50536F 
 1595              	.LASF26:
 1596 02e4 4359434F 		.ascii	"CYCONFIGCPYCODE\000"
 1596      4E464947 
 1596      43505943 
 1596      4F444500 
 1597              	.LASF24:
 1598 02f4 4359434F 		.ascii	"CYCONFIGCPY\000"
 1598      4E464947 
 1598      43505900 
 1599              		.ident	"GCC: (GNU Tools for ARM Embedded Processors) 5.4.1 20160609 (release) [ARM/embedded-5-bran
