--------------- Build Started: 12/08/2020 03:18:22 Project: prueba IDAC, Configuration: ARM GCC 5.4-2016-q2-update Debug ---------------
cydsfit.exe -.appdatapath "C:\Users\Jeremias\AppData\Local\Cypress Semiconductor\PSoC Creator\4.4" -.fdsnotice -.fdswarpdepfile=warp_dependencies.txt -.fdselabdepfile=elab_dependencies.txt -.fdsbldfile=generated_files.txt -.fdsreffile=referenced_files.txt -p "D:\ESCRITORIO\Tesis MIB\Proyecto de Tesis\electroestimulador\PSoC\electroestimulador\Pruebas electroestimulador\prueba IDAC.cydsn\prueba IDAC.cyprj" -d CY8C4245AXI-483 -s "D:\ESCRITORIO\Tesis MIB\Proyecto de Tesis\electroestimulador\PSoC\electroestimulador\Pruebas electroestimulador\prueba IDAC.cydsn\Generated_Source\PSoC4" -- -yv2 -q10 -ygs -o2 -v3 -.fftcfgtype=LE
Elaborating Design...
HDL Generation...
Synthesis...
Tech Mapping...
Analog Placement...
Analog Routing...
Analog Code Generation...
Digital Placement...
Digital Routing...
Bitstream Generation...
Bitstream Verification...
Static timing analysis...
API Generation...
Dependency Generation...
Cleanup...
arm-none-eabi-gcc.exe -mcpu=cortex-m0 -mthumb -I. -IGenerated_Source\PSoC4 -Wa,-alh=.\CortexM0\ARM_GCC_541\Debug/mainIDAC.lst -g -D DEBUG -D CY_CORE_ID=0 -Wall -ffunction-sections -ffat-lto-objects -Og -c mainIDAC.c -o .\CortexM0\ARM_GCC_541\Debug\mainIDAC.o
arm-none-eabi-gcc.exe -mcpu=cortex-m0 -mthumb -I. -IGenerated_Source\PSoC4 -Wa,-alh=.\CortexM0\ARM_GCC_541\Debug/IDAC_1.lst -g -D DEBUG -D CY_CORE_ID=0 -Wall -ffunction-sections -ffat-lto-objects -Og -c Generated_Source\PSoC4\IDAC_1.c -o .\CortexM0\ARM_GCC_541\Debug\IDAC_1.o
arm-none-eabi-gcc.exe -mcpu=cortex-m0 -mthumb -I. -IGenerated_Source\PSoC4 -Wa,-alh=.\CortexM0\ARM_GCC_541\Debug/IDAC_1_PM.lst -g -D DEBUG -D CY_CORE_ID=0 -Wall -ffunction-sections -ffat-lto-objects -Og -c Generated_Source\PSoC4\IDAC_1_PM.c -o .\CortexM0\ARM_GCC_541\Debug\IDAC_1_PM.o
arm-none-eabi-ar.exe -rs ".\CortexM0\ARM_GCC_541\Debug\prueba IDAC.a" .\CortexM0\ARM_GCC_541\Debug\Bootloadable_1.o .\CortexM0\ARM_GCC_541\Debug\IDAC_1.o .\CortexM0\ARM_GCC_541\Debug\IDAC_1_PM.o .\CortexM0\ARM_GCC_541\Debug\Iout_1.o .\CortexM0\ARM_GCC_541\Debug\Iout_1_PM.o .\CortexM0\ARM_GCC_541\Debug\CyFlash.o .\CortexM0\ARM_GCC_541\Debug\CyLib.o .\CortexM0\ARM_GCC_541\Debug\cyPm.o .\CortexM0\ARM_GCC_541\Debug\cyutils.o .\CortexM0\ARM_GCC_541\Debug\CyLFClk.o .\CortexM0\ARM_GCC_541\Debug\cy_em_eeprom.o .\CortexM0\ARM_GCC_541\Debug\SW1_IDAC.o .\CortexM0\ARM_GCC_541\Debug\SW1_IDAC_PM.o .\CortexM0\ARM_GCC_541\Debug\VAR_IDAC.o .\CortexM0\ARM_GCC_541\Debug\CyBootAsmGnu.o
arm-none-eabi-ar.exe: creating .\CortexM0\ARM_GCC_541\Debug\prueba IDAC.a
arm-none-eabi-gcc.exe -Wl,--start-group -o "D:\ESCRITORIO\Tesis MIB\Proyecto de Tesis\electroestimulador\PSoC\electroestimulador\Pruebas electroestimulador\prueba IDAC.cydsn\CortexM0\ARM_GCC_541\Debug\prueba IDAC.elf" .\CortexM0\ARM_GCC_541\Debug\mainIDAC.o .\CortexM0\ARM_GCC_541\Debug\cyfitter_cfg.o .\CortexM0\ARM_GCC_541\Debug\cybootloader.o .\CortexM0\ARM_GCC_541\Debug\cymetadata.o .\CortexM0\ARM_GCC_541\Debug\Cm0Start.o ".\CortexM0\ARM_GCC_541\Debug\prueba IDAC.a" -mcpu=cortex-m0 -mthumb -L Generated_Source\PSoC4 "-Wl,-Map,.\CortexM0\ARM_GCC_541\Debug/prueba IDAC.map" -T Generated_Source\PSoC4\cm0gcc.ld -specs=nano.specs -Wl,--gc-sections -g -ffunction-sections -Og -ffat-lto-objects -Wl,--end-group
cyelftool.exe -B "D:\ESCRITORIO\Tesis MIB\Proyecto de Tesis\electroestimulador\PSoC\electroestimulador\Pruebas electroestimulador\prueba IDAC.cydsn\CortexM0\ARM_GCC_541\Debug\prueba IDAC.elf" --flash_row_size 128 --flash_size 32768 --flash_offset 0x00000000 --flash_array_size 32768
No ELF section .cychecksum found, creating one
Application checksum calculated and stored in ELF section .cychecksum
Checksum calculated and stored in ELF section .cymeta
cyelftool.exe -S "D:\ESCRITORIO\Tesis MIB\Proyecto de Tesis\electroestimulador\PSoC\electroestimulador\Pruebas electroestimulador\prueba IDAC.cydsn\CortexM0\ARM_GCC_541\Debug\prueba IDAC.elf"
Flash used: 6824 of 32768 bytes (20,8 %). Bootloader: 4352 bytes. Application: 2344 bytes. Metadata: 128 bytes.
SRAM used: 1548 of 4096 bytes (37,8 %). Stack: 1024 bytes. Heap: 128 bytes.
--------------- Build Succeeded: 12/08/2020 03:18:34 ---------------
