ARM GAS  C:\Users\Jeremias\AppData\Local\Temp\ccebbVYf.s 			page 1


   1              		.syntax unified
   2              		.cpu cortex-m0
   3              		.fpu softvfp
   4              		.eabi_attribute 20, 1
   5              		.eabi_attribute 21, 1
   6              		.eabi_attribute 23, 3
   7              		.eabi_attribute 24, 1
   8              		.eabi_attribute 25, 1
   9              		.eabi_attribute 26, 1
  10              		.eabi_attribute 30, 6
  11              		.eabi_attribute 34, 0
  12              		.eabi_attribute 18, 4
  13              		.thumb
  14              		.syntax unified
  15              		.file	"cyfitter_cfg.c"
  16              		.text
  17              	.Ltext0:
  18              		.cfi_sections	.debug_frame
  19              		.section	.text.CYMEMZERO,"ax",%progbits
  20              		.align	2
  21              		.code	16
  22              		.thumb_func
  23              		.type	CYMEMZERO, %function
  24              	CYMEMZERO:
  25              	.LFB0:
  26              		.file 1 "Generated_Source\\PSoC4\\cyfitter_cfg.c"
   1:Generated_Source\PSoC4/cyfitter_cfg.c **** 
   2:Generated_Source\PSoC4/cyfitter_cfg.c **** /*******************************************************************************
   3:Generated_Source\PSoC4/cyfitter_cfg.c **** * File Name: cyfitter_cfg.c
   4:Generated_Source\PSoC4/cyfitter_cfg.c **** * 
   5:Generated_Source\PSoC4/cyfitter_cfg.c **** * PSoC Creator  4.4
   6:Generated_Source\PSoC4/cyfitter_cfg.c **** *
   7:Generated_Source\PSoC4/cyfitter_cfg.c **** * Description:
   8:Generated_Source\PSoC4/cyfitter_cfg.c **** * This file contains device initialization code.
   9:Generated_Source\PSoC4/cyfitter_cfg.c **** * Except for the user defined sections in CyClockStartupError(), this file should not be modified.
  10:Generated_Source\PSoC4/cyfitter_cfg.c **** * This file is automatically generated by PSoC Creator.
  11:Generated_Source\PSoC4/cyfitter_cfg.c **** *
  12:Generated_Source\PSoC4/cyfitter_cfg.c **** ********************************************************************************
  13:Generated_Source\PSoC4/cyfitter_cfg.c **** * Copyright (c) 2007-2020 Cypress Semiconductor.  All rights reserved.
  14:Generated_Source\PSoC4/cyfitter_cfg.c **** * You may use this file only in accordance with the license, terms, conditions, 
  15:Generated_Source\PSoC4/cyfitter_cfg.c **** * disclaimers, and limitations in the end user license agreement accompanying 
  16:Generated_Source\PSoC4/cyfitter_cfg.c **** * the software package with which this file was provided.
  17:Generated_Source\PSoC4/cyfitter_cfg.c **** ********************************************************************************/
  18:Generated_Source\PSoC4/cyfitter_cfg.c **** 
  19:Generated_Source\PSoC4/cyfitter_cfg.c **** #include <string.h>
  20:Generated_Source\PSoC4/cyfitter_cfg.c **** #include "cytypes.h"
  21:Generated_Source\PSoC4/cyfitter_cfg.c **** #include "cydevice_trm.h"
  22:Generated_Source\PSoC4/cyfitter_cfg.c **** #include "cyfitter.h"
  23:Generated_Source\PSoC4/cyfitter_cfg.c **** #include "CyLib.h"
  24:Generated_Source\PSoC4/cyfitter_cfg.c **** #include "cyfitter_cfg.h"
  25:Generated_Source\PSoC4/cyfitter_cfg.c **** 
  26:Generated_Source\PSoC4/cyfitter_cfg.c **** 
  27:Generated_Source\PSoC4/cyfitter_cfg.c **** #if defined(__GNUC__) || defined(__ARMCC_VERSION)
  28:Generated_Source\PSoC4/cyfitter_cfg.c ****     #define CYPACKED 
  29:Generated_Source\PSoC4/cyfitter_cfg.c ****     #define CYPACKED_ATTR __attribute__ ((packed))
  30:Generated_Source\PSoC4/cyfitter_cfg.c ****     #define CYALIGNED __attribute__ ((aligned))
  31:Generated_Source\PSoC4/cyfitter_cfg.c ****     #define CY_CFG_UNUSED __attribute__ ((unused))
ARM GAS  C:\Users\Jeremias\AppData\Local\Temp\ccebbVYf.s 			page 2


  32:Generated_Source\PSoC4/cyfitter_cfg.c ****     #ifndef CY_CFG_SECTION
  33:Generated_Source\PSoC4/cyfitter_cfg.c ****         #define CY_CFG_SECTION __attribute__ ((section(".psocinit")))
  34:Generated_Source\PSoC4/cyfitter_cfg.c ****     #endif
  35:Generated_Source\PSoC4/cyfitter_cfg.c ****     
  36:Generated_Source\PSoC4/cyfitter_cfg.c ****     #if defined(__ARMCC_VERSION)
  37:Generated_Source\PSoC4/cyfitter_cfg.c ****         #define CY_CFG_MEMORY_BARRIER() __memory_changed()
  38:Generated_Source\PSoC4/cyfitter_cfg.c ****     #else
  39:Generated_Source\PSoC4/cyfitter_cfg.c ****         #define CY_CFG_MEMORY_BARRIER() __sync_synchronize()
  40:Generated_Source\PSoC4/cyfitter_cfg.c ****     #endif
  41:Generated_Source\PSoC4/cyfitter_cfg.c ****     
  42:Generated_Source\PSoC4/cyfitter_cfg.c **** #elif defined(__ICCARM__)
  43:Generated_Source\PSoC4/cyfitter_cfg.c ****     #include <intrinsics.h>
  44:Generated_Source\PSoC4/cyfitter_cfg.c **** 
  45:Generated_Source\PSoC4/cyfitter_cfg.c ****     #define CYPACKED __packed
  46:Generated_Source\PSoC4/cyfitter_cfg.c ****     #define CYPACKED_ATTR 
  47:Generated_Source\PSoC4/cyfitter_cfg.c ****     #define CYALIGNED _Pragma("data_alignment=4")
  48:Generated_Source\PSoC4/cyfitter_cfg.c ****     #define CY_CFG_UNUSED _Pragma("diag_suppress=Pe177")
  49:Generated_Source\PSoC4/cyfitter_cfg.c ****     #define CY_CFG_SECTION _Pragma("location=\".psocinit\"")
  50:Generated_Source\PSoC4/cyfitter_cfg.c ****     
  51:Generated_Source\PSoC4/cyfitter_cfg.c ****     #define CY_CFG_MEMORY_BARRIER() __DMB()
  52:Generated_Source\PSoC4/cyfitter_cfg.c ****     
  53:Generated_Source\PSoC4/cyfitter_cfg.c **** #else
  54:Generated_Source\PSoC4/cyfitter_cfg.c ****     #error Unsupported toolchain
  55:Generated_Source\PSoC4/cyfitter_cfg.c **** #endif
  56:Generated_Source\PSoC4/cyfitter_cfg.c **** 
  57:Generated_Source\PSoC4/cyfitter_cfg.c **** #ifndef CYCODE
  58:Generated_Source\PSoC4/cyfitter_cfg.c ****     #define CYCODE
  59:Generated_Source\PSoC4/cyfitter_cfg.c **** #endif
  60:Generated_Source\PSoC4/cyfitter_cfg.c **** #ifndef CYDATA
  61:Generated_Source\PSoC4/cyfitter_cfg.c ****     #define CYDATA
  62:Generated_Source\PSoC4/cyfitter_cfg.c **** #endif
  63:Generated_Source\PSoC4/cyfitter_cfg.c **** #ifndef CYFAR
  64:Generated_Source\PSoC4/cyfitter_cfg.c ****     #define CYFAR
  65:Generated_Source\PSoC4/cyfitter_cfg.c **** #endif
  66:Generated_Source\PSoC4/cyfitter_cfg.c **** #ifndef CYXDATA
  67:Generated_Source\PSoC4/cyfitter_cfg.c ****     #define CYXDATA
  68:Generated_Source\PSoC4/cyfitter_cfg.c **** #endif
  69:Generated_Source\PSoC4/cyfitter_cfg.c **** 
  70:Generated_Source\PSoC4/cyfitter_cfg.c **** 
  71:Generated_Source\PSoC4/cyfitter_cfg.c **** CY_CFG_UNUSED
  72:Generated_Source\PSoC4/cyfitter_cfg.c **** static void CYMEMZERO(void *s, size_t n);
  73:Generated_Source\PSoC4/cyfitter_cfg.c **** CY_CFG_UNUSED
  74:Generated_Source\PSoC4/cyfitter_cfg.c **** static void CYMEMZERO(void *s, size_t n)
  75:Generated_Source\PSoC4/cyfitter_cfg.c **** {
  27              		.loc 1 75 0
  28              		.cfi_startproc
  29              		@ args = 0, pretend = 0, frame = 8
  30              		@ frame_needed = 1, uses_anonymous_args = 0
  31 0000 80B5     		push	{r7, lr}
  32              		.cfi_def_cfa_offset 8
  33              		.cfi_offset 7, -8
  34              		.cfi_offset 14, -4
  35 0002 82B0     		sub	sp, sp, #8
  36              		.cfi_def_cfa_offset 16
  37 0004 00AF     		add	r7, sp, #0
  38              		.cfi_def_cfa_register 7
  39 0006 7860     		str	r0, [r7, #4]
ARM GAS  C:\Users\Jeremias\AppData\Local\Temp\ccebbVYf.s 			page 3


  40 0008 3960     		str	r1, [r7]
  76:Generated_Source\PSoC4/cyfitter_cfg.c **** 	(void)memset(s, 0, n);
  41              		.loc 1 76 0
  42 000a 3A68     		ldr	r2, [r7]
  43 000c 7B68     		ldr	r3, [r7, #4]
  44 000e 0021     		movs	r1, #0
  45 0010 1800     		movs	r0, r3
  46 0012 FFF7FEFF 		bl	memset
  77:Generated_Source\PSoC4/cyfitter_cfg.c **** }
  47              		.loc 1 77 0
  48 0016 C046     		nop
  49 0018 BD46     		mov	sp, r7
  50 001a 02B0     		add	sp, sp, #8
  51              		@ sp needed
  52 001c 80BD     		pop	{r7, pc}
  53              		.cfi_endproc
  54              	.LFE0:
  55              		.size	CYMEMZERO, .-CYMEMZERO
  56 001e C046     		.section	.text.CYCONFIGCPY,"ax",%progbits
  57              		.align	2
  58              		.code	16
  59              		.thumb_func
  60              		.type	CYCONFIGCPY, %function
  61              	CYCONFIGCPY:
  62              	.LFB1:
  78:Generated_Source\PSoC4/cyfitter_cfg.c **** CY_CFG_UNUSED
  79:Generated_Source\PSoC4/cyfitter_cfg.c **** static void CYCONFIGCPY(void *dest, const void *src, size_t n);
  80:Generated_Source\PSoC4/cyfitter_cfg.c **** CY_CFG_UNUSED
  81:Generated_Source\PSoC4/cyfitter_cfg.c **** static void CYCONFIGCPY(void *dest, const void *src, size_t n)
  82:Generated_Source\PSoC4/cyfitter_cfg.c **** {
  63              		.loc 1 82 0
  64              		.cfi_startproc
  65              		@ args = 0, pretend = 0, frame = 16
  66              		@ frame_needed = 1, uses_anonymous_args = 0
  67 0000 80B5     		push	{r7, lr}
  68              		.cfi_def_cfa_offset 8
  69              		.cfi_offset 7, -8
  70              		.cfi_offset 14, -4
  71 0002 84B0     		sub	sp, sp, #16
  72              		.cfi_def_cfa_offset 24
  73 0004 00AF     		add	r7, sp, #0
  74              		.cfi_def_cfa_register 7
  75 0006 F860     		str	r0, [r7, #12]
  76 0008 B960     		str	r1, [r7, #8]
  77 000a 7A60     		str	r2, [r7, #4]
  83:Generated_Source\PSoC4/cyfitter_cfg.c **** 	(void)memcpy(dest, src, n);
  78              		.loc 1 83 0
  79 000c 7A68     		ldr	r2, [r7, #4]
  80 000e B968     		ldr	r1, [r7, #8]
  81 0010 FB68     		ldr	r3, [r7, #12]
  82 0012 1800     		movs	r0, r3
  83 0014 FFF7FEFF 		bl	memcpy
  84:Generated_Source\PSoC4/cyfitter_cfg.c **** }
  84              		.loc 1 84 0
  85 0018 C046     		nop
  86 001a BD46     		mov	sp, r7
  87 001c 04B0     		add	sp, sp, #16
ARM GAS  C:\Users\Jeremias\AppData\Local\Temp\ccebbVYf.s 			page 4


  88              		@ sp needed
  89 001e 80BD     		pop	{r7, pc}
  90              		.cfi_endproc
  91              	.LFE1:
  92              		.size	CYCONFIGCPY, .-CYCONFIGCPY
  93              		.section	.text.CYCONFIGCPYCODE,"ax",%progbits
  94              		.align	2
  95              		.code	16
  96              		.thumb_func
  97              		.type	CYCONFIGCPYCODE, %function
  98              	CYCONFIGCPYCODE:
  99              	.LFB2:
  85:Generated_Source\PSoC4/cyfitter_cfg.c **** CY_CFG_UNUSED
  86:Generated_Source\PSoC4/cyfitter_cfg.c **** static void CYCONFIGCPYCODE(void *dest, const void *src, size_t n);
  87:Generated_Source\PSoC4/cyfitter_cfg.c **** CY_CFG_UNUSED
  88:Generated_Source\PSoC4/cyfitter_cfg.c **** static void CYCONFIGCPYCODE(void *dest, const void *src, size_t n)
  89:Generated_Source\PSoC4/cyfitter_cfg.c **** {
 100              		.loc 1 89 0
 101              		.cfi_startproc
 102              		@ args = 0, pretend = 0, frame = 16
 103              		@ frame_needed = 1, uses_anonymous_args = 0
 104 0000 80B5     		push	{r7, lr}
 105              		.cfi_def_cfa_offset 8
 106              		.cfi_offset 7, -8
 107              		.cfi_offset 14, -4
 108 0002 84B0     		sub	sp, sp, #16
 109              		.cfi_def_cfa_offset 24
 110 0004 00AF     		add	r7, sp, #0
 111              		.cfi_def_cfa_register 7
 112 0006 F860     		str	r0, [r7, #12]
 113 0008 B960     		str	r1, [r7, #8]
 114 000a 7A60     		str	r2, [r7, #4]
  90:Generated_Source\PSoC4/cyfitter_cfg.c **** 	(void)memcpy(dest, src, n);
 115              		.loc 1 90 0
 116 000c 7A68     		ldr	r2, [r7, #4]
 117 000e B968     		ldr	r1, [r7, #8]
 118 0010 FB68     		ldr	r3, [r7, #12]
 119 0012 1800     		movs	r0, r3
 120 0014 FFF7FEFF 		bl	memcpy
  91:Generated_Source\PSoC4/cyfitter_cfg.c **** }
 121              		.loc 1 91 0
 122 0018 C046     		nop
 123 001a BD46     		mov	sp, r7
 124 001c 04B0     		add	sp, sp, #16
 125              		@ sp needed
 126 001e 80BD     		pop	{r7, pc}
 127              		.cfi_endproc
 128              	.LFE2:
 129              		.size	CYCONFIGCPYCODE, .-CYCONFIGCPYCODE
 130              		.section	.text.cfg_write_bytes32,"ax",%progbits
 131              		.align	2
 132              		.code	16
 133              		.thumb_func
 134              		.type	cfg_write_bytes32, %function
 135              	cfg_write_bytes32:
 136              	.LFB3:
  92:Generated_Source\PSoC4/cyfitter_cfg.c **** 
ARM GAS  C:\Users\Jeremias\AppData\Local\Temp\ccebbVYf.s 			page 5


  93:Generated_Source\PSoC4/cyfitter_cfg.c **** 
  94:Generated_Source\PSoC4/cyfitter_cfg.c **** 
  95:Generated_Source\PSoC4/cyfitter_cfg.c **** 
  96:Generated_Source\PSoC4/cyfitter_cfg.c **** /* Clock startup error codes                                                   */
  97:Generated_Source\PSoC4/cyfitter_cfg.c **** #define CYCLOCKSTART_NO_ERROR    0u
  98:Generated_Source\PSoC4/cyfitter_cfg.c **** #define CYCLOCKSTART_XTAL_ERROR  1u
  99:Generated_Source\PSoC4/cyfitter_cfg.c **** #define CYCLOCKSTART_32KHZ_ERROR 2u
 100:Generated_Source\PSoC4/cyfitter_cfg.c **** #define CYCLOCKSTART_PLL_ERROR   3u
 101:Generated_Source\PSoC4/cyfitter_cfg.c **** #define CYCLOCKSTART_FLL_ERROR   4u
 102:Generated_Source\PSoC4/cyfitter_cfg.c **** #define CYCLOCKSTART_WCO_ERROR   5u
 103:Generated_Source\PSoC4/cyfitter_cfg.c **** 
 104:Generated_Source\PSoC4/cyfitter_cfg.c **** 
 105:Generated_Source\PSoC4/cyfitter_cfg.c **** #ifdef CY_NEED_CYCLOCKSTARTUPERROR
 106:Generated_Source\PSoC4/cyfitter_cfg.c **** /*******************************************************************************
 107:Generated_Source\PSoC4/cyfitter_cfg.c **** * Function Name: CyClockStartupError
 108:Generated_Source\PSoC4/cyfitter_cfg.c **** ********************************************************************************
 109:Generated_Source\PSoC4/cyfitter_cfg.c **** * Summary:
 110:Generated_Source\PSoC4/cyfitter_cfg.c **** *  If an error is encountered during clock configuration (crystal startup error,
 111:Generated_Source\PSoC4/cyfitter_cfg.c **** *  PLL lock error, etc.), the system will end up here.  Unless reimplemented by
 112:Generated_Source\PSoC4/cyfitter_cfg.c **** *  the customer, this function will stop in an infinite loop.
 113:Generated_Source\PSoC4/cyfitter_cfg.c **** *
 114:Generated_Source\PSoC4/cyfitter_cfg.c **** * Parameters:
 115:Generated_Source\PSoC4/cyfitter_cfg.c **** *   void
 116:Generated_Source\PSoC4/cyfitter_cfg.c **** *
 117:Generated_Source\PSoC4/cyfitter_cfg.c **** * Return:
 118:Generated_Source\PSoC4/cyfitter_cfg.c **** *   void
 119:Generated_Source\PSoC4/cyfitter_cfg.c **** *
 120:Generated_Source\PSoC4/cyfitter_cfg.c **** *******************************************************************************/
 121:Generated_Source\PSoC4/cyfitter_cfg.c **** CY_CFG_UNUSED
 122:Generated_Source\PSoC4/cyfitter_cfg.c **** static void CyClockStartupError(uint8 errorCode);
 123:Generated_Source\PSoC4/cyfitter_cfg.c **** CY_CFG_UNUSED
 124:Generated_Source\PSoC4/cyfitter_cfg.c **** static void CyClockStartupError(uint8 errorCode)
 125:Generated_Source\PSoC4/cyfitter_cfg.c **** {
 126:Generated_Source\PSoC4/cyfitter_cfg.c ****     /* To remove the compiler warning if errorCode not used.                */
 127:Generated_Source\PSoC4/cyfitter_cfg.c ****     errorCode = errorCode;
 128:Generated_Source\PSoC4/cyfitter_cfg.c **** 
 129:Generated_Source\PSoC4/cyfitter_cfg.c ****     /* If we have a clock startup error (bad MHz crystal, PLL lock, etc.),  */
 130:Generated_Source\PSoC4/cyfitter_cfg.c ****     /* we will end up here to allow the customer to implement something to  */
 131:Generated_Source\PSoC4/cyfitter_cfg.c ****     /* deal with the clock condition.                                       */
 132:Generated_Source\PSoC4/cyfitter_cfg.c **** 
 133:Generated_Source\PSoC4/cyfitter_cfg.c **** #ifdef CY_CFG_CLOCK_STARTUP_ERROR_CALLBACK
 134:Generated_Source\PSoC4/cyfitter_cfg.c ****     CY_CFG_Clock_Startup_ErrorCallback();
 135:Generated_Source\PSoC4/cyfitter_cfg.c **** #else
 136:Generated_Source\PSoC4/cyfitter_cfg.c ****     /*  If not using CY_CFG_CLOCK_STARTUP_ERROR_CALLBACK, place your clock startup code here. */
 137:Generated_Source\PSoC4/cyfitter_cfg.c ****     /* `#START CyClockStartupError` */
 138:Generated_Source\PSoC4/cyfitter_cfg.c **** 
 139:Generated_Source\PSoC4/cyfitter_cfg.c **** 
 140:Generated_Source\PSoC4/cyfitter_cfg.c **** 
 141:Generated_Source\PSoC4/cyfitter_cfg.c ****     /* `#END` */
 142:Generated_Source\PSoC4/cyfitter_cfg.c **** 
 143:Generated_Source\PSoC4/cyfitter_cfg.c ****     while(1) {}
 144:Generated_Source\PSoC4/cyfitter_cfg.c **** #endif /* CY_CFG_CLOCK_STARTUP_ERROR_CALLBACK */
 145:Generated_Source\PSoC4/cyfitter_cfg.c **** }
 146:Generated_Source\PSoC4/cyfitter_cfg.c **** #endif
 147:Generated_Source\PSoC4/cyfitter_cfg.c **** 
 148:Generated_Source\PSoC4/cyfitter_cfg.c **** #define CY_CFG_BASE_ADDR_COUNT 3u
 149:Generated_Source\PSoC4/cyfitter_cfg.c **** CYPACKED typedef struct
ARM GAS  C:\Users\Jeremias\AppData\Local\Temp\ccebbVYf.s 			page 6


 150:Generated_Source\PSoC4/cyfitter_cfg.c **** {
 151:Generated_Source\PSoC4/cyfitter_cfg.c **** 	uint8 offset;
 152:Generated_Source\PSoC4/cyfitter_cfg.c **** 	uint8 value;
 153:Generated_Source\PSoC4/cyfitter_cfg.c **** } CYPACKED_ATTR cy_cfg_addrvalue_t;
 154:Generated_Source\PSoC4/cyfitter_cfg.c **** 
 155:Generated_Source\PSoC4/cyfitter_cfg.c **** 
 156:Generated_Source\PSoC4/cyfitter_cfg.c **** 
 157:Generated_Source\PSoC4/cyfitter_cfg.c **** /*******************************************************************************
 158:Generated_Source\PSoC4/cyfitter_cfg.c **** * Function Name: cfg_write_bytes32
 159:Generated_Source\PSoC4/cyfitter_cfg.c **** ********************************************************************************
 160:Generated_Source\PSoC4/cyfitter_cfg.c **** * Summary:
 161:Generated_Source\PSoC4/cyfitter_cfg.c **** *  This function is used for setting up the chip configuration areas that
 162:Generated_Source\PSoC4/cyfitter_cfg.c **** *  contain relatively sparse data.
 163:Generated_Source\PSoC4/cyfitter_cfg.c **** *
 164:Generated_Source\PSoC4/cyfitter_cfg.c **** * Parameters:
 165:Generated_Source\PSoC4/cyfitter_cfg.c **** *   void
 166:Generated_Source\PSoC4/cyfitter_cfg.c **** *
 167:Generated_Source\PSoC4/cyfitter_cfg.c **** * Return:
 168:Generated_Source\PSoC4/cyfitter_cfg.c **** *   void
 169:Generated_Source\PSoC4/cyfitter_cfg.c **** *
 170:Generated_Source\PSoC4/cyfitter_cfg.c **** *******************************************************************************/
 171:Generated_Source\PSoC4/cyfitter_cfg.c **** static void cfg_write_bytes32(const uint32 addr_table[], const cy_cfg_addrvalue_t data_table[]);
 172:Generated_Source\PSoC4/cyfitter_cfg.c **** static void cfg_write_bytes32(const uint32 addr_table[], const cy_cfg_addrvalue_t data_table[])
 173:Generated_Source\PSoC4/cyfitter_cfg.c **** {
 137              		.loc 1 173 0
 138              		.cfi_startproc
 139              		@ args = 0, pretend = 0, frame = 24
 140              		@ frame_needed = 1, uses_anonymous_args = 0
 141 0000 80B5     		push	{r7, lr}
 142              		.cfi_def_cfa_offset 8
 143              		.cfi_offset 7, -8
 144              		.cfi_offset 14, -4
 145 0002 86B0     		sub	sp, sp, #24
 146              		.cfi_def_cfa_offset 32
 147 0004 00AF     		add	r7, sp, #0
 148              		.cfi_def_cfa_register 7
 149 0006 7860     		str	r0, [r7, #4]
 150 0008 3960     		str	r1, [r7]
 174:Generated_Source\PSoC4/cyfitter_cfg.c **** 	/* For 32-bit little-endian architectures */
 175:Generated_Source\PSoC4/cyfitter_cfg.c **** 	uint32 i, j = 0u;
 151              		.loc 1 175 0
 152 000a 0023     		movs	r3, #0
 153 000c 3B61     		str	r3, [r7, #16]
 176:Generated_Source\PSoC4/cyfitter_cfg.c **** 	for (i = 0u; i < CY_CFG_BASE_ADDR_COUNT; i++)
 154              		.loc 1 176 0
 155 000e 0023     		movs	r3, #0
 156 0010 7B61     		str	r3, [r7, #20]
 157 0012 2FE0     		b	.L5
 158              	.L8:
 159              	.LBB2:
 177:Generated_Source\PSoC4/cyfitter_cfg.c **** 	{
 178:Generated_Source\PSoC4/cyfitter_cfg.c **** 		uint32 baseAddr = addr_table[i];
 160              		.loc 1 178 0
 161 0014 7B69     		ldr	r3, [r7, #20]
 162 0016 9B00     		lsls	r3, r3, #2
 163 0018 7A68     		ldr	r2, [r7, #4]
 164 001a D318     		adds	r3, r2, r3
ARM GAS  C:\Users\Jeremias\AppData\Local\Temp\ccebbVYf.s 			page 7


 165 001c 1B68     		ldr	r3, [r3]
 166 001e BB60     		str	r3, [r7, #8]
 179:Generated_Source\PSoC4/cyfitter_cfg.c **** 		uint8 count = (uint8)baseAddr;
 167              		.loc 1 179 0
 168 0020 0F23     		movs	r3, #15
 169 0022 FB18     		adds	r3, r7, r3
 170 0024 BA68     		ldr	r2, [r7, #8]
 171 0026 1A70     		strb	r2, [r3]
 180:Generated_Source\PSoC4/cyfitter_cfg.c **** 		baseAddr &= 0xFFFFFF00u;
 172              		.loc 1 180 0
 173 0028 BB68     		ldr	r3, [r7, #8]
 174 002a FF22     		movs	r2, #255
 175 002c 9343     		bics	r3, r2
 176 002e BB60     		str	r3, [r7, #8]
 181:Generated_Source\PSoC4/cyfitter_cfg.c **** 		while (count != 0u)
 177              		.loc 1 181 0
 178 0030 18E0     		b	.L6
 179              	.L7:
 182:Generated_Source\PSoC4/cyfitter_cfg.c **** 		{
 183:Generated_Source\PSoC4/cyfitter_cfg.c **** 			CY_SET_REG8((void *)(baseAddr + data_table[j].offset), data_table[j].value);
 180              		.loc 1 183 0
 181 0032 3B69     		ldr	r3, [r7, #16]
 182 0034 5B00     		lsls	r3, r3, #1
 183 0036 3A68     		ldr	r2, [r7]
 184 0038 D318     		adds	r3, r2, r3
 185 003a 1B78     		ldrb	r3, [r3]
 186 003c 1A00     		movs	r2, r3
 187 003e BB68     		ldr	r3, [r7, #8]
 188 0040 D318     		adds	r3, r2, r3
 189 0042 1900     		movs	r1, r3
 190 0044 3B69     		ldr	r3, [r7, #16]
 191 0046 5B00     		lsls	r3, r3, #1
 192 0048 3A68     		ldr	r2, [r7]
 193 004a D318     		adds	r3, r2, r3
 194 004c 5B78     		ldrb	r3, [r3, #1]
 195 004e 0B70     		strb	r3, [r1]
 184:Generated_Source\PSoC4/cyfitter_cfg.c **** 			j++;
 196              		.loc 1 184 0
 197 0050 3B69     		ldr	r3, [r7, #16]
 198 0052 0133     		adds	r3, r3, #1
 199 0054 3B61     		str	r3, [r7, #16]
 185:Generated_Source\PSoC4/cyfitter_cfg.c **** 			count--;
 200              		.loc 1 185 0
 201 0056 0F23     		movs	r3, #15
 202 0058 FB18     		adds	r3, r7, r3
 203 005a 1A78     		ldrb	r2, [r3]
 204 005c 0F23     		movs	r3, #15
 205 005e FB18     		adds	r3, r7, r3
 206 0060 013A     		subs	r2, r2, #1
 207 0062 1A70     		strb	r2, [r3]
 208              	.L6:
 181:Generated_Source\PSoC4/cyfitter_cfg.c **** 		{
 209              		.loc 1 181 0
 210 0064 0F23     		movs	r3, #15
 211 0066 FB18     		adds	r3, r7, r3
 212 0068 1B78     		ldrb	r3, [r3]
 213 006a 002B     		cmp	r3, #0
ARM GAS  C:\Users\Jeremias\AppData\Local\Temp\ccebbVYf.s 			page 8


 214 006c E1D1     		bne	.L7
 215              	.LBE2:
 176:Generated_Source\PSoC4/cyfitter_cfg.c **** 	{
 216              		.loc 1 176 0 discriminator 2
 217 006e 7B69     		ldr	r3, [r7, #20]
 218 0070 0133     		adds	r3, r3, #1
 219 0072 7B61     		str	r3, [r7, #20]
 220              	.L5:
 176:Generated_Source\PSoC4/cyfitter_cfg.c **** 	{
 221              		.loc 1 176 0 is_stmt 0 discriminator 1
 222 0074 7B69     		ldr	r3, [r7, #20]
 223 0076 022B     		cmp	r3, #2
 224 0078 CCD9     		bls	.L8
 186:Generated_Source\PSoC4/cyfitter_cfg.c **** 		}
 187:Generated_Source\PSoC4/cyfitter_cfg.c **** 	}
 188:Generated_Source\PSoC4/cyfitter_cfg.c **** }
 225              		.loc 1 188 0 is_stmt 1
 226 007a C046     		nop
 227 007c BD46     		mov	sp, r7
 228 007e 06B0     		add	sp, sp, #24
 229              		@ sp needed
 230 0080 80BD     		pop	{r7, pc}
 231              		.cfi_endproc
 232              	.LFE3:
 233              		.size	cfg_write_bytes32, .-cfg_write_bytes32
 234 0082 C046     		.section	.psocinit,"ax",%progbits
 235              		.align	2
 236              		.code	16
 237              		.thumb_func
 238              		.type	ClockSetup, %function
 239              	ClockSetup:
 240              	.LFB4:
 189:Generated_Source\PSoC4/cyfitter_cfg.c **** 
 190:Generated_Source\PSoC4/cyfitter_cfg.c **** 
 191:Generated_Source\PSoC4/cyfitter_cfg.c **** /*******************************************************************************
 192:Generated_Source\PSoC4/cyfitter_cfg.c **** * Function Name: ClockSetup
 193:Generated_Source\PSoC4/cyfitter_cfg.c **** ********************************************************************************
 194:Generated_Source\PSoC4/cyfitter_cfg.c **** *
 195:Generated_Source\PSoC4/cyfitter_cfg.c **** * Summary:
 196:Generated_Source\PSoC4/cyfitter_cfg.c **** *   Performs the initialization of all of the clocks in the device based on the
 197:Generated_Source\PSoC4/cyfitter_cfg.c **** *   settings in the Clock tab of the DWR.  This includes enabling the requested
 198:Generated_Source\PSoC4/cyfitter_cfg.c **** *   clocks and setting the necessary dividers to produce the desired frequency. 
 199:Generated_Source\PSoC4/cyfitter_cfg.c **** *
 200:Generated_Source\PSoC4/cyfitter_cfg.c **** * Parameters:
 201:Generated_Source\PSoC4/cyfitter_cfg.c **** *   void
 202:Generated_Source\PSoC4/cyfitter_cfg.c **** *
 203:Generated_Source\PSoC4/cyfitter_cfg.c **** * Return:
 204:Generated_Source\PSoC4/cyfitter_cfg.c **** *   void
 205:Generated_Source\PSoC4/cyfitter_cfg.c **** *
 206:Generated_Source\PSoC4/cyfitter_cfg.c **** *******************************************************************************/
 207:Generated_Source\PSoC4/cyfitter_cfg.c **** static void ClockSetup(void);
 208:Generated_Source\PSoC4/cyfitter_cfg.c **** CY_CFG_SECTION
 209:Generated_Source\PSoC4/cyfitter_cfg.c **** static void ClockSetup(void)
 210:Generated_Source\PSoC4/cyfitter_cfg.c **** {
 241              		.loc 1 210 0
 242              		.cfi_startproc
 243              		@ args = 0, pretend = 0, frame = 0
ARM GAS  C:\Users\Jeremias\AppData\Local\Temp\ccebbVYf.s 			page 9


 244              		@ frame_needed = 1, uses_anonymous_args = 0
 245 0000 80B5     		push	{r7, lr}
 246              		.cfi_def_cfa_offset 8
 247              		.cfi_offset 7, -8
 248              		.cfi_offset 14, -4
 249 0002 00AF     		add	r7, sp, #0
 250              		.cfi_def_cfa_register 7
 211:Generated_Source\PSoC4/cyfitter_cfg.c **** 	/* Enable HALF_EN before trimming for the flash accelerator. */
 212:Generated_Source\PSoC4/cyfitter_cfg.c **** 	CY_SET_REG32((void CYXDATA *)(CYREG_CLK_SELECT), (CY_GET_REG32((void *)CYREG_CLK_SELECT) | 0x00040
 251              		.loc 1 212 0
 252 0004 0F4B     		ldr	r3, .L10
 253 0006 0F4A     		ldr	r2, .L10
 254 0008 1268     		ldr	r2, [r2]
 255 000a 8021     		movs	r1, #128
 256 000c C902     		lsls	r1, r1, #11
 257 000e 0A43     		orrs	r2, r1
 258 0010 1A60     		str	r2, [r3]
 213:Generated_Source\PSoC4/cyfitter_cfg.c **** 
 214:Generated_Source\PSoC4/cyfitter_cfg.c **** 	/* Setup and trim IMO based on desired frequency. */
 215:Generated_Source\PSoC4/cyfitter_cfg.c **** 	CySysClkWriteImoFreq(3u);
 259              		.loc 1 215 0
 260 0012 0320     		movs	r0, #3
 261 0014 FFF7FEFF 		bl	CySysClkWriteImoFreq
 216:Generated_Source\PSoC4/cyfitter_cfg.c **** 
 217:Generated_Source\PSoC4/cyfitter_cfg.c **** 	/* Disable HALF_EN since it is not required at this IMO frequency. */
 218:Generated_Source\PSoC4/cyfitter_cfg.c **** 	CY_SET_REG32((void CYXDATA *)(CYREG_CLK_SELECT), (CY_GET_REG32((void *)CYREG_CLK_SELECT) & 0xFFFBF
 262              		.loc 1 218 0
 263 0018 0A4B     		ldr	r3, .L10
 264 001a 0A4A     		ldr	r2, .L10
 265 001c 1268     		ldr	r2, [r2]
 266 001e 0A49     		ldr	r1, .L10+4
 267 0020 0A40     		ands	r2, r1
 268 0022 1A60     		str	r2, [r3]
 219:Generated_Source\PSoC4/cyfitter_cfg.c **** 	/* CYDEV_CLK_ILO_CONFIG Starting address: CYDEV_CLK_ILO_CONFIG */
 220:Generated_Source\PSoC4/cyfitter_cfg.c **** 	CY_SET_REG32((void *)(CYREG_CLK_ILO_CONFIG), 0x80000006u);
 269              		.loc 1 220 0
 270 0024 094B     		ldr	r3, .L10+8
 271 0026 0A4A     		ldr	r2, .L10+12
 272 0028 1A60     		str	r2, [r3]
 221:Generated_Source\PSoC4/cyfitter_cfg.c **** 
 222:Generated_Source\PSoC4/cyfitter_cfg.c **** 
 223:Generated_Source\PSoC4/cyfitter_cfg.c **** 	/* CYDEV_CLK_IMO_CONFIG Starting address: CYDEV_CLK_IMO_CONFIG */
 224:Generated_Source\PSoC4/cyfitter_cfg.c **** 	CY_SET_REG32((void *)(CYREG_CLK_IMO_CONFIG), 0x80000000u);
 273              		.loc 1 224 0
 274 002a 0A4B     		ldr	r3, .L10+16
 275 002c 8022     		movs	r2, #128
 276 002e 1206     		lsls	r2, r2, #24
 277 0030 1A60     		str	r2, [r3]
 225:Generated_Source\PSoC4/cyfitter_cfg.c **** 
 226:Generated_Source\PSoC4/cyfitter_cfg.c **** 	/* CYDEV_CLK_SELECT Starting address: CYDEV_CLK_SELECT */
 227:Generated_Source\PSoC4/cyfitter_cfg.c **** 	CY_SET_REG32((void *)(CYREG_CLK_SELECT), 0x00000000u);
 278              		.loc 1 227 0
 279 0032 044B     		ldr	r3, .L10
 280 0034 0022     		movs	r2, #0
 281 0036 1A60     		str	r2, [r3]
 228:Generated_Source\PSoC4/cyfitter_cfg.c **** 
 229:Generated_Source\PSoC4/cyfitter_cfg.c **** 	CY_SET_REG32((void *)(CYREG_WDT_CONFIG), 0x00000000u);
ARM GAS  C:\Users\Jeremias\AppData\Local\Temp\ccebbVYf.s 			page 10


 282              		.loc 1 229 0
 283 0038 074B     		ldr	r3, .L10+20
 284 003a 0022     		movs	r2, #0
 285 003c 1A60     		str	r2, [r3]
 230:Generated_Source\PSoC4/cyfitter_cfg.c **** }
 286              		.loc 1 230 0
 287 003e C046     		nop
 288 0040 BD46     		mov	sp, r7
 289              		@ sp needed
 290 0042 80BD     		pop	{r7, pc}
 291              	.L11:
 292              		.align	2
 293              	.L10:
 294 0044 00010B40 		.word	1074462976
 295 0048 FFFFFBFF 		.word	-262145
 296 004c 04010B40 		.word	1074462980
 297 0050 06000080 		.word	-2147483642
 298 0054 08010B40 		.word	1074462984
 299 0058 0C020B40 		.word	1074463244
 300              		.cfi_endproc
 301              	.LFE4:
 302              		.size	ClockSetup, .-ClockSetup
 303              		.section	.text.AnalogSetDefault,"ax",%progbits
 304              		.align	2
 305              		.code	16
 306              		.thumb_func
 307              		.type	AnalogSetDefault, %function
 308              	AnalogSetDefault:
 309              	.LFB5:
 231:Generated_Source\PSoC4/cyfitter_cfg.c **** 
 232:Generated_Source\PSoC4/cyfitter_cfg.c **** 
 233:Generated_Source\PSoC4/cyfitter_cfg.c **** /* Analog API Functions */
 234:Generated_Source\PSoC4/cyfitter_cfg.c **** 
 235:Generated_Source\PSoC4/cyfitter_cfg.c **** 
 236:Generated_Source\PSoC4/cyfitter_cfg.c **** /*******************************************************************************
 237:Generated_Source\PSoC4/cyfitter_cfg.c **** * Function Name: AnalogSetDefault
 238:Generated_Source\PSoC4/cyfitter_cfg.c **** ********************************************************************************
 239:Generated_Source\PSoC4/cyfitter_cfg.c **** *
 240:Generated_Source\PSoC4/cyfitter_cfg.c **** * Summary:
 241:Generated_Source\PSoC4/cyfitter_cfg.c **** *  Sets up the analog portions of the chip to default values based on chip
 242:Generated_Source\PSoC4/cyfitter_cfg.c **** *  configuration options from the project.
 243:Generated_Source\PSoC4/cyfitter_cfg.c **** *
 244:Generated_Source\PSoC4/cyfitter_cfg.c **** * Parameters:
 245:Generated_Source\PSoC4/cyfitter_cfg.c **** *  void
 246:Generated_Source\PSoC4/cyfitter_cfg.c **** *
 247:Generated_Source\PSoC4/cyfitter_cfg.c **** * Return:
 248:Generated_Source\PSoC4/cyfitter_cfg.c **** *  void
 249:Generated_Source\PSoC4/cyfitter_cfg.c **** *
 250:Generated_Source\PSoC4/cyfitter_cfg.c **** *******************************************************************************/
 251:Generated_Source\PSoC4/cyfitter_cfg.c **** static void AnalogSetDefault(void);
 252:Generated_Source\PSoC4/cyfitter_cfg.c **** static void AnalogSetDefault(void)
 253:Generated_Source\PSoC4/cyfitter_cfg.c **** {
 310              		.loc 1 253 0
 311              		.cfi_startproc
 312              		@ args = 0, pretend = 0, frame = 0
 313              		@ frame_needed = 1, uses_anonymous_args = 0
 314 0000 80B5     		push	{r7, lr}
ARM GAS  C:\Users\Jeremias\AppData\Local\Temp\ccebbVYf.s 			page 11


 315              		.cfi_def_cfa_offset 8
 316              		.cfi_offset 7, -8
 317              		.cfi_offset 14, -4
 318 0002 00AF     		add	r7, sp, #0
 319              		.cfi_def_cfa_register 7
 254:Generated_Source\PSoC4/cyfitter_cfg.c **** }
 320              		.loc 1 254 0
 321 0004 C046     		nop
 322 0006 BD46     		mov	sp, r7
 323              		@ sp needed
 324 0008 80BD     		pop	{r7, pc}
 325              		.cfi_endproc
 326              	.LFE5:
 327              		.size	AnalogSetDefault, .-AnalogSetDefault
 328 000a C046     		.section	.psocinit
 329              		.align	2
 330              		.global	cyfitter_cfg
 331              		.code	16
 332              		.thumb_func
 333              		.type	cyfitter_cfg, %function
 334              	cyfitter_cfg:
 335              	.LFB6:
 255:Generated_Source\PSoC4/cyfitter_cfg.c **** 
 256:Generated_Source\PSoC4/cyfitter_cfg.c **** 
 257:Generated_Source\PSoC4/cyfitter_cfg.c **** 
 258:Generated_Source\PSoC4/cyfitter_cfg.c **** 
 259:Generated_Source\PSoC4/cyfitter_cfg.c **** /*******************************************************************************
 260:Generated_Source\PSoC4/cyfitter_cfg.c **** * Function Name: cyfitter_cfg
 261:Generated_Source\PSoC4/cyfitter_cfg.c **** ********************************************************************************
 262:Generated_Source\PSoC4/cyfitter_cfg.c **** * Summary:
 263:Generated_Source\PSoC4/cyfitter_cfg.c **** *  This function is called by the start-up code for the selected device. It
 264:Generated_Source\PSoC4/cyfitter_cfg.c **** *  performs all of the necessary device configuration based on the design
 265:Generated_Source\PSoC4/cyfitter_cfg.c **** *  settings.  This includes settings from the Design Wide Resources (DWR) such
 266:Generated_Source\PSoC4/cyfitter_cfg.c **** *  as Clocks and Pins as well as any component configuration that is necessary.
 267:Generated_Source\PSoC4/cyfitter_cfg.c **** *
 268:Generated_Source\PSoC4/cyfitter_cfg.c **** * Parameters:
 269:Generated_Source\PSoC4/cyfitter_cfg.c **** *   void
 270:Generated_Source\PSoC4/cyfitter_cfg.c **** *
 271:Generated_Source\PSoC4/cyfitter_cfg.c **** * Return:
 272:Generated_Source\PSoC4/cyfitter_cfg.c **** *   void
 273:Generated_Source\PSoC4/cyfitter_cfg.c **** *
 274:Generated_Source\PSoC4/cyfitter_cfg.c **** *******************************************************************************/
 275:Generated_Source\PSoC4/cyfitter_cfg.c **** CY_CFG_SECTION
 276:Generated_Source\PSoC4/cyfitter_cfg.c **** void cyfitter_cfg(void)
 277:Generated_Source\PSoC4/cyfitter_cfg.c **** {
 336              		.loc 1 277 0
 337              		.cfi_startproc
 338              		@ args = 0, pretend = 0, frame = 8
 339              		@ frame_needed = 1, uses_anonymous_args = 0
 340 005c 80B5     		push	{r7, lr}
 341              		.cfi_def_cfa_offset 8
 342              		.cfi_offset 7, -8
 343              		.cfi_offset 14, -4
 344 005e 82B0     		sub	sp, sp, #8
 345              		.cfi_def_cfa_offset 16
 346 0060 00AF     		add	r7, sp, #0
 347              		.cfi_def_cfa_register 7
ARM GAS  C:\Users\Jeremias\AppData\Local\Temp\ccebbVYf.s 			page 12


 278:Generated_Source\PSoC4/cyfitter_cfg.c **** 	/* Disable interrupts by default. Let user enable if/when they want. */
 279:Generated_Source\PSoC4/cyfitter_cfg.c **** 	CyGlobalIntDisable;
 348              		.loc 1 279 0
 349              		.syntax divided
 350              	@ 279 "Generated_Source\PSoC4\cyfitter_cfg.c" 1
 351 0062 72B6     		CPSID   i
 352              	@ 0 "" 2
 353              		.thumb
 354              		.syntax unified
 355              	.LBB3:
 280:Generated_Source\PSoC4/cyfitter_cfg.c **** 
 281:Generated_Source\PSoC4/cyfitter_cfg.c **** 	{
 282:Generated_Source\PSoC4/cyfitter_cfg.c **** 		static const uint32 CYCODE cy_cfg_addr_table[] = {
 283:Generated_Source\PSoC4/cyfitter_cfg.c **** 			0x400F4002u, /* Base address: 0x400F4000 Count: 2 */
 284:Generated_Source\PSoC4/cyfitter_cfg.c **** 			0x400F4103u, /* Base address: 0x400F4100 Count: 3 */
 285:Generated_Source\PSoC4/cyfitter_cfg.c **** 			0x400F6002u, /* Base address: 0x400F6000 Count: 2 */
 286:Generated_Source\PSoC4/cyfitter_cfg.c **** 		};
 287:Generated_Source\PSoC4/cyfitter_cfg.c **** 
 288:Generated_Source\PSoC4/cyfitter_cfg.c **** 		static const cy_cfg_addrvalue_t CYCODE cy_cfg_data_table[] = {
 289:Generated_Source\PSoC4/cyfitter_cfg.c **** 			{0x0Fu, 0x08u},
 290:Generated_Source\PSoC4/cyfitter_cfg.c **** 			{0xC2u, 0x80u},
 291:Generated_Source\PSoC4/cyfitter_cfg.c **** 			{0x63u, 0x08u},
 292:Generated_Source\PSoC4/cyfitter_cfg.c **** 			{0xA3u, 0x04u},
 293:Generated_Source\PSoC4/cyfitter_cfg.c **** 			{0xD8u, 0x40u},
 294:Generated_Source\PSoC4/cyfitter_cfg.c **** 			{0x02u, 0x01u},
 295:Generated_Source\PSoC4/cyfitter_cfg.c **** 			{0x11u, 0x01u},
 296:Generated_Source\PSoC4/cyfitter_cfg.c **** 		};
 297:Generated_Source\PSoC4/cyfitter_cfg.c **** 
 298:Generated_Source\PSoC4/cyfitter_cfg.c **** 
 299:Generated_Source\PSoC4/cyfitter_cfg.c **** 
 300:Generated_Source\PSoC4/cyfitter_cfg.c **** 		CYPACKED typedef struct {
 301:Generated_Source\PSoC4/cyfitter_cfg.c **** 			void CYFAR *address;
 302:Generated_Source\PSoC4/cyfitter_cfg.c **** 			uint16 size;
 303:Generated_Source\PSoC4/cyfitter_cfg.c **** 		} CYPACKED_ATTR cfg_memset_t;
 304:Generated_Source\PSoC4/cyfitter_cfg.c **** 
 305:Generated_Source\PSoC4/cyfitter_cfg.c **** 		static const cfg_memset_t CYCODE cfg_memset_list[] = {
 306:Generated_Source\PSoC4/cyfitter_cfg.c **** 			/* address, size */
 307:Generated_Source\PSoC4/cyfitter_cfg.c **** 			{(void CYFAR *)(CYDEV_UDB_P0_U0_BASE), 1024u},
 308:Generated_Source\PSoC4/cyfitter_cfg.c **** 			{(void CYFAR *)(CYDEV_UDB_DSI0_BASE), 1024u},
 309:Generated_Source\PSoC4/cyfitter_cfg.c **** 		};
 310:Generated_Source\PSoC4/cyfitter_cfg.c **** 
 311:Generated_Source\PSoC4/cyfitter_cfg.c **** 		uint8 CYDATA i;
 312:Generated_Source\PSoC4/cyfitter_cfg.c **** 
 313:Generated_Source\PSoC4/cyfitter_cfg.c **** 		/* Zero out critical memory blocks before beginning configuration */
 314:Generated_Source\PSoC4/cyfitter_cfg.c **** 		for (i = 0u; i < (sizeof(cfg_memset_list)/sizeof(cfg_memset_list[0])); i++)
 356              		.loc 1 314 0
 357 0064 FB1D     		adds	r3, r7, #7
 358 0066 0022     		movs	r2, #0
 359 0068 1A70     		strb	r2, [r3]
 360 006a 22E0     		b	.L14
 361              	.L15:
 362              	.LBB4:
 315:Generated_Source\PSoC4/cyfitter_cfg.c **** 		{
 316:Generated_Source\PSoC4/cyfitter_cfg.c **** 			const cfg_memset_t CYCODE * CYDATA ms = &cfg_memset_list[i];
 363              		.loc 1 316 0 discriminator 3
 364 006c FB1D     		adds	r3, r7, #7
 365 006e 1A78     		ldrb	r2, [r3]
ARM GAS  C:\Users\Jeremias\AppData\Local\Temp\ccebbVYf.s 			page 13


 366 0070 1300     		movs	r3, r2
 367 0072 5B00     		lsls	r3, r3, #1
 368 0074 9B18     		adds	r3, r3, r2
 369 0076 5B00     		lsls	r3, r3, #1
 370 0078 304A     		ldr	r2, .L16
 371 007a 9B18     		adds	r3, r3, r2
 372 007c 3B60     		str	r3, [r7]
 317:Generated_Source\PSoC4/cyfitter_cfg.c **** 			CYMEMZERO(ms->address, (size_t)(uint32)(ms->size));
 373              		.loc 1 317 0 discriminator 3
 374 007e 3B68     		ldr	r3, [r7]
 375 0080 1A78     		ldrb	r2, [r3]
 376 0082 5978     		ldrb	r1, [r3, #1]
 377 0084 0902     		lsls	r1, r1, #8
 378 0086 0A43     		orrs	r2, r1
 379 0088 9978     		ldrb	r1, [r3, #2]
 380 008a 0904     		lsls	r1, r1, #16
 381 008c 0A43     		orrs	r2, r1
 382 008e DB78     		ldrb	r3, [r3, #3]
 383 0090 1B06     		lsls	r3, r3, #24
 384 0092 1343     		orrs	r3, r2
 385 0094 1800     		movs	r0, r3
 386 0096 3B68     		ldr	r3, [r7]
 387 0098 1A79     		ldrb	r2, [r3, #4]
 388 009a 5B79     		ldrb	r3, [r3, #5]
 389 009c 1B02     		lsls	r3, r3, #8
 390 009e 1343     		orrs	r3, r2
 391 00a0 9BB2     		uxth	r3, r3
 392 00a2 1900     		movs	r1, r3
 393 00a4 FFF7FEFF 		bl	CYMEMZERO
 394              	.LBE4:
 314:Generated_Source\PSoC4/cyfitter_cfg.c **** 		{
 395              		.loc 1 314 0 discriminator 3
 396 00a8 FB1D     		adds	r3, r7, #7
 397 00aa 1A78     		ldrb	r2, [r3]
 398 00ac FB1D     		adds	r3, r7, #7
 399 00ae 0132     		adds	r2, r2, #1
 400 00b0 1A70     		strb	r2, [r3]
 401              	.L14:
 314:Generated_Source\PSoC4/cyfitter_cfg.c **** 		{
 402              		.loc 1 314 0 is_stmt 0 discriminator 1
 403 00b2 FB1D     		adds	r3, r7, #7
 404 00b4 1B78     		ldrb	r3, [r3]
 405 00b6 012B     		cmp	r3, #1
 406 00b8 D8D9     		bls	.L15
 318:Generated_Source\PSoC4/cyfitter_cfg.c **** 		}
 319:Generated_Source\PSoC4/cyfitter_cfg.c **** 
 320:Generated_Source\PSoC4/cyfitter_cfg.c **** 		cfg_write_bytes32(cy_cfg_addr_table, cy_cfg_data_table);
 407              		.loc 1 320 0 is_stmt 1
 408 00ba 214A     		ldr	r2, .L16+4
 409 00bc 214B     		ldr	r3, .L16+8
 410 00be 1100     		movs	r1, r2
 411 00c0 1800     		movs	r0, r3
 412 00c2 FFF7FEFF 		bl	cfg_write_bytes32
 321:Generated_Source\PSoC4/cyfitter_cfg.c **** 
 322:Generated_Source\PSoC4/cyfitter_cfg.c **** 		/* HSIOM Starting address: CYDEV_HSIOM_BASE */
 323:Generated_Source\PSoC4/cyfitter_cfg.c **** 		CY_SET_REG32((void *)(CYREG_HSIOM_PORT_SEL1), 0x00300000u);
 413              		.loc 1 323 0
ARM GAS  C:\Users\Jeremias\AppData\Local\Temp\ccebbVYf.s 			page 14


 414 00c6 204B     		ldr	r3, .L16+12
 415 00c8 C022     		movs	r2, #192
 416 00ca 9203     		lsls	r2, r2, #14
 417 00cc 1A60     		str	r2, [r3]
 324:Generated_Source\PSoC4/cyfitter_cfg.c **** 
 325:Generated_Source\PSoC4/cyfitter_cfg.c **** 		/* FORCED_HSIOM Starting address: CYDEV_HSIOM_PORT_SEL3 */
 326:Generated_Source\PSoC4/cyfitter_cfg.c **** 		CY_SET_REG32((void *)(CYREG_HSIOM_PORT_SEL3), 0x00000000u);
 418              		.loc 1 326 0
 419 00ce 1F4B     		ldr	r3, .L16+16
 420 00d0 0022     		movs	r2, #0
 421 00d2 1A60     		str	r2, [r3]
 327:Generated_Source\PSoC4/cyfitter_cfg.c **** 
 328:Generated_Source\PSoC4/cyfitter_cfg.c **** 		/* IOPINS0_3 Starting address: CYDEV_PRT3_PC */
 329:Generated_Source\PSoC4/cyfitter_cfg.c **** 		CY_SET_REG32((void *)(CYREG_PRT3_PC), 0x00000000u);
 422              		.loc 1 329 0
 423 00d4 1E4B     		ldr	r3, .L16+20
 424 00d6 0022     		movs	r2, #0
 425 00d8 1A60     		str	r2, [r3]
 330:Generated_Source\PSoC4/cyfitter_cfg.c **** 
 331:Generated_Source\PSoC4/cyfitter_cfg.c **** 		/* UDB_PA_0 Starting address: CYDEV_UDB_PA0_BASE */
 332:Generated_Source\PSoC4/cyfitter_cfg.c **** 		CY_SET_REG32((void *)(CYDEV_UDB_PA0_BASE), 0x00990004u);
 426              		.loc 1 332 0
 427 00da 1E4B     		ldr	r3, .L16+24
 428 00dc 1E4A     		ldr	r2, .L16+28
 429 00de 1A60     		str	r2, [r3]
 333:Generated_Source\PSoC4/cyfitter_cfg.c **** 		CY_SET_REG32((void *)(CYREG_UDB_PA0_CFG4), 0x80000000u);
 430              		.loc 1 333 0
 431 00e0 1E4B     		ldr	r3, .L16+32
 432 00e2 8022     		movs	r2, #128
 433 00e4 1206     		lsls	r2, r2, #24
 434 00e6 1A60     		str	r2, [r3]
 334:Generated_Source\PSoC4/cyfitter_cfg.c **** 
 335:Generated_Source\PSoC4/cyfitter_cfg.c **** 		/* UDB_PA_1 Starting address: CYDEV_UDB_PA1_BASE */
 336:Generated_Source\PSoC4/cyfitter_cfg.c **** 		CY_SET_REG32((void *)(CYDEV_UDB_PA1_BASE), 0x00990000u);
 435              		.loc 1 336 0
 436 00e8 1D4B     		ldr	r3, .L16+36
 437 00ea 9922     		movs	r2, #153
 438 00ec 1204     		lsls	r2, r2, #16
 439 00ee 1A60     		str	r2, [r3]
 337:Generated_Source\PSoC4/cyfitter_cfg.c **** 		CY_SET_REG32((void *)(CYREG_UDB_PA1_CFG8), 0x08000000u);
 440              		.loc 1 337 0
 441 00f0 1C4B     		ldr	r3, .L16+40
 442 00f2 8022     		movs	r2, #128
 443 00f4 1205     		lsls	r2, r2, #20
 444 00f6 1A60     		str	r2, [r3]
 338:Generated_Source\PSoC4/cyfitter_cfg.c **** 
 339:Generated_Source\PSoC4/cyfitter_cfg.c **** 		/* Enable digital routing */
 340:Generated_Source\PSoC4/cyfitter_cfg.c **** 		CY_SET_XTND_REG8((void *)CYREG_UDB_UDBIF_BANK_CTL, (uint8)(CY_GET_XTND_REG8((void *)CYREG_UDB_UDB
 445              		.loc 1 340 0
 446 00f8 1B4A     		ldr	r2, .L16+44
 447 00fa 1B4B     		ldr	r3, .L16+44
 448 00fc 1B78     		ldrb	r3, [r3]
 449 00fe DBB2     		uxtb	r3, r3
 450 0100 0621     		movs	r1, #6
 451 0102 0B43     		orrs	r3, r1
 452 0104 DBB2     		uxtb	r3, r3
 453 0106 1370     		strb	r3, [r2]
ARM GAS  C:\Users\Jeremias\AppData\Local\Temp\ccebbVYf.s 			page 15


 454              	.LBE3:
 341:Generated_Source\PSoC4/cyfitter_cfg.c **** 	}
 342:Generated_Source\PSoC4/cyfitter_cfg.c **** 
 343:Generated_Source\PSoC4/cyfitter_cfg.c **** 	/* Perform second pass device configuration. These items must be configured in specific order afte
 344:Generated_Source\PSoC4/cyfitter_cfg.c **** 	/* IOPINS0_0 Starting address: CYDEV_PRT0_BASE */
 345:Generated_Source\PSoC4/cyfitter_cfg.c **** 	CY_SET_REG32((void *)(CYDEV_PRT0_BASE), 0x00000080u);
 455              		.loc 1 345 0
 456 0108 184B     		ldr	r3, .L16+48
 457 010a 8022     		movs	r2, #128
 458 010c 1A60     		str	r2, [r3]
 346:Generated_Source\PSoC4/cyfitter_cfg.c **** 	CY_SET_REG32((void *)(CYREG_PRT0_PC), 0x00400000u);
 459              		.loc 1 346 0
 460 010e 184B     		ldr	r3, .L16+52
 461 0110 8022     		movs	r2, #128
 462 0112 D203     		lsls	r2, r2, #15
 463 0114 1A60     		str	r2, [r3]
 347:Generated_Source\PSoC4/cyfitter_cfg.c **** 	CY_SET_REG32((void *)(CYREG_PRT0_INTCFG), 0x00008000u);
 464              		.loc 1 347 0
 465 0116 174B     		ldr	r3, .L16+56
 466 0118 8022     		movs	r2, #128
 467 011a 1202     		lsls	r2, r2, #8
 468 011c 1A60     		str	r2, [r3]
 348:Generated_Source\PSoC4/cyfitter_cfg.c **** 
 349:Generated_Source\PSoC4/cyfitter_cfg.c **** 	/* IOPINS0_1 Starting address: CYDEV_PRT1_BASE */
 350:Generated_Source\PSoC4/cyfitter_cfg.c **** 	CY_SET_REG32((void *)(CYDEV_PRT1_BASE), 0x00000020u);
 469              		.loc 1 350 0
 470 011e 164B     		ldr	r3, .L16+60
 471 0120 2022     		movs	r2, #32
 472 0122 1A60     		str	r2, [r3]
 351:Generated_Source\PSoC4/cyfitter_cfg.c **** 	CY_SET_REG32((void *)(CYREG_PRT1_PC), 0x001B0000u);
 473              		.loc 1 351 0
 474 0124 154B     		ldr	r3, .L16+64
 475 0126 D822     		movs	r2, #216
 476 0128 5203     		lsls	r2, r2, #13
 477 012a 1A60     		str	r2, [r3]
 352:Generated_Source\PSoC4/cyfitter_cfg.c **** 
 353:Generated_Source\PSoC4/cyfitter_cfg.c **** 
 354:Generated_Source\PSoC4/cyfitter_cfg.c **** 	/* Setup clocks based on selections from Clock DWR */
 355:Generated_Source\PSoC4/cyfitter_cfg.c **** 	ClockSetup();
 478              		.loc 1 355 0
 479 012c FFF768FF 		bl	ClockSetup
 356:Generated_Source\PSoC4/cyfitter_cfg.c **** 
 357:Generated_Source\PSoC4/cyfitter_cfg.c **** 	/* Perform basic analog initialization to defaults */
 358:Generated_Source\PSoC4/cyfitter_cfg.c **** 	AnalogSetDefault();
 480              		.loc 1 358 0
 481 0130 FFF7FEFF 		bl	AnalogSetDefault
 359:Generated_Source\PSoC4/cyfitter_cfg.c **** 
 360:Generated_Source\PSoC4/cyfitter_cfg.c **** }
 482              		.loc 1 360 0
 483 0134 C046     		nop
 484 0136 BD46     		mov	sp, r7
 485 0138 02B0     		add	sp, sp, #8
 486              		@ sp needed
 487 013a 80BD     		pop	{r7, pc}
 488              	.L17:
 489              		.align	2
 490              	.L16:
ARM GAS  C:\Users\Jeremias\AppData\Local\Temp\ccebbVYf.s 			page 16


 491 013c 00000000 		.word	cfg_memset_list.4870
 492 0140 18000000 		.word	cy_cfg_data_table.4865
 493 0144 0C000000 		.word	cy_cfg_addr_table.4864
 494 0148 04000140 		.word	1073807364
 495 014c 0C000140 		.word	1073807372
 496 0150 08030440 		.word	1074004744
 497 0154 00500F40 		.word	1074745344
 498 0158 04009900 		.word	10027012
 499 015c 04500F40 		.word	1074745348
 500 0160 10500F40 		.word	1074745360
 501 0164 18500F40 		.word	1074745368
 502 0168 00700F40 		.word	1074753536
 503 016c 00000440 		.word	1074003968
 504 0170 08000440 		.word	1074003976
 505 0174 0C000440 		.word	1074003980
 506 0178 00010440 		.word	1074004224
 507 017c 08010440 		.word	1074004232
 508              		.cfi_endproc
 509              	.LFE6:
 510              		.size	cyfitter_cfg, .-cyfitter_cfg
 511              		.section	.rodata
 512              		.align	2
 513              		.type	cfg_memset_list.4870, %object
 514              		.size	cfg_memset_list.4870, 12
 515              	cfg_memset_list.4870:
 516 0000 00300F40 		.word	1074737152
 517 0004 0004     		.short	1024
 518 0006 00400F40 		.4byte	1074741248
 519 000a 0004     		.short	1024
 520              		.align	2
 521              		.type	cy_cfg_addr_table.4864, %object
 522              		.size	cy_cfg_addr_table.4864, 12
 523              	cy_cfg_addr_table.4864:
 524 000c 02400F40 		.word	1074741250
 525 0010 03410F40 		.word	1074741507
 526 0014 02600F40 		.word	1074749442
 527              		.align	2
 528              		.type	cy_cfg_data_table.4865, %object
 529              		.size	cy_cfg_data_table.4865, 14
 530              	cy_cfg_data_table.4865:
 531 0018 0F       		.byte	15
 532 0019 08       		.byte	8
 533 001a C2       		.byte	-62
 534 001b 80       		.byte	-128
 535 001c 63       		.byte	99
 536 001d 08       		.byte	8
 537 001e A3       		.byte	-93
 538 001f 04       		.byte	4
 539 0020 D8       		.byte	-40
 540 0021 40       		.byte	64
 541 0022 02       		.byte	2
 542 0023 01       		.byte	1
 543 0024 11       		.byte	17
 544 0025 01       		.byte	1
 545              		.text
 546              	.Letext0:
 547              		.file 2 "c:\\program files (x86)\\cypress\\psoc creator\\4.4\\psoc creator\\import\\gnu\\arm\\5.4.
ARM GAS  C:\Users\Jeremias\AppData\Local\Temp\ccebbVYf.s 			page 17


 548              		.file 3 "Generated_Source\\PSoC4\\cytypes.h"
 549              		.section	.debug_info,"",%progbits
 550              	.Ldebug_info0:
 551 0000 59030000 		.4byte	0x359
 552 0004 0400     		.2byte	0x4
 553 0006 00000000 		.4byte	.Ldebug_abbrev0
 554 000a 04       		.byte	0x4
 555 000b 01       		.uleb128 0x1
 556 000c A0000000 		.4byte	.LASF40
 557 0010 0C       		.byte	0xc
 558 0011 BA020000 		.4byte	.LASF41
 559 0015 B2010000 		.4byte	.LASF42
 560 0019 00000000 		.4byte	.Ldebug_ranges0+0
 561 001d 00000000 		.4byte	0
 562 0021 00000000 		.4byte	.Ldebug_line0
 563 0025 02       		.uleb128 0x2
 564 0026 04       		.byte	0x4
 565 0027 05       		.byte	0x5
 566 0028 696E7400 		.ascii	"int\000"
 567 002c 03       		.uleb128 0x3
 568 002d 06000000 		.4byte	.LASF12
 569 0031 02       		.byte	0x2
 570 0032 D8       		.byte	0xd8
 571 0033 37000000 		.4byte	0x37
 572 0037 04       		.uleb128 0x4
 573 0038 04       		.byte	0x4
 574 0039 07       		.byte	0x7
 575 003a 86010000 		.4byte	.LASF0
 576 003e 04       		.uleb128 0x4
 577 003f 08       		.byte	0x8
 578 0040 05       		.byte	0x5
 579 0041 62020000 		.4byte	.LASF1
 580 0045 04       		.uleb128 0x4
 581 0046 08       		.byte	0x8
 582 0047 04       		.byte	0x4
 583 0048 A2020000 		.4byte	.LASF2
 584 004c 04       		.uleb128 0x4
 585 004d 01       		.byte	0x1
 586 004e 06       		.byte	0x6
 587 004f AE020000 		.4byte	.LASF3
 588 0053 04       		.uleb128 0x4
 589 0054 01       		.byte	0x1
 590 0055 08       		.byte	0x8
 591 0056 2E010000 		.4byte	.LASF4
 592 005a 04       		.uleb128 0x4
 593 005b 02       		.byte	0x2
 594 005c 05       		.byte	0x5
 595 005d 8F020000 		.4byte	.LASF5
 596 0061 04       		.uleb128 0x4
 597 0062 02       		.byte	0x2
 598 0063 07       		.byte	0x7
 599 0064 4F020000 		.4byte	.LASF6
 600 0068 04       		.uleb128 0x4
 601 0069 04       		.byte	0x4
 602 006a 05       		.byte	0x5
 603 006b 99020000 		.4byte	.LASF7
 604 006f 04       		.uleb128 0x4
ARM GAS  C:\Users\Jeremias\AppData\Local\Temp\ccebbVYf.s 			page 18


 605 0070 04       		.byte	0x4
 606 0071 07       		.byte	0x7
 607 0072 7E000000 		.4byte	.LASF8
 608 0076 04       		.uleb128 0x4
 609 0077 08       		.byte	0x8
 610 0078 07       		.byte	0x7
 611 0079 9B010000 		.4byte	.LASF9
 612 007d 04       		.uleb128 0x4
 613 007e 04       		.byte	0x4
 614 007f 07       		.byte	0x7
 615 0080 46020000 		.4byte	.LASF10
 616 0084 05       		.uleb128 0x5
 617 0085 04       		.byte	0x4
 618 0086 04       		.uleb128 0x4
 619 0087 01       		.byte	0x1
 620 0088 08       		.byte	0x8
 621 0089 70020000 		.4byte	.LASF11
 622 008d 06       		.uleb128 0x6
 623 008e 90000000 		.4byte	.LASF13
 624 0092 03       		.byte	0x3
 625 0093 FB01     		.2byte	0x1fb
 626 0095 53000000 		.4byte	0x53
 627 0099 06       		.uleb128 0x6
 628 009a 6D010000 		.4byte	.LASF14
 629 009e 03       		.byte	0x3
 630 009f FC01     		.2byte	0x1fc
 631 00a1 61000000 		.4byte	0x61
 632 00a5 06       		.uleb128 0x6
 633 00a6 7F010000 		.4byte	.LASF15
 634 00aa 03       		.byte	0x3
 635 00ab FD01     		.2byte	0x1fd
 636 00ad 6F000000 		.4byte	0x6f
 637 00b1 04       		.uleb128 0x4
 638 00b2 04       		.byte	0x4
 639 00b3 04       		.byte	0x4
 640 00b4 59000000 		.4byte	.LASF16
 641 00b8 04       		.uleb128 0x4
 642 00b9 08       		.byte	0x8
 643 00ba 04       		.byte	0x4
 644 00bb 3C010000 		.4byte	.LASF17
 645 00bf 06       		.uleb128 0x6
 646 00c0 79000000 		.4byte	.LASF18
 647 00c4 03       		.byte	0x3
 648 00c5 A502     		.2byte	0x2a5
 649 00c7 CB000000 		.4byte	0xcb
 650 00cb 07       		.uleb128 0x7
 651 00cc 8D000000 		.4byte	0x8d
 652 00d0 06       		.uleb128 0x6
 653 00d1 00000000 		.4byte	.LASF19
 654 00d5 03       		.byte	0x3
 655 00d6 A702     		.2byte	0x2a7
 656 00d8 DC000000 		.4byte	0xdc
 657 00dc 07       		.uleb128 0x7
 658 00dd A5000000 		.4byte	0xa5
 659 00e1 08       		.uleb128 0x8
 660 00e2 02       		.byte	0x2
 661 00e3 01       		.byte	0x1
ARM GAS  C:\Users\Jeremias\AppData\Local\Temp\ccebbVYf.s 			page 19


 662 00e4 95       		.byte	0x95
 663 00e5 02010000 		.4byte	0x102
 664 00e9 09       		.uleb128 0x9
 665 00ea 88020000 		.4byte	.LASF20
 666 00ee 01       		.byte	0x1
 667 00ef 97       		.byte	0x97
 668 00f0 8D000000 		.4byte	0x8d
 669 00f4 00       		.byte	0
 670 00f5 09       		.uleb128 0x9
 671 00f6 1E000000 		.4byte	.LASF21
 672 00fa 01       		.byte	0x1
 673 00fb 98       		.byte	0x98
 674 00fc 8D000000 		.4byte	0x8d
 675 0100 01       		.byte	0x1
 676 0101 00       		.byte	0
 677 0102 03       		.uleb128 0x3
 678 0103 75020000 		.4byte	.LASF22
 679 0107 01       		.byte	0x1
 680 0108 99       		.byte	0x99
 681 0109 E1000000 		.4byte	0xe1
 682 010d 0A       		.uleb128 0xa
 683 010e 96000000 		.4byte	.LASF23
 684 0112 01       		.byte	0x1
 685 0113 4A       		.byte	0x4a
 686 0114 00000000 		.4byte	.LFB0
 687 0118 1E000000 		.4byte	.LFE0-.LFB0
 688 011c 01       		.uleb128 0x1
 689 011d 9C       		.byte	0x9c
 690 011e 3B010000 		.4byte	0x13b
 691 0122 0B       		.uleb128 0xb
 692 0123 7300     		.ascii	"s\000"
 693 0125 01       		.byte	0x1
 694 0126 4A       		.byte	0x4a
 695 0127 84000000 		.4byte	0x84
 696 012b 02       		.uleb128 0x2
 697 012c 91       		.byte	0x91
 698 012d 74       		.sleb128 -12
 699 012e 0B       		.uleb128 0xb
 700 012f 6E00     		.ascii	"n\000"
 701 0131 01       		.byte	0x1
 702 0132 4A       		.byte	0x4a
 703 0133 2C000000 		.4byte	0x2c
 704 0137 02       		.uleb128 0x2
 705 0138 91       		.byte	0x91
 706 0139 70       		.sleb128 -16
 707 013a 00       		.byte	0
 708 013b 0A       		.uleb128 0xa
 709 013c F0020000 		.4byte	.LASF24
 710 0140 01       		.byte	0x1
 711 0141 51       		.byte	0x51
 712 0142 00000000 		.4byte	.LFB1
 713 0146 20000000 		.4byte	.LFE1-.LFB1
 714 014a 01       		.uleb128 0x1
 715 014b 9C       		.byte	0x9c
 716 014c 79010000 		.4byte	0x179
 717 0150 0C       		.uleb128 0xc
 718 0151 5F000000 		.4byte	.LASF25
ARM GAS  C:\Users\Jeremias\AppData\Local\Temp\ccebbVYf.s 			page 20


 719 0155 01       		.byte	0x1
 720 0156 51       		.byte	0x51
 721 0157 84000000 		.4byte	0x84
 722 015b 02       		.uleb128 0x2
 723 015c 91       		.byte	0x91
 724 015d 74       		.sleb128 -12
 725 015e 0B       		.uleb128 0xb
 726 015f 73726300 		.ascii	"src\000"
 727 0163 01       		.byte	0x1
 728 0164 51       		.byte	0x51
 729 0165 79010000 		.4byte	0x179
 730 0169 02       		.uleb128 0x2
 731 016a 91       		.byte	0x91
 732 016b 70       		.sleb128 -16
 733 016c 0B       		.uleb128 0xb
 734 016d 6E00     		.ascii	"n\000"
 735 016f 01       		.byte	0x1
 736 0170 51       		.byte	0x51
 737 0171 2C000000 		.4byte	0x2c
 738 0175 02       		.uleb128 0x2
 739 0176 91       		.byte	0x91
 740 0177 6C       		.sleb128 -20
 741 0178 00       		.byte	0
 742 0179 0D       		.uleb128 0xd
 743 017a 04       		.byte	0x4
 744 017b 7F010000 		.4byte	0x17f
 745 017f 0E       		.uleb128 0xe
 746 0180 0A       		.uleb128 0xa
 747 0181 E0020000 		.4byte	.LASF26
 748 0185 01       		.byte	0x1
 749 0186 58       		.byte	0x58
 750 0187 00000000 		.4byte	.LFB2
 751 018b 20000000 		.4byte	.LFE2-.LFB2
 752 018f 01       		.uleb128 0x1
 753 0190 9C       		.byte	0x9c
 754 0191 BE010000 		.4byte	0x1be
 755 0195 0C       		.uleb128 0xc
 756 0196 5F000000 		.4byte	.LASF25
 757 019a 01       		.byte	0x1
 758 019b 58       		.byte	0x58
 759 019c 84000000 		.4byte	0x84
 760 01a0 02       		.uleb128 0x2
 761 01a1 91       		.byte	0x91
 762 01a2 74       		.sleb128 -12
 763 01a3 0B       		.uleb128 0xb
 764 01a4 73726300 		.ascii	"src\000"
 765 01a8 01       		.byte	0x1
 766 01a9 58       		.byte	0x58
 767 01aa 79010000 		.4byte	0x179
 768 01ae 02       		.uleb128 0x2
 769 01af 91       		.byte	0x91
 770 01b0 70       		.sleb128 -16
 771 01b1 0B       		.uleb128 0xb
 772 01b2 6E00     		.ascii	"n\000"
 773 01b4 01       		.byte	0x1
 774 01b5 58       		.byte	0x58
 775 01b6 2C000000 		.4byte	0x2c
ARM GAS  C:\Users\Jeremias\AppData\Local\Temp\ccebbVYf.s 			page 21


 776 01ba 02       		.uleb128 0x2
 777 01bb 91       		.byte	0x91
 778 01bc 6C       		.sleb128 -20
 779 01bd 00       		.byte	0
 780 01be 0F       		.uleb128 0xf
 781 01bf 43010000 		.4byte	.LASF27
 782 01c3 01       		.byte	0x1
 783 01c4 AC       		.byte	0xac
 784 01c5 00000000 		.4byte	.LFB3
 785 01c9 82000000 		.4byte	.LFE3-.LFB3
 786 01cd 01       		.uleb128 0x1
 787 01ce 9C       		.byte	0x9c
 788 01cf 2E020000 		.4byte	0x22e
 789 01d3 0C       		.uleb128 0xc
 790 01d4 62010000 		.4byte	.LASF28
 791 01d8 01       		.byte	0x1
 792 01d9 AC       		.byte	0xac
 793 01da 2E020000 		.4byte	0x22e
 794 01de 02       		.uleb128 0x2
 795 01df 91       		.byte	0x91
 796 01e0 64       		.sleb128 -28
 797 01e1 0C       		.uleb128 0xc
 798 01e2 74010000 		.4byte	.LASF29
 799 01e6 01       		.byte	0x1
 800 01e7 AC       		.byte	0xac
 801 01e8 39020000 		.4byte	0x239
 802 01ec 02       		.uleb128 0x2
 803 01ed 91       		.byte	0x91
 804 01ee 60       		.sleb128 -32
 805 01ef 10       		.uleb128 0x10
 806 01f0 6900     		.ascii	"i\000"
 807 01f2 01       		.byte	0x1
 808 01f3 AF       		.byte	0xaf
 809 01f4 A5000000 		.4byte	0xa5
 810 01f8 02       		.uleb128 0x2
 811 01f9 91       		.byte	0x91
 812 01fa 74       		.sleb128 -12
 813 01fb 10       		.uleb128 0x10
 814 01fc 6A00     		.ascii	"j\000"
 815 01fe 01       		.byte	0x1
 816 01ff AF       		.byte	0xaf
 817 0200 A5000000 		.4byte	0xa5
 818 0204 02       		.uleb128 0x2
 819 0205 91       		.byte	0x91
 820 0206 70       		.sleb128 -16
 821 0207 11       		.uleb128 0x11
 822 0208 14000000 		.4byte	.LBB2
 823 020c 5A000000 		.4byte	.LBE2-.LBB2
 824 0210 12       		.uleb128 0x12
 825 0211 3D020000 		.4byte	.LASF30
 826 0215 01       		.byte	0x1
 827 0216 B2       		.byte	0xb2
 828 0217 A5000000 		.4byte	0xa5
 829 021b 02       		.uleb128 0x2
 830 021c 91       		.byte	0x91
 831 021d 68       		.sleb128 -24
 832 021e 12       		.uleb128 0x12
ARM GAS  C:\Users\Jeremias\AppData\Local\Temp\ccebbVYf.s 			page 22


 833 021f 24000000 		.4byte	.LASF31
 834 0223 01       		.byte	0x1
 835 0224 B3       		.byte	0xb3
 836 0225 8D000000 		.4byte	0x8d
 837 0229 02       		.uleb128 0x2
 838 022a 91       		.byte	0x91
 839 022b 6F       		.sleb128 -17
 840 022c 00       		.byte	0
 841 022d 00       		.byte	0
 842 022e 0D       		.uleb128 0xd
 843 022f 04       		.byte	0x4
 844 0230 34020000 		.4byte	0x234
 845 0234 13       		.uleb128 0x13
 846 0235 A5000000 		.4byte	0xa5
 847 0239 0D       		.uleb128 0xd
 848 023a 04       		.byte	0x4
 849 023b 3F020000 		.4byte	0x23f
 850 023f 13       		.uleb128 0x13
 851 0240 02010000 		.4byte	0x102
 852 0244 14       		.uleb128 0x14
 853 0245 2A000000 		.4byte	.LASF32
 854 0249 01       		.byte	0x1
 855 024a D1       		.byte	0xd1
 856 024b 00000000 		.4byte	.LFB4
 857 024f 5C000000 		.4byte	.LFE4-.LFB4
 858 0253 01       		.uleb128 0x1
 859 0254 9C       		.byte	0x9c
 860 0255 15       		.uleb128 0x15
 861 0256 0D000000 		.4byte	.LASF33
 862 025a 01       		.byte	0x1
 863 025b FC       		.byte	0xfc
 864 025c 00000000 		.4byte	.LFB5
 865 0260 0A000000 		.4byte	.LFE5-.LFB5
 866 0264 01       		.uleb128 0x1
 867 0265 9C       		.byte	0x9c
 868 0266 16       		.uleb128 0x16
 869 0267 55010000 		.4byte	.LASF43
 870 026b 01       		.byte	0x1
 871 026c 1401     		.2byte	0x114
 872 026e 5C000000 		.4byte	.LFB6
 873 0272 24010000 		.4byte	.LFE6-.LFB6
 874 0276 01       		.uleb128 0x1
 875 0277 9C       		.byte	0x9c
 876 0278 32030000 		.4byte	0x332
 877 027c 11       		.uleb128 0x11
 878 027d 64000000 		.4byte	.LBB3
 879 0281 A4000000 		.4byte	.LBE3-.LBB3
 880 0285 17       		.uleb128 0x17
 881 0286 35000000 		.4byte	.LASF34
 882 028a 01       		.byte	0x1
 883 028b 1A01     		.2byte	0x11a
 884 028d 42030000 		.4byte	0x342
 885 0291 05       		.uleb128 0x5
 886 0292 03       		.byte	0x3
 887 0293 0C000000 		.4byte	cy_cfg_addr_table.4864
 888 0297 17       		.uleb128 0x17
 889 0298 47000000 		.4byte	.LASF35
ARM GAS  C:\Users\Jeremias\AppData\Local\Temp\ccebbVYf.s 			page 23


 890 029c 01       		.byte	0x1
 891 029d 2001     		.2byte	0x120
 892 029f 57030000 		.4byte	0x357
 893 02a3 05       		.uleb128 0x5
 894 02a4 03       		.byte	0x3
 895 02a5 18000000 		.4byte	cy_cfg_data_table.4865
 896 02a9 18       		.uleb128 0x18
 897 02aa 06       		.byte	0x6
 898 02ab 01       		.byte	0x1
 899 02ac 2C01     		.2byte	0x12c
 900 02ae CD020000 		.4byte	0x2cd
 901 02b2 19       		.uleb128 0x19
 902 02b3 93010000 		.4byte	.LASF36
 903 02b7 01       		.byte	0x1
 904 02b8 2D01     		.2byte	0x12d
 905 02ba 84000000 		.4byte	0x84
 906 02be 00       		.byte	0
 907 02bf 19       		.uleb128 0x19
 908 02c0 74000000 		.4byte	.LASF37
 909 02c4 01       		.byte	0x1
 910 02c5 2E01     		.2byte	0x12e
 911 02c7 99000000 		.4byte	0x99
 912 02cb 04       		.byte	0x4
 913 02cc 00       		.byte	0
 914 02cd 06       		.uleb128 0x6
 915 02ce 30020000 		.4byte	.LASF38
 916 02d2 01       		.byte	0x1
 917 02d3 2F01     		.2byte	0x12f
 918 02d5 A9020000 		.4byte	0x2a9
 919 02d9 1A       		.uleb128 0x1a
 920 02da E9020000 		.4byte	0x2e9
 921 02de E9020000 		.4byte	0x2e9
 922 02e2 1B       		.uleb128 0x1b
 923 02e3 7D000000 		.4byte	0x7d
 924 02e7 01       		.byte	0x1
 925 02e8 00       		.byte	0
 926 02e9 13       		.uleb128 0x13
 927 02ea CD020000 		.4byte	0x2cd
 928 02ee 17       		.uleb128 0x17
 929 02ef 64000000 		.4byte	.LASF39
 930 02f3 01       		.byte	0x1
 931 02f4 3101     		.2byte	0x131
 932 02f6 00030000 		.4byte	0x300
 933 02fa 05       		.uleb128 0x5
 934 02fb 03       		.byte	0x3
 935 02fc 00000000 		.4byte	cfg_memset_list.4870
 936 0300 13       		.uleb128 0x13
 937 0301 D9020000 		.4byte	0x2d9
 938 0305 1C       		.uleb128 0x1c
 939 0306 6900     		.ascii	"i\000"
 940 0308 01       		.byte	0x1
 941 0309 3701     		.2byte	0x137
 942 030b 8D000000 		.4byte	0x8d
 943 030f 02       		.uleb128 0x2
 944 0310 91       		.byte	0x91
 945 0311 77       		.sleb128 -9
 946 0312 11       		.uleb128 0x11
ARM GAS  C:\Users\Jeremias\AppData\Local\Temp\ccebbVYf.s 			page 24


 947 0313 6C000000 		.4byte	.LBB4
 948 0317 3C000000 		.4byte	.LBE4-.LBB4
 949 031b 1C       		.uleb128 0x1c
 950 031c 6D7300   		.ascii	"ms\000"
 951 031f 01       		.byte	0x1
 952 0320 3C01     		.2byte	0x13c
 953 0322 29030000 		.4byte	0x329
 954 0326 02       		.uleb128 0x2
 955 0327 91       		.byte	0x91
 956 0328 70       		.sleb128 -16
 957 0329 0D       		.uleb128 0xd
 958 032a 04       		.byte	0x4
 959 032b E9020000 		.4byte	0x2e9
 960 032f 00       		.byte	0
 961 0330 00       		.byte	0
 962 0331 00       		.byte	0
 963 0332 1A       		.uleb128 0x1a
 964 0333 34020000 		.4byte	0x234
 965 0337 42030000 		.4byte	0x342
 966 033b 1B       		.uleb128 0x1b
 967 033c 7D000000 		.4byte	0x7d
 968 0340 02       		.byte	0x2
 969 0341 00       		.byte	0
 970 0342 13       		.uleb128 0x13
 971 0343 32030000 		.4byte	0x332
 972 0347 1A       		.uleb128 0x1a
 973 0348 3F020000 		.4byte	0x23f
 974 034c 57030000 		.4byte	0x357
 975 0350 1B       		.uleb128 0x1b
 976 0351 7D000000 		.4byte	0x7d
 977 0355 06       		.byte	0x6
 978 0356 00       		.byte	0
 979 0357 13       		.uleb128 0x13
 980 0358 47030000 		.4byte	0x347
 981 035c 00       		.byte	0
 982              		.section	.debug_abbrev,"",%progbits
 983              	.Ldebug_abbrev0:
 984 0000 01       		.uleb128 0x1
 985 0001 11       		.uleb128 0x11
 986 0002 01       		.byte	0x1
 987 0003 25       		.uleb128 0x25
 988 0004 0E       		.uleb128 0xe
 989 0005 13       		.uleb128 0x13
 990 0006 0B       		.uleb128 0xb
 991 0007 03       		.uleb128 0x3
 992 0008 0E       		.uleb128 0xe
 993 0009 1B       		.uleb128 0x1b
 994 000a 0E       		.uleb128 0xe
 995 000b 55       		.uleb128 0x55
 996 000c 17       		.uleb128 0x17
 997 000d 11       		.uleb128 0x11
 998 000e 01       		.uleb128 0x1
 999 000f 10       		.uleb128 0x10
 1000 0010 17       		.uleb128 0x17
 1001 0011 00       		.byte	0
 1002 0012 00       		.byte	0
 1003 0013 02       		.uleb128 0x2
ARM GAS  C:\Users\Jeremias\AppData\Local\Temp\ccebbVYf.s 			page 25


 1004 0014 24       		.uleb128 0x24
 1005 0015 00       		.byte	0
 1006 0016 0B       		.uleb128 0xb
 1007 0017 0B       		.uleb128 0xb
 1008 0018 3E       		.uleb128 0x3e
 1009 0019 0B       		.uleb128 0xb
 1010 001a 03       		.uleb128 0x3
 1011 001b 08       		.uleb128 0x8
 1012 001c 00       		.byte	0
 1013 001d 00       		.byte	0
 1014 001e 03       		.uleb128 0x3
 1015 001f 16       		.uleb128 0x16
 1016 0020 00       		.byte	0
 1017 0021 03       		.uleb128 0x3
 1018 0022 0E       		.uleb128 0xe
 1019 0023 3A       		.uleb128 0x3a
 1020 0024 0B       		.uleb128 0xb
 1021 0025 3B       		.uleb128 0x3b
 1022 0026 0B       		.uleb128 0xb
 1023 0027 49       		.uleb128 0x49
 1024 0028 13       		.uleb128 0x13
 1025 0029 00       		.byte	0
 1026 002a 00       		.byte	0
 1027 002b 04       		.uleb128 0x4
 1028 002c 24       		.uleb128 0x24
 1029 002d 00       		.byte	0
 1030 002e 0B       		.uleb128 0xb
 1031 002f 0B       		.uleb128 0xb
 1032 0030 3E       		.uleb128 0x3e
 1033 0031 0B       		.uleb128 0xb
 1034 0032 03       		.uleb128 0x3
 1035 0033 0E       		.uleb128 0xe
 1036 0034 00       		.byte	0
 1037 0035 00       		.byte	0
 1038 0036 05       		.uleb128 0x5
 1039 0037 0F       		.uleb128 0xf
 1040 0038 00       		.byte	0
 1041 0039 0B       		.uleb128 0xb
 1042 003a 0B       		.uleb128 0xb
 1043 003b 00       		.byte	0
 1044 003c 00       		.byte	0
 1045 003d 06       		.uleb128 0x6
 1046 003e 16       		.uleb128 0x16
 1047 003f 00       		.byte	0
 1048 0040 03       		.uleb128 0x3
 1049 0041 0E       		.uleb128 0xe
 1050 0042 3A       		.uleb128 0x3a
 1051 0043 0B       		.uleb128 0xb
 1052 0044 3B       		.uleb128 0x3b
 1053 0045 05       		.uleb128 0x5
 1054 0046 49       		.uleb128 0x49
 1055 0047 13       		.uleb128 0x13
 1056 0048 00       		.byte	0
 1057 0049 00       		.byte	0
 1058 004a 07       		.uleb128 0x7
 1059 004b 35       		.uleb128 0x35
 1060 004c 00       		.byte	0
ARM GAS  C:\Users\Jeremias\AppData\Local\Temp\ccebbVYf.s 			page 26


 1061 004d 49       		.uleb128 0x49
 1062 004e 13       		.uleb128 0x13
 1063 004f 00       		.byte	0
 1064 0050 00       		.byte	0
 1065 0051 08       		.uleb128 0x8
 1066 0052 13       		.uleb128 0x13
 1067 0053 01       		.byte	0x1
 1068 0054 0B       		.uleb128 0xb
 1069 0055 0B       		.uleb128 0xb
 1070 0056 3A       		.uleb128 0x3a
 1071 0057 0B       		.uleb128 0xb
 1072 0058 3B       		.uleb128 0x3b
 1073 0059 0B       		.uleb128 0xb
 1074 005a 01       		.uleb128 0x1
 1075 005b 13       		.uleb128 0x13
 1076 005c 00       		.byte	0
 1077 005d 00       		.byte	0
 1078 005e 09       		.uleb128 0x9
 1079 005f 0D       		.uleb128 0xd
 1080 0060 00       		.byte	0
 1081 0061 03       		.uleb128 0x3
 1082 0062 0E       		.uleb128 0xe
 1083 0063 3A       		.uleb128 0x3a
 1084 0064 0B       		.uleb128 0xb
 1085 0065 3B       		.uleb128 0x3b
 1086 0066 0B       		.uleb128 0xb
 1087 0067 49       		.uleb128 0x49
 1088 0068 13       		.uleb128 0x13
 1089 0069 38       		.uleb128 0x38
 1090 006a 0B       		.uleb128 0xb
 1091 006b 00       		.byte	0
 1092 006c 00       		.byte	0
 1093 006d 0A       		.uleb128 0xa
 1094 006e 2E       		.uleb128 0x2e
 1095 006f 01       		.byte	0x1
 1096 0070 03       		.uleb128 0x3
 1097 0071 0E       		.uleb128 0xe
 1098 0072 3A       		.uleb128 0x3a
 1099 0073 0B       		.uleb128 0xb
 1100 0074 3B       		.uleb128 0x3b
 1101 0075 0B       		.uleb128 0xb
 1102 0076 27       		.uleb128 0x27
 1103 0077 19       		.uleb128 0x19
 1104 0078 11       		.uleb128 0x11
 1105 0079 01       		.uleb128 0x1
 1106 007a 12       		.uleb128 0x12
 1107 007b 06       		.uleb128 0x6
 1108 007c 40       		.uleb128 0x40
 1109 007d 18       		.uleb128 0x18
 1110 007e 9642     		.uleb128 0x2116
 1111 0080 19       		.uleb128 0x19
 1112 0081 01       		.uleb128 0x1
 1113 0082 13       		.uleb128 0x13
 1114 0083 00       		.byte	0
 1115 0084 00       		.byte	0
 1116 0085 0B       		.uleb128 0xb
 1117 0086 05       		.uleb128 0x5
ARM GAS  C:\Users\Jeremias\AppData\Local\Temp\ccebbVYf.s 			page 27


 1118 0087 00       		.byte	0
 1119 0088 03       		.uleb128 0x3
 1120 0089 08       		.uleb128 0x8
 1121 008a 3A       		.uleb128 0x3a
 1122 008b 0B       		.uleb128 0xb
 1123 008c 3B       		.uleb128 0x3b
 1124 008d 0B       		.uleb128 0xb
 1125 008e 49       		.uleb128 0x49
 1126 008f 13       		.uleb128 0x13
 1127 0090 02       		.uleb128 0x2
 1128 0091 18       		.uleb128 0x18
 1129 0092 00       		.byte	0
 1130 0093 00       		.byte	0
 1131 0094 0C       		.uleb128 0xc
 1132 0095 05       		.uleb128 0x5
 1133 0096 00       		.byte	0
 1134 0097 03       		.uleb128 0x3
 1135 0098 0E       		.uleb128 0xe
 1136 0099 3A       		.uleb128 0x3a
 1137 009a 0B       		.uleb128 0xb
 1138 009b 3B       		.uleb128 0x3b
 1139 009c 0B       		.uleb128 0xb
 1140 009d 49       		.uleb128 0x49
 1141 009e 13       		.uleb128 0x13
 1142 009f 02       		.uleb128 0x2
 1143 00a0 18       		.uleb128 0x18
 1144 00a1 00       		.byte	0
 1145 00a2 00       		.byte	0
 1146 00a3 0D       		.uleb128 0xd
 1147 00a4 0F       		.uleb128 0xf
 1148 00a5 00       		.byte	0
 1149 00a6 0B       		.uleb128 0xb
 1150 00a7 0B       		.uleb128 0xb
 1151 00a8 49       		.uleb128 0x49
 1152 00a9 13       		.uleb128 0x13
 1153 00aa 00       		.byte	0
 1154 00ab 00       		.byte	0
 1155 00ac 0E       		.uleb128 0xe
 1156 00ad 26       		.uleb128 0x26
 1157 00ae 00       		.byte	0
 1158 00af 00       		.byte	0
 1159 00b0 00       		.byte	0
 1160 00b1 0F       		.uleb128 0xf
 1161 00b2 2E       		.uleb128 0x2e
 1162 00b3 01       		.byte	0x1
 1163 00b4 03       		.uleb128 0x3
 1164 00b5 0E       		.uleb128 0xe
 1165 00b6 3A       		.uleb128 0x3a
 1166 00b7 0B       		.uleb128 0xb
 1167 00b8 3B       		.uleb128 0x3b
 1168 00b9 0B       		.uleb128 0xb
 1169 00ba 27       		.uleb128 0x27
 1170 00bb 19       		.uleb128 0x19
 1171 00bc 11       		.uleb128 0x11
 1172 00bd 01       		.uleb128 0x1
 1173 00be 12       		.uleb128 0x12
 1174 00bf 06       		.uleb128 0x6
ARM GAS  C:\Users\Jeremias\AppData\Local\Temp\ccebbVYf.s 			page 28


 1175 00c0 40       		.uleb128 0x40
 1176 00c1 18       		.uleb128 0x18
 1177 00c2 9742     		.uleb128 0x2117
 1178 00c4 19       		.uleb128 0x19
 1179 00c5 01       		.uleb128 0x1
 1180 00c6 13       		.uleb128 0x13
 1181 00c7 00       		.byte	0
 1182 00c8 00       		.byte	0
 1183 00c9 10       		.uleb128 0x10
 1184 00ca 34       		.uleb128 0x34
 1185 00cb 00       		.byte	0
 1186 00cc 03       		.uleb128 0x3
 1187 00cd 08       		.uleb128 0x8
 1188 00ce 3A       		.uleb128 0x3a
 1189 00cf 0B       		.uleb128 0xb
 1190 00d0 3B       		.uleb128 0x3b
 1191 00d1 0B       		.uleb128 0xb
 1192 00d2 49       		.uleb128 0x49
 1193 00d3 13       		.uleb128 0x13
 1194 00d4 02       		.uleb128 0x2
 1195 00d5 18       		.uleb128 0x18
 1196 00d6 00       		.byte	0
 1197 00d7 00       		.byte	0
 1198 00d8 11       		.uleb128 0x11
 1199 00d9 0B       		.uleb128 0xb
 1200 00da 01       		.byte	0x1
 1201 00db 11       		.uleb128 0x11
 1202 00dc 01       		.uleb128 0x1
 1203 00dd 12       		.uleb128 0x12
 1204 00de 06       		.uleb128 0x6
 1205 00df 00       		.byte	0
 1206 00e0 00       		.byte	0
 1207 00e1 12       		.uleb128 0x12
 1208 00e2 34       		.uleb128 0x34
 1209 00e3 00       		.byte	0
 1210 00e4 03       		.uleb128 0x3
 1211 00e5 0E       		.uleb128 0xe
 1212 00e6 3A       		.uleb128 0x3a
 1213 00e7 0B       		.uleb128 0xb
 1214 00e8 3B       		.uleb128 0x3b
 1215 00e9 0B       		.uleb128 0xb
 1216 00ea 49       		.uleb128 0x49
 1217 00eb 13       		.uleb128 0x13
 1218 00ec 02       		.uleb128 0x2
 1219 00ed 18       		.uleb128 0x18
 1220 00ee 00       		.byte	0
 1221 00ef 00       		.byte	0
 1222 00f0 13       		.uleb128 0x13
 1223 00f1 26       		.uleb128 0x26
 1224 00f2 00       		.byte	0
 1225 00f3 49       		.uleb128 0x49
 1226 00f4 13       		.uleb128 0x13
 1227 00f5 00       		.byte	0
 1228 00f6 00       		.byte	0
 1229 00f7 14       		.uleb128 0x14
 1230 00f8 2E       		.uleb128 0x2e
 1231 00f9 00       		.byte	0
ARM GAS  C:\Users\Jeremias\AppData\Local\Temp\ccebbVYf.s 			page 29


 1232 00fa 03       		.uleb128 0x3
 1233 00fb 0E       		.uleb128 0xe
 1234 00fc 3A       		.uleb128 0x3a
 1235 00fd 0B       		.uleb128 0xb
 1236 00fe 3B       		.uleb128 0x3b
 1237 00ff 0B       		.uleb128 0xb
 1238 0100 27       		.uleb128 0x27
 1239 0101 19       		.uleb128 0x19
 1240 0102 11       		.uleb128 0x11
 1241 0103 01       		.uleb128 0x1
 1242 0104 12       		.uleb128 0x12
 1243 0105 06       		.uleb128 0x6
 1244 0106 40       		.uleb128 0x40
 1245 0107 18       		.uleb128 0x18
 1246 0108 9642     		.uleb128 0x2116
 1247 010a 19       		.uleb128 0x19
 1248 010b 00       		.byte	0
 1249 010c 00       		.byte	0
 1250 010d 15       		.uleb128 0x15
 1251 010e 2E       		.uleb128 0x2e
 1252 010f 00       		.byte	0
 1253 0110 03       		.uleb128 0x3
 1254 0111 0E       		.uleb128 0xe
 1255 0112 3A       		.uleb128 0x3a
 1256 0113 0B       		.uleb128 0xb
 1257 0114 3B       		.uleb128 0x3b
 1258 0115 0B       		.uleb128 0xb
 1259 0116 27       		.uleb128 0x27
 1260 0117 19       		.uleb128 0x19
 1261 0118 11       		.uleb128 0x11
 1262 0119 01       		.uleb128 0x1
 1263 011a 12       		.uleb128 0x12
 1264 011b 06       		.uleb128 0x6
 1265 011c 40       		.uleb128 0x40
 1266 011d 18       		.uleb128 0x18
 1267 011e 9742     		.uleb128 0x2117
 1268 0120 19       		.uleb128 0x19
 1269 0121 00       		.byte	0
 1270 0122 00       		.byte	0
 1271 0123 16       		.uleb128 0x16
 1272 0124 2E       		.uleb128 0x2e
 1273 0125 01       		.byte	0x1
 1274 0126 3F       		.uleb128 0x3f
 1275 0127 19       		.uleb128 0x19
 1276 0128 03       		.uleb128 0x3
 1277 0129 0E       		.uleb128 0xe
 1278 012a 3A       		.uleb128 0x3a
 1279 012b 0B       		.uleb128 0xb
 1280 012c 3B       		.uleb128 0x3b
 1281 012d 05       		.uleb128 0x5
 1282 012e 27       		.uleb128 0x27
 1283 012f 19       		.uleb128 0x19
 1284 0130 11       		.uleb128 0x11
 1285 0131 01       		.uleb128 0x1
 1286 0132 12       		.uleb128 0x12
 1287 0133 06       		.uleb128 0x6
 1288 0134 40       		.uleb128 0x40
ARM GAS  C:\Users\Jeremias\AppData\Local\Temp\ccebbVYf.s 			page 30


 1289 0135 18       		.uleb128 0x18
 1290 0136 9642     		.uleb128 0x2116
 1291 0138 19       		.uleb128 0x19
 1292 0139 01       		.uleb128 0x1
 1293 013a 13       		.uleb128 0x13
 1294 013b 00       		.byte	0
 1295 013c 00       		.byte	0
 1296 013d 17       		.uleb128 0x17
 1297 013e 34       		.uleb128 0x34
 1298 013f 00       		.byte	0
 1299 0140 03       		.uleb128 0x3
 1300 0141 0E       		.uleb128 0xe
 1301 0142 3A       		.uleb128 0x3a
 1302 0143 0B       		.uleb128 0xb
 1303 0144 3B       		.uleb128 0x3b
 1304 0145 05       		.uleb128 0x5
 1305 0146 49       		.uleb128 0x49
 1306 0147 13       		.uleb128 0x13
 1307 0148 02       		.uleb128 0x2
 1308 0149 18       		.uleb128 0x18
 1309 014a 00       		.byte	0
 1310 014b 00       		.byte	0
 1311 014c 18       		.uleb128 0x18
 1312 014d 13       		.uleb128 0x13
 1313 014e 01       		.byte	0x1
 1314 014f 0B       		.uleb128 0xb
 1315 0150 0B       		.uleb128 0xb
 1316 0151 3A       		.uleb128 0x3a
 1317 0152 0B       		.uleb128 0xb
 1318 0153 3B       		.uleb128 0x3b
 1319 0154 05       		.uleb128 0x5
 1320 0155 01       		.uleb128 0x1
 1321 0156 13       		.uleb128 0x13
 1322 0157 00       		.byte	0
 1323 0158 00       		.byte	0
 1324 0159 19       		.uleb128 0x19
 1325 015a 0D       		.uleb128 0xd
 1326 015b 00       		.byte	0
 1327 015c 03       		.uleb128 0x3
 1328 015d 0E       		.uleb128 0xe
 1329 015e 3A       		.uleb128 0x3a
 1330 015f 0B       		.uleb128 0xb
 1331 0160 3B       		.uleb128 0x3b
 1332 0161 05       		.uleb128 0x5
 1333 0162 49       		.uleb128 0x49
 1334 0163 13       		.uleb128 0x13
 1335 0164 38       		.uleb128 0x38
 1336 0165 0B       		.uleb128 0xb
 1337 0166 00       		.byte	0
 1338 0167 00       		.byte	0
 1339 0168 1A       		.uleb128 0x1a
 1340 0169 01       		.uleb128 0x1
 1341 016a 01       		.byte	0x1
 1342 016b 49       		.uleb128 0x49
 1343 016c 13       		.uleb128 0x13
 1344 016d 01       		.uleb128 0x1
 1345 016e 13       		.uleb128 0x13
ARM GAS  C:\Users\Jeremias\AppData\Local\Temp\ccebbVYf.s 			page 31


 1346 016f 00       		.byte	0
 1347 0170 00       		.byte	0
 1348 0171 1B       		.uleb128 0x1b
 1349 0172 21       		.uleb128 0x21
 1350 0173 00       		.byte	0
 1351 0174 49       		.uleb128 0x49
 1352 0175 13       		.uleb128 0x13
 1353 0176 2F       		.uleb128 0x2f
 1354 0177 0B       		.uleb128 0xb
 1355 0178 00       		.byte	0
 1356 0179 00       		.byte	0
 1357 017a 1C       		.uleb128 0x1c
 1358 017b 34       		.uleb128 0x34
 1359 017c 00       		.byte	0
 1360 017d 03       		.uleb128 0x3
 1361 017e 08       		.uleb128 0x8
 1362 017f 3A       		.uleb128 0x3a
 1363 0180 0B       		.uleb128 0xb
 1364 0181 3B       		.uleb128 0x3b
 1365 0182 05       		.uleb128 0x5
 1366 0183 49       		.uleb128 0x49
 1367 0184 13       		.uleb128 0x13
 1368 0185 02       		.uleb128 0x2
 1369 0186 18       		.uleb128 0x18
 1370 0187 00       		.byte	0
 1371 0188 00       		.byte	0
 1372 0189 00       		.byte	0
 1373              		.section	.debug_aranges,"",%progbits
 1374 0000 4C000000 		.4byte	0x4c
 1375 0004 0200     		.2byte	0x2
 1376 0006 00000000 		.4byte	.Ldebug_info0
 1377 000a 04       		.byte	0x4
 1378 000b 00       		.byte	0
 1379 000c 0000     		.2byte	0
 1380 000e 0000     		.2byte	0
 1381 0010 00000000 		.4byte	.LFB0
 1382 0014 1E000000 		.4byte	.LFE0-.LFB0
 1383 0018 00000000 		.4byte	.LFB1
 1384 001c 20000000 		.4byte	.LFE1-.LFB1
 1385 0020 00000000 		.4byte	.LFB2
 1386 0024 20000000 		.4byte	.LFE2-.LFB2
 1387 0028 00000000 		.4byte	.LFB3
 1388 002c 82000000 		.4byte	.LFE3-.LFB3
 1389 0030 00000000 		.4byte	.LFB4
 1390 0034 5C000000 		.4byte	.LFE4-.LFB4
 1391 0038 00000000 		.4byte	.LFB5
 1392 003c 0A000000 		.4byte	.LFE5-.LFB5
 1393 0040 5C000000 		.4byte	.LFB6
 1394 0044 24010000 		.4byte	.LFE6-.LFB6
 1395 0048 00000000 		.4byte	0
 1396 004c 00000000 		.4byte	0
 1397              		.section	.debug_ranges,"",%progbits
 1398              	.Ldebug_ranges0:
 1399 0000 00000000 		.4byte	.LFB0
 1400 0004 1E000000 		.4byte	.LFE0
 1401 0008 00000000 		.4byte	.LFB1
 1402 000c 20000000 		.4byte	.LFE1
ARM GAS  C:\Users\Jeremias\AppData\Local\Temp\ccebbVYf.s 			page 32


 1403 0010 00000000 		.4byte	.LFB2
 1404 0014 20000000 		.4byte	.LFE2
 1405 0018 00000000 		.4byte	.LFB3
 1406 001c 82000000 		.4byte	.LFE3
 1407 0020 00000000 		.4byte	.LFB4
 1408 0024 5C000000 		.4byte	.LFE4
 1409 0028 00000000 		.4byte	.LFB5
 1410 002c 0A000000 		.4byte	.LFE5
 1411 0030 5C000000 		.4byte	.LFB6
 1412 0034 80010000 		.4byte	.LFE6
 1413 0038 00000000 		.4byte	0
 1414 003c 00000000 		.4byte	0
 1415              		.section	.debug_line,"",%progbits
 1416              	.Ldebug_line0:
 1417 0000 88010000 		.section	.debug_str,"MS",%progbits,1
 1417      0200CB00 
 1417      00000201 
 1417      FB0E0D00 
 1417      01010101 
 1418              	.LASF19:
 1419 0000 72656733 		.ascii	"reg32\000"
 1419      3200
 1420              	.LASF12:
 1421 0006 73697A65 		.ascii	"size_t\000"
 1421      5F7400
 1422              	.LASF33:
 1423 000d 416E616C 		.ascii	"AnalogSetDefault\000"
 1423      6F675365 
 1423      74446566 
 1423      61756C74 
 1423      00
 1424              	.LASF21:
 1425 001e 76616C75 		.ascii	"value\000"
 1425      6500
 1426              	.LASF31:
 1427 0024 636F756E 		.ascii	"count\000"
 1427      7400
 1428              	.LASF32:
 1429 002a 436C6F63 		.ascii	"ClockSetup\000"
 1429      6B536574 
 1429      757000
 1430              	.LASF34:
 1431 0035 63795F63 		.ascii	"cy_cfg_addr_table\000"
 1431      66675F61 
 1431      6464725F 
 1431      7461626C 
 1431      6500
 1432              	.LASF35:
 1433 0047 63795F63 		.ascii	"cy_cfg_data_table\000"
 1433      66675F64 
 1433      6174615F 
 1433      7461626C 
 1433      6500
 1434              	.LASF16:
 1435 0059 666C6F61 		.ascii	"float\000"
 1435      7400
 1436              	.LASF25:
ARM GAS  C:\Users\Jeremias\AppData\Local\Temp\ccebbVYf.s 			page 33


 1437 005f 64657374 		.ascii	"dest\000"
 1437      00
 1438              	.LASF39:
 1439 0064 6366675F 		.ascii	"cfg_memset_list\000"
 1439      6D656D73 
 1439      65745F6C 
 1439      69737400 
 1440              	.LASF37:
 1441 0074 73697A65 		.ascii	"size\000"
 1441      00
 1442              	.LASF18:
 1443 0079 72656738 		.ascii	"reg8\000"
 1443      00
 1444              	.LASF8:
 1445 007e 6C6F6E67 		.ascii	"long unsigned int\000"
 1445      20756E73 
 1445      69676E65 
 1445      6420696E 
 1445      7400
 1446              	.LASF13:
 1447 0090 75696E74 		.ascii	"uint8\000"
 1447      3800
 1448              	.LASF23:
 1449 0096 43594D45 		.ascii	"CYMEMZERO\000"
 1449      4D5A4552 
 1449      4F00
 1450              	.LASF40:
 1451 00a0 474E5520 		.ascii	"GNU C11 5.4.1 20160609 (release) [ARM/embedded-5-br"
 1451      43313120 
 1451      352E342E 
 1451      31203230 
 1451      31363036 
 1452 00d3 616E6368 		.ascii	"anch revision 237715] -mcpu=cortex-m0 -mthumb -g -O"
 1452      20726576 
 1452      6973696F 
 1452      6E203233 
 1452      37373135 
 1453 0106 30202D66 		.ascii	"0 -ffunction-sections -ffat-lto-objects\000"
 1453      66756E63 
 1453      74696F6E 
 1453      2D736563 
 1453      74696F6E 
 1454              	.LASF4:
 1455 012e 756E7369 		.ascii	"unsigned char\000"
 1455      676E6564 
 1455      20636861 
 1455      7200
 1456              	.LASF17:
 1457 013c 646F7562 		.ascii	"double\000"
 1457      6C6500
 1458              	.LASF27:
 1459 0143 6366675F 		.ascii	"cfg_write_bytes32\000"
 1459      77726974 
 1459      655F6279 
 1459      74657333 
 1459      3200
 1460              	.LASF43:
ARM GAS  C:\Users\Jeremias\AppData\Local\Temp\ccebbVYf.s 			page 34


 1461 0155 63796669 		.ascii	"cyfitter_cfg\000"
 1461      74746572 
 1461      5F636667 
 1461      00
 1462              	.LASF28:
 1463 0162 61646472 		.ascii	"addr_table\000"
 1463      5F746162 
 1463      6C6500
 1464              	.LASF14:
 1465 016d 75696E74 		.ascii	"uint16\000"
 1465      313600
 1466              	.LASF29:
 1467 0174 64617461 		.ascii	"data_table\000"
 1467      5F746162 
 1467      6C6500
 1468              	.LASF15:
 1469 017f 75696E74 		.ascii	"uint32\000"
 1469      333200
 1470              	.LASF0:
 1471 0186 756E7369 		.ascii	"unsigned int\000"
 1471      676E6564 
 1471      20696E74 
 1471      00
 1472              	.LASF36:
 1473 0193 61646472 		.ascii	"address\000"
 1473      65737300 
 1474              	.LASF9:
 1475 019b 6C6F6E67 		.ascii	"long long unsigned int\000"
 1475      206C6F6E 
 1475      6720756E 
 1475      7369676E 
 1475      65642069 
 1476              	.LASF42:
 1477 01b2 443A5C45 		.ascii	"D:\\ESCRITORIO\\Tesis MIB\\Proyecto de Tesis\\elect"
 1477      53435249 
 1477      544F5249 
 1477      4F5C5465 
 1477      73697320 
 1478 01e1 726F6573 		.ascii	"roestimulador\\PSoC\\PRUEBAS\\SCB_Bootloader\\Bootl"
 1478      74696D75 
 1478      6C61646F 
 1478      725C5053 
 1478      6F435C50 
 1479 0210 6F616461 		.ascii	"oadable Toggle LED_M0_ISR.cydsn\000"
 1479      626C6520 
 1479      546F6767 
 1479      6C65204C 
 1479      45445F4D 
 1480              	.LASF38:
 1481 0230 6366675F 		.ascii	"cfg_memset_t\000"
 1481      6D656D73 
 1481      65745F74 
 1481      00
 1482              	.LASF30:
 1483 023d 62617365 		.ascii	"baseAddr\000"
 1483      41646472 
 1483      00
ARM GAS  C:\Users\Jeremias\AppData\Local\Temp\ccebbVYf.s 			page 35


 1484              	.LASF10:
 1485 0246 73697A65 		.ascii	"sizetype\000"
 1485      74797065 
 1485      00
 1486              	.LASF6:
 1487 024f 73686F72 		.ascii	"short unsigned int\000"
 1487      7420756E 
 1487      7369676E 
 1487      65642069 
 1487      6E7400
 1488              	.LASF1:
 1489 0262 6C6F6E67 		.ascii	"long long int\000"
 1489      206C6F6E 
 1489      6720696E 
 1489      7400
 1490              	.LASF11:
 1491 0270 63686172 		.ascii	"char\000"
 1491      00
 1492              	.LASF22:
 1493 0275 63795F63 		.ascii	"cy_cfg_addrvalue_t\000"
 1493      66675F61 
 1493      64647276 
 1493      616C7565 
 1493      5F7400
 1494              	.LASF20:
 1495 0288 6F666673 		.ascii	"offset\000"
 1495      657400
 1496              	.LASF5:
 1497 028f 73686F72 		.ascii	"short int\000"
 1497      7420696E 
 1497      7400
 1498              	.LASF7:
 1499 0299 6C6F6E67 		.ascii	"long int\000"
 1499      20696E74 
 1499      00
 1500              	.LASF2:
 1501 02a2 6C6F6E67 		.ascii	"long double\000"
 1501      20646F75 
 1501      626C6500 
 1502              	.LASF3:
 1503 02ae 7369676E 		.ascii	"signed char\000"
 1503      65642063 
 1503      68617200 
 1504              	.LASF41:
 1505 02ba 47656E65 		.ascii	"Generated_Source\\PSoC4\\cyfitter_cfg.c\000"
 1505      72617465 
 1505      645F536F 
 1505      75726365 
 1505      5C50536F 
 1506              	.LASF26:
 1507 02e0 4359434F 		.ascii	"CYCONFIGCPYCODE\000"
 1507      4E464947 
 1507      43505943 
 1507      4F444500 
 1508              	.LASF24:
 1509 02f0 4359434F 		.ascii	"CYCONFIGCPY\000"
 1509      4E464947 
ARM GAS  C:\Users\Jeremias\AppData\Local\Temp\ccebbVYf.s 			page 36


 1509      43505900 
 1510              		.ident	"GCC: (GNU Tools for ARM Embedded Processors) 5.4.1 20160609 (release) [ARM/embedded-5-bran
