ARM GAS  C:\Users\Jeremias\AppData\Local\Temp\ccackajc.s 			page 1


   1              		.syntax unified
   2              		.cpu cortex-m0
   3              		.fpu softvfp
   4              		.eabi_attribute 20, 1
   5              		.eabi_attribute 21, 1
   6              		.eabi_attribute 23, 3
   7              		.eabi_attribute 24, 1
   8              		.eabi_attribute 25, 1
   9              		.eabi_attribute 26, 1
  10              		.eabi_attribute 30, 6
  11              		.eabi_attribute 34, 0
  12              		.eabi_attribute 18, 4
  13              		.thumb
  14              		.syntax unified
  15              		.file	"main.c"
  16              		.text
  17              	.Ltext0:
  18              		.cfi_sections	.debug_frame
  19              		.comm	INT_RES,1,1
  20              		.section	.text.INT_SW1_Handler,"ax",%progbits
  21              		.align	2
  22              		.global	INT_SW1_Handler
  23              		.code	16
  24              		.thumb_func
  25              		.type	INT_SW1_Handler, %function
  26              	INT_SW1_Handler:
  27              	.LFB32:
  28              		.file 1 "main.c"
   1:main.c        **** /******************************************************************************
   2:main.c        **** * Project Name		: Bootloadable Toggle LED con M0 ISR
   3:main.c        **** * File Name			: main.c
   4:main.c        **** * Device Used		: CY8C4245AXI-483
   5:main.c        **** * Software Used		: PSoC Creator 4.4
   6:main.c        **** * Related Hardware	: CY8CKIT-049-42xx PSoC 4 Prototyping Kit */
   7:main.c        **** /******************************************************************************
   8:main.c        **** *                           THEORY OF OPERATION
   9:main.c        **** * This is a blinking LED project. A PWM component drives the pin to blink the 
  10:main.c        **** * LED at regular intervals. This project contains a bootloadable component so 
  11:main.c        **** * that it can be bootloaded into PSoC 4 which has a bootloader already programmed 
  12:main.c        **** * into it.
  13:main.c        **** * Default UART Port Configuration for bootloading the PSoC 4 in CY8CKIT-049-42xx
  14:main.c        **** * Baud Rate : 115200 bps
  15:main.c        **** * Data Bits : 8
  16:main.c        **** * Stop Bits : 1
  17:main.c        **** * Parity    : None
  18:main.c        **** ******************************************************************************/
  19:main.c        **** #include <project.h>
  20:main.c        **** 
  21:main.c        **** uint8 INT_RES;
  22:main.c        **** CY_ISR(INT_SW1_Handler)
  23:main.c        **** {
  29              		.loc 1 23 0
  30              		.cfi_startproc
  31              		@ args = 0, pretend = 0, frame = 0
  32              		@ frame_needed = 1, uses_anonymous_args = 0
  33 0000 80B5     		push	{r7, lr}
  34              		.cfi_def_cfa_offset 8
ARM GAS  C:\Users\Jeremias\AppData\Local\Temp\ccackajc.s 			page 2


  35              		.cfi_offset 7, -8
  36              		.cfi_offset 14, -4
  37 0002 00AF     		add	r7, sp, #0
  38              		.cfi_def_cfa_register 7
  24:main.c        ****     PinONB_Write(~PinONB_Read());
  39              		.loc 1 24 0
  40 0004 FFF7FEFF 		bl	PinONB_Read
  41 0008 0300     		movs	r3, r0
  42 000a DB43     		mvns	r3, r3
  43 000c DBB2     		uxtb	r3, r3
  44 000e 1800     		movs	r0, r3
  45 0010 FFF7FEFF 		bl	PinONB_Write
  25:main.c        ****     INT_RES = Pin_SW1_ClearInterrupt();
  46              		.loc 1 25 0
  47 0014 FFF7FEFF 		bl	Pin_SW1_ClearInterrupt
  48 0018 0300     		movs	r3, r0
  49 001a 1A00     		movs	r2, r3
  50 001c 024B     		ldr	r3, .L2
  51 001e 1A70     		strb	r2, [r3]
  26:main.c        **** }
  52              		.loc 1 26 0
  53 0020 C046     		nop
  54 0022 BD46     		mov	sp, r7
  55              		@ sp needed
  56 0024 80BD     		pop	{r7, pc}
  57              	.L3:
  58 0026 C046     		.align	2
  59              	.L2:
  60 0028 00000000 		.word	INT_RES
  61              		.cfi_endproc
  62              	.LFE32:
  63              		.size	INT_SW1_Handler, .-INT_SW1_Handler
  64              		.section	.text.main,"ax",%progbits
  65              		.align	2
  66              		.global	main
  67              		.code	16
  68              		.thumb_func
  69              		.type	main, %function
  70              	main:
  71              	.LFB33:
  27:main.c        **** 
  28:main.c        **** int main()
  29:main.c        **** {
  72              		.loc 1 29 0
  73              		.cfi_startproc
  74              		@ args = 0, pretend = 0, frame = 0
  75              		@ frame_needed = 1, uses_anonymous_args = 0
  76 0000 80B5     		push	{r7, lr}
  77              		.cfi_def_cfa_offset 8
  78              		.cfi_offset 7, -8
  79              		.cfi_offset 14, -4
  80 0002 00AF     		add	r7, sp, #0
  81              		.cfi_def_cfa_register 7
  30:main.c        ****     CyGlobalIntEnable;
  82              		.loc 1 30 0
  83              		.syntax divided
  84              	@ 30 "main.c" 1
ARM GAS  C:\Users\Jeremias\AppData\Local\Temp\ccackajc.s 			page 3


  85 0004 62B6     		CPSIE   i
  86              	@ 0 "" 2
  31:main.c        ****     INT_SW1_StartEx(INT_SW1_Handler);
  87              		.loc 1 31 0
  88              		.thumb
  89              		.syntax unified
  90 0006 024B     		ldr	r3, .L6
  91 0008 1800     		movs	r0, r3
  92 000a FFF7FEFF 		bl	INT_SW1_StartEx
  93              	.L5:
  32:main.c        **** 	while(1)
  33:main.c        ****     {}
  94              		.loc 1 33 0 discriminator 1
  95 000e FEE7     		b	.L5
  96              	.L7:
  97              		.align	2
  98              	.L6:
  99 0010 00000000 		.word	INT_SW1_Handler
 100              		.cfi_endproc
 101              	.LFE33:
 102              		.size	main, .-main
 103              		.text
 104              	.Letext0:
 105              		.file 2 "Generated_Source\\PSoC4/cytypes.h"
 106              		.section	.debug_info,"",%progbits
 107              	.Ldebug_info0:
 108 0000 CE000000 		.4byte	0xce
 109 0004 0400     		.2byte	0x4
 110 0006 00000000 		.4byte	.Ldebug_abbrev0
 111 000a 04       		.byte	0x4
 112 000b 01       		.uleb128 0x1
 113 000c 3A010000 		.4byte	.LASF16
 114 0010 0C       		.byte	0xc
 115 0011 99000000 		.4byte	.LASF17
 116 0015 0E000000 		.4byte	.LASF18
 117 0019 00000000 		.4byte	.Ldebug_ranges0+0
 118 001d 00000000 		.4byte	0
 119 0021 00000000 		.4byte	.Ldebug_line0
 120 0025 02       		.uleb128 0x2
 121 0026 01       		.byte	0x1
 122 0027 06       		.byte	0x6
 123 0028 18010000 		.4byte	.LASF0
 124 002c 02       		.uleb128 0x2
 125 002d 01       		.byte	0x1
 126 002e 08       		.byte	0x8
 127 002f E2000000 		.4byte	.LASF1
 128 0033 02       		.uleb128 0x2
 129 0034 02       		.byte	0x2
 130 0035 05       		.byte	0x5
 131 0036 30010000 		.4byte	.LASF2
 132 003a 02       		.uleb128 0x2
 133 003b 02       		.byte	0x2
 134 003c 07       		.byte	0x7
 135 003d 05010000 		.4byte	.LASF3
 136 0041 02       		.uleb128 0x2
 137 0042 04       		.byte	0x4
 138 0043 05       		.byte	0x5
ARM GAS  C:\Users\Jeremias\AppData\Local\Temp\ccackajc.s 			page 4


 139 0044 F5000000 		.4byte	.LASF4
 140 0048 02       		.uleb128 0x2
 141 0049 04       		.byte	0x4
 142 004a 07       		.byte	0x7
 143 004b AB000000 		.4byte	.LASF5
 144 004f 02       		.uleb128 0x2
 145 0050 08       		.byte	0x8
 146 0051 05       		.byte	0x5
 147 0052 00000000 		.4byte	.LASF6
 148 0056 02       		.uleb128 0x2
 149 0057 08       		.byte	0x8
 150 0058 07       		.byte	0x7
 151 0059 C5000000 		.4byte	.LASF7
 152 005d 03       		.uleb128 0x3
 153 005e 04       		.byte	0x4
 154 005f 05       		.byte	0x5
 155 0060 696E7400 		.ascii	"int\000"
 156 0064 02       		.uleb128 0x2
 157 0065 04       		.byte	0x4
 158 0066 07       		.byte	0x7
 159 0067 8C000000 		.4byte	.LASF8
 160 006b 04       		.uleb128 0x4
 161 006c A5000000 		.4byte	.LASF19
 162 0070 02       		.byte	0x2
 163 0071 FB01     		.2byte	0x1fb
 164 0073 2C000000 		.4byte	0x2c
 165 0077 02       		.uleb128 0x2
 166 0078 04       		.byte	0x4
 167 0079 04       		.byte	0x4
 168 007a DC000000 		.4byte	.LASF9
 169 007e 02       		.uleb128 0x2
 170 007f 08       		.byte	0x8
 171 0080 04       		.byte	0x4
 172 0081 FE000000 		.4byte	.LASF10
 173 0085 02       		.uleb128 0x2
 174 0086 01       		.byte	0x1
 175 0087 08       		.byte	0x8
 176 0088 F0000000 		.4byte	.LASF11
 177 008c 02       		.uleb128 0x2
 178 008d 08       		.byte	0x8
 179 008e 04       		.byte	0x4
 180 008f 24010000 		.4byte	.LASF12
 181 0093 02       		.uleb128 0x2
 182 0094 04       		.byte	0x4
 183 0095 07       		.byte	0x7
 184 0096 D8010000 		.4byte	.LASF13
 185 009a 05       		.uleb128 0x5
 186 009b C8010000 		.4byte	.LASF14
 187 009f 01       		.byte	0x1
 188 00a0 16       		.byte	0x16
 189 00a1 00000000 		.4byte	.LFB32
 190 00a5 2C000000 		.4byte	.LFE32-.LFB32
 191 00a9 01       		.uleb128 0x1
 192 00aa 9C       		.byte	0x9c
 193 00ab 06       		.uleb128 0x6
 194 00ac A0000000 		.4byte	.LASF15
 195 00b0 01       		.byte	0x1
ARM GAS  C:\Users\Jeremias\AppData\Local\Temp\ccackajc.s 			page 5


 196 00b1 1C       		.byte	0x1c
 197 00b2 5D000000 		.4byte	0x5d
 198 00b6 00000000 		.4byte	.LFB33
 199 00ba 14000000 		.4byte	.LFE33-.LFB33
 200 00be 01       		.uleb128 0x1
 201 00bf 9C       		.byte	0x9c
 202 00c0 07       		.uleb128 0x7
 203 00c1 BD000000 		.4byte	.LASF20
 204 00c5 01       		.byte	0x1
 205 00c6 15       		.byte	0x15
 206 00c7 6B000000 		.4byte	0x6b
 207 00cb 05       		.uleb128 0x5
 208 00cc 03       		.byte	0x3
 209 00cd 00000000 		.4byte	INT_RES
 210 00d1 00       		.byte	0
 211              		.section	.debug_abbrev,"",%progbits
 212              	.Ldebug_abbrev0:
 213 0000 01       		.uleb128 0x1
 214 0001 11       		.uleb128 0x11
 215 0002 01       		.byte	0x1
 216 0003 25       		.uleb128 0x25
 217 0004 0E       		.uleb128 0xe
 218 0005 13       		.uleb128 0x13
 219 0006 0B       		.uleb128 0xb
 220 0007 03       		.uleb128 0x3
 221 0008 0E       		.uleb128 0xe
 222 0009 1B       		.uleb128 0x1b
 223 000a 0E       		.uleb128 0xe
 224 000b 55       		.uleb128 0x55
 225 000c 17       		.uleb128 0x17
 226 000d 11       		.uleb128 0x11
 227 000e 01       		.uleb128 0x1
 228 000f 10       		.uleb128 0x10
 229 0010 17       		.uleb128 0x17
 230 0011 00       		.byte	0
 231 0012 00       		.byte	0
 232 0013 02       		.uleb128 0x2
 233 0014 24       		.uleb128 0x24
 234 0015 00       		.byte	0
 235 0016 0B       		.uleb128 0xb
 236 0017 0B       		.uleb128 0xb
 237 0018 3E       		.uleb128 0x3e
 238 0019 0B       		.uleb128 0xb
 239 001a 03       		.uleb128 0x3
 240 001b 0E       		.uleb128 0xe
 241 001c 00       		.byte	0
 242 001d 00       		.byte	0
 243 001e 03       		.uleb128 0x3
 244 001f 24       		.uleb128 0x24
 245 0020 00       		.byte	0
 246 0021 0B       		.uleb128 0xb
 247 0022 0B       		.uleb128 0xb
 248 0023 3E       		.uleb128 0x3e
 249 0024 0B       		.uleb128 0xb
 250 0025 03       		.uleb128 0x3
 251 0026 08       		.uleb128 0x8
 252 0027 00       		.byte	0
ARM GAS  C:\Users\Jeremias\AppData\Local\Temp\ccackajc.s 			page 6


 253 0028 00       		.byte	0
 254 0029 04       		.uleb128 0x4
 255 002a 16       		.uleb128 0x16
 256 002b 00       		.byte	0
 257 002c 03       		.uleb128 0x3
 258 002d 0E       		.uleb128 0xe
 259 002e 3A       		.uleb128 0x3a
 260 002f 0B       		.uleb128 0xb
 261 0030 3B       		.uleb128 0x3b
 262 0031 05       		.uleb128 0x5
 263 0032 49       		.uleb128 0x49
 264 0033 13       		.uleb128 0x13
 265 0034 00       		.byte	0
 266 0035 00       		.byte	0
 267 0036 05       		.uleb128 0x5
 268 0037 2E       		.uleb128 0x2e
 269 0038 00       		.byte	0
 270 0039 3F       		.uleb128 0x3f
 271 003a 19       		.uleb128 0x19
 272 003b 03       		.uleb128 0x3
 273 003c 0E       		.uleb128 0xe
 274 003d 3A       		.uleb128 0x3a
 275 003e 0B       		.uleb128 0xb
 276 003f 3B       		.uleb128 0x3b
 277 0040 0B       		.uleb128 0xb
 278 0041 27       		.uleb128 0x27
 279 0042 19       		.uleb128 0x19
 280 0043 11       		.uleb128 0x11
 281 0044 01       		.uleb128 0x1
 282 0045 12       		.uleb128 0x12
 283 0046 06       		.uleb128 0x6
 284 0047 40       		.uleb128 0x40
 285 0048 18       		.uleb128 0x18
 286 0049 9642     		.uleb128 0x2116
 287 004b 19       		.uleb128 0x19
 288 004c 00       		.byte	0
 289 004d 00       		.byte	0
 290 004e 06       		.uleb128 0x6
 291 004f 2E       		.uleb128 0x2e
 292 0050 00       		.byte	0
 293 0051 3F       		.uleb128 0x3f
 294 0052 19       		.uleb128 0x19
 295 0053 03       		.uleb128 0x3
 296 0054 0E       		.uleb128 0xe
 297 0055 3A       		.uleb128 0x3a
 298 0056 0B       		.uleb128 0xb
 299 0057 3B       		.uleb128 0x3b
 300 0058 0B       		.uleb128 0xb
 301 0059 49       		.uleb128 0x49
 302 005a 13       		.uleb128 0x13
 303 005b 11       		.uleb128 0x11
 304 005c 01       		.uleb128 0x1
 305 005d 12       		.uleb128 0x12
 306 005e 06       		.uleb128 0x6
 307 005f 40       		.uleb128 0x40
 308 0060 18       		.uleb128 0x18
 309 0061 9642     		.uleb128 0x2116
ARM GAS  C:\Users\Jeremias\AppData\Local\Temp\ccackajc.s 			page 7


 310 0063 19       		.uleb128 0x19
 311 0064 00       		.byte	0
 312 0065 00       		.byte	0
 313 0066 07       		.uleb128 0x7
 314 0067 34       		.uleb128 0x34
 315 0068 00       		.byte	0
 316 0069 03       		.uleb128 0x3
 317 006a 0E       		.uleb128 0xe
 318 006b 3A       		.uleb128 0x3a
 319 006c 0B       		.uleb128 0xb
 320 006d 3B       		.uleb128 0x3b
 321 006e 0B       		.uleb128 0xb
 322 006f 49       		.uleb128 0x49
 323 0070 13       		.uleb128 0x13
 324 0071 3F       		.uleb128 0x3f
 325 0072 19       		.uleb128 0x19
 326 0073 02       		.uleb128 0x2
 327 0074 18       		.uleb128 0x18
 328 0075 00       		.byte	0
 329 0076 00       		.byte	0
 330 0077 00       		.byte	0
 331              		.section	.debug_aranges,"",%progbits
 332 0000 24000000 		.4byte	0x24
 333 0004 0200     		.2byte	0x2
 334 0006 00000000 		.4byte	.Ldebug_info0
 335 000a 04       		.byte	0x4
 336 000b 00       		.byte	0
 337 000c 0000     		.2byte	0
 338 000e 0000     		.2byte	0
 339 0010 00000000 		.4byte	.LFB32
 340 0014 2C000000 		.4byte	.LFE32-.LFB32
 341 0018 00000000 		.4byte	.LFB33
 342 001c 14000000 		.4byte	.LFE33-.LFB33
 343 0020 00000000 		.4byte	0
 344 0024 00000000 		.4byte	0
 345              		.section	.debug_ranges,"",%progbits
 346              	.Ldebug_ranges0:
 347 0000 00000000 		.4byte	.LFB32
 348 0004 2C000000 		.4byte	.LFE32
 349 0008 00000000 		.4byte	.LFB33
 350 000c 14000000 		.4byte	.LFE33
 351 0010 00000000 		.4byte	0
 352 0014 00000000 		.4byte	0
 353              		.section	.debug_line,"",%progbits
 354              	.Ldebug_line0:
 355 0000 6F000000 		.section	.debug_str,"MS",%progbits,1
 355      02004100 
 355      00000201 
 355      FB0E0D00 
 355      01010101 
 356              	.LASF6:
 357 0000 6C6F6E67 		.ascii	"long long int\000"
 357      206C6F6E 
 357      6720696E 
 357      7400
 358              	.LASF18:
 359 000e 443A5C45 		.ascii	"D:\\ESCRITORIO\\Tesis MIB\\Proyecto de Tesis\\elect"
ARM GAS  C:\Users\Jeremias\AppData\Local\Temp\ccackajc.s 			page 8


 359      53435249 
 359      544F5249 
 359      4F5C5465 
 359      73697320 
 360 003d 726F6573 		.ascii	"roestimulador\\PSoC\\PRUEBAS\\SCB_Bootloader\\Bootl"
 360      74696D75 
 360      6C61646F 
 360      725C5053 
 360      6F435C50 
 361 006c 6F616461 		.ascii	"oadable Toggle LED_M0_ISR.cydsn\000"
 361      626C6520 
 361      546F6767 
 361      6C65204C 
 361      45445F4D 
 362              	.LASF8:
 363 008c 756E7369 		.ascii	"unsigned int\000"
 363      676E6564 
 363      20696E74 
 363      00
 364              	.LASF17:
 365 0099 6D61696E 		.ascii	"main.c\000"
 365      2E6300
 366              	.LASF15:
 367 00a0 6D61696E 		.ascii	"main\000"
 367      00
 368              	.LASF19:
 369 00a5 75696E74 		.ascii	"uint8\000"
 369      3800
 370              	.LASF5:
 371 00ab 6C6F6E67 		.ascii	"long unsigned int\000"
 371      20756E73 
 371      69676E65 
 371      6420696E 
 371      7400
 372              	.LASF20:
 373 00bd 494E545F 		.ascii	"INT_RES\000"
 373      52455300 
 374              	.LASF7:
 375 00c5 6C6F6E67 		.ascii	"long long unsigned int\000"
 375      206C6F6E 
 375      6720756E 
 375      7369676E 
 375      65642069 
 376              	.LASF9:
 377 00dc 666C6F61 		.ascii	"float\000"
 377      7400
 378              	.LASF1:
 379 00e2 756E7369 		.ascii	"unsigned char\000"
 379      676E6564 
 379      20636861 
 379      7200
 380              	.LASF11:
 381 00f0 63686172 		.ascii	"char\000"
 381      00
 382              	.LASF4:
 383 00f5 6C6F6E67 		.ascii	"long int\000"
 383      20696E74 
ARM GAS  C:\Users\Jeremias\AppData\Local\Temp\ccackajc.s 			page 9


 383      00
 384              	.LASF10:
 385 00fe 646F7562 		.ascii	"double\000"
 385      6C6500
 386              	.LASF3:
 387 0105 73686F72 		.ascii	"short unsigned int\000"
 387      7420756E 
 387      7369676E 
 387      65642069 
 387      6E7400
 388              	.LASF0:
 389 0118 7369676E 		.ascii	"signed char\000"
 389      65642063 
 389      68617200 
 390              	.LASF12:
 391 0124 6C6F6E67 		.ascii	"long double\000"
 391      20646F75 
 391      626C6500 
 392              	.LASF2:
 393 0130 73686F72 		.ascii	"short int\000"
 393      7420696E 
 393      7400
 394              	.LASF16:
 395 013a 474E5520 		.ascii	"GNU C11 5.4.1 20160609 (release) [ARM/embedded-5-br"
 395      43313120 
 395      352E342E 
 395      31203230 
 395      31363036 
 396 016d 616E6368 		.ascii	"anch revision 237715] -mcpu=cortex-m0 -mthumb -g -O"
 396      20726576 
 396      6973696F 
 396      6E203233 
 396      37373135 
 397 01a0 30202D66 		.ascii	"0 -ffunction-sections -ffat-lto-objects\000"
 397      66756E63 
 397      74696F6E 
 397      2D736563 
 397      74696F6E 
 398              	.LASF14:
 399 01c8 494E545F 		.ascii	"INT_SW1_Handler\000"
 399      5357315F 
 399      48616E64 
 399      6C657200 
 400              	.LASF13:
 401 01d8 73697A65 		.ascii	"sizetype\000"
 401      74797065 
 401      00
 402              		.ident	"GCC: (GNU Tools for ARM Embedded Processors) 5.4.1 20160609 (release) [ARM/embedded-5-bran
