ARM GAS  C:\Users\Jeremias\AppData\Local\Temp\ccpa3BLW.s 			page 1


   1              		.syntax unified
   2              		.cpu cortex-m0
   3              		.fpu softvfp
   4              		.eabi_attribute 20, 1
   5              		.eabi_attribute 21, 1
   6              		.eabi_attribute 23, 3
   7              		.eabi_attribute 24, 1
   8              		.eabi_attribute 25, 1
   9              		.eabi_attribute 26, 1
  10              		.eabi_attribute 30, 6
  11              		.eabi_attribute 34, 0
  12              		.eabi_attribute 18, 4
  13              		.thumb
  14              		.syntax unified
  15              		.file	"cyfitter_cfg.c"
  16              		.text
  17              	.Ltext0:
  18              		.cfi_sections	.debug_frame
  19              		.section	.text.CYMEMZERO,"ax",%progbits
  20              		.align	2
  21              		.code	16
  22              		.thumb_func
  23              		.type	CYMEMZERO, %function
  24              	CYMEMZERO:
  25              	.LFB0:
  26              		.file 1 "Generated_Source\\PSoC4\\cyfitter_cfg.c"
   1:Generated_Source\PSoC4/cyfitter_cfg.c **** 
   2:Generated_Source\PSoC4/cyfitter_cfg.c **** /*******************************************************************************
   3:Generated_Source\PSoC4/cyfitter_cfg.c **** * File Name: cyfitter_cfg.c
   4:Generated_Source\PSoC4/cyfitter_cfg.c **** * 
   5:Generated_Source\PSoC4/cyfitter_cfg.c **** * PSoC Creator  4.4
   6:Generated_Source\PSoC4/cyfitter_cfg.c **** *
   7:Generated_Source\PSoC4/cyfitter_cfg.c **** * Description:
   8:Generated_Source\PSoC4/cyfitter_cfg.c **** * This file contains device initialization code.
   9:Generated_Source\PSoC4/cyfitter_cfg.c **** * Except for the user defined sections in CyClockStartupError(), this file should not be modified.
  10:Generated_Source\PSoC4/cyfitter_cfg.c **** * This file is automatically generated by PSoC Creator.
  11:Generated_Source\PSoC4/cyfitter_cfg.c **** *
  12:Generated_Source\PSoC4/cyfitter_cfg.c **** ********************************************************************************
  13:Generated_Source\PSoC4/cyfitter_cfg.c **** * Copyright (c) 2007-2020 Cypress Semiconductor.  All rights reserved.
  14:Generated_Source\PSoC4/cyfitter_cfg.c **** * You may use this file only in accordance with the license, terms, conditions, 
  15:Generated_Source\PSoC4/cyfitter_cfg.c **** * disclaimers, and limitations in the end user license agreement accompanying 
  16:Generated_Source\PSoC4/cyfitter_cfg.c **** * the software package with which this file was provided.
  17:Generated_Source\PSoC4/cyfitter_cfg.c **** ********************************************************************************/
  18:Generated_Source\PSoC4/cyfitter_cfg.c **** 
  19:Generated_Source\PSoC4/cyfitter_cfg.c **** #include <string.h>
  20:Generated_Source\PSoC4/cyfitter_cfg.c **** #include "cytypes.h"
  21:Generated_Source\PSoC4/cyfitter_cfg.c **** #include "cydevice_trm.h"
  22:Generated_Source\PSoC4/cyfitter_cfg.c **** #include "cyfitter.h"
  23:Generated_Source\PSoC4/cyfitter_cfg.c **** #include "CyLib.h"
  24:Generated_Source\PSoC4/cyfitter_cfg.c **** #include "cyfitter_cfg.h"
  25:Generated_Source\PSoC4/cyfitter_cfg.c **** 
  26:Generated_Source\PSoC4/cyfitter_cfg.c **** 
  27:Generated_Source\PSoC4/cyfitter_cfg.c **** #if defined(__GNUC__) || defined(__ARMCC_VERSION)
  28:Generated_Source\PSoC4/cyfitter_cfg.c ****     #define CYPACKED 
  29:Generated_Source\PSoC4/cyfitter_cfg.c ****     #define CYPACKED_ATTR __attribute__ ((packed))
  30:Generated_Source\PSoC4/cyfitter_cfg.c ****     #define CYALIGNED __attribute__ ((aligned))
  31:Generated_Source\PSoC4/cyfitter_cfg.c ****     #define CY_CFG_UNUSED __attribute__ ((unused))
ARM GAS  C:\Users\Jeremias\AppData\Local\Temp\ccpa3BLW.s 			page 2


  32:Generated_Source\PSoC4/cyfitter_cfg.c ****     #ifndef CY_CFG_SECTION
  33:Generated_Source\PSoC4/cyfitter_cfg.c ****         #define CY_CFG_SECTION __attribute__ ((section(".psocinit")))
  34:Generated_Source\PSoC4/cyfitter_cfg.c ****     #endif
  35:Generated_Source\PSoC4/cyfitter_cfg.c ****     
  36:Generated_Source\PSoC4/cyfitter_cfg.c ****     #if defined(__ARMCC_VERSION)
  37:Generated_Source\PSoC4/cyfitter_cfg.c ****         #define CY_CFG_MEMORY_BARRIER() __memory_changed()
  38:Generated_Source\PSoC4/cyfitter_cfg.c ****     #else
  39:Generated_Source\PSoC4/cyfitter_cfg.c ****         #define CY_CFG_MEMORY_BARRIER() __sync_synchronize()
  40:Generated_Source\PSoC4/cyfitter_cfg.c ****     #endif
  41:Generated_Source\PSoC4/cyfitter_cfg.c ****     
  42:Generated_Source\PSoC4/cyfitter_cfg.c **** #elif defined(__ICCARM__)
  43:Generated_Source\PSoC4/cyfitter_cfg.c ****     #include <intrinsics.h>
  44:Generated_Source\PSoC4/cyfitter_cfg.c **** 
  45:Generated_Source\PSoC4/cyfitter_cfg.c ****     #define CYPACKED __packed
  46:Generated_Source\PSoC4/cyfitter_cfg.c ****     #define CYPACKED_ATTR 
  47:Generated_Source\PSoC4/cyfitter_cfg.c ****     #define CYALIGNED _Pragma("data_alignment=4")
  48:Generated_Source\PSoC4/cyfitter_cfg.c ****     #define CY_CFG_UNUSED _Pragma("diag_suppress=Pe177")
  49:Generated_Source\PSoC4/cyfitter_cfg.c ****     #define CY_CFG_SECTION _Pragma("location=\".psocinit\"")
  50:Generated_Source\PSoC4/cyfitter_cfg.c ****     
  51:Generated_Source\PSoC4/cyfitter_cfg.c ****     #define CY_CFG_MEMORY_BARRIER() __DMB()
  52:Generated_Source\PSoC4/cyfitter_cfg.c ****     
  53:Generated_Source\PSoC4/cyfitter_cfg.c **** #else
  54:Generated_Source\PSoC4/cyfitter_cfg.c ****     #error Unsupported toolchain
  55:Generated_Source\PSoC4/cyfitter_cfg.c **** #endif
  56:Generated_Source\PSoC4/cyfitter_cfg.c **** 
  57:Generated_Source\PSoC4/cyfitter_cfg.c **** #ifndef CYCODE
  58:Generated_Source\PSoC4/cyfitter_cfg.c ****     #define CYCODE
  59:Generated_Source\PSoC4/cyfitter_cfg.c **** #endif
  60:Generated_Source\PSoC4/cyfitter_cfg.c **** #ifndef CYDATA
  61:Generated_Source\PSoC4/cyfitter_cfg.c ****     #define CYDATA
  62:Generated_Source\PSoC4/cyfitter_cfg.c **** #endif
  63:Generated_Source\PSoC4/cyfitter_cfg.c **** #ifndef CYFAR
  64:Generated_Source\PSoC4/cyfitter_cfg.c ****     #define CYFAR
  65:Generated_Source\PSoC4/cyfitter_cfg.c **** #endif
  66:Generated_Source\PSoC4/cyfitter_cfg.c **** #ifndef CYXDATA
  67:Generated_Source\PSoC4/cyfitter_cfg.c ****     #define CYXDATA
  68:Generated_Source\PSoC4/cyfitter_cfg.c **** #endif
  69:Generated_Source\PSoC4/cyfitter_cfg.c **** 
  70:Generated_Source\PSoC4/cyfitter_cfg.c **** 
  71:Generated_Source\PSoC4/cyfitter_cfg.c **** CY_CFG_UNUSED
  72:Generated_Source\PSoC4/cyfitter_cfg.c **** static void CYMEMZERO(void *s, size_t n);
  73:Generated_Source\PSoC4/cyfitter_cfg.c **** CY_CFG_UNUSED
  74:Generated_Source\PSoC4/cyfitter_cfg.c **** static void CYMEMZERO(void *s, size_t n)
  75:Generated_Source\PSoC4/cyfitter_cfg.c **** {
  27              		.loc 1 75 0
  28              		.cfi_startproc
  29              		@ args = 0, pretend = 0, frame = 8
  30              		@ frame_needed = 1, uses_anonymous_args = 0
  31 0000 80B5     		push	{r7, lr}
  32              		.cfi_def_cfa_offset 8
  33              		.cfi_offset 7, -8
  34              		.cfi_offset 14, -4
  35 0002 82B0     		sub	sp, sp, #8
  36              		.cfi_def_cfa_offset 16
  37 0004 00AF     		add	r7, sp, #0
  38              		.cfi_def_cfa_register 7
  39 0006 7860     		str	r0, [r7, #4]
ARM GAS  C:\Users\Jeremias\AppData\Local\Temp\ccpa3BLW.s 			page 3


  40 0008 3960     		str	r1, [r7]
  76:Generated_Source\PSoC4/cyfitter_cfg.c **** 	(void)memset(s, 0, n);
  41              		.loc 1 76 0
  42 000a 3A68     		ldr	r2, [r7]
  43 000c 7B68     		ldr	r3, [r7, #4]
  44 000e 0021     		movs	r1, #0
  45 0010 1800     		movs	r0, r3
  46 0012 FFF7FEFF 		bl	memset
  77:Generated_Source\PSoC4/cyfitter_cfg.c **** }
  47              		.loc 1 77 0
  48 0016 C046     		nop
  49 0018 BD46     		mov	sp, r7
  50 001a 02B0     		add	sp, sp, #8
  51              		@ sp needed
  52 001c 80BD     		pop	{r7, pc}
  53              		.cfi_endproc
  54              	.LFE0:
  55              		.size	CYMEMZERO, .-CYMEMZERO
  56 001e C046     		.section	.text.CYCONFIGCPY,"ax",%progbits
  57              		.align	2
  58              		.code	16
  59              		.thumb_func
  60              		.type	CYCONFIGCPY, %function
  61              	CYCONFIGCPY:
  62              	.LFB1:
  78:Generated_Source\PSoC4/cyfitter_cfg.c **** CY_CFG_UNUSED
  79:Generated_Source\PSoC4/cyfitter_cfg.c **** static void CYCONFIGCPY(void *dest, const void *src, size_t n);
  80:Generated_Source\PSoC4/cyfitter_cfg.c **** CY_CFG_UNUSED
  81:Generated_Source\PSoC4/cyfitter_cfg.c **** static void CYCONFIGCPY(void *dest, const void *src, size_t n)
  82:Generated_Source\PSoC4/cyfitter_cfg.c **** {
  63              		.loc 1 82 0
  64              		.cfi_startproc
  65              		@ args = 0, pretend = 0, frame = 16
  66              		@ frame_needed = 1, uses_anonymous_args = 0
  67 0000 80B5     		push	{r7, lr}
  68              		.cfi_def_cfa_offset 8
  69              		.cfi_offset 7, -8
  70              		.cfi_offset 14, -4
  71 0002 84B0     		sub	sp, sp, #16
  72              		.cfi_def_cfa_offset 24
  73 0004 00AF     		add	r7, sp, #0
  74              		.cfi_def_cfa_register 7
  75 0006 F860     		str	r0, [r7, #12]
  76 0008 B960     		str	r1, [r7, #8]
  77 000a 7A60     		str	r2, [r7, #4]
  83:Generated_Source\PSoC4/cyfitter_cfg.c **** 	(void)memcpy(dest, src, n);
  78              		.loc 1 83 0
  79 000c 7A68     		ldr	r2, [r7, #4]
  80 000e B968     		ldr	r1, [r7, #8]
  81 0010 FB68     		ldr	r3, [r7, #12]
  82 0012 1800     		movs	r0, r3
  83 0014 FFF7FEFF 		bl	memcpy
  84:Generated_Source\PSoC4/cyfitter_cfg.c **** }
  84              		.loc 1 84 0
  85 0018 C046     		nop
  86 001a BD46     		mov	sp, r7
  87 001c 04B0     		add	sp, sp, #16
ARM GAS  C:\Users\Jeremias\AppData\Local\Temp\ccpa3BLW.s 			page 4


  88              		@ sp needed
  89 001e 80BD     		pop	{r7, pc}
  90              		.cfi_endproc
  91              	.LFE1:
  92              		.size	CYCONFIGCPY, .-CYCONFIGCPY
  93              		.section	.text.CYCONFIGCPYCODE,"ax",%progbits
  94              		.align	2
  95              		.code	16
  96              		.thumb_func
  97              		.type	CYCONFIGCPYCODE, %function
  98              	CYCONFIGCPYCODE:
  99              	.LFB2:
  85:Generated_Source\PSoC4/cyfitter_cfg.c **** CY_CFG_UNUSED
  86:Generated_Source\PSoC4/cyfitter_cfg.c **** static void CYCONFIGCPYCODE(void *dest, const void *src, size_t n);
  87:Generated_Source\PSoC4/cyfitter_cfg.c **** CY_CFG_UNUSED
  88:Generated_Source\PSoC4/cyfitter_cfg.c **** static void CYCONFIGCPYCODE(void *dest, const void *src, size_t n)
  89:Generated_Source\PSoC4/cyfitter_cfg.c **** {
 100              		.loc 1 89 0
 101              		.cfi_startproc
 102              		@ args = 0, pretend = 0, frame = 16
 103              		@ frame_needed = 1, uses_anonymous_args = 0
 104 0000 80B5     		push	{r7, lr}
 105              		.cfi_def_cfa_offset 8
 106              		.cfi_offset 7, -8
 107              		.cfi_offset 14, -4
 108 0002 84B0     		sub	sp, sp, #16
 109              		.cfi_def_cfa_offset 24
 110 0004 00AF     		add	r7, sp, #0
 111              		.cfi_def_cfa_register 7
 112 0006 F860     		str	r0, [r7, #12]
 113 0008 B960     		str	r1, [r7, #8]
 114 000a 7A60     		str	r2, [r7, #4]
  90:Generated_Source\PSoC4/cyfitter_cfg.c **** 	(void)memcpy(dest, src, n);
 115              		.loc 1 90 0
 116 000c 7A68     		ldr	r2, [r7, #4]
 117 000e B968     		ldr	r1, [r7, #8]
 118 0010 FB68     		ldr	r3, [r7, #12]
 119 0012 1800     		movs	r0, r3
 120 0014 FFF7FEFF 		bl	memcpy
  91:Generated_Source\PSoC4/cyfitter_cfg.c **** }
 121              		.loc 1 91 0
 122 0018 C046     		nop
 123 001a BD46     		mov	sp, r7
 124 001c 04B0     		add	sp, sp, #16
 125              		@ sp needed
 126 001e 80BD     		pop	{r7, pc}
 127              		.cfi_endproc
 128              	.LFE2:
 129              		.size	CYCONFIGCPYCODE, .-CYCONFIGCPYCODE
 130              		.section	.text.cfg_write_bytes32,"ax",%progbits
 131              		.align	2
 132              		.code	16
 133              		.thumb_func
 134              		.type	cfg_write_bytes32, %function
 135              	cfg_write_bytes32:
 136              	.LFB3:
  92:Generated_Source\PSoC4/cyfitter_cfg.c **** 
ARM GAS  C:\Users\Jeremias\AppData\Local\Temp\ccpa3BLW.s 			page 5


  93:Generated_Source\PSoC4/cyfitter_cfg.c **** 
  94:Generated_Source\PSoC4/cyfitter_cfg.c **** 
  95:Generated_Source\PSoC4/cyfitter_cfg.c **** 
  96:Generated_Source\PSoC4/cyfitter_cfg.c **** /* Clock startup error codes                                                   */
  97:Generated_Source\PSoC4/cyfitter_cfg.c **** #define CYCLOCKSTART_NO_ERROR    0u
  98:Generated_Source\PSoC4/cyfitter_cfg.c **** #define CYCLOCKSTART_XTAL_ERROR  1u
  99:Generated_Source\PSoC4/cyfitter_cfg.c **** #define CYCLOCKSTART_32KHZ_ERROR 2u
 100:Generated_Source\PSoC4/cyfitter_cfg.c **** #define CYCLOCKSTART_PLL_ERROR   3u
 101:Generated_Source\PSoC4/cyfitter_cfg.c **** #define CYCLOCKSTART_FLL_ERROR   4u
 102:Generated_Source\PSoC4/cyfitter_cfg.c **** #define CYCLOCKSTART_WCO_ERROR   5u
 103:Generated_Source\PSoC4/cyfitter_cfg.c **** 
 104:Generated_Source\PSoC4/cyfitter_cfg.c **** 
 105:Generated_Source\PSoC4/cyfitter_cfg.c **** #ifdef CY_NEED_CYCLOCKSTARTUPERROR
 106:Generated_Source\PSoC4/cyfitter_cfg.c **** /*******************************************************************************
 107:Generated_Source\PSoC4/cyfitter_cfg.c **** * Function Name: CyClockStartupError
 108:Generated_Source\PSoC4/cyfitter_cfg.c **** ********************************************************************************
 109:Generated_Source\PSoC4/cyfitter_cfg.c **** * Summary:
 110:Generated_Source\PSoC4/cyfitter_cfg.c **** *  If an error is encountered during clock configuration (crystal startup error,
 111:Generated_Source\PSoC4/cyfitter_cfg.c **** *  PLL lock error, etc.), the system will end up here.  Unless reimplemented by
 112:Generated_Source\PSoC4/cyfitter_cfg.c **** *  the customer, this function will stop in an infinite loop.
 113:Generated_Source\PSoC4/cyfitter_cfg.c **** *
 114:Generated_Source\PSoC4/cyfitter_cfg.c **** * Parameters:
 115:Generated_Source\PSoC4/cyfitter_cfg.c **** *   void
 116:Generated_Source\PSoC4/cyfitter_cfg.c **** *
 117:Generated_Source\PSoC4/cyfitter_cfg.c **** * Return:
 118:Generated_Source\PSoC4/cyfitter_cfg.c **** *   void
 119:Generated_Source\PSoC4/cyfitter_cfg.c **** *
 120:Generated_Source\PSoC4/cyfitter_cfg.c **** *******************************************************************************/
 121:Generated_Source\PSoC4/cyfitter_cfg.c **** CY_CFG_UNUSED
 122:Generated_Source\PSoC4/cyfitter_cfg.c **** static void CyClockStartupError(uint8 errorCode);
 123:Generated_Source\PSoC4/cyfitter_cfg.c **** CY_CFG_UNUSED
 124:Generated_Source\PSoC4/cyfitter_cfg.c **** static void CyClockStartupError(uint8 errorCode)
 125:Generated_Source\PSoC4/cyfitter_cfg.c **** {
 126:Generated_Source\PSoC4/cyfitter_cfg.c ****     /* To remove the compiler warning if errorCode not used.                */
 127:Generated_Source\PSoC4/cyfitter_cfg.c ****     errorCode = errorCode;
 128:Generated_Source\PSoC4/cyfitter_cfg.c **** 
 129:Generated_Source\PSoC4/cyfitter_cfg.c ****     /* If we have a clock startup error (bad MHz crystal, PLL lock, etc.),  */
 130:Generated_Source\PSoC4/cyfitter_cfg.c ****     /* we will end up here to allow the customer to implement something to  */
 131:Generated_Source\PSoC4/cyfitter_cfg.c ****     /* deal with the clock condition.                                       */
 132:Generated_Source\PSoC4/cyfitter_cfg.c **** 
 133:Generated_Source\PSoC4/cyfitter_cfg.c **** #ifdef CY_CFG_CLOCK_STARTUP_ERROR_CALLBACK
 134:Generated_Source\PSoC4/cyfitter_cfg.c ****     CY_CFG_Clock_Startup_ErrorCallback();
 135:Generated_Source\PSoC4/cyfitter_cfg.c **** #else
 136:Generated_Source\PSoC4/cyfitter_cfg.c ****     /*  If not using CY_CFG_CLOCK_STARTUP_ERROR_CALLBACK, place your clock startup code here. */
 137:Generated_Source\PSoC4/cyfitter_cfg.c ****     /* `#START CyClockStartupError` */
 138:Generated_Source\PSoC4/cyfitter_cfg.c **** 
 139:Generated_Source\PSoC4/cyfitter_cfg.c **** 
 140:Generated_Source\PSoC4/cyfitter_cfg.c **** 
 141:Generated_Source\PSoC4/cyfitter_cfg.c ****     /* `#END` */
 142:Generated_Source\PSoC4/cyfitter_cfg.c **** 
 143:Generated_Source\PSoC4/cyfitter_cfg.c ****     while(1) {}
 144:Generated_Source\PSoC4/cyfitter_cfg.c **** #endif /* CY_CFG_CLOCK_STARTUP_ERROR_CALLBACK */
 145:Generated_Source\PSoC4/cyfitter_cfg.c **** }
 146:Generated_Source\PSoC4/cyfitter_cfg.c **** #endif
 147:Generated_Source\PSoC4/cyfitter_cfg.c **** 
 148:Generated_Source\PSoC4/cyfitter_cfg.c **** #define CY_CFG_BASE_ADDR_COUNT 3u
 149:Generated_Source\PSoC4/cyfitter_cfg.c **** CYPACKED typedef struct
ARM GAS  C:\Users\Jeremias\AppData\Local\Temp\ccpa3BLW.s 			page 6


 150:Generated_Source\PSoC4/cyfitter_cfg.c **** {
 151:Generated_Source\PSoC4/cyfitter_cfg.c **** 	uint8 offset;
 152:Generated_Source\PSoC4/cyfitter_cfg.c **** 	uint8 value;
 153:Generated_Source\PSoC4/cyfitter_cfg.c **** } CYPACKED_ATTR cy_cfg_addrvalue_t;
 154:Generated_Source\PSoC4/cyfitter_cfg.c **** 
 155:Generated_Source\PSoC4/cyfitter_cfg.c **** 
 156:Generated_Source\PSoC4/cyfitter_cfg.c **** 
 157:Generated_Source\PSoC4/cyfitter_cfg.c **** /*******************************************************************************
 158:Generated_Source\PSoC4/cyfitter_cfg.c **** * Function Name: cfg_write_bytes32
 159:Generated_Source\PSoC4/cyfitter_cfg.c **** ********************************************************************************
 160:Generated_Source\PSoC4/cyfitter_cfg.c **** * Summary:
 161:Generated_Source\PSoC4/cyfitter_cfg.c **** *  This function is used for setting up the chip configuration areas that
 162:Generated_Source\PSoC4/cyfitter_cfg.c **** *  contain relatively sparse data.
 163:Generated_Source\PSoC4/cyfitter_cfg.c **** *
 164:Generated_Source\PSoC4/cyfitter_cfg.c **** * Parameters:
 165:Generated_Source\PSoC4/cyfitter_cfg.c **** *   void
 166:Generated_Source\PSoC4/cyfitter_cfg.c **** *
 167:Generated_Source\PSoC4/cyfitter_cfg.c **** * Return:
 168:Generated_Source\PSoC4/cyfitter_cfg.c **** *   void
 169:Generated_Source\PSoC4/cyfitter_cfg.c **** *
 170:Generated_Source\PSoC4/cyfitter_cfg.c **** *******************************************************************************/
 171:Generated_Source\PSoC4/cyfitter_cfg.c **** static void cfg_write_bytes32(const uint32 addr_table[], const cy_cfg_addrvalue_t data_table[]);
 172:Generated_Source\PSoC4/cyfitter_cfg.c **** static void cfg_write_bytes32(const uint32 addr_table[], const cy_cfg_addrvalue_t data_table[])
 173:Generated_Source\PSoC4/cyfitter_cfg.c **** {
 137              		.loc 1 173 0
 138              		.cfi_startproc
 139              		@ args = 0, pretend = 0, frame = 24
 140              		@ frame_needed = 1, uses_anonymous_args = 0
 141 0000 80B5     		push	{r7, lr}
 142              		.cfi_def_cfa_offset 8
 143              		.cfi_offset 7, -8
 144              		.cfi_offset 14, -4
 145 0002 86B0     		sub	sp, sp, #24
 146              		.cfi_def_cfa_offset 32
 147 0004 00AF     		add	r7, sp, #0
 148              		.cfi_def_cfa_register 7
 149 0006 7860     		str	r0, [r7, #4]
 150 0008 3960     		str	r1, [r7]
 174:Generated_Source\PSoC4/cyfitter_cfg.c **** 	/* For 32-bit little-endian architectures */
 175:Generated_Source\PSoC4/cyfitter_cfg.c **** 	uint32 i, j = 0u;
 151              		.loc 1 175 0
 152 000a 0023     		movs	r3, #0
 153 000c 3B61     		str	r3, [r7, #16]
 176:Generated_Source\PSoC4/cyfitter_cfg.c **** 	for (i = 0u; i < CY_CFG_BASE_ADDR_COUNT; i++)
 154              		.loc 1 176 0
 155 000e 0023     		movs	r3, #0
 156 0010 7B61     		str	r3, [r7, #20]
 157 0012 2FE0     		b	.L5
 158              	.L8:
 159              	.LBB2:
 177:Generated_Source\PSoC4/cyfitter_cfg.c **** 	{
 178:Generated_Source\PSoC4/cyfitter_cfg.c **** 		uint32 baseAddr = addr_table[i];
 160              		.loc 1 178 0
 161 0014 7B69     		ldr	r3, [r7, #20]
 162 0016 9B00     		lsls	r3, r3, #2
 163 0018 7A68     		ldr	r2, [r7, #4]
 164 001a D318     		adds	r3, r2, r3
ARM GAS  C:\Users\Jeremias\AppData\Local\Temp\ccpa3BLW.s 			page 7


 165 001c 1B68     		ldr	r3, [r3]
 166 001e BB60     		str	r3, [r7, #8]
 179:Generated_Source\PSoC4/cyfitter_cfg.c **** 		uint8 count = (uint8)baseAddr;
 167              		.loc 1 179 0
 168 0020 0F23     		movs	r3, #15
 169 0022 FB18     		adds	r3, r7, r3
 170 0024 BA68     		ldr	r2, [r7, #8]
 171 0026 1A70     		strb	r2, [r3]
 180:Generated_Source\PSoC4/cyfitter_cfg.c **** 		baseAddr &= 0xFFFFFF00u;
 172              		.loc 1 180 0
 173 0028 BB68     		ldr	r3, [r7, #8]
 174 002a FF22     		movs	r2, #255
 175 002c 9343     		bics	r3, r2
 176 002e BB60     		str	r3, [r7, #8]
 181:Generated_Source\PSoC4/cyfitter_cfg.c **** 		while (count != 0u)
 177              		.loc 1 181 0
 178 0030 18E0     		b	.L6
 179              	.L7:
 182:Generated_Source\PSoC4/cyfitter_cfg.c **** 		{
 183:Generated_Source\PSoC4/cyfitter_cfg.c **** 			CY_SET_REG8((void *)(baseAddr + data_table[j].offset), data_table[j].value);
 180              		.loc 1 183 0
 181 0032 3B69     		ldr	r3, [r7, #16]
 182 0034 5B00     		lsls	r3, r3, #1
 183 0036 3A68     		ldr	r2, [r7]
 184 0038 D318     		adds	r3, r2, r3
 185 003a 1B78     		ldrb	r3, [r3]
 186 003c 1A00     		movs	r2, r3
 187 003e BB68     		ldr	r3, [r7, #8]
 188 0040 D318     		adds	r3, r2, r3
 189 0042 1900     		movs	r1, r3
 190 0044 3B69     		ldr	r3, [r7, #16]
 191 0046 5B00     		lsls	r3, r3, #1
 192 0048 3A68     		ldr	r2, [r7]
 193 004a D318     		adds	r3, r2, r3
 194 004c 5B78     		ldrb	r3, [r3, #1]
 195 004e 0B70     		strb	r3, [r1]
 184:Generated_Source\PSoC4/cyfitter_cfg.c **** 			j++;
 196              		.loc 1 184 0
 197 0050 3B69     		ldr	r3, [r7, #16]
 198 0052 0133     		adds	r3, r3, #1
 199 0054 3B61     		str	r3, [r7, #16]
 185:Generated_Source\PSoC4/cyfitter_cfg.c **** 			count--;
 200              		.loc 1 185 0
 201 0056 0F23     		movs	r3, #15
 202 0058 FB18     		adds	r3, r7, r3
 203 005a 1A78     		ldrb	r2, [r3]
 204 005c 0F23     		movs	r3, #15
 205 005e FB18     		adds	r3, r7, r3
 206 0060 013A     		subs	r2, r2, #1
 207 0062 1A70     		strb	r2, [r3]
 208              	.L6:
 181:Generated_Source\PSoC4/cyfitter_cfg.c **** 		{
 209              		.loc 1 181 0
 210 0064 0F23     		movs	r3, #15
 211 0066 FB18     		adds	r3, r7, r3
 212 0068 1B78     		ldrb	r3, [r3]
 213 006a 002B     		cmp	r3, #0
ARM GAS  C:\Users\Jeremias\AppData\Local\Temp\ccpa3BLW.s 			page 8


 214 006c E1D1     		bne	.L7
 215              	.LBE2:
 176:Generated_Source\PSoC4/cyfitter_cfg.c **** 	{
 216              		.loc 1 176 0 discriminator 2
 217 006e 7B69     		ldr	r3, [r7, #20]
 218 0070 0133     		adds	r3, r3, #1
 219 0072 7B61     		str	r3, [r7, #20]
 220              	.L5:
 176:Generated_Source\PSoC4/cyfitter_cfg.c **** 	{
 221              		.loc 1 176 0 is_stmt 0 discriminator 1
 222 0074 7B69     		ldr	r3, [r7, #20]
 223 0076 022B     		cmp	r3, #2
 224 0078 CCD9     		bls	.L8
 186:Generated_Source\PSoC4/cyfitter_cfg.c **** 		}
 187:Generated_Source\PSoC4/cyfitter_cfg.c **** 	}
 188:Generated_Source\PSoC4/cyfitter_cfg.c **** }
 225              		.loc 1 188 0 is_stmt 1
 226 007a C046     		nop
 227 007c BD46     		mov	sp, r7
 228 007e 06B0     		add	sp, sp, #24
 229              		@ sp needed
 230 0080 80BD     		pop	{r7, pc}
 231              		.cfi_endproc
 232              	.LFE3:
 233              		.size	cfg_write_bytes32, .-cfg_write_bytes32
 234 0082 C046     		.section	.psocinit,"ax",%progbits
 235              		.align	2
 236              		.code	16
 237              		.thumb_func
 238              		.type	ClockSetup, %function
 239              	ClockSetup:
 240              	.LFB4:
 189:Generated_Source\PSoC4/cyfitter_cfg.c **** 
 190:Generated_Source\PSoC4/cyfitter_cfg.c **** 
 191:Generated_Source\PSoC4/cyfitter_cfg.c **** /*******************************************************************************
 192:Generated_Source\PSoC4/cyfitter_cfg.c **** * Function Name: ClockSetup
 193:Generated_Source\PSoC4/cyfitter_cfg.c **** ********************************************************************************
 194:Generated_Source\PSoC4/cyfitter_cfg.c **** *
 195:Generated_Source\PSoC4/cyfitter_cfg.c **** * Summary:
 196:Generated_Source\PSoC4/cyfitter_cfg.c **** *   Performs the initialization of all of the clocks in the device based on the
 197:Generated_Source\PSoC4/cyfitter_cfg.c **** *   settings in the Clock tab of the DWR.  This includes enabling the requested
 198:Generated_Source\PSoC4/cyfitter_cfg.c **** *   clocks and setting the necessary dividers to produce the desired frequency. 
 199:Generated_Source\PSoC4/cyfitter_cfg.c **** *
 200:Generated_Source\PSoC4/cyfitter_cfg.c **** * Parameters:
 201:Generated_Source\PSoC4/cyfitter_cfg.c **** *   void
 202:Generated_Source\PSoC4/cyfitter_cfg.c **** *
 203:Generated_Source\PSoC4/cyfitter_cfg.c **** * Return:
 204:Generated_Source\PSoC4/cyfitter_cfg.c **** *   void
 205:Generated_Source\PSoC4/cyfitter_cfg.c **** *
 206:Generated_Source\PSoC4/cyfitter_cfg.c **** *******************************************************************************/
 207:Generated_Source\PSoC4/cyfitter_cfg.c **** static void ClockSetup(void);
 208:Generated_Source\PSoC4/cyfitter_cfg.c **** CY_CFG_SECTION
 209:Generated_Source\PSoC4/cyfitter_cfg.c **** static void ClockSetup(void)
 210:Generated_Source\PSoC4/cyfitter_cfg.c **** {
 241              		.loc 1 210 0
 242              		.cfi_startproc
 243              		@ args = 0, pretend = 0, frame = 0
ARM GAS  C:\Users\Jeremias\AppData\Local\Temp\ccpa3BLW.s 			page 9


 244              		@ frame_needed = 1, uses_anonymous_args = 0
 245 0000 80B5     		push	{r7, lr}
 246              		.cfi_def_cfa_offset 8
 247              		.cfi_offset 7, -8
 248              		.cfi_offset 14, -4
 249 0002 00AF     		add	r7, sp, #0
 250              		.cfi_def_cfa_register 7
 211:Generated_Source\PSoC4/cyfitter_cfg.c **** 	/* Enable HALF_EN before trimming for the flash accelerator. */
 212:Generated_Source\PSoC4/cyfitter_cfg.c **** 	CY_SET_REG32((void CYXDATA *)(CYREG_CLK_SELECT), (CY_GET_REG32((void *)CYREG_CLK_SELECT) | 0x00040
 251              		.loc 1 212 0
 252 0004 124B     		ldr	r3, .L10
 253 0006 124A     		ldr	r2, .L10
 254 0008 1268     		ldr	r2, [r2]
 255 000a 8021     		movs	r1, #128
 256 000c C902     		lsls	r1, r1, #11
 257 000e 0A43     		orrs	r2, r1
 258 0010 1A60     		str	r2, [r3]
 213:Generated_Source\PSoC4/cyfitter_cfg.c **** 
 214:Generated_Source\PSoC4/cyfitter_cfg.c **** 	/* Setup and trim IMO based on desired frequency. */
 215:Generated_Source\PSoC4/cyfitter_cfg.c **** 	CySysClkWriteImoFreq(3u);
 259              		.loc 1 215 0
 260 0012 0320     		movs	r0, #3
 261 0014 FFF7FEFF 		bl	CySysClkWriteImoFreq
 216:Generated_Source\PSoC4/cyfitter_cfg.c **** 
 217:Generated_Source\PSoC4/cyfitter_cfg.c **** 	/* Disable HALF_EN since it is not required at this IMO frequency. */
 218:Generated_Source\PSoC4/cyfitter_cfg.c **** 	CY_SET_REG32((void CYXDATA *)(CYREG_CLK_SELECT), (CY_GET_REG32((void *)CYREG_CLK_SELECT) & 0xFFFBF
 262              		.loc 1 218 0
 263 0018 0D4B     		ldr	r3, .L10
 264 001a 0D4A     		ldr	r2, .L10
 265 001c 1268     		ldr	r2, [r2]
 266 001e 0D49     		ldr	r1, .L10+4
 267 0020 0A40     		ands	r2, r1
 268 0022 1A60     		str	r2, [r3]
 219:Generated_Source\PSoC4/cyfitter_cfg.c **** 	/* CYDEV_CLK_ILO_CONFIG Starting address: CYDEV_CLK_ILO_CONFIG */
 220:Generated_Source\PSoC4/cyfitter_cfg.c **** 	CY_SET_REG32((void *)(CYREG_CLK_ILO_CONFIG), 0x80000006u);
 269              		.loc 1 220 0
 270 0024 0C4B     		ldr	r3, .L10+8
 271 0026 0D4A     		ldr	r2, .L10+12
 272 0028 1A60     		str	r2, [r3]
 221:Generated_Source\PSoC4/cyfitter_cfg.c **** 
 222:Generated_Source\PSoC4/cyfitter_cfg.c **** 
 223:Generated_Source\PSoC4/cyfitter_cfg.c **** 	/* CYDEV_CLK_SELECT00 Starting address: CYDEV_CLK_SELECT00 */
 224:Generated_Source\PSoC4/cyfitter_cfg.c **** 	CY_SET_REG32((void *)(CYREG_CLK_SELECT08), 0x00000010u);
 273              		.loc 1 224 0
 274 002a 0D4B     		ldr	r3, .L10+16
 275 002c 1022     		movs	r2, #16
 276 002e 1A60     		str	r2, [r3]
 225:Generated_Source\PSoC4/cyfitter_cfg.c **** 
 226:Generated_Source\PSoC4/cyfitter_cfg.c **** 	/* CYDEV_CLK_IMO_CONFIG Starting address: CYDEV_CLK_IMO_CONFIG */
 227:Generated_Source\PSoC4/cyfitter_cfg.c **** 	CY_SET_REG32((void *)(CYREG_CLK_IMO_CONFIG), 0x80000000u);
 277              		.loc 1 227 0
 278 0030 0C4B     		ldr	r3, .L10+20
 279 0032 8022     		movs	r2, #128
 280 0034 1206     		lsls	r2, r2, #24
 281 0036 1A60     		str	r2, [r3]
 228:Generated_Source\PSoC4/cyfitter_cfg.c **** 
 229:Generated_Source\PSoC4/cyfitter_cfg.c **** 	/* CYDEV_CLK_SELECT Starting address: CYDEV_CLK_SELECT */
ARM GAS  C:\Users\Jeremias\AppData\Local\Temp\ccpa3BLW.s 			page 10


 230:Generated_Source\PSoC4/cyfitter_cfg.c **** 	CY_SET_REG32((void *)(CYREG_CLK_SELECT), 0x00000000u);
 282              		.loc 1 230 0
 283 0038 054B     		ldr	r3, .L10
 284 003a 0022     		movs	r2, #0
 285 003c 1A60     		str	r2, [r3]
 231:Generated_Source\PSoC4/cyfitter_cfg.c **** 
 232:Generated_Source\PSoC4/cyfitter_cfg.c **** 	/* CYDEV_CLK_DIVIDER_A00 Starting address: CYDEV_CLK_DIVIDER_A00 */
 233:Generated_Source\PSoC4/cyfitter_cfg.c **** 	CY_SET_REG32((void *)(CYREG_CLK_DIVIDER_A00), 0x80000BB7u);
 286              		.loc 1 233 0
 287 003e 0A4B     		ldr	r3, .L10+24
 288 0040 0A4A     		ldr	r2, .L10+28
 289 0042 1A60     		str	r2, [r3]
 234:Generated_Source\PSoC4/cyfitter_cfg.c **** 
 235:Generated_Source\PSoC4/cyfitter_cfg.c **** 	CY_SET_REG32((void *)(CYREG_WDT_CONFIG), 0x00000000u);
 290              		.loc 1 235 0
 291 0044 0A4B     		ldr	r3, .L10+32
 292 0046 0022     		movs	r2, #0
 293 0048 1A60     		str	r2, [r3]
 236:Generated_Source\PSoC4/cyfitter_cfg.c **** }
 294              		.loc 1 236 0
 295 004a C046     		nop
 296 004c BD46     		mov	sp, r7
 297              		@ sp needed
 298 004e 80BD     		pop	{r7, pc}
 299              	.L11:
 300              		.align	2
 301              	.L10:
 302 0050 00010B40 		.word	1074462976
 303 0054 FFFFFBFF 		.word	-262145
 304 0058 04010B40 		.word	1074462980
 305 005c 06000080 		.word	-2147483642
 306 0060 20020240 		.word	1073873440
 307 0064 08010B40 		.word	1074462984
 308 0068 00000240 		.word	1073872896
 309 006c B70B0080 		.word	-2147480649
 310 0070 0C020B40 		.word	1074463244
 311              		.cfi_endproc
 312              	.LFE4:
 313              		.size	ClockSetup, .-ClockSetup
 314              		.section	.text.AnalogSetDefault,"ax",%progbits
 315              		.align	2
 316              		.code	16
 317              		.thumb_func
 318              		.type	AnalogSetDefault, %function
 319              	AnalogSetDefault:
 320              	.LFB5:
 237:Generated_Source\PSoC4/cyfitter_cfg.c **** 
 238:Generated_Source\PSoC4/cyfitter_cfg.c **** 
 239:Generated_Source\PSoC4/cyfitter_cfg.c **** /* Analog API Functions */
 240:Generated_Source\PSoC4/cyfitter_cfg.c **** 
 241:Generated_Source\PSoC4/cyfitter_cfg.c **** 
 242:Generated_Source\PSoC4/cyfitter_cfg.c **** /*******************************************************************************
 243:Generated_Source\PSoC4/cyfitter_cfg.c **** * Function Name: AnalogSetDefault
 244:Generated_Source\PSoC4/cyfitter_cfg.c **** ********************************************************************************
 245:Generated_Source\PSoC4/cyfitter_cfg.c **** *
 246:Generated_Source\PSoC4/cyfitter_cfg.c **** * Summary:
 247:Generated_Source\PSoC4/cyfitter_cfg.c **** *  Sets up the analog portions of the chip to default values based on chip
ARM GAS  C:\Users\Jeremias\AppData\Local\Temp\ccpa3BLW.s 			page 11


 248:Generated_Source\PSoC4/cyfitter_cfg.c **** *  configuration options from the project.
 249:Generated_Source\PSoC4/cyfitter_cfg.c **** *
 250:Generated_Source\PSoC4/cyfitter_cfg.c **** * Parameters:
 251:Generated_Source\PSoC4/cyfitter_cfg.c **** *  void
 252:Generated_Source\PSoC4/cyfitter_cfg.c **** *
 253:Generated_Source\PSoC4/cyfitter_cfg.c **** * Return:
 254:Generated_Source\PSoC4/cyfitter_cfg.c **** *  void
 255:Generated_Source\PSoC4/cyfitter_cfg.c **** *
 256:Generated_Source\PSoC4/cyfitter_cfg.c **** *******************************************************************************/
 257:Generated_Source\PSoC4/cyfitter_cfg.c **** static void AnalogSetDefault(void);
 258:Generated_Source\PSoC4/cyfitter_cfg.c **** static void AnalogSetDefault(void)
 259:Generated_Source\PSoC4/cyfitter_cfg.c **** {
 321              		.loc 1 259 0
 322              		.cfi_startproc
 323              		@ args = 0, pretend = 0, frame = 0
 324              		@ frame_needed = 1, uses_anonymous_args = 0
 325 0000 80B5     		push	{r7, lr}
 326              		.cfi_def_cfa_offset 8
 327              		.cfi_offset 7, -8
 328              		.cfi_offset 14, -4
 329 0002 00AF     		add	r7, sp, #0
 330              		.cfi_def_cfa_register 7
 260:Generated_Source\PSoC4/cyfitter_cfg.c **** }
 331              		.loc 1 260 0
 332 0004 C046     		nop
 333 0006 BD46     		mov	sp, r7
 334              		@ sp needed
 335 0008 80BD     		pop	{r7, pc}
 336              		.cfi_endproc
 337              	.LFE5:
 338              		.size	AnalogSetDefault, .-AnalogSetDefault
 339 000a C046     		.section	.psocinit
 340              		.align	2
 341              		.global	cyfitter_cfg
 342              		.code	16
 343              		.thumb_func
 344              		.type	cyfitter_cfg, %function
 345              	cyfitter_cfg:
 346              	.LFB6:
 261:Generated_Source\PSoC4/cyfitter_cfg.c **** 
 262:Generated_Source\PSoC4/cyfitter_cfg.c **** 
 263:Generated_Source\PSoC4/cyfitter_cfg.c **** 
 264:Generated_Source\PSoC4/cyfitter_cfg.c **** 
 265:Generated_Source\PSoC4/cyfitter_cfg.c **** /*******************************************************************************
 266:Generated_Source\PSoC4/cyfitter_cfg.c **** * Function Name: cyfitter_cfg
 267:Generated_Source\PSoC4/cyfitter_cfg.c **** ********************************************************************************
 268:Generated_Source\PSoC4/cyfitter_cfg.c **** * Summary:
 269:Generated_Source\PSoC4/cyfitter_cfg.c **** *  This function is called by the start-up code for the selected device. It
 270:Generated_Source\PSoC4/cyfitter_cfg.c **** *  performs all of the necessary device configuration based on the design
 271:Generated_Source\PSoC4/cyfitter_cfg.c **** *  settings.  This includes settings from the Design Wide Resources (DWR) such
 272:Generated_Source\PSoC4/cyfitter_cfg.c **** *  as Clocks and Pins as well as any component configuration that is necessary.
 273:Generated_Source\PSoC4/cyfitter_cfg.c **** *
 274:Generated_Source\PSoC4/cyfitter_cfg.c **** * Parameters:
 275:Generated_Source\PSoC4/cyfitter_cfg.c **** *   void
 276:Generated_Source\PSoC4/cyfitter_cfg.c **** *
 277:Generated_Source\PSoC4/cyfitter_cfg.c **** * Return:
 278:Generated_Source\PSoC4/cyfitter_cfg.c **** *   void
ARM GAS  C:\Users\Jeremias\AppData\Local\Temp\ccpa3BLW.s 			page 12


 279:Generated_Source\PSoC4/cyfitter_cfg.c **** *
 280:Generated_Source\PSoC4/cyfitter_cfg.c **** *******************************************************************************/
 281:Generated_Source\PSoC4/cyfitter_cfg.c **** CY_CFG_SECTION
 282:Generated_Source\PSoC4/cyfitter_cfg.c **** void cyfitter_cfg(void)
 283:Generated_Source\PSoC4/cyfitter_cfg.c **** {
 347              		.loc 1 283 0
 348              		.cfi_startproc
 349              		@ args = 0, pretend = 0, frame = 8
 350              		@ frame_needed = 1, uses_anonymous_args = 0
 351 0074 80B5     		push	{r7, lr}
 352              		.cfi_def_cfa_offset 8
 353              		.cfi_offset 7, -8
 354              		.cfi_offset 14, -4
 355 0076 82B0     		sub	sp, sp, #8
 356              		.cfi_def_cfa_offset 16
 357 0078 00AF     		add	r7, sp, #0
 358              		.cfi_def_cfa_register 7
 284:Generated_Source\PSoC4/cyfitter_cfg.c **** 	/* Disable interrupts by default. Let user enable if/when they want. */
 285:Generated_Source\PSoC4/cyfitter_cfg.c **** 	CyGlobalIntDisable;
 359              		.loc 1 285 0
 360              		.syntax divided
 361              	@ 285 "Generated_Source\PSoC4\cyfitter_cfg.c" 1
 362 007a 72B6     		CPSID   i
 363              	@ 0 "" 2
 364              		.thumb
 365              		.syntax unified
 366              	.LBB3:
 286:Generated_Source\PSoC4/cyfitter_cfg.c **** 
 287:Generated_Source\PSoC4/cyfitter_cfg.c **** 	{
 288:Generated_Source\PSoC4/cyfitter_cfg.c **** 		static const uint32 CYCODE cy_cfg_addr_table[] = {
 289:Generated_Source\PSoC4/cyfitter_cfg.c **** 			0x400F3301u, /* Base address: 0x400F3300 Count: 1 */
 290:Generated_Source\PSoC4/cyfitter_cfg.c **** 			0x400F4103u, /* Base address: 0x400F4100 Count: 3 */
 291:Generated_Source\PSoC4/cyfitter_cfg.c **** 			0x400F4304u, /* Base address: 0x400F4300 Count: 4 */
 292:Generated_Source\PSoC4/cyfitter_cfg.c **** 		};
 293:Generated_Source\PSoC4/cyfitter_cfg.c **** 
 294:Generated_Source\PSoC4/cyfitter_cfg.c **** 		static const cy_cfg_addrvalue_t CYCODE cy_cfg_data_table[] = {
 295:Generated_Source\PSoC4/cyfitter_cfg.c **** 			{0xE6u, 0x10u},
 296:Generated_Source\PSoC4/cyfitter_cfg.c **** 			{0x62u, 0x04u},
 297:Generated_Source\PSoC4/cyfitter_cfg.c **** 			{0x8Eu, 0x04u},
 298:Generated_Source\PSoC4/cyfitter_cfg.c **** 			{0xD8u, 0x40u},
 299:Generated_Source\PSoC4/cyfitter_cfg.c **** 			{0x18u, 0x80u},
 300:Generated_Source\PSoC4/cyfitter_cfg.c **** 			{0x8Cu, 0x40u},
 301:Generated_Source\PSoC4/cyfitter_cfg.c **** 			{0xC6u, 0x08u},
 302:Generated_Source\PSoC4/cyfitter_cfg.c **** 			{0xE6u, 0x08u},
 303:Generated_Source\PSoC4/cyfitter_cfg.c **** 		};
 304:Generated_Source\PSoC4/cyfitter_cfg.c **** 
 305:Generated_Source\PSoC4/cyfitter_cfg.c **** 
 306:Generated_Source\PSoC4/cyfitter_cfg.c **** 
 307:Generated_Source\PSoC4/cyfitter_cfg.c **** 		CYPACKED typedef struct {
 308:Generated_Source\PSoC4/cyfitter_cfg.c **** 			void CYFAR *address;
 309:Generated_Source\PSoC4/cyfitter_cfg.c **** 			uint16 size;
 310:Generated_Source\PSoC4/cyfitter_cfg.c **** 		} CYPACKED_ATTR cfg_memset_t;
 311:Generated_Source\PSoC4/cyfitter_cfg.c **** 
 312:Generated_Source\PSoC4/cyfitter_cfg.c **** 		static const cfg_memset_t CYCODE cfg_memset_list[] = {
 313:Generated_Source\PSoC4/cyfitter_cfg.c **** 			/* address, size */
 314:Generated_Source\PSoC4/cyfitter_cfg.c **** 			{(void CYFAR *)(CYDEV_UDB_P0_U0_BASE), 1024u},
 315:Generated_Source\PSoC4/cyfitter_cfg.c **** 			{(void CYFAR *)(CYDEV_UDB_DSI0_BASE), 1024u},
ARM GAS  C:\Users\Jeremias\AppData\Local\Temp\ccpa3BLW.s 			page 13


 316:Generated_Source\PSoC4/cyfitter_cfg.c **** 		};
 317:Generated_Source\PSoC4/cyfitter_cfg.c **** 
 318:Generated_Source\PSoC4/cyfitter_cfg.c **** 		uint8 CYDATA i;
 319:Generated_Source\PSoC4/cyfitter_cfg.c **** 
 320:Generated_Source\PSoC4/cyfitter_cfg.c **** 		/* Zero out critical memory blocks before beginning configuration */
 321:Generated_Source\PSoC4/cyfitter_cfg.c **** 		for (i = 0u; i < (sizeof(cfg_memset_list)/sizeof(cfg_memset_list[0])); i++)
 367              		.loc 1 321 0
 368 007c FB1D     		adds	r3, r7, #7
 369 007e 0022     		movs	r2, #0
 370 0080 1A70     		strb	r2, [r3]
 371 0082 22E0     		b	.L14
 372              	.L15:
 373              	.LBB4:
 322:Generated_Source\PSoC4/cyfitter_cfg.c **** 		{
 323:Generated_Source\PSoC4/cyfitter_cfg.c **** 			const cfg_memset_t CYCODE * CYDATA ms = &cfg_memset_list[i];
 374              		.loc 1 323 0 discriminator 3
 375 0084 FB1D     		adds	r3, r7, #7
 376 0086 1A78     		ldrb	r2, [r3]
 377 0088 1300     		movs	r3, r2
 378 008a 5B00     		lsls	r3, r3, #1
 379 008c 9B18     		adds	r3, r3, r2
 380 008e 5B00     		lsls	r3, r3, #1
 381 0090 294A     		ldr	r2, .L16
 382 0092 9B18     		adds	r3, r3, r2
 383 0094 3B60     		str	r3, [r7]
 324:Generated_Source\PSoC4/cyfitter_cfg.c **** 			CYMEMZERO(ms->address, (size_t)(uint32)(ms->size));
 384              		.loc 1 324 0 discriminator 3
 385 0096 3B68     		ldr	r3, [r7]
 386 0098 1A78     		ldrb	r2, [r3]
 387 009a 5978     		ldrb	r1, [r3, #1]
 388 009c 0902     		lsls	r1, r1, #8
 389 009e 0A43     		orrs	r2, r1
 390 00a0 9978     		ldrb	r1, [r3, #2]
 391 00a2 0904     		lsls	r1, r1, #16
 392 00a4 0A43     		orrs	r2, r1
 393 00a6 DB78     		ldrb	r3, [r3, #3]
 394 00a8 1B06     		lsls	r3, r3, #24
 395 00aa 1343     		orrs	r3, r2
 396 00ac 1800     		movs	r0, r3
 397 00ae 3B68     		ldr	r3, [r7]
 398 00b0 1A79     		ldrb	r2, [r3, #4]
 399 00b2 5B79     		ldrb	r3, [r3, #5]
 400 00b4 1B02     		lsls	r3, r3, #8
 401 00b6 1343     		orrs	r3, r2
 402 00b8 9BB2     		uxth	r3, r3
 403 00ba 1900     		movs	r1, r3
 404 00bc FFF7FEFF 		bl	CYMEMZERO
 405              	.LBE4:
 321:Generated_Source\PSoC4/cyfitter_cfg.c **** 		{
 406              		.loc 1 321 0 discriminator 3
 407 00c0 FB1D     		adds	r3, r7, #7
 408 00c2 1A78     		ldrb	r2, [r3]
 409 00c4 FB1D     		adds	r3, r7, #7
 410 00c6 0132     		adds	r2, r2, #1
 411 00c8 1A70     		strb	r2, [r3]
 412              	.L14:
 321:Generated_Source\PSoC4/cyfitter_cfg.c **** 		{
ARM GAS  C:\Users\Jeremias\AppData\Local\Temp\ccpa3BLW.s 			page 14


 413              		.loc 1 321 0 is_stmt 0 discriminator 1
 414 00ca FB1D     		adds	r3, r7, #7
 415 00cc 1B78     		ldrb	r3, [r3]
 416 00ce 012B     		cmp	r3, #1
 417 00d0 D8D9     		bls	.L15
 325:Generated_Source\PSoC4/cyfitter_cfg.c **** 		}
 326:Generated_Source\PSoC4/cyfitter_cfg.c **** 
 327:Generated_Source\PSoC4/cyfitter_cfg.c **** 		cfg_write_bytes32(cy_cfg_addr_table, cy_cfg_data_table);
 418              		.loc 1 327 0 is_stmt 1
 419 00d2 1A4A     		ldr	r2, .L16+4
 420 00d4 1A4B     		ldr	r3, .L16+8
 421 00d6 1100     		movs	r1, r2
 422 00d8 1800     		movs	r0, r3
 423 00da FFF7FEFF 		bl	cfg_write_bytes32
 328:Generated_Source\PSoC4/cyfitter_cfg.c **** 
 329:Generated_Source\PSoC4/cyfitter_cfg.c **** 		/* HSIOM Starting address: CYDEV_HSIOM_BASE */
 330:Generated_Source\PSoC4/cyfitter_cfg.c **** 		CY_SET_REG32((void *)(CYREG_HSIOM_PORT_SEL1), 0x03000000u);
 424              		.loc 1 330 0
 425 00de 194B     		ldr	r3, .L16+12
 426 00e0 C022     		movs	r2, #192
 427 00e2 9204     		lsls	r2, r2, #18
 428 00e4 1A60     		str	r2, [r3]
 331:Generated_Source\PSoC4/cyfitter_cfg.c **** 
 332:Generated_Source\PSoC4/cyfitter_cfg.c **** 		/* FORCED_HSIOM Starting address: CYDEV_HSIOM_PORT_SEL3 */
 333:Generated_Source\PSoC4/cyfitter_cfg.c **** 		CY_SET_REG32((void *)(CYREG_HSIOM_PORT_SEL3), 0x00000000u);
 429              		.loc 1 333 0
 430 00e6 184B     		ldr	r3, .L16+16
 431 00e8 0022     		movs	r2, #0
 432 00ea 1A60     		str	r2, [r3]
 334:Generated_Source\PSoC4/cyfitter_cfg.c **** 
 335:Generated_Source\PSoC4/cyfitter_cfg.c **** 		/* IOPINS0_3 Starting address: CYDEV_PRT3_PC */
 336:Generated_Source\PSoC4/cyfitter_cfg.c **** 		CY_SET_REG32((void *)(CYREG_PRT3_PC), 0x00000000u);
 433              		.loc 1 336 0
 434 00ec 174B     		ldr	r3, .L16+20
 435 00ee 0022     		movs	r2, #0
 436 00f0 1A60     		str	r2, [r3]
 337:Generated_Source\PSoC4/cyfitter_cfg.c **** 
 338:Generated_Source\PSoC4/cyfitter_cfg.c **** 		/* UDB_PA_1 Starting address: CYDEV_UDB_PA1_BASE */
 339:Generated_Source\PSoC4/cyfitter_cfg.c **** 		CY_SET_REG32((void *)(CYDEV_UDB_PA1_BASE), 0x00990000u);
 437              		.loc 1 339 0
 438 00f2 174B     		ldr	r3, .L16+24
 439 00f4 9922     		movs	r2, #153
 440 00f6 1204     		lsls	r2, r2, #16
 441 00f8 1A60     		str	r2, [r3]
 340:Generated_Source\PSoC4/cyfitter_cfg.c **** 		CY_SET_REG32((void *)(CYREG_UDB_PA1_CFG8), 0x20000000u);
 442              		.loc 1 340 0
 443 00fa 164B     		ldr	r3, .L16+28
 444 00fc 8022     		movs	r2, #128
 445 00fe 9205     		lsls	r2, r2, #22
 446 0100 1A60     		str	r2, [r3]
 341:Generated_Source\PSoC4/cyfitter_cfg.c **** 
 342:Generated_Source\PSoC4/cyfitter_cfg.c **** 		/* TCPWM_CNT0 Starting address: CYDEV_TCPWM_CNT0_TR_CTRL0 */
 343:Generated_Source\PSoC4/cyfitter_cfg.c **** 		CY_SET_REG32((void *)(CYREG_TCPWM_CNT0_TR_CTRL0), 0x00010010u);
 447              		.loc 1 343 0
 448 0102 154B     		ldr	r3, .L16+32
 449 0104 154A     		ldr	r2, .L16+36
 450 0106 1A60     		str	r2, [r3]
ARM GAS  C:\Users\Jeremias\AppData\Local\Temp\ccpa3BLW.s 			page 15


 344:Generated_Source\PSoC4/cyfitter_cfg.c **** 
 345:Generated_Source\PSoC4/cyfitter_cfg.c **** 		/* Enable digital routing */
 346:Generated_Source\PSoC4/cyfitter_cfg.c **** 		CY_SET_XTND_REG8((void *)CYREG_UDB_UDBIF_BANK_CTL, (uint8)(CY_GET_XTND_REG8((void *)CYREG_UDB_UDB
 451              		.loc 1 346 0
 452 0108 154A     		ldr	r2, .L16+40
 453 010a 154B     		ldr	r3, .L16+40
 454 010c 1B78     		ldrb	r3, [r3]
 455 010e DBB2     		uxtb	r3, r3
 456 0110 0621     		movs	r1, #6
 457 0112 0B43     		orrs	r3, r1
 458 0114 DBB2     		uxtb	r3, r3
 459 0116 1370     		strb	r3, [r2]
 460              	.LBE3:
 347:Generated_Source\PSoC4/cyfitter_cfg.c **** 	}
 348:Generated_Source\PSoC4/cyfitter_cfg.c **** 
 349:Generated_Source\PSoC4/cyfitter_cfg.c **** 	/* Perform second pass device configuration. These items must be configured in specific order afte
 350:Generated_Source\PSoC4/cyfitter_cfg.c **** 	/* IOPINS0_1 Starting address: CYDEV_PRT1_BASE */
 351:Generated_Source\PSoC4/cyfitter_cfg.c **** 	CY_SET_REG32((void *)(CYDEV_PRT1_BASE), 0x00000040u);
 461              		.loc 1 351 0
 462 0118 124B     		ldr	r3, .L16+44
 463 011a 4022     		movs	r2, #64
 464 011c 1A60     		str	r2, [r3]
 352:Generated_Source\PSoC4/cyfitter_cfg.c **** 	CY_SET_REG32((void *)(CYREG_PRT1_PC), 0x00180000u);
 465              		.loc 1 352 0
 466 011e 124B     		ldr	r3, .L16+48
 467 0120 C022     		movs	r2, #192
 468 0122 5203     		lsls	r2, r2, #13
 469 0124 1A60     		str	r2, [r3]
 353:Generated_Source\PSoC4/cyfitter_cfg.c **** 
 354:Generated_Source\PSoC4/cyfitter_cfg.c **** 
 355:Generated_Source\PSoC4/cyfitter_cfg.c **** 	/* Setup clocks based on selections from Clock DWR */
 356:Generated_Source\PSoC4/cyfitter_cfg.c **** 	ClockSetup();
 470              		.loc 1 356 0
 471 0126 FFF76BFF 		bl	ClockSetup
 357:Generated_Source\PSoC4/cyfitter_cfg.c **** 
 358:Generated_Source\PSoC4/cyfitter_cfg.c **** 	/* Perform basic analog initialization to defaults */
 359:Generated_Source\PSoC4/cyfitter_cfg.c **** 	AnalogSetDefault();
 472              		.loc 1 359 0
 473 012a FFF7FEFF 		bl	AnalogSetDefault
 360:Generated_Source\PSoC4/cyfitter_cfg.c **** 
 361:Generated_Source\PSoC4/cyfitter_cfg.c **** }
 474              		.loc 1 361 0
 475 012e C046     		nop
 476 0130 BD46     		mov	sp, r7
 477 0132 02B0     		add	sp, sp, #8
 478              		@ sp needed
 479 0134 80BD     		pop	{r7, pc}
 480              	.L17:
 481 0136 C046     		.align	2
 482              	.L16:
 483 0138 00000000 		.word	cfg_memset_list.4870
 484 013c 18000000 		.word	cy_cfg_data_table.4865
 485 0140 0C000000 		.word	cy_cfg_addr_table.4864
 486 0144 04000140 		.word	1073807364
 487 0148 0C000140 		.word	1073807372
 488 014c 08030440 		.word	1074004744
 489 0150 10500F40 		.word	1074745360
ARM GAS  C:\Users\Jeremias\AppData\Local\Temp\ccpa3BLW.s 			page 16


 490 0154 18500F40 		.word	1074745368
 491 0158 20010540 		.word	1074069792
 492 015c 10000100 		.word	65552
 493 0160 00700F40 		.word	1074753536
 494 0164 00010440 		.word	1074004224
 495 0168 08010440 		.word	1074004232
 496              		.cfi_endproc
 497              	.LFE6:
 498              		.size	cyfitter_cfg, .-cyfitter_cfg
 499              		.section	.rodata
 500              		.align	2
 501              		.type	cfg_memset_list.4870, %object
 502              		.size	cfg_memset_list.4870, 12
 503              	cfg_memset_list.4870:
 504 0000 00300F40 		.word	1074737152
 505 0004 0004     		.short	1024
 506 0006 00400F40 		.4byte	1074741248
 507 000a 0004     		.short	1024
 508              		.align	2
 509              		.type	cy_cfg_addr_table.4864, %object
 510              		.size	cy_cfg_addr_table.4864, 12
 511              	cy_cfg_addr_table.4864:
 512 000c 01330F40 		.word	1074737921
 513 0010 03410F40 		.word	1074741507
 514 0014 04430F40 		.word	1074742020
 515              		.align	2
 516              		.type	cy_cfg_data_table.4865, %object
 517              		.size	cy_cfg_data_table.4865, 16
 518              	cy_cfg_data_table.4865:
 519 0018 E6       		.byte	-26
 520 0019 10       		.byte	16
 521 001a 62       		.byte	98
 522 001b 04       		.byte	4
 523 001c 8E       		.byte	-114
 524 001d 04       		.byte	4
 525 001e D8       		.byte	-40
 526 001f 40       		.byte	64
 527 0020 18       		.byte	24
 528 0021 80       		.byte	-128
 529 0022 8C       		.byte	-116
 530 0023 40       		.byte	64
 531 0024 C6       		.byte	-58
 532 0025 08       		.byte	8
 533 0026 E6       		.byte	-26
 534 0027 08       		.byte	8
 535              		.text
 536              	.Letext0:
 537              		.file 2 "c:\\program files (x86)\\cypress\\psoc creator\\4.4\\psoc creator\\import\\gnu\\arm\\5.4.
 538              		.file 3 "Generated_Source\\PSoC4\\cytypes.h"
 539              		.section	.debug_info,"",%progbits
 540              	.Ldebug_info0:
 541 0000 5A030000 		.4byte	0x35a
 542 0004 0400     		.2byte	0x4
 543 0006 00000000 		.4byte	.Ldebug_abbrev0
 544 000a 04       		.byte	0x4
 545 000b 01       		.uleb128 0x1
 546 000c A0000000 		.4byte	.LASF40
ARM GAS  C:\Users\Jeremias\AppData\Local\Temp\ccpa3BLW.s 			page 17


 547 0010 0C       		.byte	0xc
 548 0011 B5020000 		.4byte	.LASF41
 549 0015 1B020000 		.4byte	.LASF42
 550 0019 00000000 		.4byte	.Ldebug_ranges0+0
 551 001d 00000000 		.4byte	0
 552 0021 00000000 		.4byte	.Ldebug_line0
 553 0025 02       		.uleb128 0x2
 554 0026 04       		.byte	0x4
 555 0027 05       		.byte	0x5
 556 0028 696E7400 		.ascii	"int\000"
 557 002c 03       		.uleb128 0x3
 558 002d 06000000 		.4byte	.LASF12
 559 0031 02       		.byte	0x2
 560 0032 D8       		.byte	0xd8
 561 0033 37000000 		.4byte	0x37
 562 0037 04       		.uleb128 0x4
 563 0038 04       		.byte	0x4
 564 0039 07       		.byte	0x7
 565 003a 86010000 		.4byte	.LASF0
 566 003e 04       		.uleb128 0x4
 567 003f 08       		.byte	0x8
 568 0040 05       		.byte	0x5
 569 0041 E4010000 		.4byte	.LASF1
 570 0045 04       		.uleb128 0x4
 571 0046 08       		.byte	0x8
 572 0047 04       		.byte	0x4
 573 0048 9D020000 		.4byte	.LASF2
 574 004c 04       		.uleb128 0x4
 575 004d 01       		.byte	0x1
 576 004e 06       		.byte	0x6
 577 004f A9020000 		.4byte	.LASF3
 578 0053 04       		.uleb128 0x4
 579 0054 01       		.byte	0x1
 580 0055 08       		.byte	0x8
 581 0056 2E010000 		.4byte	.LASF4
 582 005a 04       		.uleb128 0x4
 583 005b 02       		.byte	0x2
 584 005c 05       		.byte	0x5
 585 005d 11020000 		.4byte	.LASF5
 586 0061 04       		.uleb128 0x4
 587 0062 02       		.byte	0x2
 588 0063 07       		.byte	0x7
 589 0064 D1010000 		.4byte	.LASF6
 590 0068 04       		.uleb128 0x4
 591 0069 04       		.byte	0x4
 592 006a 05       		.byte	0x5
 593 006b 94020000 		.4byte	.LASF7
 594 006f 04       		.uleb128 0x4
 595 0070 04       		.byte	0x4
 596 0071 07       		.byte	0x7
 597 0072 7E000000 		.4byte	.LASF8
 598 0076 04       		.uleb128 0x4
 599 0077 08       		.byte	0x8
 600 0078 07       		.byte	0x7
 601 0079 9B010000 		.4byte	.LASF9
 602 007d 04       		.uleb128 0x4
 603 007e 04       		.byte	0x4
ARM GAS  C:\Users\Jeremias\AppData\Local\Temp\ccpa3BLW.s 			page 18


 604 007f 07       		.byte	0x7
 605 0080 C8010000 		.4byte	.LASF10
 606 0084 05       		.uleb128 0x5
 607 0085 04       		.byte	0x4
 608 0086 04       		.uleb128 0x4
 609 0087 01       		.byte	0x1
 610 0088 08       		.byte	0x8
 611 0089 F2010000 		.4byte	.LASF11
 612 008d 06       		.uleb128 0x6
 613 008e 90000000 		.4byte	.LASF13
 614 0092 03       		.byte	0x3
 615 0093 FB01     		.2byte	0x1fb
 616 0095 53000000 		.4byte	0x53
 617 0099 06       		.uleb128 0x6
 618 009a 6D010000 		.4byte	.LASF14
 619 009e 03       		.byte	0x3
 620 009f FC01     		.2byte	0x1fc
 621 00a1 61000000 		.4byte	0x61
 622 00a5 06       		.uleb128 0x6
 623 00a6 7F010000 		.4byte	.LASF15
 624 00aa 03       		.byte	0x3
 625 00ab FD01     		.2byte	0x1fd
 626 00ad 6F000000 		.4byte	0x6f
 627 00b1 04       		.uleb128 0x4
 628 00b2 04       		.byte	0x4
 629 00b3 04       		.byte	0x4
 630 00b4 59000000 		.4byte	.LASF16
 631 00b8 04       		.uleb128 0x4
 632 00b9 08       		.byte	0x8
 633 00ba 04       		.byte	0x4
 634 00bb 3C010000 		.4byte	.LASF17
 635 00bf 06       		.uleb128 0x6
 636 00c0 79000000 		.4byte	.LASF18
 637 00c4 03       		.byte	0x3
 638 00c5 A502     		.2byte	0x2a5
 639 00c7 CB000000 		.4byte	0xcb
 640 00cb 07       		.uleb128 0x7
 641 00cc 8D000000 		.4byte	0x8d
 642 00d0 06       		.uleb128 0x6
 643 00d1 00000000 		.4byte	.LASF19
 644 00d5 03       		.byte	0x3
 645 00d6 A702     		.2byte	0x2a7
 646 00d8 DC000000 		.4byte	0xdc
 647 00dc 07       		.uleb128 0x7
 648 00dd A5000000 		.4byte	0xa5
 649 00e1 08       		.uleb128 0x8
 650 00e2 02       		.byte	0x2
 651 00e3 01       		.byte	0x1
 652 00e4 95       		.byte	0x95
 653 00e5 02010000 		.4byte	0x102
 654 00e9 09       		.uleb128 0x9
 655 00ea 0A020000 		.4byte	.LASF20
 656 00ee 01       		.byte	0x1
 657 00ef 97       		.byte	0x97
 658 00f0 8D000000 		.4byte	0x8d
 659 00f4 00       		.byte	0
 660 00f5 09       		.uleb128 0x9
ARM GAS  C:\Users\Jeremias\AppData\Local\Temp\ccpa3BLW.s 			page 19


 661 00f6 1E000000 		.4byte	.LASF21
 662 00fa 01       		.byte	0x1
 663 00fb 98       		.byte	0x98
 664 00fc 8D000000 		.4byte	0x8d
 665 0100 01       		.byte	0x1
 666 0101 00       		.byte	0
 667 0102 03       		.uleb128 0x3
 668 0103 F7010000 		.4byte	.LASF22
 669 0107 01       		.byte	0x1
 670 0108 99       		.byte	0x99
 671 0109 E1000000 		.4byte	0xe1
 672 010d 0A       		.uleb128 0xa
 673 010e 96000000 		.4byte	.LASF23
 674 0112 01       		.byte	0x1
 675 0113 4A       		.byte	0x4a
 676 0114 00000000 		.4byte	.LFB0
 677 0118 1E000000 		.4byte	.LFE0-.LFB0
 678 011c 01       		.uleb128 0x1
 679 011d 9C       		.byte	0x9c
 680 011e 3B010000 		.4byte	0x13b
 681 0122 0B       		.uleb128 0xb
 682 0123 7300     		.ascii	"s\000"
 683 0125 01       		.byte	0x1
 684 0126 4A       		.byte	0x4a
 685 0127 84000000 		.4byte	0x84
 686 012b 02       		.uleb128 0x2
 687 012c 91       		.byte	0x91
 688 012d 74       		.sleb128 -12
 689 012e 0B       		.uleb128 0xb
 690 012f 6E00     		.ascii	"n\000"
 691 0131 01       		.byte	0x1
 692 0132 4A       		.byte	0x4a
 693 0133 2C000000 		.4byte	0x2c
 694 0137 02       		.uleb128 0x2
 695 0138 91       		.byte	0x91
 696 0139 70       		.sleb128 -16
 697 013a 00       		.byte	0
 698 013b 0A       		.uleb128 0xa
 699 013c EB020000 		.4byte	.LASF24
 700 0140 01       		.byte	0x1
 701 0141 51       		.byte	0x51
 702 0142 00000000 		.4byte	.LFB1
 703 0146 20000000 		.4byte	.LFE1-.LFB1
 704 014a 01       		.uleb128 0x1
 705 014b 9C       		.byte	0x9c
 706 014c 79010000 		.4byte	0x179
 707 0150 0C       		.uleb128 0xc
 708 0151 5F000000 		.4byte	.LASF25
 709 0155 01       		.byte	0x1
 710 0156 51       		.byte	0x51
 711 0157 84000000 		.4byte	0x84
 712 015b 02       		.uleb128 0x2
 713 015c 91       		.byte	0x91
 714 015d 74       		.sleb128 -12
 715 015e 0B       		.uleb128 0xb
 716 015f 73726300 		.ascii	"src\000"
 717 0163 01       		.byte	0x1
ARM GAS  C:\Users\Jeremias\AppData\Local\Temp\ccpa3BLW.s 			page 20


 718 0164 51       		.byte	0x51
 719 0165 79010000 		.4byte	0x179
 720 0169 02       		.uleb128 0x2
 721 016a 91       		.byte	0x91
 722 016b 70       		.sleb128 -16
 723 016c 0B       		.uleb128 0xb
 724 016d 6E00     		.ascii	"n\000"
 725 016f 01       		.byte	0x1
 726 0170 51       		.byte	0x51
 727 0171 2C000000 		.4byte	0x2c
 728 0175 02       		.uleb128 0x2
 729 0176 91       		.byte	0x91
 730 0177 6C       		.sleb128 -20
 731 0178 00       		.byte	0
 732 0179 0D       		.uleb128 0xd
 733 017a 04       		.byte	0x4
 734 017b 7F010000 		.4byte	0x17f
 735 017f 0E       		.uleb128 0xe
 736 0180 0A       		.uleb128 0xa
 737 0181 DB020000 		.4byte	.LASF26
 738 0185 01       		.byte	0x1
 739 0186 58       		.byte	0x58
 740 0187 00000000 		.4byte	.LFB2
 741 018b 20000000 		.4byte	.LFE2-.LFB2
 742 018f 01       		.uleb128 0x1
 743 0190 9C       		.byte	0x9c
 744 0191 BE010000 		.4byte	0x1be
 745 0195 0C       		.uleb128 0xc
 746 0196 5F000000 		.4byte	.LASF25
 747 019a 01       		.byte	0x1
 748 019b 58       		.byte	0x58
 749 019c 84000000 		.4byte	0x84
 750 01a0 02       		.uleb128 0x2
 751 01a1 91       		.byte	0x91
 752 01a2 74       		.sleb128 -12
 753 01a3 0B       		.uleb128 0xb
 754 01a4 73726300 		.ascii	"src\000"
 755 01a8 01       		.byte	0x1
 756 01a9 58       		.byte	0x58
 757 01aa 79010000 		.4byte	0x179
 758 01ae 02       		.uleb128 0x2
 759 01af 91       		.byte	0x91
 760 01b0 70       		.sleb128 -16
 761 01b1 0B       		.uleb128 0xb
 762 01b2 6E00     		.ascii	"n\000"
 763 01b4 01       		.byte	0x1
 764 01b5 58       		.byte	0x58
 765 01b6 2C000000 		.4byte	0x2c
 766 01ba 02       		.uleb128 0x2
 767 01bb 91       		.byte	0x91
 768 01bc 6C       		.sleb128 -20
 769 01bd 00       		.byte	0
 770 01be 0F       		.uleb128 0xf
 771 01bf 43010000 		.4byte	.LASF27
 772 01c3 01       		.byte	0x1
 773 01c4 AC       		.byte	0xac
 774 01c5 00000000 		.4byte	.LFB3
ARM GAS  C:\Users\Jeremias\AppData\Local\Temp\ccpa3BLW.s 			page 21


 775 01c9 82000000 		.4byte	.LFE3-.LFB3
 776 01cd 01       		.uleb128 0x1
 777 01ce 9C       		.byte	0x9c
 778 01cf 2E020000 		.4byte	0x22e
 779 01d3 0C       		.uleb128 0xc
 780 01d4 62010000 		.4byte	.LASF28
 781 01d8 01       		.byte	0x1
 782 01d9 AC       		.byte	0xac
 783 01da 2E020000 		.4byte	0x22e
 784 01de 02       		.uleb128 0x2
 785 01df 91       		.byte	0x91
 786 01e0 64       		.sleb128 -28
 787 01e1 0C       		.uleb128 0xc
 788 01e2 74010000 		.4byte	.LASF29
 789 01e6 01       		.byte	0x1
 790 01e7 AC       		.byte	0xac
 791 01e8 39020000 		.4byte	0x239
 792 01ec 02       		.uleb128 0x2
 793 01ed 91       		.byte	0x91
 794 01ee 60       		.sleb128 -32
 795 01ef 10       		.uleb128 0x10
 796 01f0 6900     		.ascii	"i\000"
 797 01f2 01       		.byte	0x1
 798 01f3 AF       		.byte	0xaf
 799 01f4 A5000000 		.4byte	0xa5
 800 01f8 02       		.uleb128 0x2
 801 01f9 91       		.byte	0x91
 802 01fa 74       		.sleb128 -12
 803 01fb 10       		.uleb128 0x10
 804 01fc 6A00     		.ascii	"j\000"
 805 01fe 01       		.byte	0x1
 806 01ff AF       		.byte	0xaf
 807 0200 A5000000 		.4byte	0xa5
 808 0204 02       		.uleb128 0x2
 809 0205 91       		.byte	0x91
 810 0206 70       		.sleb128 -16
 811 0207 11       		.uleb128 0x11
 812 0208 14000000 		.4byte	.LBB2
 813 020c 5A000000 		.4byte	.LBE2-.LBB2
 814 0210 12       		.uleb128 0x12
 815 0211 BF010000 		.4byte	.LASF30
 816 0215 01       		.byte	0x1
 817 0216 B2       		.byte	0xb2
 818 0217 A5000000 		.4byte	0xa5
 819 021b 02       		.uleb128 0x2
 820 021c 91       		.byte	0x91
 821 021d 68       		.sleb128 -24
 822 021e 12       		.uleb128 0x12
 823 021f 24000000 		.4byte	.LASF31
 824 0223 01       		.byte	0x1
 825 0224 B3       		.byte	0xb3
 826 0225 8D000000 		.4byte	0x8d
 827 0229 02       		.uleb128 0x2
 828 022a 91       		.byte	0x91
 829 022b 6F       		.sleb128 -17
 830 022c 00       		.byte	0
 831 022d 00       		.byte	0
ARM GAS  C:\Users\Jeremias\AppData\Local\Temp\ccpa3BLW.s 			page 22


 832 022e 0D       		.uleb128 0xd
 833 022f 04       		.byte	0x4
 834 0230 34020000 		.4byte	0x234
 835 0234 13       		.uleb128 0x13
 836 0235 A5000000 		.4byte	0xa5
 837 0239 0D       		.uleb128 0xd
 838 023a 04       		.byte	0x4
 839 023b 3F020000 		.4byte	0x23f
 840 023f 13       		.uleb128 0x13
 841 0240 02010000 		.4byte	0x102
 842 0244 14       		.uleb128 0x14
 843 0245 2A000000 		.4byte	.LASF32
 844 0249 01       		.byte	0x1
 845 024a D1       		.byte	0xd1
 846 024b 00000000 		.4byte	.LFB4
 847 024f 74000000 		.4byte	.LFE4-.LFB4
 848 0253 01       		.uleb128 0x1
 849 0254 9C       		.byte	0x9c
 850 0255 15       		.uleb128 0x15
 851 0256 0D000000 		.4byte	.LASF33
 852 025a 01       		.byte	0x1
 853 025b 0201     		.2byte	0x102
 854 025d 00000000 		.4byte	.LFB5
 855 0261 0A000000 		.4byte	.LFE5-.LFB5
 856 0265 01       		.uleb128 0x1
 857 0266 9C       		.byte	0x9c
 858 0267 16       		.uleb128 0x16
 859 0268 55010000 		.4byte	.LASF43
 860 026c 01       		.byte	0x1
 861 026d 1A01     		.2byte	0x11a
 862 026f 74000000 		.4byte	.LFB6
 863 0273 F8000000 		.4byte	.LFE6-.LFB6
 864 0277 01       		.uleb128 0x1
 865 0278 9C       		.byte	0x9c
 866 0279 33030000 		.4byte	0x333
 867 027d 11       		.uleb128 0x11
 868 027e 7C000000 		.4byte	.LBB3
 869 0282 9C000000 		.4byte	.LBE3-.LBB3
 870 0286 17       		.uleb128 0x17
 871 0287 35000000 		.4byte	.LASF34
 872 028b 01       		.byte	0x1
 873 028c 2001     		.2byte	0x120
 874 028e 43030000 		.4byte	0x343
 875 0292 05       		.uleb128 0x5
 876 0293 03       		.byte	0x3
 877 0294 0C000000 		.4byte	cy_cfg_addr_table.4864
 878 0298 17       		.uleb128 0x17
 879 0299 47000000 		.4byte	.LASF35
 880 029d 01       		.byte	0x1
 881 029e 2601     		.2byte	0x126
 882 02a0 58030000 		.4byte	0x358
 883 02a4 05       		.uleb128 0x5
 884 02a5 03       		.byte	0x3
 885 02a6 18000000 		.4byte	cy_cfg_data_table.4865
 886 02aa 18       		.uleb128 0x18
 887 02ab 06       		.byte	0x6
 888 02ac 01       		.byte	0x1
ARM GAS  C:\Users\Jeremias\AppData\Local\Temp\ccpa3BLW.s 			page 23


 889 02ad 3301     		.2byte	0x133
 890 02af CE020000 		.4byte	0x2ce
 891 02b3 19       		.uleb128 0x19
 892 02b4 93010000 		.4byte	.LASF36
 893 02b8 01       		.byte	0x1
 894 02b9 3401     		.2byte	0x134
 895 02bb 84000000 		.4byte	0x84
 896 02bf 00       		.byte	0
 897 02c0 19       		.uleb128 0x19
 898 02c1 74000000 		.4byte	.LASF37
 899 02c5 01       		.byte	0x1
 900 02c6 3501     		.2byte	0x135
 901 02c8 99000000 		.4byte	0x99
 902 02cc 04       		.byte	0x4
 903 02cd 00       		.byte	0
 904 02ce 06       		.uleb128 0x6
 905 02cf B2010000 		.4byte	.LASF38
 906 02d3 01       		.byte	0x1
 907 02d4 3601     		.2byte	0x136
 908 02d6 AA020000 		.4byte	0x2aa
 909 02da 1A       		.uleb128 0x1a
 910 02db EA020000 		.4byte	0x2ea
 911 02df EA020000 		.4byte	0x2ea
 912 02e3 1B       		.uleb128 0x1b
 913 02e4 7D000000 		.4byte	0x7d
 914 02e8 01       		.byte	0x1
 915 02e9 00       		.byte	0
 916 02ea 13       		.uleb128 0x13
 917 02eb CE020000 		.4byte	0x2ce
 918 02ef 17       		.uleb128 0x17
 919 02f0 64000000 		.4byte	.LASF39
 920 02f4 01       		.byte	0x1
 921 02f5 3801     		.2byte	0x138
 922 02f7 01030000 		.4byte	0x301
 923 02fb 05       		.uleb128 0x5
 924 02fc 03       		.byte	0x3
 925 02fd 00000000 		.4byte	cfg_memset_list.4870
 926 0301 13       		.uleb128 0x13
 927 0302 DA020000 		.4byte	0x2da
 928 0306 1C       		.uleb128 0x1c
 929 0307 6900     		.ascii	"i\000"
 930 0309 01       		.byte	0x1
 931 030a 3E01     		.2byte	0x13e
 932 030c 8D000000 		.4byte	0x8d
 933 0310 02       		.uleb128 0x2
 934 0311 91       		.byte	0x91
 935 0312 77       		.sleb128 -9
 936 0313 11       		.uleb128 0x11
 937 0314 84000000 		.4byte	.LBB4
 938 0318 3C000000 		.4byte	.LBE4-.LBB4
 939 031c 1C       		.uleb128 0x1c
 940 031d 6D7300   		.ascii	"ms\000"
 941 0320 01       		.byte	0x1
 942 0321 4301     		.2byte	0x143
 943 0323 2A030000 		.4byte	0x32a
 944 0327 02       		.uleb128 0x2
 945 0328 91       		.byte	0x91
ARM GAS  C:\Users\Jeremias\AppData\Local\Temp\ccpa3BLW.s 			page 24


 946 0329 70       		.sleb128 -16
 947 032a 0D       		.uleb128 0xd
 948 032b 04       		.byte	0x4
 949 032c EA020000 		.4byte	0x2ea
 950 0330 00       		.byte	0
 951 0331 00       		.byte	0
 952 0332 00       		.byte	0
 953 0333 1A       		.uleb128 0x1a
 954 0334 34020000 		.4byte	0x234
 955 0338 43030000 		.4byte	0x343
 956 033c 1B       		.uleb128 0x1b
 957 033d 7D000000 		.4byte	0x7d
 958 0341 02       		.byte	0x2
 959 0342 00       		.byte	0
 960 0343 13       		.uleb128 0x13
 961 0344 33030000 		.4byte	0x333
 962 0348 1A       		.uleb128 0x1a
 963 0349 3F020000 		.4byte	0x23f
 964 034d 58030000 		.4byte	0x358
 965 0351 1B       		.uleb128 0x1b
 966 0352 7D000000 		.4byte	0x7d
 967 0356 07       		.byte	0x7
 968 0357 00       		.byte	0
 969 0358 13       		.uleb128 0x13
 970 0359 48030000 		.4byte	0x348
 971 035d 00       		.byte	0
 972              		.section	.debug_abbrev,"",%progbits
 973              	.Ldebug_abbrev0:
 974 0000 01       		.uleb128 0x1
 975 0001 11       		.uleb128 0x11
 976 0002 01       		.byte	0x1
 977 0003 25       		.uleb128 0x25
 978 0004 0E       		.uleb128 0xe
 979 0005 13       		.uleb128 0x13
 980 0006 0B       		.uleb128 0xb
 981 0007 03       		.uleb128 0x3
 982 0008 0E       		.uleb128 0xe
 983 0009 1B       		.uleb128 0x1b
 984 000a 0E       		.uleb128 0xe
 985 000b 55       		.uleb128 0x55
 986 000c 17       		.uleb128 0x17
 987 000d 11       		.uleb128 0x11
 988 000e 01       		.uleb128 0x1
 989 000f 10       		.uleb128 0x10
 990 0010 17       		.uleb128 0x17
 991 0011 00       		.byte	0
 992 0012 00       		.byte	0
 993 0013 02       		.uleb128 0x2
 994 0014 24       		.uleb128 0x24
 995 0015 00       		.byte	0
 996 0016 0B       		.uleb128 0xb
 997 0017 0B       		.uleb128 0xb
 998 0018 3E       		.uleb128 0x3e
 999 0019 0B       		.uleb128 0xb
 1000 001a 03       		.uleb128 0x3
 1001 001b 08       		.uleb128 0x8
 1002 001c 00       		.byte	0
ARM GAS  C:\Users\Jeremias\AppData\Local\Temp\ccpa3BLW.s 			page 25


 1003 001d 00       		.byte	0
 1004 001e 03       		.uleb128 0x3
 1005 001f 16       		.uleb128 0x16
 1006 0020 00       		.byte	0
 1007 0021 03       		.uleb128 0x3
 1008 0022 0E       		.uleb128 0xe
 1009 0023 3A       		.uleb128 0x3a
 1010 0024 0B       		.uleb128 0xb
 1011 0025 3B       		.uleb128 0x3b
 1012 0026 0B       		.uleb128 0xb
 1013 0027 49       		.uleb128 0x49
 1014 0028 13       		.uleb128 0x13
 1015 0029 00       		.byte	0
 1016 002a 00       		.byte	0
 1017 002b 04       		.uleb128 0x4
 1018 002c 24       		.uleb128 0x24
 1019 002d 00       		.byte	0
 1020 002e 0B       		.uleb128 0xb
 1021 002f 0B       		.uleb128 0xb
 1022 0030 3E       		.uleb128 0x3e
 1023 0031 0B       		.uleb128 0xb
 1024 0032 03       		.uleb128 0x3
 1025 0033 0E       		.uleb128 0xe
 1026 0034 00       		.byte	0
 1027 0035 00       		.byte	0
 1028 0036 05       		.uleb128 0x5
 1029 0037 0F       		.uleb128 0xf
 1030 0038 00       		.byte	0
 1031 0039 0B       		.uleb128 0xb
 1032 003a 0B       		.uleb128 0xb
 1033 003b 00       		.byte	0
 1034 003c 00       		.byte	0
 1035 003d 06       		.uleb128 0x6
 1036 003e 16       		.uleb128 0x16
 1037 003f 00       		.byte	0
 1038 0040 03       		.uleb128 0x3
 1039 0041 0E       		.uleb128 0xe
 1040 0042 3A       		.uleb128 0x3a
 1041 0043 0B       		.uleb128 0xb
 1042 0044 3B       		.uleb128 0x3b
 1043 0045 05       		.uleb128 0x5
 1044 0046 49       		.uleb128 0x49
 1045 0047 13       		.uleb128 0x13
 1046 0048 00       		.byte	0
 1047 0049 00       		.byte	0
 1048 004a 07       		.uleb128 0x7
 1049 004b 35       		.uleb128 0x35
 1050 004c 00       		.byte	0
 1051 004d 49       		.uleb128 0x49
 1052 004e 13       		.uleb128 0x13
 1053 004f 00       		.byte	0
 1054 0050 00       		.byte	0
 1055 0051 08       		.uleb128 0x8
 1056 0052 13       		.uleb128 0x13
 1057 0053 01       		.byte	0x1
 1058 0054 0B       		.uleb128 0xb
 1059 0055 0B       		.uleb128 0xb
ARM GAS  C:\Users\Jeremias\AppData\Local\Temp\ccpa3BLW.s 			page 26


 1060 0056 3A       		.uleb128 0x3a
 1061 0057 0B       		.uleb128 0xb
 1062 0058 3B       		.uleb128 0x3b
 1063 0059 0B       		.uleb128 0xb
 1064 005a 01       		.uleb128 0x1
 1065 005b 13       		.uleb128 0x13
 1066 005c 00       		.byte	0
 1067 005d 00       		.byte	0
 1068 005e 09       		.uleb128 0x9
 1069 005f 0D       		.uleb128 0xd
 1070 0060 00       		.byte	0
 1071 0061 03       		.uleb128 0x3
 1072 0062 0E       		.uleb128 0xe
 1073 0063 3A       		.uleb128 0x3a
 1074 0064 0B       		.uleb128 0xb
 1075 0065 3B       		.uleb128 0x3b
 1076 0066 0B       		.uleb128 0xb
 1077 0067 49       		.uleb128 0x49
 1078 0068 13       		.uleb128 0x13
 1079 0069 38       		.uleb128 0x38
 1080 006a 0B       		.uleb128 0xb
 1081 006b 00       		.byte	0
 1082 006c 00       		.byte	0
 1083 006d 0A       		.uleb128 0xa
 1084 006e 2E       		.uleb128 0x2e
 1085 006f 01       		.byte	0x1
 1086 0070 03       		.uleb128 0x3
 1087 0071 0E       		.uleb128 0xe
 1088 0072 3A       		.uleb128 0x3a
 1089 0073 0B       		.uleb128 0xb
 1090 0074 3B       		.uleb128 0x3b
 1091 0075 0B       		.uleb128 0xb
 1092 0076 27       		.uleb128 0x27
 1093 0077 19       		.uleb128 0x19
 1094 0078 11       		.uleb128 0x11
 1095 0079 01       		.uleb128 0x1
 1096 007a 12       		.uleb128 0x12
 1097 007b 06       		.uleb128 0x6
 1098 007c 40       		.uleb128 0x40
 1099 007d 18       		.uleb128 0x18
 1100 007e 9642     		.uleb128 0x2116
 1101 0080 19       		.uleb128 0x19
 1102 0081 01       		.uleb128 0x1
 1103 0082 13       		.uleb128 0x13
 1104 0083 00       		.byte	0
 1105 0084 00       		.byte	0
 1106 0085 0B       		.uleb128 0xb
 1107 0086 05       		.uleb128 0x5
 1108 0087 00       		.byte	0
 1109 0088 03       		.uleb128 0x3
 1110 0089 08       		.uleb128 0x8
 1111 008a 3A       		.uleb128 0x3a
 1112 008b 0B       		.uleb128 0xb
 1113 008c 3B       		.uleb128 0x3b
 1114 008d 0B       		.uleb128 0xb
 1115 008e 49       		.uleb128 0x49
 1116 008f 13       		.uleb128 0x13
ARM GAS  C:\Users\Jeremias\AppData\Local\Temp\ccpa3BLW.s 			page 27


 1117 0090 02       		.uleb128 0x2
 1118 0091 18       		.uleb128 0x18
 1119 0092 00       		.byte	0
 1120 0093 00       		.byte	0
 1121 0094 0C       		.uleb128 0xc
 1122 0095 05       		.uleb128 0x5
 1123 0096 00       		.byte	0
 1124 0097 03       		.uleb128 0x3
 1125 0098 0E       		.uleb128 0xe
 1126 0099 3A       		.uleb128 0x3a
 1127 009a 0B       		.uleb128 0xb
 1128 009b 3B       		.uleb128 0x3b
 1129 009c 0B       		.uleb128 0xb
 1130 009d 49       		.uleb128 0x49
 1131 009e 13       		.uleb128 0x13
 1132 009f 02       		.uleb128 0x2
 1133 00a0 18       		.uleb128 0x18
 1134 00a1 00       		.byte	0
 1135 00a2 00       		.byte	0
 1136 00a3 0D       		.uleb128 0xd
 1137 00a4 0F       		.uleb128 0xf
 1138 00a5 00       		.byte	0
 1139 00a6 0B       		.uleb128 0xb
 1140 00a7 0B       		.uleb128 0xb
 1141 00a8 49       		.uleb128 0x49
 1142 00a9 13       		.uleb128 0x13
 1143 00aa 00       		.byte	0
 1144 00ab 00       		.byte	0
 1145 00ac 0E       		.uleb128 0xe
 1146 00ad 26       		.uleb128 0x26
 1147 00ae 00       		.byte	0
 1148 00af 00       		.byte	0
 1149 00b0 00       		.byte	0
 1150 00b1 0F       		.uleb128 0xf
 1151 00b2 2E       		.uleb128 0x2e
 1152 00b3 01       		.byte	0x1
 1153 00b4 03       		.uleb128 0x3
 1154 00b5 0E       		.uleb128 0xe
 1155 00b6 3A       		.uleb128 0x3a
 1156 00b7 0B       		.uleb128 0xb
 1157 00b8 3B       		.uleb128 0x3b
 1158 00b9 0B       		.uleb128 0xb
 1159 00ba 27       		.uleb128 0x27
 1160 00bb 19       		.uleb128 0x19
 1161 00bc 11       		.uleb128 0x11
 1162 00bd 01       		.uleb128 0x1
 1163 00be 12       		.uleb128 0x12
 1164 00bf 06       		.uleb128 0x6
 1165 00c0 40       		.uleb128 0x40
 1166 00c1 18       		.uleb128 0x18
 1167 00c2 9742     		.uleb128 0x2117
 1168 00c4 19       		.uleb128 0x19
 1169 00c5 01       		.uleb128 0x1
 1170 00c6 13       		.uleb128 0x13
 1171 00c7 00       		.byte	0
 1172 00c8 00       		.byte	0
 1173 00c9 10       		.uleb128 0x10
ARM GAS  C:\Users\Jeremias\AppData\Local\Temp\ccpa3BLW.s 			page 28


 1174 00ca 34       		.uleb128 0x34
 1175 00cb 00       		.byte	0
 1176 00cc 03       		.uleb128 0x3
 1177 00cd 08       		.uleb128 0x8
 1178 00ce 3A       		.uleb128 0x3a
 1179 00cf 0B       		.uleb128 0xb
 1180 00d0 3B       		.uleb128 0x3b
 1181 00d1 0B       		.uleb128 0xb
 1182 00d2 49       		.uleb128 0x49
 1183 00d3 13       		.uleb128 0x13
 1184 00d4 02       		.uleb128 0x2
 1185 00d5 18       		.uleb128 0x18
 1186 00d6 00       		.byte	0
 1187 00d7 00       		.byte	0
 1188 00d8 11       		.uleb128 0x11
 1189 00d9 0B       		.uleb128 0xb
 1190 00da 01       		.byte	0x1
 1191 00db 11       		.uleb128 0x11
 1192 00dc 01       		.uleb128 0x1
 1193 00dd 12       		.uleb128 0x12
 1194 00de 06       		.uleb128 0x6
 1195 00df 00       		.byte	0
 1196 00e0 00       		.byte	0
 1197 00e1 12       		.uleb128 0x12
 1198 00e2 34       		.uleb128 0x34
 1199 00e3 00       		.byte	0
 1200 00e4 03       		.uleb128 0x3
 1201 00e5 0E       		.uleb128 0xe
 1202 00e6 3A       		.uleb128 0x3a
 1203 00e7 0B       		.uleb128 0xb
 1204 00e8 3B       		.uleb128 0x3b
 1205 00e9 0B       		.uleb128 0xb
 1206 00ea 49       		.uleb128 0x49
 1207 00eb 13       		.uleb128 0x13
 1208 00ec 02       		.uleb128 0x2
 1209 00ed 18       		.uleb128 0x18
 1210 00ee 00       		.byte	0
 1211 00ef 00       		.byte	0
 1212 00f0 13       		.uleb128 0x13
 1213 00f1 26       		.uleb128 0x26
 1214 00f2 00       		.byte	0
 1215 00f3 49       		.uleb128 0x49
 1216 00f4 13       		.uleb128 0x13
 1217 00f5 00       		.byte	0
 1218 00f6 00       		.byte	0
 1219 00f7 14       		.uleb128 0x14
 1220 00f8 2E       		.uleb128 0x2e
 1221 00f9 00       		.byte	0
 1222 00fa 03       		.uleb128 0x3
 1223 00fb 0E       		.uleb128 0xe
 1224 00fc 3A       		.uleb128 0x3a
 1225 00fd 0B       		.uleb128 0xb
 1226 00fe 3B       		.uleb128 0x3b
 1227 00ff 0B       		.uleb128 0xb
 1228 0100 27       		.uleb128 0x27
 1229 0101 19       		.uleb128 0x19
 1230 0102 11       		.uleb128 0x11
ARM GAS  C:\Users\Jeremias\AppData\Local\Temp\ccpa3BLW.s 			page 29


 1231 0103 01       		.uleb128 0x1
 1232 0104 12       		.uleb128 0x12
 1233 0105 06       		.uleb128 0x6
 1234 0106 40       		.uleb128 0x40
 1235 0107 18       		.uleb128 0x18
 1236 0108 9642     		.uleb128 0x2116
 1237 010a 19       		.uleb128 0x19
 1238 010b 00       		.byte	0
 1239 010c 00       		.byte	0
 1240 010d 15       		.uleb128 0x15
 1241 010e 2E       		.uleb128 0x2e
 1242 010f 00       		.byte	0
 1243 0110 03       		.uleb128 0x3
 1244 0111 0E       		.uleb128 0xe
 1245 0112 3A       		.uleb128 0x3a
 1246 0113 0B       		.uleb128 0xb
 1247 0114 3B       		.uleb128 0x3b
 1248 0115 05       		.uleb128 0x5
 1249 0116 27       		.uleb128 0x27
 1250 0117 19       		.uleb128 0x19
 1251 0118 11       		.uleb128 0x11
 1252 0119 01       		.uleb128 0x1
 1253 011a 12       		.uleb128 0x12
 1254 011b 06       		.uleb128 0x6
 1255 011c 40       		.uleb128 0x40
 1256 011d 18       		.uleb128 0x18
 1257 011e 9742     		.uleb128 0x2117
 1258 0120 19       		.uleb128 0x19
 1259 0121 00       		.byte	0
 1260 0122 00       		.byte	0
 1261 0123 16       		.uleb128 0x16
 1262 0124 2E       		.uleb128 0x2e
 1263 0125 01       		.byte	0x1
 1264 0126 3F       		.uleb128 0x3f
 1265 0127 19       		.uleb128 0x19
 1266 0128 03       		.uleb128 0x3
 1267 0129 0E       		.uleb128 0xe
 1268 012a 3A       		.uleb128 0x3a
 1269 012b 0B       		.uleb128 0xb
 1270 012c 3B       		.uleb128 0x3b
 1271 012d 05       		.uleb128 0x5
 1272 012e 27       		.uleb128 0x27
 1273 012f 19       		.uleb128 0x19
 1274 0130 11       		.uleb128 0x11
 1275 0131 01       		.uleb128 0x1
 1276 0132 12       		.uleb128 0x12
 1277 0133 06       		.uleb128 0x6
 1278 0134 40       		.uleb128 0x40
 1279 0135 18       		.uleb128 0x18
 1280 0136 9642     		.uleb128 0x2116
 1281 0138 19       		.uleb128 0x19
 1282 0139 01       		.uleb128 0x1
 1283 013a 13       		.uleb128 0x13
 1284 013b 00       		.byte	0
 1285 013c 00       		.byte	0
 1286 013d 17       		.uleb128 0x17
 1287 013e 34       		.uleb128 0x34
ARM GAS  C:\Users\Jeremias\AppData\Local\Temp\ccpa3BLW.s 			page 30


 1288 013f 00       		.byte	0
 1289 0140 03       		.uleb128 0x3
 1290 0141 0E       		.uleb128 0xe
 1291 0142 3A       		.uleb128 0x3a
 1292 0143 0B       		.uleb128 0xb
 1293 0144 3B       		.uleb128 0x3b
 1294 0145 05       		.uleb128 0x5
 1295 0146 49       		.uleb128 0x49
 1296 0147 13       		.uleb128 0x13
 1297 0148 02       		.uleb128 0x2
 1298 0149 18       		.uleb128 0x18
 1299 014a 00       		.byte	0
 1300 014b 00       		.byte	0
 1301 014c 18       		.uleb128 0x18
 1302 014d 13       		.uleb128 0x13
 1303 014e 01       		.byte	0x1
 1304 014f 0B       		.uleb128 0xb
 1305 0150 0B       		.uleb128 0xb
 1306 0151 3A       		.uleb128 0x3a
 1307 0152 0B       		.uleb128 0xb
 1308 0153 3B       		.uleb128 0x3b
 1309 0154 05       		.uleb128 0x5
 1310 0155 01       		.uleb128 0x1
 1311 0156 13       		.uleb128 0x13
 1312 0157 00       		.byte	0
 1313 0158 00       		.byte	0
 1314 0159 19       		.uleb128 0x19
 1315 015a 0D       		.uleb128 0xd
 1316 015b 00       		.byte	0
 1317 015c 03       		.uleb128 0x3
 1318 015d 0E       		.uleb128 0xe
 1319 015e 3A       		.uleb128 0x3a
 1320 015f 0B       		.uleb128 0xb
 1321 0160 3B       		.uleb128 0x3b
 1322 0161 05       		.uleb128 0x5
 1323 0162 49       		.uleb128 0x49
 1324 0163 13       		.uleb128 0x13
 1325 0164 38       		.uleb128 0x38
 1326 0165 0B       		.uleb128 0xb
 1327 0166 00       		.byte	0
 1328 0167 00       		.byte	0
 1329 0168 1A       		.uleb128 0x1a
 1330 0169 01       		.uleb128 0x1
 1331 016a 01       		.byte	0x1
 1332 016b 49       		.uleb128 0x49
 1333 016c 13       		.uleb128 0x13
 1334 016d 01       		.uleb128 0x1
 1335 016e 13       		.uleb128 0x13
 1336 016f 00       		.byte	0
 1337 0170 00       		.byte	0
 1338 0171 1B       		.uleb128 0x1b
 1339 0172 21       		.uleb128 0x21
 1340 0173 00       		.byte	0
 1341 0174 49       		.uleb128 0x49
 1342 0175 13       		.uleb128 0x13
 1343 0176 2F       		.uleb128 0x2f
 1344 0177 0B       		.uleb128 0xb
ARM GAS  C:\Users\Jeremias\AppData\Local\Temp\ccpa3BLW.s 			page 31


 1345 0178 00       		.byte	0
 1346 0179 00       		.byte	0
 1347 017a 1C       		.uleb128 0x1c
 1348 017b 34       		.uleb128 0x34
 1349 017c 00       		.byte	0
 1350 017d 03       		.uleb128 0x3
 1351 017e 08       		.uleb128 0x8
 1352 017f 3A       		.uleb128 0x3a
 1353 0180 0B       		.uleb128 0xb
 1354 0181 3B       		.uleb128 0x3b
 1355 0182 05       		.uleb128 0x5
 1356 0183 49       		.uleb128 0x49
 1357 0184 13       		.uleb128 0x13
 1358 0185 02       		.uleb128 0x2
 1359 0186 18       		.uleb128 0x18
 1360 0187 00       		.byte	0
 1361 0188 00       		.byte	0
 1362 0189 00       		.byte	0
 1363              		.section	.debug_aranges,"",%progbits
 1364 0000 4C000000 		.4byte	0x4c
 1365 0004 0200     		.2byte	0x2
 1366 0006 00000000 		.4byte	.Ldebug_info0
 1367 000a 04       		.byte	0x4
 1368 000b 00       		.byte	0
 1369 000c 0000     		.2byte	0
 1370 000e 0000     		.2byte	0
 1371 0010 00000000 		.4byte	.LFB0
 1372 0014 1E000000 		.4byte	.LFE0-.LFB0
 1373 0018 00000000 		.4byte	.LFB1
 1374 001c 20000000 		.4byte	.LFE1-.LFB1
 1375 0020 00000000 		.4byte	.LFB2
 1376 0024 20000000 		.4byte	.LFE2-.LFB2
 1377 0028 00000000 		.4byte	.LFB3
 1378 002c 82000000 		.4byte	.LFE3-.LFB3
 1379 0030 00000000 		.4byte	.LFB4
 1380 0034 74000000 		.4byte	.LFE4-.LFB4
 1381 0038 00000000 		.4byte	.LFB5
 1382 003c 0A000000 		.4byte	.LFE5-.LFB5
 1383 0040 74000000 		.4byte	.LFB6
 1384 0044 F8000000 		.4byte	.LFE6-.LFB6
 1385 0048 00000000 		.4byte	0
 1386 004c 00000000 		.4byte	0
 1387              		.section	.debug_ranges,"",%progbits
 1388              	.Ldebug_ranges0:
 1389 0000 00000000 		.4byte	.LFB0
 1390 0004 1E000000 		.4byte	.LFE0
 1391 0008 00000000 		.4byte	.LFB1
 1392 000c 20000000 		.4byte	.LFE1
 1393 0010 00000000 		.4byte	.LFB2
 1394 0014 20000000 		.4byte	.LFE2
 1395 0018 00000000 		.4byte	.LFB3
 1396 001c 82000000 		.4byte	.LFE3
 1397 0020 00000000 		.4byte	.LFB4
 1398 0024 74000000 		.4byte	.LFE4
 1399 0028 00000000 		.4byte	.LFB5
 1400 002c 0A000000 		.4byte	.LFE5
 1401 0030 74000000 		.4byte	.LFB6
ARM GAS  C:\Users\Jeremias\AppData\Local\Temp\ccpa3BLW.s 			page 32


 1402 0034 6C010000 		.4byte	.LFE6
 1403 0038 00000000 		.4byte	0
 1404 003c 00000000 		.4byte	0
 1405              		.section	.debug_line,"",%progbits
 1406              	.Ldebug_line0:
 1407 0000 87010000 		.section	.debug_str,"MS",%progbits,1
 1407      0200CB00 
 1407      00000201 
 1407      FB0E0D00 
 1407      01010101 
 1408              	.LASF19:
 1409 0000 72656733 		.ascii	"reg32\000"
 1409      3200
 1410              	.LASF12:
 1411 0006 73697A65 		.ascii	"size_t\000"
 1411      5F7400
 1412              	.LASF33:
 1413 000d 416E616C 		.ascii	"AnalogSetDefault\000"
 1413      6F675365 
 1413      74446566 
 1413      61756C74 
 1413      00
 1414              	.LASF21:
 1415 001e 76616C75 		.ascii	"value\000"
 1415      6500
 1416              	.LASF31:
 1417 0024 636F756E 		.ascii	"count\000"
 1417      7400
 1418              	.LASF32:
 1419 002a 436C6F63 		.ascii	"ClockSetup\000"
 1419      6B536574 
 1419      757000
 1420              	.LASF34:
 1421 0035 63795F63 		.ascii	"cy_cfg_addr_table\000"
 1421      66675F61 
 1421      6464725F 
 1421      7461626C 
 1421      6500
 1422              	.LASF35:
 1423 0047 63795F63 		.ascii	"cy_cfg_data_table\000"
 1423      66675F64 
 1423      6174615F 
 1423      7461626C 
 1423      6500
 1424              	.LASF16:
 1425 0059 666C6F61 		.ascii	"float\000"
 1425      7400
 1426              	.LASF25:
 1427 005f 64657374 		.ascii	"dest\000"
 1427      00
 1428              	.LASF39:
 1429 0064 6366675F 		.ascii	"cfg_memset_list\000"
 1429      6D656D73 
 1429      65745F6C 
 1429      69737400 
 1430              	.LASF37:
 1431 0074 73697A65 		.ascii	"size\000"
ARM GAS  C:\Users\Jeremias\AppData\Local\Temp\ccpa3BLW.s 			page 33


 1431      00
 1432              	.LASF18:
 1433 0079 72656738 		.ascii	"reg8\000"
 1433      00
 1434              	.LASF8:
 1435 007e 6C6F6E67 		.ascii	"long unsigned int\000"
 1435      20756E73 
 1435      69676E65 
 1435      6420696E 
 1435      7400
 1436              	.LASF13:
 1437 0090 75696E74 		.ascii	"uint8\000"
 1437      3800
 1438              	.LASF23:
 1439 0096 43594D45 		.ascii	"CYMEMZERO\000"
 1439      4D5A4552 
 1439      4F00
 1440              	.LASF40:
 1441 00a0 474E5520 		.ascii	"GNU C11 5.4.1 20160609 (release) [ARM/embedded-5-br"
 1441      43313120 
 1441      352E342E 
 1441      31203230 
 1441      31363036 
 1442 00d3 616E6368 		.ascii	"anch revision 237715] -mcpu=cortex-m0 -mthumb -g -O"
 1442      20726576 
 1442      6973696F 
 1442      6E203233 
 1442      37373135 
 1443 0106 30202D66 		.ascii	"0 -ffunction-sections -ffat-lto-objects\000"
 1443      66756E63 
 1443      74696F6E 
 1443      2D736563 
 1443      74696F6E 
 1444              	.LASF4:
 1445 012e 756E7369 		.ascii	"unsigned char\000"
 1445      676E6564 
 1445      20636861 
 1445      7200
 1446              	.LASF17:
 1447 013c 646F7562 		.ascii	"double\000"
 1447      6C6500
 1448              	.LASF27:
 1449 0143 6366675F 		.ascii	"cfg_write_bytes32\000"
 1449      77726974 
 1449      655F6279 
 1449      74657333 
 1449      3200
 1450              	.LASF43:
 1451 0155 63796669 		.ascii	"cyfitter_cfg\000"
 1451      74746572 
 1451      5F636667 
 1451      00
 1452              	.LASF28:
 1453 0162 61646472 		.ascii	"addr_table\000"
 1453      5F746162 
 1453      6C6500
 1454              	.LASF14:
ARM GAS  C:\Users\Jeremias\AppData\Local\Temp\ccpa3BLW.s 			page 34


 1455 016d 75696E74 		.ascii	"uint16\000"
 1455      313600
 1456              	.LASF29:
 1457 0174 64617461 		.ascii	"data_table\000"
 1457      5F746162 
 1457      6C6500
 1458              	.LASF15:
 1459 017f 75696E74 		.ascii	"uint32\000"
 1459      333200
 1460              	.LASF0:
 1461 0186 756E7369 		.ascii	"unsigned int\000"
 1461      676E6564 
 1461      20696E74 
 1461      00
 1462              	.LASF36:
 1463 0193 61646472 		.ascii	"address\000"
 1463      65737300 
 1464              	.LASF9:
 1465 019b 6C6F6E67 		.ascii	"long long unsigned int\000"
 1465      206C6F6E 
 1465      6720756E 
 1465      7369676E 
 1465      65642069 
 1466              	.LASF38:
 1467 01b2 6366675F 		.ascii	"cfg_memset_t\000"
 1467      6D656D73 
 1467      65745F74 
 1467      00
 1468              	.LASF30:
 1469 01bf 62617365 		.ascii	"baseAddr\000"
 1469      41646472 
 1469      00
 1470              	.LASF10:
 1471 01c8 73697A65 		.ascii	"sizetype\000"
 1471      74797065 
 1471      00
 1472              	.LASF6:
 1473 01d1 73686F72 		.ascii	"short unsigned int\000"
 1473      7420756E 
 1473      7369676E 
 1473      65642069 
 1473      6E7400
 1474              	.LASF1:
 1475 01e4 6C6F6E67 		.ascii	"long long int\000"
 1475      206C6F6E 
 1475      6720696E 
 1475      7400
 1476              	.LASF11:
 1477 01f2 63686172 		.ascii	"char\000"
 1477      00
 1478              	.LASF22:
 1479 01f7 63795F63 		.ascii	"cy_cfg_addrvalue_t\000"
 1479      66675F61 
 1479      64647276 
 1479      616C7565 
 1479      5F7400
 1480              	.LASF20:
ARM GAS  C:\Users\Jeremias\AppData\Local\Temp\ccpa3BLW.s 			page 35


 1481 020a 6F666673 		.ascii	"offset\000"
 1481      657400
 1482              	.LASF5:
 1483 0211 73686F72 		.ascii	"short int\000"
 1483      7420696E 
 1483      7400
 1484              	.LASF42:
 1485 021b 443A5C45 		.ascii	"D:\\ESCRITORIO\\Tesis MIB\\Proyecto de Tesis\\elect"
 1485      53435249 
 1485      544F5249 
 1485      4F5C5465 
 1485      73697320 
 1486 024a 726F6573 		.ascii	"roestimulador\\PSoC\\PRUEBAS\\SCB_Bootloader\\Bootl"
 1486      74696D75 
 1486      6C61646F 
 1486      725C5053 
 1486      6F435C50 
 1487 0279 6F616461 		.ascii	"oadable Blinking LED.cydsn\000"
 1487      626C6520 
 1487      426C696E 
 1487      6B696E67 
 1487      204C4544 
 1488              	.LASF7:
 1489 0294 6C6F6E67 		.ascii	"long int\000"
 1489      20696E74 
 1489      00
 1490              	.LASF2:
 1491 029d 6C6F6E67 		.ascii	"long double\000"
 1491      20646F75 
 1491      626C6500 
 1492              	.LASF3:
 1493 02a9 7369676E 		.ascii	"signed char\000"
 1493      65642063 
 1493      68617200 
 1494              	.LASF41:
 1495 02b5 47656E65 		.ascii	"Generated_Source\\PSoC4\\cyfitter_cfg.c\000"
 1495      72617465 
 1495      645F536F 
 1495      75726365 
 1495      5C50536F 
 1496              	.LASF26:
 1497 02db 4359434F 		.ascii	"CYCONFIGCPYCODE\000"
 1497      4E464947 
 1497      43505943 
 1497      4F444500 
 1498              	.LASF24:
 1499 02eb 4359434F 		.ascii	"CYCONFIGCPY\000"
 1499      4E464947 
 1499      43505900 
 1500              		.ident	"GCC: (GNU Tools for ARM Embedded Processors) 5.4.1 20160609 (release) [ARM/embedded-5-bran
