ARM GAS  C:\Users\Jeremias\AppData\Local\Temp\ccTdDQJ0.s 			page 1


   1              		.syntax unified
   2              		.cpu cortex-m0
   3              		.fpu softvfp
   4              		.eabi_attribute 20, 1
   5              		.eabi_attribute 21, 1
   6              		.eabi_attribute 23, 3
   7              		.eabi_attribute 24, 1
   8              		.eabi_attribute 25, 1
   9              		.eabi_attribute 26, 1
  10              		.eabi_attribute 30, 1
  11              		.eabi_attribute 34, 0
  12              		.eabi_attribute 18, 4
  13              		.thumb
  14              		.syntax unified
  15              		.file	"cyfitter_cfg.c"
  16              		.text
  17              	.Ltext0:
  18              		.cfi_sections	.debug_frame
  19              		.section	.text.cfg_write_bytes32,"ax",%progbits
  20              		.align	2
  21              		.code	16
  22              		.thumb_func
  23              		.type	cfg_write_bytes32, %function
  24              	cfg_write_bytes32:
  25              	.LFB3:
  26              		.file 1 "Generated_Source\\PSoC4\\cyfitter_cfg.c"
   1:Generated_Source\PSoC4/cyfitter_cfg.c **** 
   2:Generated_Source\PSoC4/cyfitter_cfg.c **** /*******************************************************************************
   3:Generated_Source\PSoC4/cyfitter_cfg.c **** * File Name: cyfitter_cfg.c
   4:Generated_Source\PSoC4/cyfitter_cfg.c **** * 
   5:Generated_Source\PSoC4/cyfitter_cfg.c **** * PSoC Creator  4.4
   6:Generated_Source\PSoC4/cyfitter_cfg.c **** *
   7:Generated_Source\PSoC4/cyfitter_cfg.c **** * Description:
   8:Generated_Source\PSoC4/cyfitter_cfg.c **** * This file contains device initialization code.
   9:Generated_Source\PSoC4/cyfitter_cfg.c **** * Except for the user defined sections in CyClockStartupError(), this file should not be modified.
  10:Generated_Source\PSoC4/cyfitter_cfg.c **** * This file is automatically generated by PSoC Creator.
  11:Generated_Source\PSoC4/cyfitter_cfg.c **** *
  12:Generated_Source\PSoC4/cyfitter_cfg.c **** ********************************************************************************
  13:Generated_Source\PSoC4/cyfitter_cfg.c **** * Copyright (c) 2007-2020 Cypress Semiconductor.  All rights reserved.
  14:Generated_Source\PSoC4/cyfitter_cfg.c **** * You may use this file only in accordance with the license, terms, conditions, 
  15:Generated_Source\PSoC4/cyfitter_cfg.c **** * disclaimers, and limitations in the end user license agreement accompanying 
  16:Generated_Source\PSoC4/cyfitter_cfg.c **** * the software package with which this file was provided.
  17:Generated_Source\PSoC4/cyfitter_cfg.c **** ********************************************************************************/
  18:Generated_Source\PSoC4/cyfitter_cfg.c **** 
  19:Generated_Source\PSoC4/cyfitter_cfg.c **** #include <string.h>
  20:Generated_Source\PSoC4/cyfitter_cfg.c **** #include "cytypes.h"
  21:Generated_Source\PSoC4/cyfitter_cfg.c **** #include "cydevice_trm.h"
  22:Generated_Source\PSoC4/cyfitter_cfg.c **** #include "cyfitter.h"
  23:Generated_Source\PSoC4/cyfitter_cfg.c **** #include "CyLib.h"
  24:Generated_Source\PSoC4/cyfitter_cfg.c **** #include "CyLFClk.h"
  25:Generated_Source\PSoC4/cyfitter_cfg.c **** #include "cyfitter_cfg.h"
  26:Generated_Source\PSoC4/cyfitter_cfg.c **** #include "cyapicallbacks.h"
  27:Generated_Source\PSoC4/cyfitter_cfg.c **** 
  28:Generated_Source\PSoC4/cyfitter_cfg.c **** 
  29:Generated_Source\PSoC4/cyfitter_cfg.c **** #if defined(__GNUC__) || defined(__ARMCC_VERSION)
  30:Generated_Source\PSoC4/cyfitter_cfg.c ****     #define CYPACKED 
  31:Generated_Source\PSoC4/cyfitter_cfg.c ****     #define CYPACKED_ATTR __attribute__ ((packed))
ARM GAS  C:\Users\Jeremias\AppData\Local\Temp\ccTdDQJ0.s 			page 2


  32:Generated_Source\PSoC4/cyfitter_cfg.c ****     #define CYALIGNED __attribute__ ((aligned))
  33:Generated_Source\PSoC4/cyfitter_cfg.c ****     #define CY_CFG_UNUSED __attribute__ ((unused))
  34:Generated_Source\PSoC4/cyfitter_cfg.c ****     #ifndef CY_CFG_SECTION
  35:Generated_Source\PSoC4/cyfitter_cfg.c ****         #define CY_CFG_SECTION __attribute__ ((section(".psocinit")))
  36:Generated_Source\PSoC4/cyfitter_cfg.c ****     #endif
  37:Generated_Source\PSoC4/cyfitter_cfg.c ****     
  38:Generated_Source\PSoC4/cyfitter_cfg.c ****     #if defined(__ARMCC_VERSION)
  39:Generated_Source\PSoC4/cyfitter_cfg.c ****         #define CY_CFG_MEMORY_BARRIER() __memory_changed()
  40:Generated_Source\PSoC4/cyfitter_cfg.c ****     #else
  41:Generated_Source\PSoC4/cyfitter_cfg.c ****         #define CY_CFG_MEMORY_BARRIER() __sync_synchronize()
  42:Generated_Source\PSoC4/cyfitter_cfg.c ****     #endif
  43:Generated_Source\PSoC4/cyfitter_cfg.c ****     
  44:Generated_Source\PSoC4/cyfitter_cfg.c **** #elif defined(__ICCARM__)
  45:Generated_Source\PSoC4/cyfitter_cfg.c ****     #include <intrinsics.h>
  46:Generated_Source\PSoC4/cyfitter_cfg.c **** 
  47:Generated_Source\PSoC4/cyfitter_cfg.c ****     #define CYPACKED __packed
  48:Generated_Source\PSoC4/cyfitter_cfg.c ****     #define CYPACKED_ATTR 
  49:Generated_Source\PSoC4/cyfitter_cfg.c ****     #define CYALIGNED _Pragma("data_alignment=4")
  50:Generated_Source\PSoC4/cyfitter_cfg.c ****     #define CY_CFG_UNUSED _Pragma("diag_suppress=Pe177")
  51:Generated_Source\PSoC4/cyfitter_cfg.c ****     #define CY_CFG_SECTION _Pragma("location=\".psocinit\"")
  52:Generated_Source\PSoC4/cyfitter_cfg.c ****     
  53:Generated_Source\PSoC4/cyfitter_cfg.c ****     #define CY_CFG_MEMORY_BARRIER() __DMB()
  54:Generated_Source\PSoC4/cyfitter_cfg.c ****     
  55:Generated_Source\PSoC4/cyfitter_cfg.c **** #else
  56:Generated_Source\PSoC4/cyfitter_cfg.c ****     #error Unsupported toolchain
  57:Generated_Source\PSoC4/cyfitter_cfg.c **** #endif
  58:Generated_Source\PSoC4/cyfitter_cfg.c **** 
  59:Generated_Source\PSoC4/cyfitter_cfg.c **** #ifndef CYCODE
  60:Generated_Source\PSoC4/cyfitter_cfg.c ****     #define CYCODE
  61:Generated_Source\PSoC4/cyfitter_cfg.c **** #endif
  62:Generated_Source\PSoC4/cyfitter_cfg.c **** #ifndef CYDATA
  63:Generated_Source\PSoC4/cyfitter_cfg.c ****     #define CYDATA
  64:Generated_Source\PSoC4/cyfitter_cfg.c **** #endif
  65:Generated_Source\PSoC4/cyfitter_cfg.c **** #ifndef CYFAR
  66:Generated_Source\PSoC4/cyfitter_cfg.c ****     #define CYFAR
  67:Generated_Source\PSoC4/cyfitter_cfg.c **** #endif
  68:Generated_Source\PSoC4/cyfitter_cfg.c **** #ifndef CYXDATA
  69:Generated_Source\PSoC4/cyfitter_cfg.c ****     #define CYXDATA
  70:Generated_Source\PSoC4/cyfitter_cfg.c **** #endif
  71:Generated_Source\PSoC4/cyfitter_cfg.c **** 
  72:Generated_Source\PSoC4/cyfitter_cfg.c **** 
  73:Generated_Source\PSoC4/cyfitter_cfg.c **** CY_CFG_UNUSED
  74:Generated_Source\PSoC4/cyfitter_cfg.c **** static void CYMEMZERO(void *s, size_t n);
  75:Generated_Source\PSoC4/cyfitter_cfg.c **** CY_CFG_UNUSED
  76:Generated_Source\PSoC4/cyfitter_cfg.c **** static void CYMEMZERO(void *s, size_t n)
  77:Generated_Source\PSoC4/cyfitter_cfg.c **** {
  78:Generated_Source\PSoC4/cyfitter_cfg.c **** 	(void)memset(s, 0, n);
  79:Generated_Source\PSoC4/cyfitter_cfg.c **** }
  80:Generated_Source\PSoC4/cyfitter_cfg.c **** CY_CFG_UNUSED
  81:Generated_Source\PSoC4/cyfitter_cfg.c **** static void CYCONFIGCPY(void *dest, const void *src, size_t n);
  82:Generated_Source\PSoC4/cyfitter_cfg.c **** CY_CFG_UNUSED
  83:Generated_Source\PSoC4/cyfitter_cfg.c **** static void CYCONFIGCPY(void *dest, const void *src, size_t n)
  84:Generated_Source\PSoC4/cyfitter_cfg.c **** {
  85:Generated_Source\PSoC4/cyfitter_cfg.c **** 	(void)memcpy(dest, src, n);
  86:Generated_Source\PSoC4/cyfitter_cfg.c **** }
  87:Generated_Source\PSoC4/cyfitter_cfg.c **** CY_CFG_UNUSED
  88:Generated_Source\PSoC4/cyfitter_cfg.c **** static void CYCONFIGCPYCODE(void *dest, const void *src, size_t n);
ARM GAS  C:\Users\Jeremias\AppData\Local\Temp\ccTdDQJ0.s 			page 3


  89:Generated_Source\PSoC4/cyfitter_cfg.c **** CY_CFG_UNUSED
  90:Generated_Source\PSoC4/cyfitter_cfg.c **** static void CYCONFIGCPYCODE(void *dest, const void *src, size_t n)
  91:Generated_Source\PSoC4/cyfitter_cfg.c **** {
  92:Generated_Source\PSoC4/cyfitter_cfg.c **** 	(void)memcpy(dest, src, n);
  93:Generated_Source\PSoC4/cyfitter_cfg.c **** }
  94:Generated_Source\PSoC4/cyfitter_cfg.c **** 
  95:Generated_Source\PSoC4/cyfitter_cfg.c **** 
  96:Generated_Source\PSoC4/cyfitter_cfg.c **** 
  97:Generated_Source\PSoC4/cyfitter_cfg.c **** 
  98:Generated_Source\PSoC4/cyfitter_cfg.c **** /* Clock startup error codes                                                   */
  99:Generated_Source\PSoC4/cyfitter_cfg.c **** #define CYCLOCKSTART_NO_ERROR    0u
 100:Generated_Source\PSoC4/cyfitter_cfg.c **** #define CYCLOCKSTART_XTAL_ERROR  1u
 101:Generated_Source\PSoC4/cyfitter_cfg.c **** #define CYCLOCKSTART_32KHZ_ERROR 2u
 102:Generated_Source\PSoC4/cyfitter_cfg.c **** #define CYCLOCKSTART_PLL_ERROR   3u
 103:Generated_Source\PSoC4/cyfitter_cfg.c **** #define CYCLOCKSTART_FLL_ERROR   4u
 104:Generated_Source\PSoC4/cyfitter_cfg.c **** #define CYCLOCKSTART_WCO_ERROR   5u
 105:Generated_Source\PSoC4/cyfitter_cfg.c **** 
 106:Generated_Source\PSoC4/cyfitter_cfg.c **** 
 107:Generated_Source\PSoC4/cyfitter_cfg.c **** #ifdef CY_NEED_CYCLOCKSTARTUPERROR
 108:Generated_Source\PSoC4/cyfitter_cfg.c **** /*******************************************************************************
 109:Generated_Source\PSoC4/cyfitter_cfg.c **** * Function Name: CyClockStartupError
 110:Generated_Source\PSoC4/cyfitter_cfg.c **** ********************************************************************************
 111:Generated_Source\PSoC4/cyfitter_cfg.c **** * Summary:
 112:Generated_Source\PSoC4/cyfitter_cfg.c **** *  If an error is encountered during clock configuration (crystal startup error,
 113:Generated_Source\PSoC4/cyfitter_cfg.c **** *  PLL lock error, etc.), the system will end up here.  Unless reimplemented by
 114:Generated_Source\PSoC4/cyfitter_cfg.c **** *  the customer, this function will stop in an infinite loop.
 115:Generated_Source\PSoC4/cyfitter_cfg.c **** *
 116:Generated_Source\PSoC4/cyfitter_cfg.c **** * Parameters:
 117:Generated_Source\PSoC4/cyfitter_cfg.c **** *   void
 118:Generated_Source\PSoC4/cyfitter_cfg.c **** *
 119:Generated_Source\PSoC4/cyfitter_cfg.c **** * Return:
 120:Generated_Source\PSoC4/cyfitter_cfg.c **** *   void
 121:Generated_Source\PSoC4/cyfitter_cfg.c **** *
 122:Generated_Source\PSoC4/cyfitter_cfg.c **** *******************************************************************************/
 123:Generated_Source\PSoC4/cyfitter_cfg.c **** CY_CFG_UNUSED
 124:Generated_Source\PSoC4/cyfitter_cfg.c **** static void CyClockStartupError(uint8 errorCode);
 125:Generated_Source\PSoC4/cyfitter_cfg.c **** CY_CFG_UNUSED
 126:Generated_Source\PSoC4/cyfitter_cfg.c **** static void CyClockStartupError(uint8 errorCode)
 127:Generated_Source\PSoC4/cyfitter_cfg.c **** {
 128:Generated_Source\PSoC4/cyfitter_cfg.c ****     /* To remove the compiler warning if errorCode not used.                */
 129:Generated_Source\PSoC4/cyfitter_cfg.c ****     errorCode = errorCode;
 130:Generated_Source\PSoC4/cyfitter_cfg.c **** 
 131:Generated_Source\PSoC4/cyfitter_cfg.c ****     /* If we have a clock startup error (bad MHz crystal, PLL lock, etc.),  */
 132:Generated_Source\PSoC4/cyfitter_cfg.c ****     /* we will end up here to allow the customer to implement something to  */
 133:Generated_Source\PSoC4/cyfitter_cfg.c ****     /* deal with the clock condition.                                       */
 134:Generated_Source\PSoC4/cyfitter_cfg.c **** 
 135:Generated_Source\PSoC4/cyfitter_cfg.c **** #ifdef CY_CFG_CLOCK_STARTUP_ERROR_CALLBACK
 136:Generated_Source\PSoC4/cyfitter_cfg.c ****     CY_CFG_Clock_Startup_ErrorCallback();
 137:Generated_Source\PSoC4/cyfitter_cfg.c **** #else
 138:Generated_Source\PSoC4/cyfitter_cfg.c ****     /*  If not using CY_CFG_CLOCK_STARTUP_ERROR_CALLBACK, place your clock startup code here. */
 139:Generated_Source\PSoC4/cyfitter_cfg.c ****     /* `#START CyClockStartupError` */
 140:Generated_Source\PSoC4/cyfitter_cfg.c **** 
 141:Generated_Source\PSoC4/cyfitter_cfg.c **** 
 142:Generated_Source\PSoC4/cyfitter_cfg.c **** 
 143:Generated_Source\PSoC4/cyfitter_cfg.c ****     /* `#END` */
 144:Generated_Source\PSoC4/cyfitter_cfg.c **** 
 145:Generated_Source\PSoC4/cyfitter_cfg.c ****     while(1) {}
ARM GAS  C:\Users\Jeremias\AppData\Local\Temp\ccTdDQJ0.s 			page 4


 146:Generated_Source\PSoC4/cyfitter_cfg.c **** #endif /* CY_CFG_CLOCK_STARTUP_ERROR_CALLBACK */
 147:Generated_Source\PSoC4/cyfitter_cfg.c **** }
 148:Generated_Source\PSoC4/cyfitter_cfg.c **** #endif
 149:Generated_Source\PSoC4/cyfitter_cfg.c **** 
 150:Generated_Source\PSoC4/cyfitter_cfg.c **** #define CY_CFG_BASE_ADDR_COUNT 6u
 151:Generated_Source\PSoC4/cyfitter_cfg.c **** CYPACKED typedef struct
 152:Generated_Source\PSoC4/cyfitter_cfg.c **** {
 153:Generated_Source\PSoC4/cyfitter_cfg.c **** 	uint8 offset;
 154:Generated_Source\PSoC4/cyfitter_cfg.c **** 	uint8 value;
 155:Generated_Source\PSoC4/cyfitter_cfg.c **** } CYPACKED_ATTR cy_cfg_addrvalue_t;
 156:Generated_Source\PSoC4/cyfitter_cfg.c **** 
 157:Generated_Source\PSoC4/cyfitter_cfg.c **** 
 158:Generated_Source\PSoC4/cyfitter_cfg.c **** 
 159:Generated_Source\PSoC4/cyfitter_cfg.c **** /*******************************************************************************
 160:Generated_Source\PSoC4/cyfitter_cfg.c **** * Function Name: cfg_write_bytes32
 161:Generated_Source\PSoC4/cyfitter_cfg.c **** ********************************************************************************
 162:Generated_Source\PSoC4/cyfitter_cfg.c **** * Summary:
 163:Generated_Source\PSoC4/cyfitter_cfg.c **** *  This function is used for setting up the chip configuration areas that
 164:Generated_Source\PSoC4/cyfitter_cfg.c **** *  contain relatively sparse data.
 165:Generated_Source\PSoC4/cyfitter_cfg.c **** *
 166:Generated_Source\PSoC4/cyfitter_cfg.c **** * Parameters:
 167:Generated_Source\PSoC4/cyfitter_cfg.c **** *   void
 168:Generated_Source\PSoC4/cyfitter_cfg.c **** *
 169:Generated_Source\PSoC4/cyfitter_cfg.c **** * Return:
 170:Generated_Source\PSoC4/cyfitter_cfg.c **** *   void
 171:Generated_Source\PSoC4/cyfitter_cfg.c **** *
 172:Generated_Source\PSoC4/cyfitter_cfg.c **** *******************************************************************************/
 173:Generated_Source\PSoC4/cyfitter_cfg.c **** static void cfg_write_bytes32(const uint32 addr_table[], const cy_cfg_addrvalue_t data_table[]);
 174:Generated_Source\PSoC4/cyfitter_cfg.c **** static void cfg_write_bytes32(const uint32 addr_table[], const cy_cfg_addrvalue_t data_table[])
 175:Generated_Source\PSoC4/cyfitter_cfg.c **** {
  27              		.loc 1 175 0
  28              		.cfi_startproc
  29              		@ args = 0, pretend = 0, frame = 0
  30              		@ frame_needed = 0, uses_anonymous_args = 0
  31              	.LVL0:
  32 0000 F0B5     		push	{r4, r5, r6, r7, lr}
  33              		.cfi_def_cfa_offset 20
  34              		.cfi_offset 4, -20
  35              		.cfi_offset 5, -16
  36              		.cfi_offset 6, -12
  37              		.cfi_offset 7, -8
  38              		.cfi_offset 14, -4
  39              	.LVL1:
 176:Generated_Source\PSoC4/cyfitter_cfg.c **** 	/* For 32-bit little-endian architectures */
 177:Generated_Source\PSoC4/cyfitter_cfg.c **** 	uint32 i, j = 0u;
  40              		.loc 1 177 0
  41 0002 0025     		movs	r5, #0
 178:Generated_Source\PSoC4/cyfitter_cfg.c **** 	for (i = 0u; i < CY_CFG_BASE_ADDR_COUNT; i++)
  42              		.loc 1 178 0
  43 0004 0027     		movs	r7, #0
  44 0006 11E0     		b	.L2
  45              	.LVL2:
  46              	.L5:
  47              	.LBB2:
 179:Generated_Source\PSoC4/cyfitter_cfg.c **** 	{
 180:Generated_Source\PSoC4/cyfitter_cfg.c **** 		uint32 baseAddr = addr_table[i];
  48              		.loc 1 180 0
ARM GAS  C:\Users\Jeremias\AppData\Local\Temp\ccTdDQJ0.s 			page 5


  49 0008 BB00     		lsls	r3, r7, #2
  50 000a C658     		ldr	r6, [r0, r3]
  51              	.LVL3:
 181:Generated_Source\PSoC4/cyfitter_cfg.c **** 		uint8 count = (uint8)baseAddr;
  52              		.loc 1 181 0
  53 000c F3B2     		uxtb	r3, r6
  54              	.LVL4:
 182:Generated_Source\PSoC4/cyfitter_cfg.c **** 		baseAddr &= 0xFFFFFF00u;
  55              		.loc 1 182 0
  56 000e FF22     		movs	r2, #255
  57 0010 9643     		bics	r6, r2
  58              	.LVL5:
 183:Generated_Source\PSoC4/cyfitter_cfg.c **** 		while (count != 0u)
  59              		.loc 1 183 0
  60 0012 08E0     		b	.L3
  61              	.L4:
 184:Generated_Source\PSoC4/cyfitter_cfg.c **** 		{
 185:Generated_Source\PSoC4/cyfitter_cfg.c **** 			CY_SET_REG8((void *)(baseAddr + data_table[j].offset), data_table[j].value);
  62              		.loc 1 185 0
  63 0014 6A00     		lsls	r2, r5, #1
  64 0016 8A18     		adds	r2, r1, r2
  65 0018 1478     		ldrb	r4, [r2]
  66 001a A419     		adds	r4, r4, r6
  67 001c 5278     		ldrb	r2, [r2, #1]
  68 001e 2270     		strb	r2, [r4]
 186:Generated_Source\PSoC4/cyfitter_cfg.c **** 			j++;
  69              		.loc 1 186 0
  70 0020 0135     		adds	r5, r5, #1
  71              	.LVL6:
 187:Generated_Source\PSoC4/cyfitter_cfg.c **** 			count--;
  72              		.loc 1 187 0
  73 0022 013B     		subs	r3, r3, #1
  74              	.LVL7:
  75 0024 DBB2     		uxtb	r3, r3
  76              	.LVL8:
  77              	.L3:
 183:Generated_Source\PSoC4/cyfitter_cfg.c **** 		{
  78              		.loc 1 183 0
  79 0026 002B     		cmp	r3, #0
  80 0028 F4D1     		bne	.L4
  81              	.LBE2:
 178:Generated_Source\PSoC4/cyfitter_cfg.c **** 	{
  82              		.loc 1 178 0 discriminator 2
  83 002a 0137     		adds	r7, r7, #1
  84              	.LVL9:
  85              	.L2:
 178:Generated_Source\PSoC4/cyfitter_cfg.c **** 	{
  86              		.loc 1 178 0 is_stmt 0 discriminator 1
  87 002c 052F     		cmp	r7, #5
  88 002e EBD9     		bls	.L5
 188:Generated_Source\PSoC4/cyfitter_cfg.c **** 		}
 189:Generated_Source\PSoC4/cyfitter_cfg.c **** 	}
 190:Generated_Source\PSoC4/cyfitter_cfg.c **** }
  89              		.loc 1 190 0 is_stmt 1
  90              		@ sp needed
  91              	.LVL10:
  92              	.LVL11:
ARM GAS  C:\Users\Jeremias\AppData\Local\Temp\ccTdDQJ0.s 			page 6


  93 0030 F0BD     		pop	{r4, r5, r6, r7, pc}
  94              		.cfi_endproc
  95              	.LFE3:
  96              		.size	cfg_write_bytes32, .-cfg_write_bytes32
  97 0032 C046     		.section	.text.CYMEMZERO,"ax",%progbits
  98              		.align	2
  99              		.code	16
 100              		.thumb_func
 101              		.type	CYMEMZERO, %function
 102              	CYMEMZERO:
 103              	.LFB0:
  77:Generated_Source\PSoC4/cyfitter_cfg.c **** 	(void)memset(s, 0, n);
 104              		.loc 1 77 0
 105              		.cfi_startproc
 106              		@ args = 0, pretend = 0, frame = 0
 107              		@ frame_needed = 0, uses_anonymous_args = 0
 108              	.LVL12:
 109 0000 10B5     		push	{r4, lr}
 110              		.cfi_def_cfa_offset 8
 111              		.cfi_offset 4, -8
 112              		.cfi_offset 14, -4
 113 0002 0A00     		movs	r2, r1
  78:Generated_Source\PSoC4/cyfitter_cfg.c **** }
 114              		.loc 1 78 0
 115 0004 0021     		movs	r1, #0
 116              	.LVL13:
 117 0006 FFF7FEFF 		bl	memset
 118              	.LVL14:
  79:Generated_Source\PSoC4/cyfitter_cfg.c **** CY_CFG_UNUSED
 119              		.loc 1 79 0
 120              		@ sp needed
 121 000a 10BD     		pop	{r4, pc}
 122              		.cfi_endproc
 123              	.LFE0:
 124              		.size	CYMEMZERO, .-CYMEMZERO
 125              		.section	.psocinit,"ax",%progbits
 126              		.align	2
 127              		.code	16
 128              		.thumb_func
 129              		.type	ClockSetup, %function
 130              	ClockSetup:
 131              	.LFB4:
 191:Generated_Source\PSoC4/cyfitter_cfg.c **** 
 192:Generated_Source\PSoC4/cyfitter_cfg.c **** 
 193:Generated_Source\PSoC4/cyfitter_cfg.c **** /*******************************************************************************
 194:Generated_Source\PSoC4/cyfitter_cfg.c **** * Function Name: ClockSetup
 195:Generated_Source\PSoC4/cyfitter_cfg.c **** ********************************************************************************
 196:Generated_Source\PSoC4/cyfitter_cfg.c **** *
 197:Generated_Source\PSoC4/cyfitter_cfg.c **** * Summary:
 198:Generated_Source\PSoC4/cyfitter_cfg.c **** *   Performs the initialization of all of the clocks in the device based on the
 199:Generated_Source\PSoC4/cyfitter_cfg.c **** *   settings in the Clock tab of the DWR.  This includes enabling the requested
 200:Generated_Source\PSoC4/cyfitter_cfg.c **** *   clocks and setting the necessary dividers to produce the desired frequency. 
 201:Generated_Source\PSoC4/cyfitter_cfg.c **** *
 202:Generated_Source\PSoC4/cyfitter_cfg.c **** * Parameters:
 203:Generated_Source\PSoC4/cyfitter_cfg.c **** *   void
 204:Generated_Source\PSoC4/cyfitter_cfg.c **** *
 205:Generated_Source\PSoC4/cyfitter_cfg.c **** * Return:
ARM GAS  C:\Users\Jeremias\AppData\Local\Temp\ccTdDQJ0.s 			page 7


 206:Generated_Source\PSoC4/cyfitter_cfg.c **** *   void
 207:Generated_Source\PSoC4/cyfitter_cfg.c **** *
 208:Generated_Source\PSoC4/cyfitter_cfg.c **** *******************************************************************************/
 209:Generated_Source\PSoC4/cyfitter_cfg.c **** static void ClockSetup(void);
 210:Generated_Source\PSoC4/cyfitter_cfg.c **** CY_CFG_SECTION
 211:Generated_Source\PSoC4/cyfitter_cfg.c **** static void ClockSetup(void)
 212:Generated_Source\PSoC4/cyfitter_cfg.c **** {
 132              		.loc 1 212 0
 133              		.cfi_startproc
 134              		@ args = 0, pretend = 0, frame = 0
 135              		@ frame_needed = 0, uses_anonymous_args = 0
 136 0000 70B5     		push	{r4, r5, r6, lr}
 137              		.cfi_def_cfa_offset 16
 138              		.cfi_offset 4, -16
 139              		.cfi_offset 5, -12
 140              		.cfi_offset 6, -8
 141              		.cfi_offset 14, -4
 213:Generated_Source\PSoC4/cyfitter_cfg.c **** 	/* Enable HALF_EN before trimming for the flash accelerator. */
 214:Generated_Source\PSoC4/cyfitter_cfg.c **** 	CY_SET_REG32((void CYXDATA *)(CYREG_CLK_SELECT), (CY_GET_REG32((void *)CYREG_CLK_SELECT) | 0x00040
 142              		.loc 1 214 0
 143 0002 0F4C     		ldr	r4, .L8
 144 0004 2368     		ldr	r3, [r4]
 145 0006 8022     		movs	r2, #128
 146 0008 D202     		lsls	r2, r2, #11
 147 000a 1343     		orrs	r3, r2
 148 000c 2360     		str	r3, [r4]
 215:Generated_Source\PSoC4/cyfitter_cfg.c **** 
 216:Generated_Source\PSoC4/cyfitter_cfg.c **** 	/* Setup and trim IMO based on desired frequency. */
 217:Generated_Source\PSoC4/cyfitter_cfg.c **** 	CySysClkWriteImoFreq(24u);
 149              		.loc 1 217 0
 150 000e 1820     		movs	r0, #24
 151 0010 FFF7FEFF 		bl	CySysClkWriteImoFreq
 152              	.LVL15:
 218:Generated_Source\PSoC4/cyfitter_cfg.c **** 
 219:Generated_Source\PSoC4/cyfitter_cfg.c **** 	/* Disable HALF_EN since it is not required at this IMO frequency. */
 220:Generated_Source\PSoC4/cyfitter_cfg.c **** 	CY_SET_REG32((void CYXDATA *)(CYREG_CLK_SELECT), (CY_GET_REG32((void *)CYREG_CLK_SELECT) & 0xFFFBF
 153              		.loc 1 220 0
 154 0014 2268     		ldr	r2, [r4]
 155 0016 0B4B     		ldr	r3, .L8+4
 156 0018 1340     		ands	r3, r2
 157 001a 2360     		str	r3, [r4]
 221:Generated_Source\PSoC4/cyfitter_cfg.c **** 	/* CYDEV_CLK_ILO_CONFIG Starting address: CYDEV_CLK_ILO_CONFIG */
 222:Generated_Source\PSoC4/cyfitter_cfg.c **** 	CY_SET_REG32((void *)(CYREG_CLK_ILO_CONFIG), 0x80000006u);
 158              		.loc 1 222 0
 159 001c 0A4A     		ldr	r2, .L8+8
 160 001e 0B4B     		ldr	r3, .L8+12
 161 0020 1A60     		str	r2, [r3]
 223:Generated_Source\PSoC4/cyfitter_cfg.c **** 
 224:Generated_Source\PSoC4/cyfitter_cfg.c **** 
 225:Generated_Source\PSoC4/cyfitter_cfg.c **** 	/* CYDEV_CLK_IMO_CONFIG Starting address: CYDEV_CLK_IMO_CONFIG */
 226:Generated_Source\PSoC4/cyfitter_cfg.c **** 	CY_SET_REG32((void *)(CYREG_CLK_IMO_CONFIG), 0x80000000u);
 162              		.loc 1 226 0
 163 0022 063A     		subs	r2, r2, #6
 164 0024 0A4B     		ldr	r3, .L8+16
 165 0026 1A60     		str	r2, [r3]
 227:Generated_Source\PSoC4/cyfitter_cfg.c **** 
 228:Generated_Source\PSoC4/cyfitter_cfg.c **** 	/* CYDEV_CLK_SELECT Starting address: CYDEV_CLK_SELECT */
ARM GAS  C:\Users\Jeremias\AppData\Local\Temp\ccTdDQJ0.s 			page 8


 229:Generated_Source\PSoC4/cyfitter_cfg.c **** 	CY_SET_REG32((void *)(CYREG_CLK_SELECT), 0x00000000u);
 166              		.loc 1 229 0
 167 0028 0025     		movs	r5, #0
 168 002a 2560     		str	r5, [r4]
 230:Generated_Source\PSoC4/cyfitter_cfg.c **** 
 231:Generated_Source\PSoC4/cyfitter_cfg.c **** 	(void)CyIntSetVector(9u, &CySysWdtIsr);
 169              		.loc 1 231 0
 170 002c 0949     		ldr	r1, .L8+20
 171 002e 0920     		movs	r0, #9
 172 0030 FFF7FEFF 		bl	CyIntSetVector
 173              	.LVL16:
 232:Generated_Source\PSoC4/cyfitter_cfg.c **** 	CyIntEnable(9u);
 174              		.loc 1 232 0
 175 0034 0920     		movs	r0, #9
 176 0036 FFF7FEFF 		bl	CyIntEnable
 177              	.LVL17:
 233:Generated_Source\PSoC4/cyfitter_cfg.c **** 	CY_SET_REG32((void *)(CYREG_WDT_CONFIG), 0x00000000u);
 178              		.loc 1 233 0
 179 003a 074B     		ldr	r3, .L8+24
 180 003c 1D60     		str	r5, [r3]
 234:Generated_Source\PSoC4/cyfitter_cfg.c **** }
 181              		.loc 1 234 0
 182              		@ sp needed
 183 003e 70BD     		pop	{r4, r5, r6, pc}
 184              	.L9:
 185              		.align	2
 186              	.L8:
 187 0040 00010B40 		.word	1074462976
 188 0044 FFFFFBFF 		.word	-262145
 189 0048 06000080 		.word	-2147483642
 190 004c 04010B40 		.word	1074462980
 191 0050 08010B40 		.word	1074462984
 192 0054 00000000 		.word	CySysWdtIsr
 193 0058 0C020B40 		.word	1074463244
 194              		.cfi_endproc
 195              	.LFE4:
 196              		.size	ClockSetup, .-ClockSetup
 197              		.section	.text.SetAnalogRoutingPumps,"ax",%progbits
 198              		.align	2
 199              		.global	SetAnalogRoutingPumps
 200              		.code	16
 201              		.thumb_func
 202              		.type	SetAnalogRoutingPumps, %function
 203              	SetAnalogRoutingPumps:
 204              	.LFB6:
 235:Generated_Source\PSoC4/cyfitter_cfg.c **** 
 236:Generated_Source\PSoC4/cyfitter_cfg.c **** 
 237:Generated_Source\PSoC4/cyfitter_cfg.c **** /* Analog API Functions */
 238:Generated_Source\PSoC4/cyfitter_cfg.c **** 
 239:Generated_Source\PSoC4/cyfitter_cfg.c **** 
 240:Generated_Source\PSoC4/cyfitter_cfg.c **** /*******************************************************************************
 241:Generated_Source\PSoC4/cyfitter_cfg.c **** * Function Name: AnalogSetDefault
 242:Generated_Source\PSoC4/cyfitter_cfg.c **** ********************************************************************************
 243:Generated_Source\PSoC4/cyfitter_cfg.c **** *
 244:Generated_Source\PSoC4/cyfitter_cfg.c **** * Summary:
 245:Generated_Source\PSoC4/cyfitter_cfg.c **** *  Sets up the analog portions of the chip to default values based on chip
 246:Generated_Source\PSoC4/cyfitter_cfg.c **** *  configuration options from the project.
ARM GAS  C:\Users\Jeremias\AppData\Local\Temp\ccTdDQJ0.s 			page 9


 247:Generated_Source\PSoC4/cyfitter_cfg.c **** *
 248:Generated_Source\PSoC4/cyfitter_cfg.c **** * Parameters:
 249:Generated_Source\PSoC4/cyfitter_cfg.c **** *  void
 250:Generated_Source\PSoC4/cyfitter_cfg.c **** *
 251:Generated_Source\PSoC4/cyfitter_cfg.c **** * Return:
 252:Generated_Source\PSoC4/cyfitter_cfg.c **** *  void
 253:Generated_Source\PSoC4/cyfitter_cfg.c **** *
 254:Generated_Source\PSoC4/cyfitter_cfg.c **** *******************************************************************************/
 255:Generated_Source\PSoC4/cyfitter_cfg.c **** static void AnalogSetDefault(void);
 256:Generated_Source\PSoC4/cyfitter_cfg.c **** static void AnalogSetDefault(void)
 257:Generated_Source\PSoC4/cyfitter_cfg.c **** {
 258:Generated_Source\PSoC4/cyfitter_cfg.c **** 	SetAnalogRoutingPumps(1);
 259:Generated_Source\PSoC4/cyfitter_cfg.c **** }
 260:Generated_Source\PSoC4/cyfitter_cfg.c **** 
 261:Generated_Source\PSoC4/cyfitter_cfg.c **** 
 262:Generated_Source\PSoC4/cyfitter_cfg.c **** /*******************************************************************************
 263:Generated_Source\PSoC4/cyfitter_cfg.c **** * Function Name: SetAnalogRoutingPumps
 264:Generated_Source\PSoC4/cyfitter_cfg.c **** ********************************************************************************
 265:Generated_Source\PSoC4/cyfitter_cfg.c **** *
 266:Generated_Source\PSoC4/cyfitter_cfg.c **** * Summary:
 267:Generated_Source\PSoC4/cyfitter_cfg.c **** * Enables or disables the analog pumps feeding analog routing switches.
 268:Generated_Source\PSoC4/cyfitter_cfg.c **** * Intended to be called at startup, based on the Vdda system configuration;
 269:Generated_Source\PSoC4/cyfitter_cfg.c **** * may be called during operation when the user informs us that the Vdda voltage crossed the pump th
 270:Generated_Source\PSoC4/cyfitter_cfg.c **** *
 271:Generated_Source\PSoC4/cyfitter_cfg.c **** * Parameters:
 272:Generated_Source\PSoC4/cyfitter_cfg.c **** *  enabled - 1 to enable the pumps, 0 to disable the pumps
 273:Generated_Source\PSoC4/cyfitter_cfg.c **** *
 274:Generated_Source\PSoC4/cyfitter_cfg.c **** * Return:
 275:Generated_Source\PSoC4/cyfitter_cfg.c **** *  void
 276:Generated_Source\PSoC4/cyfitter_cfg.c **** *
 277:Generated_Source\PSoC4/cyfitter_cfg.c **** *******************************************************************************/
 278:Generated_Source\PSoC4/cyfitter_cfg.c **** void SetAnalogRoutingPumps(uint8 enabled)
 279:Generated_Source\PSoC4/cyfitter_cfg.c **** {
 205              		.loc 1 279 0
 206              		.cfi_startproc
 207              		@ args = 0, pretend = 0, frame = 0
 208              		@ frame_needed = 0, uses_anonymous_args = 0
 209              		@ link register save eliminated.
 210              	.LVL18:
 280:Generated_Source\PSoC4/cyfitter_cfg.c **** 	uint32 regValue = CY_GET_XTND_REG32((void *)(CYREG_SAR_PUMP_CTRL));
 211              		.loc 1 280 0
 212 0000 0C4B     		ldr	r3, .L15
 213 0002 1B68     		ldr	r3, [r3]
 214              	.LVL19:
 281:Generated_Source\PSoC4/cyfitter_cfg.c **** 	if (enabled != 0u)
 215              		.loc 1 281 0
 216 0004 0028     		cmp	r0, #0
 217 0006 03D0     		beq	.L11
 282:Generated_Source\PSoC4/cyfitter_cfg.c **** 	{
 283:Generated_Source\PSoC4/cyfitter_cfg.c **** 		regValue |= 0x80000000u;
 218              		.loc 1 283 0
 219 0008 8022     		movs	r2, #128
 220 000a 1206     		lsls	r2, r2, #24
 221 000c 1343     		orrs	r3, r2
 222              	.LVL20:
 223 000e 01E0     		b	.L12
 224              	.L11:
ARM GAS  C:\Users\Jeremias\AppData\Local\Temp\ccTdDQJ0.s 			page 10


 284:Generated_Source\PSoC4/cyfitter_cfg.c **** 	}
 285:Generated_Source\PSoC4/cyfitter_cfg.c **** 	else
 286:Generated_Source\PSoC4/cyfitter_cfg.c **** 	{
 287:Generated_Source\PSoC4/cyfitter_cfg.c **** 		regValue &= ~0x80000000u;
 225              		.loc 1 287 0
 226 0010 5B00     		lsls	r3, r3, #1
 227              	.LVL21:
 228 0012 5B08     		lsrs	r3, r3, #1
 229              	.LVL22:
 230              	.L12:
 288:Generated_Source\PSoC4/cyfitter_cfg.c **** 	}
 289:Generated_Source\PSoC4/cyfitter_cfg.c **** 	CY_SET_XTND_REG32((void *)(CYREG_SAR_PUMP_CTRL), regValue);
 231              		.loc 1 289 0
 232 0014 074A     		ldr	r2, .L15
 233 0016 1360     		str	r3, [r2]
 290:Generated_Source\PSoC4/cyfitter_cfg.c **** 	regValue = CY_GET_XTND_REG32((void *)(CYREG_CLK_IMO_CONFIG));
 234              		.loc 1 290 0
 235 0018 074B     		ldr	r3, .L15+4
 236              	.LVL23:
 237 001a 1B68     		ldr	r3, [r3]
 238              	.LVL24:
 291:Generated_Source\PSoC4/cyfitter_cfg.c **** 	if (enabled != 0u)
 239              		.loc 1 291 0
 240 001c 0028     		cmp	r0, #0
 241 001e 03D0     		beq	.L13
 292:Generated_Source\PSoC4/cyfitter_cfg.c **** 	{
 293:Generated_Source\PSoC4/cyfitter_cfg.c **** 		regValue |= 0x02000000u;
 242              		.loc 1 293 0
 243 0020 8022     		movs	r2, #128
 244 0022 9204     		lsls	r2, r2, #18
 245 0024 1343     		orrs	r3, r2
 246              	.LVL25:
 247 0026 01E0     		b	.L14
 248              	.L13:
 294:Generated_Source\PSoC4/cyfitter_cfg.c **** 	}
 295:Generated_Source\PSoC4/cyfitter_cfg.c **** 	else
 296:Generated_Source\PSoC4/cyfitter_cfg.c **** 	{
 297:Generated_Source\PSoC4/cyfitter_cfg.c **** 		regValue &= ~0x02000000u;
 249              		.loc 1 297 0
 250 0028 044A     		ldr	r2, .L15+8
 251 002a 1340     		ands	r3, r2
 252              	.LVL26:
 253              	.L14:
 298:Generated_Source\PSoC4/cyfitter_cfg.c **** 	}
 299:Generated_Source\PSoC4/cyfitter_cfg.c **** 	CY_SET_XTND_REG32((void *)(CYREG_CLK_IMO_CONFIG), regValue);
 254              		.loc 1 299 0
 255 002c 024A     		ldr	r2, .L15+4
 256 002e 1360     		str	r3, [r2]
 300:Generated_Source\PSoC4/cyfitter_cfg.c **** }
 257              		.loc 1 300 0
 258              		@ sp needed
 259 0030 7047     		bx	lr
 260              	.L16:
 261 0032 C046     		.align	2
 262              	.L15:
 263 0034 80031A40 		.word	1075446656
 264 0038 08010B40 		.word	1074462984
ARM GAS  C:\Users\Jeremias\AppData\Local\Temp\ccTdDQJ0.s 			page 11


 265 003c FFFFFFFD 		.word	-33554433
 266              		.cfi_endproc
 267              	.LFE6:
 268              		.size	SetAnalogRoutingPumps, .-SetAnalogRoutingPumps
 269              		.section	.text.AnalogSetDefault,"ax",%progbits
 270              		.align	2
 271              		.code	16
 272              		.thumb_func
 273              		.type	AnalogSetDefault, %function
 274              	AnalogSetDefault:
 275              	.LFB5:
 257:Generated_Source\PSoC4/cyfitter_cfg.c **** 	SetAnalogRoutingPumps(1);
 276              		.loc 1 257 0
 277              		.cfi_startproc
 278              		@ args = 0, pretend = 0, frame = 0
 279              		@ frame_needed = 0, uses_anonymous_args = 0
 280 0000 10B5     		push	{r4, lr}
 281              		.cfi_def_cfa_offset 8
 282              		.cfi_offset 4, -8
 283              		.cfi_offset 14, -4
 258:Generated_Source\PSoC4/cyfitter_cfg.c **** }
 284              		.loc 1 258 0
 285 0002 0120     		movs	r0, #1
 286 0004 FFF7FEFF 		bl	SetAnalogRoutingPumps
 287              	.LVL27:
 259:Generated_Source\PSoC4/cyfitter_cfg.c **** 
 288              		.loc 1 259 0
 289              		@ sp needed
 290 0008 10BD     		pop	{r4, pc}
 291              		.cfi_endproc
 292              	.LFE5:
 293              		.size	AnalogSetDefault, .-AnalogSetDefault
 294              		.section	.psocinit
 295              		.align	2
 296              		.global	cyfitter_cfg
 297              		.code	16
 298              		.thumb_func
 299              		.type	cyfitter_cfg, %function
 300              	cyfitter_cfg:
 301              	.LFB7:
 301:Generated_Source\PSoC4/cyfitter_cfg.c **** 
 302:Generated_Source\PSoC4/cyfitter_cfg.c **** 
 303:Generated_Source\PSoC4/cyfitter_cfg.c **** 
 304:Generated_Source\PSoC4/cyfitter_cfg.c **** 
 305:Generated_Source\PSoC4/cyfitter_cfg.c **** /*******************************************************************************
 306:Generated_Source\PSoC4/cyfitter_cfg.c **** * Function Name: cyfitter_cfg
 307:Generated_Source\PSoC4/cyfitter_cfg.c **** ********************************************************************************
 308:Generated_Source\PSoC4/cyfitter_cfg.c **** * Summary:
 309:Generated_Source\PSoC4/cyfitter_cfg.c **** *  This function is called by the start-up code for the selected device. It
 310:Generated_Source\PSoC4/cyfitter_cfg.c **** *  performs all of the necessary device configuration based on the design
 311:Generated_Source\PSoC4/cyfitter_cfg.c **** *  settings.  This includes settings from the Design Wide Resources (DWR) such
 312:Generated_Source\PSoC4/cyfitter_cfg.c **** *  as Clocks and Pins as well as any component configuration that is necessary.
 313:Generated_Source\PSoC4/cyfitter_cfg.c **** *
 314:Generated_Source\PSoC4/cyfitter_cfg.c **** * Parameters:
 315:Generated_Source\PSoC4/cyfitter_cfg.c **** *   void
 316:Generated_Source\PSoC4/cyfitter_cfg.c **** *
 317:Generated_Source\PSoC4/cyfitter_cfg.c **** * Return:
ARM GAS  C:\Users\Jeremias\AppData\Local\Temp\ccTdDQJ0.s 			page 12


 318:Generated_Source\PSoC4/cyfitter_cfg.c **** *   void
 319:Generated_Source\PSoC4/cyfitter_cfg.c **** *
 320:Generated_Source\PSoC4/cyfitter_cfg.c **** *******************************************************************************/
 321:Generated_Source\PSoC4/cyfitter_cfg.c **** CY_CFG_SECTION
 322:Generated_Source\PSoC4/cyfitter_cfg.c **** void cyfitter_cfg(void)
 323:Generated_Source\PSoC4/cyfitter_cfg.c **** {
 302              		.loc 1 323 0
 303              		.cfi_startproc
 304              		@ args = 0, pretend = 0, frame = 0
 305              		@ frame_needed = 0, uses_anonymous_args = 0
 306 005c 10B5     		push	{r4, lr}
 307              		.cfi_def_cfa_offset 8
 308              		.cfi_offset 4, -8
 309              		.cfi_offset 14, -4
 324:Generated_Source\PSoC4/cyfitter_cfg.c **** 	/* Disable interrupts by default. Let user enable if/when they want. */
 325:Generated_Source\PSoC4/cyfitter_cfg.c **** 	CyGlobalIntDisable;
 310              		.loc 1 325 0
 311              		.syntax divided
 312              	@ 325 "Generated_Source\PSoC4\cyfitter_cfg.c" 1
 313 005e 72B6     		CPSID   i
 314              	@ 0 "" 2
 315              	.LVL28:
 316              		.thumb
 317              		.syntax unified
 318              	.LBB3:
 326:Generated_Source\PSoC4/cyfitter_cfg.c **** 
 327:Generated_Source\PSoC4/cyfitter_cfg.c **** 	{
 328:Generated_Source\PSoC4/cyfitter_cfg.c **** 		static const uint32 CYCODE cy_cfg_addr_table[] = {
 329:Generated_Source\PSoC4/cyfitter_cfg.c **** 			0x400F3004u, /* Base address: 0x400F3000 Count: 4 */
 330:Generated_Source\PSoC4/cyfitter_cfg.c **** 			0x400F3102u, /* Base address: 0x400F3100 Count: 2 */
 331:Generated_Source\PSoC4/cyfitter_cfg.c **** 			0x400F3302u, /* Base address: 0x400F3300 Count: 2 */
 332:Generated_Source\PSoC4/cyfitter_cfg.c **** 			0x400F4105u, /* Base address: 0x400F4100 Count: 5 */
 333:Generated_Source\PSoC4/cyfitter_cfg.c **** 			0x400F4202u, /* Base address: 0x400F4200 Count: 2 */
 334:Generated_Source\PSoC4/cyfitter_cfg.c **** 			0x400F4302u, /* Base address: 0x400F4300 Count: 2 */
 335:Generated_Source\PSoC4/cyfitter_cfg.c **** 		};
 336:Generated_Source\PSoC4/cyfitter_cfg.c **** 
 337:Generated_Source\PSoC4/cyfitter_cfg.c **** 		static const cy_cfg_addrvalue_t CYCODE cy_cfg_data_table[] = {
 338:Generated_Source\PSoC4/cyfitter_cfg.c **** 			{0x38u, 0x82u},
 339:Generated_Source\PSoC4/cyfitter_cfg.c **** 			{0x3Eu, 0x41u},
 340:Generated_Source\PSoC4/cyfitter_cfg.c **** 			{0x58u, 0x04u},
 341:Generated_Source\PSoC4/cyfitter_cfg.c **** 			{0x5Fu, 0x01u},
 342:Generated_Source\PSoC4/cyfitter_cfg.c **** 			{0x18u, 0x01u},
 343:Generated_Source\PSoC4/cyfitter_cfg.c **** 			{0x1Au, 0x80u},
 344:Generated_Source\PSoC4/cyfitter_cfg.c **** 			{0xAAu, 0x40u},
 345:Generated_Source\PSoC4/cyfitter_cfg.c **** 			{0xB4u, 0x01u},
 346:Generated_Source\PSoC4/cyfitter_cfg.c **** 			{0x5Bu, 0x40u},
 347:Generated_Source\PSoC4/cyfitter_cfg.c **** 			{0x9Bu, 0x40u},
 348:Generated_Source\PSoC4/cyfitter_cfg.c **** 			{0xABu, 0x40u},
 349:Generated_Source\PSoC4/cyfitter_cfg.c **** 			{0xD4u, 0x80u},
 350:Generated_Source\PSoC4/cyfitter_cfg.c **** 			{0xEEu, 0x80u},
 351:Generated_Source\PSoC4/cyfitter_cfg.c **** 			{0x6Cu, 0x40u},
 352:Generated_Source\PSoC4/cyfitter_cfg.c **** 			{0xDCu, 0x02u},
 353:Generated_Source\PSoC4/cyfitter_cfg.c **** 			{0xB4u, 0x40u},
 354:Generated_Source\PSoC4/cyfitter_cfg.c **** 			{0xECu, 0x08u},
 355:Generated_Source\PSoC4/cyfitter_cfg.c **** 		};
 356:Generated_Source\PSoC4/cyfitter_cfg.c **** 
 357:Generated_Source\PSoC4/cyfitter_cfg.c **** 
ARM GAS  C:\Users\Jeremias\AppData\Local\Temp\ccTdDQJ0.s 			page 13


 358:Generated_Source\PSoC4/cyfitter_cfg.c **** 
 359:Generated_Source\PSoC4/cyfitter_cfg.c **** 		CYPACKED typedef struct {
 360:Generated_Source\PSoC4/cyfitter_cfg.c **** 			void CYFAR *address;
 361:Generated_Source\PSoC4/cyfitter_cfg.c **** 			uint16 size;
 362:Generated_Source\PSoC4/cyfitter_cfg.c **** 		} CYPACKED_ATTR cfg_memset_t;
 363:Generated_Source\PSoC4/cyfitter_cfg.c **** 
 364:Generated_Source\PSoC4/cyfitter_cfg.c **** 		static const cfg_memset_t CYCODE cfg_memset_list[] = {
 365:Generated_Source\PSoC4/cyfitter_cfg.c **** 			/* address, size */
 366:Generated_Source\PSoC4/cyfitter_cfg.c **** 			{(void CYFAR *)(CYDEV_UDB_P0_U0_BASE), 1024u},
 367:Generated_Source\PSoC4/cyfitter_cfg.c **** 			{(void CYFAR *)(CYDEV_UDB_DSI0_BASE), 1024u},
 368:Generated_Source\PSoC4/cyfitter_cfg.c **** 		};
 369:Generated_Source\PSoC4/cyfitter_cfg.c **** 
 370:Generated_Source\PSoC4/cyfitter_cfg.c **** 		uint8 CYDATA i;
 371:Generated_Source\PSoC4/cyfitter_cfg.c **** 
 372:Generated_Source\PSoC4/cyfitter_cfg.c **** 		/* Zero out critical memory blocks before beginning configuration */
 373:Generated_Source\PSoC4/cyfitter_cfg.c **** 		for (i = 0u; i < (sizeof(cfg_memset_list)/sizeof(cfg_memset_list[0])); i++)
 319              		.loc 1 373 0
 320 0060 0024     		movs	r4, #0
 321 0062 0FE0     		b	.L19
 322              	.LVL29:
 323              	.L20:
 324              	.LBB4:
 374:Generated_Source\PSoC4/cyfitter_cfg.c **** 		{
 375:Generated_Source\PSoC4/cyfitter_cfg.c **** 			const cfg_memset_t CYCODE * CYDATA ms = &cfg_memset_list[i];
 376:Generated_Source\PSoC4/cyfitter_cfg.c **** 			CYMEMZERO(ms->address, (size_t)(uint32)(ms->size));
 325              		.loc 1 376 0 discriminator 3
 326 0064 2648     		ldr	r0, .L21
 327 0066 6200     		lsls	r2, r4, #1
 328 0068 1319     		adds	r3, r2, r4
 329 006a 5900     		lsls	r1, r3, #1
 330 006c 0B00     		movs	r3, r1
 331 006e 4118     		adds	r1, r0, r1
 332 0070 8988     		ldrh	r1, [r1, #4]
 333 0072 1A5A     		ldrh	r2, [r3, r0]
 334 0074 C318     		adds	r3, r0, r3
 335 0076 5888     		ldrh	r0, [r3, #2]
 336 0078 0004     		lsls	r0, r0, #16
 337 007a 1043     		orrs	r0, r2
 338 007c FFF7FEFF 		bl	CYMEMZERO
 339              	.LVL30:
 340              	.LBE4:
 373:Generated_Source\PSoC4/cyfitter_cfg.c **** 		{
 341              		.loc 1 373 0 discriminator 3
 342 0080 0134     		adds	r4, r4, #1
 343              	.LVL31:
 344 0082 E4B2     		uxtb	r4, r4
 345              	.LVL32:
 346              	.L19:
 373:Generated_Source\PSoC4/cyfitter_cfg.c **** 		{
 347              		.loc 1 373 0 is_stmt 0 discriminator 1
 348 0084 012C     		cmp	r4, #1
 349 0086 EDD9     		bls	.L20
 377:Generated_Source\PSoC4/cyfitter_cfg.c **** 		}
 378:Generated_Source\PSoC4/cyfitter_cfg.c **** 
 379:Generated_Source\PSoC4/cyfitter_cfg.c **** 		cfg_write_bytes32(cy_cfg_addr_table, cy_cfg_data_table);
 350              		.loc 1 379 0 is_stmt 1
 351 0088 1D48     		ldr	r0, .L21
ARM GAS  C:\Users\Jeremias\AppData\Local\Temp\ccTdDQJ0.s 			page 14


 352 008a 0100     		movs	r1, r0
 353 008c 0C31     		adds	r1, r1, #12
 354 008e 3030     		adds	r0, r0, #48
 355 0090 FFF7FEFF 		bl	cfg_write_bytes32
 356              	.LVL33:
 380:Generated_Source\PSoC4/cyfitter_cfg.c **** 
 381:Generated_Source\PSoC4/cyfitter_cfg.c **** 		/* HSIOM Starting address: CYDEV_HSIOM_BASE */
 382:Generated_Source\PSoC4/cyfitter_cfg.c **** 		CY_SET_REG32((void *)(CYREG_HSIOM_PORT_SEL1), 0x00000600u);
 357              		.loc 1 382 0
 358 0094 C022     		movs	r2, #192
 359 0096 D200     		lsls	r2, r2, #3
 360 0098 1A4B     		ldr	r3, .L21+4
 361 009a 1A60     		str	r2, [r3]
 383:Generated_Source\PSoC4/cyfitter_cfg.c **** 
 384:Generated_Source\PSoC4/cyfitter_cfg.c **** 		/* FORCED_HSIOM Starting address: CYDEV_HSIOM_PORT_SEL3 */
 385:Generated_Source\PSoC4/cyfitter_cfg.c **** 		CY_SET_REG32((void *)(CYREG_HSIOM_PORT_SEL3), 0x00000000u);
 362              		.loc 1 385 0
 363 009c 0023     		movs	r3, #0
 364 009e 1A4A     		ldr	r2, .L21+8
 365 00a0 1360     		str	r3, [r2]
 386:Generated_Source\PSoC4/cyfitter_cfg.c **** 
 387:Generated_Source\PSoC4/cyfitter_cfg.c **** 		/* IOPINS0_3 Starting address: CYDEV_PRT3_PC */
 388:Generated_Source\PSoC4/cyfitter_cfg.c **** 		CY_SET_REG32((void *)(CYREG_PRT3_PC), 0x00000000u);
 366              		.loc 1 388 0
 367 00a2 1A4A     		ldr	r2, .L21+12
 368 00a4 1360     		str	r3, [r2]
 389:Generated_Source\PSoC4/cyfitter_cfg.c **** 
 390:Generated_Source\PSoC4/cyfitter_cfg.c **** 		/* UDB_PA_0 Starting address: CYDEV_UDB_PA0_BASE */
 391:Generated_Source\PSoC4/cyfitter_cfg.c **** 		CY_SET_REG32((void *)(CYDEV_UDB_PA0_BASE), 0x00990000u);
 369              		.loc 1 391 0
 370 00a6 9923     		movs	r3, #153
 371 00a8 1B04     		lsls	r3, r3, #16
 372 00aa 194A     		ldr	r2, .L21+16
 373 00ac 1360     		str	r3, [r2]
 392:Generated_Source\PSoC4/cyfitter_cfg.c **** 
 393:Generated_Source\PSoC4/cyfitter_cfg.c **** 		/* UDB_PA_1 Starting address: CYDEV_UDB_PA1_BASE */
 394:Generated_Source\PSoC4/cyfitter_cfg.c **** 		CY_SET_REG32((void *)(CYDEV_UDB_PA1_BASE), 0x00990000u);
 374              		.loc 1 394 0
 375 00ae 194A     		ldr	r2, .L21+20
 376 00b0 1360     		str	r3, [r2]
 395:Generated_Source\PSoC4/cyfitter_cfg.c **** 		CY_SET_REG32((void *)(CYREG_UDB_PA1_CFG8), 0x00200000u);
 377              		.loc 1 395 0
 378 00b2 8022     		movs	r2, #128
 379 00b4 9203     		lsls	r2, r2, #14
 380 00b6 184B     		ldr	r3, .L21+24
 381 00b8 1A60     		str	r2, [r3]
 396:Generated_Source\PSoC4/cyfitter_cfg.c **** 
 397:Generated_Source\PSoC4/cyfitter_cfg.c **** 		/* Enable UDB array and digital routing */
 398:Generated_Source\PSoC4/cyfitter_cfg.c **** 		CY_SET_XTND_REG8((void *)CYREG_UDB_UDBIF_WAIT_CFG, (uint8)((CY_GET_XTND_REG8((void *)CYREG_UDB_UD
 382              		.loc 1 398 0
 383 00ba 1849     		ldr	r1, .L21+28
 384 00bc 0B78     		ldrb	r3, [r1]
 385 00be 3C22     		movs	r2, #60
 386 00c0 9343     		bics	r3, r2
 387 00c2 1422     		movs	r2, #20
 388 00c4 1343     		orrs	r3, r2
 389 00c6 DBB2     		uxtb	r3, r3
ARM GAS  C:\Users\Jeremias\AppData\Local\Temp\ccTdDQJ0.s 			page 15


 390 00c8 0B70     		strb	r3, [r1]
 399:Generated_Source\PSoC4/cyfitter_cfg.c **** 		CY_SET_XTND_REG8((void *)CYREG_UDB_UDBIF_BANK_CTL, (uint8)(CY_GET_XTND_REG8((void *)CYREG_UDB_UDB
 391              		.loc 1 399 0
 392 00ca 154A     		ldr	r2, .L21+32
 393 00cc 1178     		ldrb	r1, [r2]
 394 00ce 1623     		movs	r3, #22
 395 00d0 0B43     		orrs	r3, r1
 396 00d2 DBB2     		uxtb	r3, r3
 397 00d4 1370     		strb	r3, [r2]
 398              	.LBE3:
 400:Generated_Source\PSoC4/cyfitter_cfg.c **** 	}
 401:Generated_Source\PSoC4/cyfitter_cfg.c **** 
 402:Generated_Source\PSoC4/cyfitter_cfg.c **** 	/* Perform second pass device configuration. These items must be configured in specific order afte
 403:Generated_Source\PSoC4/cyfitter_cfg.c **** 	/* IOPINS0_0 Starting address: CYDEV_PRT0_BASE */
 404:Generated_Source\PSoC4/cyfitter_cfg.c **** 	CY_SET_REG32((void *)(CYDEV_PRT0_BASE), 0x00000080u);
 399              		.loc 1 404 0
 400 00d6 8022     		movs	r2, #128
 401 00d8 124B     		ldr	r3, .L21+36
 402 00da 1A60     		str	r2, [r3]
 405:Generated_Source\PSoC4/cyfitter_cfg.c **** 	CY_SET_REG32((void *)(CYREG_PRT0_PC), 0x00400000u);
 403              		.loc 1 405 0
 404 00dc 8022     		movs	r2, #128
 405 00de D203     		lsls	r2, r2, #15
 406 00e0 114B     		ldr	r3, .L21+40
 407 00e2 1A60     		str	r2, [r3]
 406:Generated_Source\PSoC4/cyfitter_cfg.c **** 	CY_SET_REG32((void *)(CYREG_PRT0_INTCFG), 0x00008000u);
 408              		.loc 1 406 0
 409 00e4 8022     		movs	r2, #128
 410 00e6 1202     		lsls	r2, r2, #8
 411 00e8 104B     		ldr	r3, .L21+44
 412 00ea 1A60     		str	r2, [r3]
 407:Generated_Source\PSoC4/cyfitter_cfg.c **** 
 408:Generated_Source\PSoC4/cyfitter_cfg.c **** 	/* IOPINS0_1 Starting address: CYDEV_PRT1_BASE */
 409:Generated_Source\PSoC4/cyfitter_cfg.c **** 	CY_SET_REG32((void *)(CYDEV_PRT1_BASE), 0x00000004u);
 413              		.loc 1 409 0
 414 00ec 0423     		movs	r3, #4
 415 00ee 104A     		ldr	r2, .L21+48
 416 00f0 1360     		str	r3, [r2]
 410:Generated_Source\PSoC4/cyfitter_cfg.c **** 	CY_SET_REG32((void *)(CYREG_PRT1_PC2), 0x00000004u);
 417              		.loc 1 410 0
 418 00f2 104A     		ldr	r2, .L21+52
 419 00f4 1360     		str	r3, [r2]
 411:Generated_Source\PSoC4/cyfitter_cfg.c **** 
 412:Generated_Source\PSoC4/cyfitter_cfg.c **** 
 413:Generated_Source\PSoC4/cyfitter_cfg.c **** 	/* Setup clocks based on selections from Clock DWR */
 414:Generated_Source\PSoC4/cyfitter_cfg.c **** 	ClockSetup();
 420              		.loc 1 414 0
 421 00f6 FFF783FF 		bl	ClockSetup
 422              	.LVL34:
 415:Generated_Source\PSoC4/cyfitter_cfg.c **** 
 416:Generated_Source\PSoC4/cyfitter_cfg.c **** 	/* Perform basic analog initialization to defaults */
 417:Generated_Source\PSoC4/cyfitter_cfg.c **** 	AnalogSetDefault();
 423              		.loc 1 417 0
 424 00fa FFF7FEFF 		bl	AnalogSetDefault
 425              	.LVL35:
 418:Generated_Source\PSoC4/cyfitter_cfg.c **** 
 419:Generated_Source\PSoC4/cyfitter_cfg.c **** }
ARM GAS  C:\Users\Jeremias\AppData\Local\Temp\ccTdDQJ0.s 			page 16


 426              		.loc 1 419 0
 427              		@ sp needed
 428              	.LVL36:
 429 00fe 10BD     		pop	{r4, pc}
 430              	.L22:
 431              		.align	2
 432              	.L21:
 433 0100 00000000 		.word	.LANCHOR0
 434 0104 04000140 		.word	1073807364
 435 0108 0C000140 		.word	1073807372
 436 010c 08030440 		.word	1074004744
 437 0110 00500F40 		.word	1074745344
 438 0114 10500F40 		.word	1074745360
 439 0118 18500F40 		.word	1074745368
 440 011c 01700F40 		.word	1074753537
 441 0120 00700F40 		.word	1074753536
 442 0124 00000440 		.word	1074003968
 443 0128 08000440 		.word	1074003976
 444 012c 0C000440 		.word	1074003980
 445 0130 00010440 		.word	1074004224
 446 0134 18010440 		.word	1074004248
 447              		.cfi_endproc
 448              	.LFE7:
 449              		.size	cyfitter_cfg, .-cyfitter_cfg
 450              		.section	.rodata
 451              		.align	2
 452              		.set	.LANCHOR0,. + 0
 453              		.type	cfg_memset_list.4876, %object
 454              		.size	cfg_memset_list.4876, 12
 455              	cfg_memset_list.4876:
 456 0000 00300F40 		.word	1074737152
 457 0004 0004     		.short	1024
 458 0006 00400F40 		.4byte	1074741248
 459 000a 0004     		.short	1024
 460              		.type	cy_cfg_data_table.4871, %object
 461              		.size	cy_cfg_data_table.4871, 34
 462              	cy_cfg_data_table.4871:
 463 000c 38       		.byte	56
 464 000d 82       		.byte	-126
 465 000e 3E       		.byte	62
 466 000f 41       		.byte	65
 467 0010 58       		.byte	88
 468 0011 04       		.byte	4
 469 0012 5F       		.byte	95
 470 0013 01       		.byte	1
 471 0014 18       		.byte	24
 472 0015 01       		.byte	1
 473 0016 1A       		.byte	26
 474 0017 80       		.byte	-128
 475 0018 AA       		.byte	-86
 476 0019 40       		.byte	64
 477 001a B4       		.byte	-76
 478 001b 01       		.byte	1
 479 001c 5B       		.byte	91
 480 001d 40       		.byte	64
 481 001e 9B       		.byte	-101
 482 001f 40       		.byte	64
ARM GAS  C:\Users\Jeremias\AppData\Local\Temp\ccTdDQJ0.s 			page 17


 483 0020 AB       		.byte	-85
 484 0021 40       		.byte	64
 485 0022 D4       		.byte	-44
 486 0023 80       		.byte	-128
 487 0024 EE       		.byte	-18
 488 0025 80       		.byte	-128
 489 0026 6C       		.byte	108
 490 0027 40       		.byte	64
 491 0028 DC       		.byte	-36
 492 0029 02       		.byte	2
 493 002a B4       		.byte	-76
 494 002b 40       		.byte	64
 495 002c EC       		.byte	-20
 496 002d 08       		.byte	8
 497 002e 0000     		.space	2
 498              		.type	cy_cfg_addr_table.4870, %object
 499              		.size	cy_cfg_addr_table.4870, 24
 500              	cy_cfg_addr_table.4870:
 501 0030 04300F40 		.word	1074737156
 502 0034 02310F40 		.word	1074737410
 503 0038 02330F40 		.word	1074737922
 504 003c 05410F40 		.word	1074741509
 505 0040 02420F40 		.word	1074741762
 506 0044 02430F40 		.word	1074742018
 507              		.text
 508              	.Letext0:
 509              		.file 2 "c:\\program files (x86)\\cypress\\psoc creator\\4.4\\psoc creator\\import\\gnu\\arm\\5.4.
 510              		.file 3 "Generated_Source\\PSoC4\\cytypes.h"
 511              		.file 4 "Generated_Source\\PSoC4\\CyLib.h"
 512              		.section	.debug_info,"",%progbits
 513              	.Ldebug_info0:
 514 0000 00040000 		.4byte	0x400
 515 0004 0400     		.2byte	0x4
 516 0006 00000000 		.4byte	.Ldebug_abbrev0
 517 000a 04       		.byte	0x4
 518 000b 01       		.uleb128 0x1
 519 000c CC010000 		.4byte	.LASF44
 520 0010 0C       		.byte	0xc
 521 0011 0E030000 		.4byte	.LASF45
 522 0015 12010000 		.4byte	.LASF46
 523 0019 00000000 		.4byte	.Ldebug_ranges0+0
 524 001d 00000000 		.4byte	0
 525 0021 00000000 		.4byte	.Ldebug_line0
 526 0025 02       		.uleb128 0x2
 527 0026 04       		.byte	0x4
 528 0027 05       		.byte	0x5
 529 0028 696E7400 		.ascii	"int\000"
 530 002c 03       		.uleb128 0x3
 531 002d 06000000 		.4byte	.LASF12
 532 0031 02       		.byte	0x2
 533 0032 D8       		.byte	0xd8
 534 0033 37000000 		.4byte	0x37
 535 0037 04       		.uleb128 0x4
 536 0038 04       		.byte	0x4
 537 0039 07       		.byte	0x7
 538 003a 9B010000 		.4byte	.LASF0
 539 003e 04       		.uleb128 0x4
ARM GAS  C:\Users\Jeremias\AppData\Local\Temp\ccTdDQJ0.s 			page 18


 540 003f 08       		.byte	0x8
 541 0040 05       		.byte	0x5
 542 0041 8C020000 		.4byte	.LASF1
 543 0045 04       		.uleb128 0x4
 544 0046 08       		.byte	0x8
 545 0047 04       		.byte	0x4
 546 0048 F6020000 		.4byte	.LASF2
 547 004c 04       		.uleb128 0x4
 548 004d 01       		.byte	0x1
 549 004e 06       		.byte	0x6
 550 004f 02030000 		.4byte	.LASF3
 551 0053 04       		.uleb128 0x4
 552 0054 01       		.byte	0x1
 553 0055 08       		.byte	0x8
 554 0056 C6000000 		.4byte	.LASF4
 555 005a 04       		.uleb128 0x4
 556 005b 02       		.byte	0x2
 557 005c 05       		.byte	0x5
 558 005d C1020000 		.4byte	.LASF5
 559 0061 04       		.uleb128 0x4
 560 0062 02       		.byte	0x2
 561 0063 07       		.byte	0x7
 562 0064 79020000 		.4byte	.LASF6
 563 0068 04       		.uleb128 0x4
 564 0069 04       		.byte	0x4
 565 006a 05       		.byte	0x5
 566 006b ED020000 		.4byte	.LASF7
 567 006f 04       		.uleb128 0x4
 568 0070 04       		.byte	0x4
 569 0071 07       		.byte	0x7
 570 0072 8E000000 		.4byte	.LASF8
 571 0076 04       		.uleb128 0x4
 572 0077 08       		.byte	0x8
 573 0078 07       		.byte	0x7
 574 0079 B5010000 		.4byte	.LASF9
 575 007d 04       		.uleb128 0x4
 576 007e 04       		.byte	0x4
 577 007f 07       		.byte	0x7
 578 0080 70020000 		.4byte	.LASF10
 579 0084 05       		.uleb128 0x5
 580 0085 04       		.byte	0x4
 581 0086 04       		.uleb128 0x4
 582 0087 01       		.byte	0x1
 583 0088 08       		.byte	0x8
 584 0089 9A020000 		.4byte	.LASF11
 585 008d 06       		.uleb128 0x6
 586 008e A0000000 		.4byte	.LASF13
 587 0092 03       		.byte	0x3
 588 0093 FB01     		.2byte	0x1fb
 589 0095 53000000 		.4byte	0x53
 590 0099 06       		.uleb128 0x6
 591 009a 0B010000 		.4byte	.LASF14
 592 009e 03       		.byte	0x3
 593 009f FC01     		.2byte	0x1fc
 594 00a1 61000000 		.4byte	0x61
 595 00a5 06       		.uleb128 0x6
 596 00a6 94010000 		.4byte	.LASF15
ARM GAS  C:\Users\Jeremias\AppData\Local\Temp\ccTdDQJ0.s 			page 19


 597 00aa 03       		.byte	0x3
 598 00ab FD01     		.2byte	0x1fd
 599 00ad 6F000000 		.4byte	0x6f
 600 00b1 04       		.uleb128 0x4
 601 00b2 04       		.byte	0x4
 602 00b3 04       		.byte	0x4
 603 00b4 68000000 		.4byte	.LASF16
 604 00b8 04       		.uleb128 0x4
 605 00b9 08       		.byte	0x8
 606 00ba 04       		.byte	0x4
 607 00bb DB000000 		.4byte	.LASF17
 608 00bf 06       		.uleb128 0x6
 609 00c0 89000000 		.4byte	.LASF18
 610 00c4 03       		.byte	0x3
 611 00c5 A502     		.2byte	0x2a5
 612 00c7 CB000000 		.4byte	0xcb
 613 00cb 07       		.uleb128 0x7
 614 00cc 8D000000 		.4byte	0x8d
 615 00d0 06       		.uleb128 0x6
 616 00d1 00000000 		.4byte	.LASF19
 617 00d5 03       		.byte	0x3
 618 00d6 A702     		.2byte	0x2a7
 619 00d8 DC000000 		.4byte	0xdc
 620 00dc 07       		.uleb128 0x7
 621 00dd A5000000 		.4byte	0xa5
 622 00e1 08       		.uleb128 0x8
 623 00e2 02       		.byte	0x2
 624 00e3 01       		.byte	0x1
 625 00e4 97       		.byte	0x97
 626 00e5 02010000 		.4byte	0x102
 627 00e9 09       		.uleb128 0x9
 628 00ea B2020000 		.4byte	.LASF20
 629 00ee 01       		.byte	0x1
 630 00ef 99       		.byte	0x99
 631 00f0 8D000000 		.4byte	0x8d
 632 00f4 00       		.byte	0
 633 00f5 09       		.uleb128 0x9
 634 00f6 2D000000 		.4byte	.LASF21
 635 00fa 01       		.byte	0x1
 636 00fb 9A       		.byte	0x9a
 637 00fc 8D000000 		.4byte	0x8d
 638 0100 01       		.byte	0x1
 639 0101 00       		.byte	0
 640 0102 03       		.uleb128 0x3
 641 0103 9F020000 		.4byte	.LASF22
 642 0107 01       		.byte	0x1
 643 0108 9B       		.byte	0x9b
 644 0109 E1000000 		.4byte	0xe1
 645 010d 0A       		.uleb128 0xa
 646 010e E2000000 		.4byte	.LASF27
 647 0112 01       		.byte	0x1
 648 0113 AE       		.byte	0xae
 649 0114 00000000 		.4byte	.LFB3
 650 0118 32000000 		.4byte	.LFE3-.LFB3
 651 011c 01       		.uleb128 0x1
 652 011d 9C       		.byte	0x9c
 653 011e 7F010000 		.4byte	0x17f
ARM GAS  C:\Users\Jeremias\AppData\Local\Temp\ccTdDQJ0.s 			page 20


 654 0122 0B       		.uleb128 0xb
 655 0123 00010000 		.4byte	.LASF23
 656 0127 01       		.byte	0x1
 657 0128 AE       		.byte	0xae
 658 0129 7F010000 		.4byte	0x17f
 659 012d 01       		.uleb128 0x1
 660 012e 50       		.byte	0x50
 661 012f 0B       		.uleb128 0xb
 662 0130 7E000000 		.4byte	.LASF24
 663 0134 01       		.byte	0x1
 664 0135 AE       		.byte	0xae
 665 0136 8A010000 		.4byte	0x18a
 666 013a 01       		.uleb128 0x1
 667 013b 51       		.byte	0x51
 668 013c 0C       		.uleb128 0xc
 669 013d 6900     		.ascii	"i\000"
 670 013f 01       		.byte	0x1
 671 0140 B1       		.byte	0xb1
 672 0141 A5000000 		.4byte	0xa5
 673 0145 00000000 		.4byte	.LLST0
 674 0149 0C       		.uleb128 0xc
 675 014a 6A00     		.ascii	"j\000"
 676 014c 01       		.byte	0x1
 677 014d B1       		.byte	0xb1
 678 014e A5000000 		.4byte	0xa5
 679 0152 1F000000 		.4byte	.LLST1
 680 0156 0D       		.uleb128 0xd
 681 0157 08000000 		.4byte	.LBB2
 682 015b 22000000 		.4byte	.LBE2-.LBB2
 683 015f 0E       		.uleb128 0xe
 684 0160 67020000 		.4byte	.LASF25
 685 0164 01       		.byte	0x1
 686 0165 B4       		.byte	0xb4
 687 0166 A5000000 		.4byte	0xa5
 688 016a 3E000000 		.4byte	.LLST2
 689 016e 0E       		.uleb128 0xe
 690 016f 33000000 		.4byte	.LASF26
 691 0173 01       		.byte	0x1
 692 0174 B5       		.byte	0xb5
 693 0175 8D000000 		.4byte	0x8d
 694 0179 51000000 		.4byte	.LLST3
 695 017d 00       		.byte	0
 696 017e 00       		.byte	0
 697 017f 0F       		.uleb128 0xf
 698 0180 04       		.byte	0x4
 699 0181 85010000 		.4byte	0x185
 700 0185 10       		.uleb128 0x10
 701 0186 A5000000 		.4byte	0xa5
 702 018a 0F       		.uleb128 0xf
 703 018b 04       		.byte	0x4
 704 018c 90010000 		.4byte	0x190
 705 0190 10       		.uleb128 0x10
 706 0191 02010000 		.4byte	0x102
 707 0195 0A       		.uleb128 0xa
 708 0196 A6000000 		.4byte	.LASF28
 709 019a 01       		.byte	0x1
 710 019b 4C       		.byte	0x4c
ARM GAS  C:\Users\Jeremias\AppData\Local\Temp\ccTdDQJ0.s 			page 21


 711 019c 00000000 		.4byte	.LFB0
 712 01a0 0C000000 		.4byte	.LFE0-.LFB0
 713 01a4 01       		.uleb128 0x1
 714 01a5 9C       		.byte	0x9c
 715 01a6 E2010000 		.4byte	0x1e2
 716 01aa 11       		.uleb128 0x11
 717 01ab 7300     		.ascii	"s\000"
 718 01ad 01       		.byte	0x1
 719 01ae 4C       		.byte	0x4c
 720 01af 84000000 		.4byte	0x84
 721 01b3 6F000000 		.4byte	.LLST4
 722 01b7 11       		.uleb128 0x11
 723 01b8 6E00     		.ascii	"n\000"
 724 01ba 01       		.byte	0x1
 725 01bb 4C       		.byte	0x4c
 726 01bc 2C000000 		.4byte	0x2c
 727 01c0 90000000 		.4byte	.LLST5
 728 01c4 12       		.uleb128 0x12
 729 01c5 0A000000 		.4byte	.LVL14
 730 01c9 D9030000 		.4byte	0x3d9
 731 01cd 13       		.uleb128 0x13
 732 01ce 01       		.uleb128 0x1
 733 01cf 50       		.byte	0x50
 734 01d0 03       		.uleb128 0x3
 735 01d1 F3       		.byte	0xf3
 736 01d2 01       		.uleb128 0x1
 737 01d3 50       		.byte	0x50
 738 01d4 13       		.uleb128 0x13
 739 01d5 01       		.uleb128 0x1
 740 01d6 51       		.byte	0x51
 741 01d7 01       		.uleb128 0x1
 742 01d8 30       		.byte	0x30
 743 01d9 13       		.uleb128 0x13
 744 01da 01       		.uleb128 0x1
 745 01db 52       		.byte	0x52
 746 01dc 03       		.uleb128 0x3
 747 01dd F3       		.byte	0xf3
 748 01de 01       		.uleb128 0x1
 749 01df 51       		.byte	0x51
 750 01e0 00       		.byte	0
 751 01e1 00       		.byte	0
 752 01e2 0A       		.uleb128 0xa
 753 01e3 39000000 		.4byte	.LASF29
 754 01e7 01       		.byte	0x1
 755 01e8 D3       		.byte	0xd3
 756 01e9 00000000 		.4byte	.LFB4
 757 01ed 5C000000 		.4byte	.LFE4-.LFB4
 758 01f1 01       		.uleb128 0x1
 759 01f2 9C       		.byte	0x9c
 760 01f3 2D020000 		.4byte	0x22d
 761 01f7 14       		.uleb128 0x14
 762 01f8 14000000 		.4byte	.LVL15
 763 01fc E2030000 		.4byte	0x3e2
 764 0200 0A020000 		.4byte	0x20a
 765 0204 13       		.uleb128 0x13
 766 0205 01       		.uleb128 0x1
 767 0206 50       		.byte	0x50
ARM GAS  C:\Users\Jeremias\AppData\Local\Temp\ccTdDQJ0.s 			page 22


 768 0207 01       		.uleb128 0x1
 769 0208 48       		.byte	0x48
 770 0209 00       		.byte	0
 771 020a 14       		.uleb128 0x14
 772 020b 34000000 		.4byte	.LVL16
 773 020f ED030000 		.4byte	0x3ed
 774 0213 1D020000 		.4byte	0x21d
 775 0217 13       		.uleb128 0x13
 776 0218 01       		.uleb128 0x1
 777 0219 50       		.byte	0x50
 778 021a 01       		.uleb128 0x1
 779 021b 39       		.byte	0x39
 780 021c 00       		.byte	0
 781 021d 12       		.uleb128 0x12
 782 021e 3A000000 		.4byte	.LVL17
 783 0222 F8030000 		.4byte	0x3f8
 784 0226 13       		.uleb128 0x13
 785 0227 01       		.uleb128 0x1
 786 0228 50       		.byte	0x50
 787 0229 01       		.uleb128 0x1
 788 022a 39       		.byte	0x39
 789 022b 00       		.byte	0
 790 022c 00       		.byte	0
 791 022d 15       		.uleb128 0x15
 792 022e B0000000 		.4byte	.LASF33
 793 0232 01       		.byte	0x1
 794 0233 1601     		.2byte	0x116
 795 0235 00000000 		.4byte	.LFB6
 796 0239 40000000 		.4byte	.LFE6-.LFB6
 797 023d 01       		.uleb128 0x1
 798 023e 9C       		.byte	0x9c
 799 023f 62020000 		.4byte	0x262
 800 0243 16       		.uleb128 0x16
 801 0244 B9020000 		.4byte	.LASF30
 802 0248 01       		.byte	0x1
 803 0249 1601     		.2byte	0x116
 804 024b 8D000000 		.4byte	0x8d
 805 024f 01       		.uleb128 0x1
 806 0250 50       		.byte	0x50
 807 0251 17       		.uleb128 0x17
 808 0252 34030000 		.4byte	.LASF31
 809 0256 01       		.byte	0x1
 810 0257 1801     		.2byte	0x118
 811 0259 A5000000 		.4byte	0xa5
 812 025d BC000000 		.4byte	.LLST6
 813 0261 00       		.byte	0
 814 0262 18       		.uleb128 0x18
 815 0263 0D000000 		.4byte	.LASF32
 816 0267 01       		.byte	0x1
 817 0268 0001     		.2byte	0x100
 818 026a 00000000 		.4byte	.LFB5
 819 026e 0A000000 		.4byte	.LFE5-.LFB5
 820 0272 01       		.uleb128 0x1
 821 0273 9C       		.byte	0x9c
 822 0274 88020000 		.4byte	0x288
 823 0278 12       		.uleb128 0x12
 824 0279 08000000 		.4byte	.LVL27
ARM GAS  C:\Users\Jeremias\AppData\Local\Temp\ccTdDQJ0.s 			page 23


 825 027d 2D020000 		.4byte	0x22d
 826 0281 13       		.uleb128 0x13
 827 0282 01       		.uleb128 0x1
 828 0283 50       		.byte	0x50
 829 0284 01       		.uleb128 0x1
 830 0285 31       		.byte	0x31
 831 0286 00       		.byte	0
 832 0287 00       		.byte	0
 833 0288 15       		.uleb128 0x15
 834 0289 E0020000 		.4byte	.LASF34
 835 028d 01       		.byte	0x1
 836 028e 4201     		.2byte	0x142
 837 0290 5C000000 		.4byte	.LFB7
 838 0294 DC000000 		.4byte	.LFE7-.LFB7
 839 0298 01       		.uleb128 0x1
 840 0299 9C       		.byte	0x9c
 841 029a AF030000 		.4byte	0x3af
 842 029e 19       		.uleb128 0x19
 843 029f 60000000 		.4byte	.LBB3
 844 02a3 76000000 		.4byte	.LBE3-.LBB3
 845 02a7 9C030000 		.4byte	0x39c
 846 02ab 1A       		.uleb128 0x1a
 847 02ac 44000000 		.4byte	.LASF35
 848 02b0 01       		.byte	0x1
 849 02b1 4801     		.2byte	0x148
 850 02b3 BF030000 		.4byte	0x3bf
 851 02b7 05       		.uleb128 0x5
 852 02b8 03       		.byte	0x3
 853 02b9 30000000 		.4byte	cy_cfg_addr_table.4870
 854 02bd 1A       		.uleb128 0x1a
 855 02be 56000000 		.4byte	.LASF36
 856 02c2 01       		.byte	0x1
 857 02c3 5101     		.2byte	0x151
 858 02c5 D4030000 		.4byte	0x3d4
 859 02c9 05       		.uleb128 0x5
 860 02ca 03       		.byte	0x3
 861 02cb 0C000000 		.4byte	cy_cfg_data_table.4871
 862 02cf 1B       		.uleb128 0x1b
 863 02d0 06       		.byte	0x6
 864 02d1 01       		.byte	0x1
 865 02d2 6701     		.2byte	0x167
 866 02d4 F3020000 		.4byte	0x2f3
 867 02d8 1C       		.uleb128 0x1c
 868 02d9 AD010000 		.4byte	.LASF37
 869 02dd 01       		.byte	0x1
 870 02de 6801     		.2byte	0x168
 871 02e0 84000000 		.4byte	0x84
 872 02e4 00       		.byte	0
 873 02e5 1C       		.uleb128 0x1c
 874 02e6 A8010000 		.4byte	.LASF38
 875 02ea 01       		.byte	0x1
 876 02eb 6901     		.2byte	0x169
 877 02ed 99000000 		.4byte	0x99
 878 02f1 04       		.byte	0x4
 879 02f2 00       		.byte	0
 880 02f3 06       		.uleb128 0x6
 881 02f4 5A020000 		.4byte	.LASF39
ARM GAS  C:\Users\Jeremias\AppData\Local\Temp\ccTdDQJ0.s 			page 24


 882 02f8 01       		.byte	0x1
 883 02f9 6A01     		.2byte	0x16a
 884 02fb CF020000 		.4byte	0x2cf
 885 02ff 1D       		.uleb128 0x1d
 886 0300 0F030000 		.4byte	0x30f
 887 0304 0F030000 		.4byte	0x30f
 888 0308 1E       		.uleb128 0x1e
 889 0309 7D000000 		.4byte	0x7d
 890 030d 01       		.byte	0x1
 891 030e 00       		.byte	0
 892 030f 10       		.uleb128 0x10
 893 0310 F3020000 		.4byte	0x2f3
 894 0314 1A       		.uleb128 0x1a
 895 0315 6E000000 		.4byte	.LASF40
 896 0319 01       		.byte	0x1
 897 031a 6C01     		.2byte	0x16c
 898 031c 26030000 		.4byte	0x326
 899 0320 05       		.uleb128 0x5
 900 0321 03       		.byte	0x3
 901 0322 00000000 		.4byte	cfg_memset_list.4876
 902 0326 10       		.uleb128 0x10
 903 0327 FF020000 		.4byte	0x2ff
 904 032b 1F       		.uleb128 0x1f
 905 032c 6900     		.ascii	"i\000"
 906 032e 01       		.byte	0x1
 907 032f 7201     		.2byte	0x172
 908 0331 8D000000 		.4byte	0x8d
 909 0335 F1000000 		.4byte	.LLST7
 910 0339 19       		.uleb128 0x19
 911 033a 64000000 		.4byte	.LBB4
 912 033e 1C000000 		.4byte	.LBE4-.LBB4
 913 0342 7F030000 		.4byte	0x37f
 914 0346 1F       		.uleb128 0x1f
 915 0347 6D7300   		.ascii	"ms\000"
 916 034a 01       		.byte	0x1
 917 034b 7701     		.2byte	0x177
 918 034d 55030000 		.4byte	0x355
 919 0351 1B010000 		.4byte	.LLST8
 920 0355 0F       		.uleb128 0xf
 921 0356 04       		.byte	0x4
 922 0357 0F030000 		.4byte	0x30f
 923 035b 12       		.uleb128 0x12
 924 035c 80000000 		.4byte	.LVL30
 925 0360 95010000 		.4byte	0x195
 926 0364 13       		.uleb128 0x13
 927 0365 01       		.uleb128 0x1
 928 0366 51       		.byte	0x51
 929 0367 15       		.uleb128 0x15
 930 0368 74       		.byte	0x74
 931 0369 00       		.sleb128 0
 932 036a 31       		.byte	0x31
 933 036b 24       		.byte	0x24
 934 036c 74       		.byte	0x74
 935 036d 00       		.sleb128 0
 936 036e 22       		.byte	0x22
 937 036f 31       		.byte	0x31
 938 0370 24       		.byte	0x24
ARM GAS  C:\Users\Jeremias\AppData\Local\Temp\ccTdDQJ0.s 			page 25


 939 0371 03       		.byte	0x3
 940 0372 04000000 		.4byte	.LANCHOR0+4
 941 0376 22       		.byte	0x22
 942 0377 94       		.byte	0x94
 943 0378 02       		.byte	0x2
 944 0379 0A       		.byte	0xa
 945 037a FFFF     		.2byte	0xffff
 946 037c 1A       		.byte	0x1a
 947 037d 00       		.byte	0
 948 037e 00       		.byte	0
 949 037f 12       		.uleb128 0x12
 950 0380 94000000 		.4byte	.LVL33
 951 0384 0D010000 		.4byte	0x10d
 952 0388 13       		.uleb128 0x13
 953 0389 01       		.uleb128 0x1
 954 038a 50       		.byte	0x50
 955 038b 05       		.uleb128 0x5
 956 038c 03       		.byte	0x3
 957 038d 30000000 		.4byte	.LANCHOR0+48
 958 0391 13       		.uleb128 0x13
 959 0392 01       		.uleb128 0x1
 960 0393 51       		.byte	0x51
 961 0394 05       		.uleb128 0x5
 962 0395 03       		.byte	0x3
 963 0396 0C000000 		.4byte	.LANCHOR0+12
 964 039a 00       		.byte	0
 965 039b 00       		.byte	0
 966 039c 20       		.uleb128 0x20
 967 039d FA000000 		.4byte	.LVL34
 968 03a1 E2010000 		.4byte	0x1e2
 969 03a5 20       		.uleb128 0x20
 970 03a6 FE000000 		.4byte	.LVL35
 971 03aa 62020000 		.4byte	0x262
 972 03ae 00       		.byte	0
 973 03af 1D       		.uleb128 0x1d
 974 03b0 85010000 		.4byte	0x185
 975 03b4 BF030000 		.4byte	0x3bf
 976 03b8 1E       		.uleb128 0x1e
 977 03b9 7D000000 		.4byte	0x7d
 978 03bd 05       		.byte	0x5
 979 03be 00       		.byte	0
 980 03bf 10       		.uleb128 0x10
 981 03c0 AF030000 		.4byte	0x3af
 982 03c4 1D       		.uleb128 0x1d
 983 03c5 90010000 		.4byte	0x190
 984 03c9 D4030000 		.4byte	0x3d4
 985 03cd 1E       		.uleb128 0x1e
 986 03ce 7D000000 		.4byte	0x7d
 987 03d2 10       		.byte	0x10
 988 03d3 00       		.byte	0
 989 03d4 10       		.uleb128 0x10
 990 03d5 C4030000 		.4byte	0x3c4
 991 03d9 21       		.uleb128 0x21
 992 03da D4000000 		.4byte	.LASF47
 993 03de D4000000 		.4byte	.LASF47
 994 03e2 22       		.uleb128 0x22
 995 03e3 CB020000 		.4byte	.LASF41
ARM GAS  C:\Users\Jeremias\AppData\Local\Temp\ccTdDQJ0.s 			page 26


 996 03e7 CB020000 		.4byte	.LASF41
 997 03eb 04       		.byte	0x4
 998 03ec 6C       		.byte	0x6c
 999 03ed 22       		.uleb128 0x22
 1000 03ee 1E000000 		.4byte	.LASF42
 1001 03f2 1E000000 		.4byte	.LASF42
 1002 03f6 04       		.byte	0x4
 1003 03f7 D0       		.byte	0xd0
 1004 03f8 22       		.uleb128 0x22
 1005 03f9 F4000000 		.4byte	.LASF43
 1006 03fd F4000000 		.4byte	.LASF43
 1007 0401 04       		.byte	0x4
 1008 0402 D6       		.byte	0xd6
 1009 0403 00       		.byte	0
 1010              		.section	.debug_abbrev,"",%progbits
 1011              	.Ldebug_abbrev0:
 1012 0000 01       		.uleb128 0x1
 1013 0001 11       		.uleb128 0x11
 1014 0002 01       		.byte	0x1
 1015 0003 25       		.uleb128 0x25
 1016 0004 0E       		.uleb128 0xe
 1017 0005 13       		.uleb128 0x13
 1018 0006 0B       		.uleb128 0xb
 1019 0007 03       		.uleb128 0x3
 1020 0008 0E       		.uleb128 0xe
 1021 0009 1B       		.uleb128 0x1b
 1022 000a 0E       		.uleb128 0xe
 1023 000b 55       		.uleb128 0x55
 1024 000c 17       		.uleb128 0x17
 1025 000d 11       		.uleb128 0x11
 1026 000e 01       		.uleb128 0x1
 1027 000f 10       		.uleb128 0x10
 1028 0010 17       		.uleb128 0x17
 1029 0011 00       		.byte	0
 1030 0012 00       		.byte	0
 1031 0013 02       		.uleb128 0x2
 1032 0014 24       		.uleb128 0x24
 1033 0015 00       		.byte	0
 1034 0016 0B       		.uleb128 0xb
 1035 0017 0B       		.uleb128 0xb
 1036 0018 3E       		.uleb128 0x3e
 1037 0019 0B       		.uleb128 0xb
 1038 001a 03       		.uleb128 0x3
 1039 001b 08       		.uleb128 0x8
 1040 001c 00       		.byte	0
 1041 001d 00       		.byte	0
 1042 001e 03       		.uleb128 0x3
 1043 001f 16       		.uleb128 0x16
 1044 0020 00       		.byte	0
 1045 0021 03       		.uleb128 0x3
 1046 0022 0E       		.uleb128 0xe
 1047 0023 3A       		.uleb128 0x3a
 1048 0024 0B       		.uleb128 0xb
 1049 0025 3B       		.uleb128 0x3b
 1050 0026 0B       		.uleb128 0xb
 1051 0027 49       		.uleb128 0x49
 1052 0028 13       		.uleb128 0x13
ARM GAS  C:\Users\Jeremias\AppData\Local\Temp\ccTdDQJ0.s 			page 27


 1053 0029 00       		.byte	0
 1054 002a 00       		.byte	0
 1055 002b 04       		.uleb128 0x4
 1056 002c 24       		.uleb128 0x24
 1057 002d 00       		.byte	0
 1058 002e 0B       		.uleb128 0xb
 1059 002f 0B       		.uleb128 0xb
 1060 0030 3E       		.uleb128 0x3e
 1061 0031 0B       		.uleb128 0xb
 1062 0032 03       		.uleb128 0x3
 1063 0033 0E       		.uleb128 0xe
 1064 0034 00       		.byte	0
 1065 0035 00       		.byte	0
 1066 0036 05       		.uleb128 0x5
 1067 0037 0F       		.uleb128 0xf
 1068 0038 00       		.byte	0
 1069 0039 0B       		.uleb128 0xb
 1070 003a 0B       		.uleb128 0xb
 1071 003b 00       		.byte	0
 1072 003c 00       		.byte	0
 1073 003d 06       		.uleb128 0x6
 1074 003e 16       		.uleb128 0x16
 1075 003f 00       		.byte	0
 1076 0040 03       		.uleb128 0x3
 1077 0041 0E       		.uleb128 0xe
 1078 0042 3A       		.uleb128 0x3a
 1079 0043 0B       		.uleb128 0xb
 1080 0044 3B       		.uleb128 0x3b
 1081 0045 05       		.uleb128 0x5
 1082 0046 49       		.uleb128 0x49
 1083 0047 13       		.uleb128 0x13
 1084 0048 00       		.byte	0
 1085 0049 00       		.byte	0
 1086 004a 07       		.uleb128 0x7
 1087 004b 35       		.uleb128 0x35
 1088 004c 00       		.byte	0
 1089 004d 49       		.uleb128 0x49
 1090 004e 13       		.uleb128 0x13
 1091 004f 00       		.byte	0
 1092 0050 00       		.byte	0
 1093 0051 08       		.uleb128 0x8
 1094 0052 13       		.uleb128 0x13
 1095 0053 01       		.byte	0x1
 1096 0054 0B       		.uleb128 0xb
 1097 0055 0B       		.uleb128 0xb
 1098 0056 3A       		.uleb128 0x3a
 1099 0057 0B       		.uleb128 0xb
 1100 0058 3B       		.uleb128 0x3b
 1101 0059 0B       		.uleb128 0xb
 1102 005a 01       		.uleb128 0x1
 1103 005b 13       		.uleb128 0x13
 1104 005c 00       		.byte	0
 1105 005d 00       		.byte	0
 1106 005e 09       		.uleb128 0x9
 1107 005f 0D       		.uleb128 0xd
 1108 0060 00       		.byte	0
 1109 0061 03       		.uleb128 0x3
ARM GAS  C:\Users\Jeremias\AppData\Local\Temp\ccTdDQJ0.s 			page 28


 1110 0062 0E       		.uleb128 0xe
 1111 0063 3A       		.uleb128 0x3a
 1112 0064 0B       		.uleb128 0xb
 1113 0065 3B       		.uleb128 0x3b
 1114 0066 0B       		.uleb128 0xb
 1115 0067 49       		.uleb128 0x49
 1116 0068 13       		.uleb128 0x13
 1117 0069 38       		.uleb128 0x38
 1118 006a 0B       		.uleb128 0xb
 1119 006b 00       		.byte	0
 1120 006c 00       		.byte	0
 1121 006d 0A       		.uleb128 0xa
 1122 006e 2E       		.uleb128 0x2e
 1123 006f 01       		.byte	0x1
 1124 0070 03       		.uleb128 0x3
 1125 0071 0E       		.uleb128 0xe
 1126 0072 3A       		.uleb128 0x3a
 1127 0073 0B       		.uleb128 0xb
 1128 0074 3B       		.uleb128 0x3b
 1129 0075 0B       		.uleb128 0xb
 1130 0076 27       		.uleb128 0x27
 1131 0077 19       		.uleb128 0x19
 1132 0078 11       		.uleb128 0x11
 1133 0079 01       		.uleb128 0x1
 1134 007a 12       		.uleb128 0x12
 1135 007b 06       		.uleb128 0x6
 1136 007c 40       		.uleb128 0x40
 1137 007d 18       		.uleb128 0x18
 1138 007e 9742     		.uleb128 0x2117
 1139 0080 19       		.uleb128 0x19
 1140 0081 01       		.uleb128 0x1
 1141 0082 13       		.uleb128 0x13
 1142 0083 00       		.byte	0
 1143 0084 00       		.byte	0
 1144 0085 0B       		.uleb128 0xb
 1145 0086 05       		.uleb128 0x5
 1146 0087 00       		.byte	0
 1147 0088 03       		.uleb128 0x3
 1148 0089 0E       		.uleb128 0xe
 1149 008a 3A       		.uleb128 0x3a
 1150 008b 0B       		.uleb128 0xb
 1151 008c 3B       		.uleb128 0x3b
 1152 008d 0B       		.uleb128 0xb
 1153 008e 49       		.uleb128 0x49
 1154 008f 13       		.uleb128 0x13
 1155 0090 02       		.uleb128 0x2
 1156 0091 18       		.uleb128 0x18
 1157 0092 00       		.byte	0
 1158 0093 00       		.byte	0
 1159 0094 0C       		.uleb128 0xc
 1160 0095 34       		.uleb128 0x34
 1161 0096 00       		.byte	0
 1162 0097 03       		.uleb128 0x3
 1163 0098 08       		.uleb128 0x8
 1164 0099 3A       		.uleb128 0x3a
 1165 009a 0B       		.uleb128 0xb
 1166 009b 3B       		.uleb128 0x3b
ARM GAS  C:\Users\Jeremias\AppData\Local\Temp\ccTdDQJ0.s 			page 29


 1167 009c 0B       		.uleb128 0xb
 1168 009d 49       		.uleb128 0x49
 1169 009e 13       		.uleb128 0x13
 1170 009f 02       		.uleb128 0x2
 1171 00a0 17       		.uleb128 0x17
 1172 00a1 00       		.byte	0
 1173 00a2 00       		.byte	0
 1174 00a3 0D       		.uleb128 0xd
 1175 00a4 0B       		.uleb128 0xb
 1176 00a5 01       		.byte	0x1
 1177 00a6 11       		.uleb128 0x11
 1178 00a7 01       		.uleb128 0x1
 1179 00a8 12       		.uleb128 0x12
 1180 00a9 06       		.uleb128 0x6
 1181 00aa 00       		.byte	0
 1182 00ab 00       		.byte	0
 1183 00ac 0E       		.uleb128 0xe
 1184 00ad 34       		.uleb128 0x34
 1185 00ae 00       		.byte	0
 1186 00af 03       		.uleb128 0x3
 1187 00b0 0E       		.uleb128 0xe
 1188 00b1 3A       		.uleb128 0x3a
 1189 00b2 0B       		.uleb128 0xb
 1190 00b3 3B       		.uleb128 0x3b
 1191 00b4 0B       		.uleb128 0xb
 1192 00b5 49       		.uleb128 0x49
 1193 00b6 13       		.uleb128 0x13
 1194 00b7 02       		.uleb128 0x2
 1195 00b8 17       		.uleb128 0x17
 1196 00b9 00       		.byte	0
 1197 00ba 00       		.byte	0
 1198 00bb 0F       		.uleb128 0xf
 1199 00bc 0F       		.uleb128 0xf
 1200 00bd 00       		.byte	0
 1201 00be 0B       		.uleb128 0xb
 1202 00bf 0B       		.uleb128 0xb
 1203 00c0 49       		.uleb128 0x49
 1204 00c1 13       		.uleb128 0x13
 1205 00c2 00       		.byte	0
 1206 00c3 00       		.byte	0
 1207 00c4 10       		.uleb128 0x10
 1208 00c5 26       		.uleb128 0x26
 1209 00c6 00       		.byte	0
 1210 00c7 49       		.uleb128 0x49
 1211 00c8 13       		.uleb128 0x13
 1212 00c9 00       		.byte	0
 1213 00ca 00       		.byte	0
 1214 00cb 11       		.uleb128 0x11
 1215 00cc 05       		.uleb128 0x5
 1216 00cd 00       		.byte	0
 1217 00ce 03       		.uleb128 0x3
 1218 00cf 08       		.uleb128 0x8
 1219 00d0 3A       		.uleb128 0x3a
 1220 00d1 0B       		.uleb128 0xb
 1221 00d2 3B       		.uleb128 0x3b
 1222 00d3 0B       		.uleb128 0xb
 1223 00d4 49       		.uleb128 0x49
ARM GAS  C:\Users\Jeremias\AppData\Local\Temp\ccTdDQJ0.s 			page 30


 1224 00d5 13       		.uleb128 0x13
 1225 00d6 02       		.uleb128 0x2
 1226 00d7 17       		.uleb128 0x17
 1227 00d8 00       		.byte	0
 1228 00d9 00       		.byte	0
 1229 00da 12       		.uleb128 0x12
 1230 00db 898201   		.uleb128 0x4109
 1231 00de 01       		.byte	0x1
 1232 00df 11       		.uleb128 0x11
 1233 00e0 01       		.uleb128 0x1
 1234 00e1 31       		.uleb128 0x31
 1235 00e2 13       		.uleb128 0x13
 1236 00e3 00       		.byte	0
 1237 00e4 00       		.byte	0
 1238 00e5 13       		.uleb128 0x13
 1239 00e6 8A8201   		.uleb128 0x410a
 1240 00e9 00       		.byte	0
 1241 00ea 02       		.uleb128 0x2
 1242 00eb 18       		.uleb128 0x18
 1243 00ec 9142     		.uleb128 0x2111
 1244 00ee 18       		.uleb128 0x18
 1245 00ef 00       		.byte	0
 1246 00f0 00       		.byte	0
 1247 00f1 14       		.uleb128 0x14
 1248 00f2 898201   		.uleb128 0x4109
 1249 00f5 01       		.byte	0x1
 1250 00f6 11       		.uleb128 0x11
 1251 00f7 01       		.uleb128 0x1
 1252 00f8 31       		.uleb128 0x31
 1253 00f9 13       		.uleb128 0x13
 1254 00fa 01       		.uleb128 0x1
 1255 00fb 13       		.uleb128 0x13
 1256 00fc 00       		.byte	0
 1257 00fd 00       		.byte	0
 1258 00fe 15       		.uleb128 0x15
 1259 00ff 2E       		.uleb128 0x2e
 1260 0100 01       		.byte	0x1
 1261 0101 3F       		.uleb128 0x3f
 1262 0102 19       		.uleb128 0x19
 1263 0103 03       		.uleb128 0x3
 1264 0104 0E       		.uleb128 0xe
 1265 0105 3A       		.uleb128 0x3a
 1266 0106 0B       		.uleb128 0xb
 1267 0107 3B       		.uleb128 0x3b
 1268 0108 05       		.uleb128 0x5
 1269 0109 27       		.uleb128 0x27
 1270 010a 19       		.uleb128 0x19
 1271 010b 11       		.uleb128 0x11
 1272 010c 01       		.uleb128 0x1
 1273 010d 12       		.uleb128 0x12
 1274 010e 06       		.uleb128 0x6
 1275 010f 40       		.uleb128 0x40
 1276 0110 18       		.uleb128 0x18
 1277 0111 9742     		.uleb128 0x2117
 1278 0113 19       		.uleb128 0x19
 1279 0114 01       		.uleb128 0x1
 1280 0115 13       		.uleb128 0x13
ARM GAS  C:\Users\Jeremias\AppData\Local\Temp\ccTdDQJ0.s 			page 31


 1281 0116 00       		.byte	0
 1282 0117 00       		.byte	0
 1283 0118 16       		.uleb128 0x16
 1284 0119 05       		.uleb128 0x5
 1285 011a 00       		.byte	0
 1286 011b 03       		.uleb128 0x3
 1287 011c 0E       		.uleb128 0xe
 1288 011d 3A       		.uleb128 0x3a
 1289 011e 0B       		.uleb128 0xb
 1290 011f 3B       		.uleb128 0x3b
 1291 0120 05       		.uleb128 0x5
 1292 0121 49       		.uleb128 0x49
 1293 0122 13       		.uleb128 0x13
 1294 0123 02       		.uleb128 0x2
 1295 0124 18       		.uleb128 0x18
 1296 0125 00       		.byte	0
 1297 0126 00       		.byte	0
 1298 0127 17       		.uleb128 0x17
 1299 0128 34       		.uleb128 0x34
 1300 0129 00       		.byte	0
 1301 012a 03       		.uleb128 0x3
 1302 012b 0E       		.uleb128 0xe
 1303 012c 3A       		.uleb128 0x3a
 1304 012d 0B       		.uleb128 0xb
 1305 012e 3B       		.uleb128 0x3b
 1306 012f 05       		.uleb128 0x5
 1307 0130 49       		.uleb128 0x49
 1308 0131 13       		.uleb128 0x13
 1309 0132 02       		.uleb128 0x2
 1310 0133 17       		.uleb128 0x17
 1311 0134 00       		.byte	0
 1312 0135 00       		.byte	0
 1313 0136 18       		.uleb128 0x18
 1314 0137 2E       		.uleb128 0x2e
 1315 0138 01       		.byte	0x1
 1316 0139 03       		.uleb128 0x3
 1317 013a 0E       		.uleb128 0xe
 1318 013b 3A       		.uleb128 0x3a
 1319 013c 0B       		.uleb128 0xb
 1320 013d 3B       		.uleb128 0x3b
 1321 013e 05       		.uleb128 0x5
 1322 013f 27       		.uleb128 0x27
 1323 0140 19       		.uleb128 0x19
 1324 0141 11       		.uleb128 0x11
 1325 0142 01       		.uleb128 0x1
 1326 0143 12       		.uleb128 0x12
 1327 0144 06       		.uleb128 0x6
 1328 0145 40       		.uleb128 0x40
 1329 0146 18       		.uleb128 0x18
 1330 0147 9742     		.uleb128 0x2117
 1331 0149 19       		.uleb128 0x19
 1332 014a 01       		.uleb128 0x1
 1333 014b 13       		.uleb128 0x13
 1334 014c 00       		.byte	0
 1335 014d 00       		.byte	0
 1336 014e 19       		.uleb128 0x19
 1337 014f 0B       		.uleb128 0xb
ARM GAS  C:\Users\Jeremias\AppData\Local\Temp\ccTdDQJ0.s 			page 32


 1338 0150 01       		.byte	0x1
 1339 0151 11       		.uleb128 0x11
 1340 0152 01       		.uleb128 0x1
 1341 0153 12       		.uleb128 0x12
 1342 0154 06       		.uleb128 0x6
 1343 0155 01       		.uleb128 0x1
 1344 0156 13       		.uleb128 0x13
 1345 0157 00       		.byte	0
 1346 0158 00       		.byte	0
 1347 0159 1A       		.uleb128 0x1a
 1348 015a 34       		.uleb128 0x34
 1349 015b 00       		.byte	0
 1350 015c 03       		.uleb128 0x3
 1351 015d 0E       		.uleb128 0xe
 1352 015e 3A       		.uleb128 0x3a
 1353 015f 0B       		.uleb128 0xb
 1354 0160 3B       		.uleb128 0x3b
 1355 0161 05       		.uleb128 0x5
 1356 0162 49       		.uleb128 0x49
 1357 0163 13       		.uleb128 0x13
 1358 0164 02       		.uleb128 0x2
 1359 0165 18       		.uleb128 0x18
 1360 0166 00       		.byte	0
 1361 0167 00       		.byte	0
 1362 0168 1B       		.uleb128 0x1b
 1363 0169 13       		.uleb128 0x13
 1364 016a 01       		.byte	0x1
 1365 016b 0B       		.uleb128 0xb
 1366 016c 0B       		.uleb128 0xb
 1367 016d 3A       		.uleb128 0x3a
 1368 016e 0B       		.uleb128 0xb
 1369 016f 3B       		.uleb128 0x3b
 1370 0170 05       		.uleb128 0x5
 1371 0171 01       		.uleb128 0x1
 1372 0172 13       		.uleb128 0x13
 1373 0173 00       		.byte	0
 1374 0174 00       		.byte	0
 1375 0175 1C       		.uleb128 0x1c
 1376 0176 0D       		.uleb128 0xd
 1377 0177 00       		.byte	0
 1378 0178 03       		.uleb128 0x3
 1379 0179 0E       		.uleb128 0xe
 1380 017a 3A       		.uleb128 0x3a
 1381 017b 0B       		.uleb128 0xb
 1382 017c 3B       		.uleb128 0x3b
 1383 017d 05       		.uleb128 0x5
 1384 017e 49       		.uleb128 0x49
 1385 017f 13       		.uleb128 0x13
 1386 0180 38       		.uleb128 0x38
 1387 0181 0B       		.uleb128 0xb
 1388 0182 00       		.byte	0
 1389 0183 00       		.byte	0
 1390 0184 1D       		.uleb128 0x1d
 1391 0185 01       		.uleb128 0x1
 1392 0186 01       		.byte	0x1
 1393 0187 49       		.uleb128 0x49
 1394 0188 13       		.uleb128 0x13
ARM GAS  C:\Users\Jeremias\AppData\Local\Temp\ccTdDQJ0.s 			page 33


 1395 0189 01       		.uleb128 0x1
 1396 018a 13       		.uleb128 0x13
 1397 018b 00       		.byte	0
 1398 018c 00       		.byte	0
 1399 018d 1E       		.uleb128 0x1e
 1400 018e 21       		.uleb128 0x21
 1401 018f 00       		.byte	0
 1402 0190 49       		.uleb128 0x49
 1403 0191 13       		.uleb128 0x13
 1404 0192 2F       		.uleb128 0x2f
 1405 0193 0B       		.uleb128 0xb
 1406 0194 00       		.byte	0
 1407 0195 00       		.byte	0
 1408 0196 1F       		.uleb128 0x1f
 1409 0197 34       		.uleb128 0x34
 1410 0198 00       		.byte	0
 1411 0199 03       		.uleb128 0x3
 1412 019a 08       		.uleb128 0x8
 1413 019b 3A       		.uleb128 0x3a
 1414 019c 0B       		.uleb128 0xb
 1415 019d 3B       		.uleb128 0x3b
 1416 019e 05       		.uleb128 0x5
 1417 019f 49       		.uleb128 0x49
 1418 01a0 13       		.uleb128 0x13
 1419 01a1 02       		.uleb128 0x2
 1420 01a2 17       		.uleb128 0x17
 1421 01a3 00       		.byte	0
 1422 01a4 00       		.byte	0
 1423 01a5 20       		.uleb128 0x20
 1424 01a6 898201   		.uleb128 0x4109
 1425 01a9 00       		.byte	0
 1426 01aa 11       		.uleb128 0x11
 1427 01ab 01       		.uleb128 0x1
 1428 01ac 31       		.uleb128 0x31
 1429 01ad 13       		.uleb128 0x13
 1430 01ae 00       		.byte	0
 1431 01af 00       		.byte	0
 1432 01b0 21       		.uleb128 0x21
 1433 01b1 2E       		.uleb128 0x2e
 1434 01b2 00       		.byte	0
 1435 01b3 3F       		.uleb128 0x3f
 1436 01b4 19       		.uleb128 0x19
 1437 01b5 3C       		.uleb128 0x3c
 1438 01b6 19       		.uleb128 0x19
 1439 01b7 6E       		.uleb128 0x6e
 1440 01b8 0E       		.uleb128 0xe
 1441 01b9 03       		.uleb128 0x3
 1442 01ba 0E       		.uleb128 0xe
 1443 01bb 00       		.byte	0
 1444 01bc 00       		.byte	0
 1445 01bd 22       		.uleb128 0x22
 1446 01be 2E       		.uleb128 0x2e
 1447 01bf 00       		.byte	0
 1448 01c0 3F       		.uleb128 0x3f
 1449 01c1 19       		.uleb128 0x19
 1450 01c2 3C       		.uleb128 0x3c
 1451 01c3 19       		.uleb128 0x19
ARM GAS  C:\Users\Jeremias\AppData\Local\Temp\ccTdDQJ0.s 			page 34


 1452 01c4 6E       		.uleb128 0x6e
 1453 01c5 0E       		.uleb128 0xe
 1454 01c6 03       		.uleb128 0x3
 1455 01c7 0E       		.uleb128 0xe
 1456 01c8 3A       		.uleb128 0x3a
 1457 01c9 0B       		.uleb128 0xb
 1458 01ca 3B       		.uleb128 0x3b
 1459 01cb 0B       		.uleb128 0xb
 1460 01cc 00       		.byte	0
 1461 01cd 00       		.byte	0
 1462 01ce 00       		.byte	0
 1463              		.section	.debug_loc,"",%progbits
 1464              	.Ldebug_loc0:
 1465              	.LLST0:
 1466 0000 02000000 		.4byte	.LVL1
 1467 0004 08000000 		.4byte	.LVL2
 1468 0008 0200     		.2byte	0x2
 1469 000a 30       		.byte	0x30
 1470 000b 9F       		.byte	0x9f
 1471 000c 08000000 		.4byte	.LVL2
 1472 0010 30000000 		.4byte	.LVL11
 1473 0014 0100     		.2byte	0x1
 1474 0016 57       		.byte	0x57
 1475 0017 00000000 		.4byte	0
 1476 001b 00000000 		.4byte	0
 1477              	.LLST1:
 1478 001f 02000000 		.4byte	.LVL1
 1479 0023 08000000 		.4byte	.LVL2
 1480 0027 0200     		.2byte	0x2
 1481 0029 30       		.byte	0x30
 1482 002a 9F       		.byte	0x9f
 1483 002b 08000000 		.4byte	.LVL2
 1484 002f 30000000 		.4byte	.LVL10
 1485 0033 0100     		.2byte	0x1
 1486 0035 55       		.byte	0x55
 1487 0036 00000000 		.4byte	0
 1488 003a 00000000 		.4byte	0
 1489              	.LLST2:
 1490 003e 0C000000 		.4byte	.LVL3
 1491 0042 2C000000 		.4byte	.LVL9
 1492 0046 0100     		.2byte	0x1
 1493 0048 56       		.byte	0x56
 1494 0049 00000000 		.4byte	0
 1495 004d 00000000 		.4byte	0
 1496              	.LLST3:
 1497 0051 0E000000 		.4byte	.LVL4
 1498 0055 24000000 		.4byte	.LVL7
 1499 0059 0100     		.2byte	0x1
 1500 005b 53       		.byte	0x53
 1501 005c 26000000 		.4byte	.LVL8
 1502 0060 2C000000 		.4byte	.LVL9
 1503 0064 0100     		.2byte	0x1
 1504 0066 53       		.byte	0x53
 1505 0067 00000000 		.4byte	0
 1506 006b 00000000 		.4byte	0
 1507              	.LLST4:
 1508 006f 00000000 		.4byte	.LVL12
ARM GAS  C:\Users\Jeremias\AppData\Local\Temp\ccTdDQJ0.s 			page 35


 1509 0073 09000000 		.4byte	.LVL14-1
 1510 0077 0100     		.2byte	0x1
 1511 0079 50       		.byte	0x50
 1512 007a 09000000 		.4byte	.LVL14-1
 1513 007e 0C000000 		.4byte	.LFE0
 1514 0082 0400     		.2byte	0x4
 1515 0084 F3       		.byte	0xf3
 1516 0085 01       		.uleb128 0x1
 1517 0086 50       		.byte	0x50
 1518 0087 9F       		.byte	0x9f
 1519 0088 00000000 		.4byte	0
 1520 008c 00000000 		.4byte	0
 1521              	.LLST5:
 1522 0090 00000000 		.4byte	.LVL12
 1523 0094 06000000 		.4byte	.LVL13
 1524 0098 0100     		.2byte	0x1
 1525 009a 51       		.byte	0x51
 1526 009b 06000000 		.4byte	.LVL13
 1527 009f 09000000 		.4byte	.LVL14-1
 1528 00a3 0100     		.2byte	0x1
 1529 00a5 52       		.byte	0x52
 1530 00a6 09000000 		.4byte	.LVL14-1
 1531 00aa 0C000000 		.4byte	.LFE0
 1532 00ae 0400     		.2byte	0x4
 1533 00b0 F3       		.byte	0xf3
 1534 00b1 01       		.uleb128 0x1
 1535 00b2 51       		.byte	0x51
 1536 00b3 9F       		.byte	0x9f
 1537 00b4 00000000 		.4byte	0
 1538 00b8 00000000 		.4byte	0
 1539              	.LLST6:
 1540 00bc 04000000 		.4byte	.LVL19
 1541 00c0 12000000 		.4byte	.LVL21
 1542 00c4 0100     		.2byte	0x1
 1543 00c6 53       		.byte	0x53
 1544 00c7 14000000 		.4byte	.LVL22
 1545 00cb 1A000000 		.4byte	.LVL23
 1546 00cf 0100     		.2byte	0x1
 1547 00d1 53       		.byte	0x53
 1548 00d2 1A000000 		.4byte	.LVL23
 1549 00d6 1C000000 		.4byte	.LVL24
 1550 00da 0200     		.2byte	0x2
 1551 00dc 72       		.byte	0x72
 1552 00dd 00       		.sleb128 0
 1553 00de 1C000000 		.4byte	.LVL24
 1554 00e2 40000000 		.4byte	.LFE6
 1555 00e6 0100     		.2byte	0x1
 1556 00e8 53       		.byte	0x53
 1557 00e9 00000000 		.4byte	0
 1558 00ed 00000000 		.4byte	0
 1559              	.LLST7:
 1560 00f1 60000000 		.4byte	.LVL28
 1561 00f5 64000000 		.4byte	.LVL29
 1562 00f9 0200     		.2byte	0x2
 1563 00fb 30       		.byte	0x30
 1564 00fc 9F       		.byte	0x9f
 1565 00fd 64000000 		.4byte	.LVL29
ARM GAS  C:\Users\Jeremias\AppData\Local\Temp\ccTdDQJ0.s 			page 36


 1566 0101 82000000 		.4byte	.LVL31
 1567 0105 0100     		.2byte	0x1
 1568 0107 54       		.byte	0x54
 1569 0108 84000000 		.4byte	.LVL32
 1570 010c FE000000 		.4byte	.LVL36
 1571 0110 0100     		.2byte	0x1
 1572 0112 54       		.byte	0x54
 1573 0113 00000000 		.4byte	0
 1574 0117 00000000 		.4byte	0
 1575              	.LLST8:
 1576 011b 64000000 		.4byte	.LVL29
 1577 011f 82000000 		.4byte	.LVL31
 1578 0123 0B00     		.2byte	0xb
 1579 0125 74       		.byte	0x74
 1580 0126 00       		.sleb128 0
 1581 0127 36       		.byte	0x36
 1582 0128 1E       		.byte	0x1e
 1583 0129 03       		.byte	0x3
 1584 012a 00000000 		.4byte	cfg_memset_list.4876
 1585 012e 22       		.byte	0x22
 1586 012f 9F       		.byte	0x9f
 1587 0130 82000000 		.4byte	.LVL31
 1588 0134 84000000 		.4byte	.LVL32
 1589 0138 0B00     		.2byte	0xb
 1590 013a 74       		.byte	0x74
 1591 013b 7F       		.sleb128 -1
 1592 013c 36       		.byte	0x36
 1593 013d 1E       		.byte	0x1e
 1594 013e 03       		.byte	0x3
 1595 013f 00000000 		.4byte	cfg_memset_list.4876
 1596 0143 22       		.byte	0x22
 1597 0144 9F       		.byte	0x9f
 1598 0145 00000000 		.4byte	0
 1599 0149 00000000 		.4byte	0
 1600              		.section	.debug_aranges,"",%progbits
 1601 0000 44000000 		.4byte	0x44
 1602 0004 0200     		.2byte	0x2
 1603 0006 00000000 		.4byte	.Ldebug_info0
 1604 000a 04       		.byte	0x4
 1605 000b 00       		.byte	0
 1606 000c 0000     		.2byte	0
 1607 000e 0000     		.2byte	0
 1608 0010 00000000 		.4byte	.LFB3
 1609 0014 32000000 		.4byte	.LFE3-.LFB3
 1610 0018 00000000 		.4byte	.LFB0
 1611 001c 0C000000 		.4byte	.LFE0-.LFB0
 1612 0020 00000000 		.4byte	.LFB4
 1613 0024 5C000000 		.4byte	.LFE4-.LFB4
 1614 0028 00000000 		.4byte	.LFB6
 1615 002c 40000000 		.4byte	.LFE6-.LFB6
 1616 0030 00000000 		.4byte	.LFB5
 1617 0034 0A000000 		.4byte	.LFE5-.LFB5
 1618 0038 5C000000 		.4byte	.LFB7
 1619 003c DC000000 		.4byte	.LFE7-.LFB7
 1620 0040 00000000 		.4byte	0
 1621 0044 00000000 		.4byte	0
 1622              		.section	.debug_ranges,"",%progbits
ARM GAS  C:\Users\Jeremias\AppData\Local\Temp\ccTdDQJ0.s 			page 37


 1623              	.Ldebug_ranges0:
 1624 0000 00000000 		.4byte	.LFB3
 1625 0004 32000000 		.4byte	.LFE3
 1626 0008 00000000 		.4byte	.LFB0
 1627 000c 0C000000 		.4byte	.LFE0
 1628 0010 00000000 		.4byte	.LFB4
 1629 0014 5C000000 		.4byte	.LFE4
 1630 0018 00000000 		.4byte	.LFB6
 1631 001c 40000000 		.4byte	.LFE6
 1632 0020 00000000 		.4byte	.LFB5
 1633 0024 0A000000 		.4byte	.LFE5
 1634 0028 5C000000 		.4byte	.LFB7
 1635 002c 38010000 		.4byte	.LFE7
 1636 0030 00000000 		.4byte	0
 1637 0034 00000000 		.4byte	0
 1638              		.section	.debug_line,"",%progbits
 1639              	.Ldebug_line0:
 1640 0000 88010000 		.section	.debug_str,"MS",%progbits,1
 1640      0200D600 
 1640      00000201 
 1640      FB0E0D00 
 1640      01010101 
 1641              	.LASF19:
 1642 0000 72656733 		.ascii	"reg32\000"
 1642      3200
 1643              	.LASF12:
 1644 0006 73697A65 		.ascii	"size_t\000"
 1644      5F7400
 1645              	.LASF32:
 1646 000d 416E616C 		.ascii	"AnalogSetDefault\000"
 1646      6F675365 
 1646      74446566 
 1646      61756C74 
 1646      00
 1647              	.LASF42:
 1648 001e 4379496E 		.ascii	"CyIntSetVector\000"
 1648      74536574 
 1648      56656374 
 1648      6F7200
 1649              	.LASF21:
 1650 002d 76616C75 		.ascii	"value\000"
 1650      6500
 1651              	.LASF26:
 1652 0033 636F756E 		.ascii	"count\000"
 1652      7400
 1653              	.LASF29:
 1654 0039 436C6F63 		.ascii	"ClockSetup\000"
 1654      6B536574 
 1654      757000
 1655              	.LASF35:
 1656 0044 63795F63 		.ascii	"cy_cfg_addr_table\000"
 1656      66675F61 
 1656      6464725F 
 1656      7461626C 
 1656      6500
 1657              	.LASF36:
 1658 0056 63795F63 		.ascii	"cy_cfg_data_table\000"
ARM GAS  C:\Users\Jeremias\AppData\Local\Temp\ccTdDQJ0.s 			page 38


 1658      66675F64 
 1658      6174615F 
 1658      7461626C 
 1658      6500
 1659              	.LASF16:
 1660 0068 666C6F61 		.ascii	"float\000"
 1660      7400
 1661              	.LASF40:
 1662 006e 6366675F 		.ascii	"cfg_memset_list\000"
 1662      6D656D73 
 1662      65745F6C 
 1662      69737400 
 1663              	.LASF24:
 1664 007e 64617461 		.ascii	"data_table\000"
 1664      5F746162 
 1664      6C6500
 1665              	.LASF18:
 1666 0089 72656738 		.ascii	"reg8\000"
 1666      00
 1667              	.LASF8:
 1668 008e 6C6F6E67 		.ascii	"long unsigned int\000"
 1668      20756E73 
 1668      69676E65 
 1668      6420696E 
 1668      7400
 1669              	.LASF13:
 1670 00a0 75696E74 		.ascii	"uint8\000"
 1670      3800
 1671              	.LASF28:
 1672 00a6 43594D45 		.ascii	"CYMEMZERO\000"
 1672      4D5A4552 
 1672      4F00
 1673              	.LASF33:
 1674 00b0 53657441 		.ascii	"SetAnalogRoutingPumps\000"
 1674      6E616C6F 
 1674      67526F75 
 1674      74696E67 
 1674      50756D70 
 1675              	.LASF4:
 1676 00c6 756E7369 		.ascii	"unsigned char\000"
 1676      676E6564 
 1676      20636861 
 1676      7200
 1677              	.LASF47:
 1678 00d4 6D656D73 		.ascii	"memset\000"
 1678      657400
 1679              	.LASF17:
 1680 00db 646F7562 		.ascii	"double\000"
 1680      6C6500
 1681              	.LASF27:
 1682 00e2 6366675F 		.ascii	"cfg_write_bytes32\000"
 1682      77726974 
 1682      655F6279 
 1682      74657333 
 1682      3200
 1683              	.LASF43:
 1684 00f4 4379496E 		.ascii	"CyIntEnable\000"
ARM GAS  C:\Users\Jeremias\AppData\Local\Temp\ccTdDQJ0.s 			page 39


 1684      74456E61 
 1684      626C6500 
 1685              	.LASF23:
 1686 0100 61646472 		.ascii	"addr_table\000"
 1686      5F746162 
 1686      6C6500
 1687              	.LASF14:
 1688 010b 75696E74 		.ascii	"uint16\000"
 1688      313600
 1689              	.LASF46:
 1690 0112 443A5C45 		.ascii	"D:\\ESCRITORIO\\Tesis MIB\\Proyecto de Tesis\\elect"
 1690      53435249 
 1690      544F5249 
 1690      4F5C5465 
 1690      73697320 
 1691 0141 726F6573 		.ascii	"roestimulador\\PSoC\\electroestimulador\\Pruebas el"
 1691      74696D75 
 1691      6C61646F 
 1691      725C5053 
 1691      6F435C65 
 1692 0171 65637472 		.ascii	"ectroestimulador\\prueba IDAC.cydsn\000"
 1692      6F657374 
 1692      696D756C 
 1692      61646F72 
 1692      5C707275 
 1693              	.LASF15:
 1694 0194 75696E74 		.ascii	"uint32\000"
 1694      333200
 1695              	.LASF0:
 1696 019b 756E7369 		.ascii	"unsigned int\000"
 1696      676E6564 
 1696      20696E74 
 1696      00
 1697              	.LASF38:
 1698 01a8 73697A65 		.ascii	"size\000"
 1698      00
 1699              	.LASF37:
 1700 01ad 61646472 		.ascii	"address\000"
 1700      65737300 
 1701              	.LASF9:
 1702 01b5 6C6F6E67 		.ascii	"long long unsigned int\000"
 1702      206C6F6E 
 1702      6720756E 
 1702      7369676E 
 1702      65642069 
 1703              	.LASF44:
 1704 01cc 474E5520 		.ascii	"GNU C11 5.4.1 20160609 (release) [ARM/embedded-5-br"
 1704      43313120 
 1704      352E342E 
 1704      31203230 
 1704      31363036 
 1705 01ff 616E6368 		.ascii	"anch revision 237715] -mcpu=cortex-m0 -mthumb -g -O"
 1705      20726576 
 1705      6973696F 
 1705      6E203233 
 1705      37373135 
 1706 0232 67202D66 		.ascii	"g -ffunction-sections -ffat-lto-objects\000"
ARM GAS  C:\Users\Jeremias\AppData\Local\Temp\ccTdDQJ0.s 			page 40


 1706      66756E63 
 1706      74696F6E 
 1706      2D736563 
 1706      74696F6E 
 1707              	.LASF39:
 1708 025a 6366675F 		.ascii	"cfg_memset_t\000"
 1708      6D656D73 
 1708      65745F74 
 1708      00
 1709              	.LASF25:
 1710 0267 62617365 		.ascii	"baseAddr\000"
 1710      41646472 
 1710      00
 1711              	.LASF10:
 1712 0270 73697A65 		.ascii	"sizetype\000"
 1712      74797065 
 1712      00
 1713              	.LASF6:
 1714 0279 73686F72 		.ascii	"short unsigned int\000"
 1714      7420756E 
 1714      7369676E 
 1714      65642069 
 1714      6E7400
 1715              	.LASF1:
 1716 028c 6C6F6E67 		.ascii	"long long int\000"
 1716      206C6F6E 
 1716      6720696E 
 1716      7400
 1717              	.LASF11:
 1718 029a 63686172 		.ascii	"char\000"
 1718      00
 1719              	.LASF22:
 1720 029f 63795F63 		.ascii	"cy_cfg_addrvalue_t\000"
 1720      66675F61 
 1720      64647276 
 1720      616C7565 
 1720      5F7400
 1721              	.LASF20:
 1722 02b2 6F666673 		.ascii	"offset\000"
 1722      657400
 1723              	.LASF30:
 1724 02b9 656E6162 		.ascii	"enabled\000"
 1724      6C656400 
 1725              	.LASF5:
 1726 02c1 73686F72 		.ascii	"short int\000"
 1726      7420696E 
 1726      7400
 1727              	.LASF41:
 1728 02cb 43795379 		.ascii	"CySysClkWriteImoFreq\000"
 1728      73436C6B 
 1728      57726974 
 1728      65496D6F 
 1728      46726571 
 1729              	.LASF34:
 1730 02e0 63796669 		.ascii	"cyfitter_cfg\000"
 1730      74746572 
 1730      5F636667 
ARM GAS  C:\Users\Jeremias\AppData\Local\Temp\ccTdDQJ0.s 			page 41


 1730      00
 1731              	.LASF7:
 1732 02ed 6C6F6E67 		.ascii	"long int\000"
 1732      20696E74 
 1732      00
 1733              	.LASF2:
 1734 02f6 6C6F6E67 		.ascii	"long double\000"
 1734      20646F75 
 1734      626C6500 
 1735              	.LASF3:
 1736 0302 7369676E 		.ascii	"signed char\000"
 1736      65642063 
 1736      68617200 
 1737              	.LASF45:
 1738 030e 47656E65 		.ascii	"Generated_Source\\PSoC4\\cyfitter_cfg.c\000"
 1738      72617465 
 1738      645F536F 
 1738      75726365 
 1738      5C50536F 
 1739              	.LASF31:
 1740 0334 72656756 		.ascii	"regValue\000"
 1740      616C7565 
 1740      00
 1741              		.ident	"GCC: (GNU Tools for ARM Embedded Processors) 5.4.1 20160609 (release) [ARM/embedded-5-bran
