ARM GAS  C:\Users\Jeremias\AppData\Local\Temp\ccMvYsAi.s 			page 1


   1              		.syntax unified
   2              		.cpu cortex-m0
   3              		.fpu softvfp
   4              		.eabi_attribute 20, 1
   5              		.eabi_attribute 21, 1
   6              		.eabi_attribute 23, 3
   7              		.eabi_attribute 24, 1
   8              		.eabi_attribute 25, 1
   9              		.eabi_attribute 26, 1
  10              		.eabi_attribute 30, 1
  11              		.eabi_attribute 34, 0
  12              		.eabi_attribute 18, 4
  13              		.thumb
  14              		.syntax unified
  15              		.file	"main.c"
  16              		.text
  17              	.Ltext0:
  18              		.cfi_sections	.debug_frame
  19              		.section	.text.VAR_IDAC_Handler,"ax",%progbits
  20              		.align	2
  21              		.global	VAR_IDAC_Handler
  22              		.code	16
  23              		.thumb_func
  24              		.type	VAR_IDAC_Handler, %function
  25              	VAR_IDAC_Handler:
  26              	.LFB32:
  27              		.file 1 "main.c"
   1:main.c        **** /* ========================================
   2:main.c        ****  *
   3:main.c        **** Prueba de modulo IDAC
   4:main.c        ****  *
   5:main.c        ****  * ========================================*/
   6:main.c        **** #include "project.h"
   7:main.c        **** 
   8:main.c        **** uint8 I_OUT=0;
   9:main.c        **** CY_ISR(VAR_IDAC_Handler)
  10:main.c        **** {
  28              		.loc 1 10 0
  29              		.cfi_startproc
  30              		@ args = 0, pretend = 0, frame = 0
  31              		@ frame_needed = 0, uses_anonymous_args = 0
  32 0000 10B5     		push	{r4, lr}
  33              		.cfi_def_cfa_offset 8
  34              		.cfi_offset 4, -8
  35              		.cfi_offset 14, -4
  11:main.c        ****     if(I_OUT>=255)
  36              		.loc 1 11 0
  37 0002 094B     		ldr	r3, .L4
  38 0004 1B78     		ldrb	r3, [r3]
  39 0006 FF2B     		cmp	r3, #255
  40 0008 03D1     		bne	.L2
  12:main.c        ****      I_OUT=0;
  41              		.loc 1 12 0
  42 000a 0022     		movs	r2, #0
  43 000c 064B     		ldr	r3, .L4
  44 000e 1A70     		strb	r2, [r3]
  45 0010 02E0     		b	.L3
ARM GAS  C:\Users\Jeremias\AppData\Local\Temp\ccMvYsAi.s 			page 2


  46              	.L2:
  13:main.c        ****     else
  14:main.c        ****      I_OUT=I_OUT+5;
  47              		.loc 1 14 0
  48 0012 0533     		adds	r3, r3, #5
  49 0014 044A     		ldr	r2, .L4
  50 0016 1370     		strb	r3, [r2]
  51              	.L3:
  15:main.c        ****     IDAC_1_SetValue(I_OUT);
  52              		.loc 1 15 0
  53 0018 034B     		ldr	r3, .L4
  54 001a 1878     		ldrb	r0, [r3]
  55 001c FFF7FEFF 		bl	IDAC_1_SetValue
  56              	.LVL0:
  16:main.c        ****     SW1_IDAC_ClearInterrupt();
  57              		.loc 1 16 0
  58 0020 FFF7FEFF 		bl	SW1_IDAC_ClearInterrupt
  59              	.LVL1:
  17:main.c        **** }
  60              		.loc 1 17 0
  61              		@ sp needed
  62 0024 10BD     		pop	{r4, pc}
  63              	.L5:
  64 0026 C046     		.align	2
  65              	.L4:
  66 0028 00000000 		.word	.LANCHOR0
  67              		.cfi_endproc
  68              	.LFE32:
  69              		.size	VAR_IDAC_Handler, .-VAR_IDAC_Handler
  70              		.section	.text.main,"ax",%progbits
  71              		.align	2
  72              		.global	main
  73              		.code	16
  74              		.thumb_func
  75              		.type	main, %function
  76              	main:
  77              	.LFB33:
  18:main.c        **** 
  19:main.c        **** int main()
  20:main.c        **** {
  78              		.loc 1 20 0
  79              		.cfi_startproc
  80              		@ Volatile: function does not return.
  81              		@ args = 0, pretend = 0, frame = 0
  82              		@ frame_needed = 0, uses_anonymous_args = 0
  83 0000 10B5     		push	{r4, lr}
  84              		.cfi_def_cfa_offset 8
  85              		.cfi_offset 4, -8
  86              		.cfi_offset 14, -4
  21:main.c        ****     CyGlobalIntEnable;
  87              		.loc 1 21 0
  88              		.syntax divided
  89              	@ 21 "main.c" 1
  90 0002 62B6     		CPSIE   i
  91              	@ 0 "" 2
  22:main.c        ****     IDAC_1_Start();
  92              		.loc 1 22 0
ARM GAS  C:\Users\Jeremias\AppData\Local\Temp\ccMvYsAi.s 			page 3


  93              		.thumb
  94              		.syntax unified
  95 0004 FFF7FEFF 		bl	IDAC_1_Start
  96              	.LVL2:
  23:main.c        ****     VAR_IDAC_StartEx(VAR_IDAC_Handler);
  97              		.loc 1 23 0
  98 0008 0148     		ldr	r0, .L8
  99 000a FFF7FEFF 		bl	VAR_IDAC_StartEx
 100              	.LVL3:
 101              	.L7:
 102 000e FEE7     		b	.L7
 103              	.L9:
 104              		.align	2
 105              	.L8:
 106 0010 00000000 		.word	VAR_IDAC_Handler
 107              		.cfi_endproc
 108              	.LFE33:
 109              		.size	main, .-main
 110              		.global	I_OUT
 111              		.bss
 112              		.set	.LANCHOR0,. + 0
 113              		.type	I_OUT, %object
 114              		.size	I_OUT, 1
 115              	I_OUT:
 116 0000 00       		.space	1
 117              		.text
 118              	.Letext0:
 119              		.file 2 "Generated_Source\\PSoC4/IDAC_1.h"
 120              		.file 3 "Generated_Source\\PSoC4/SW1_IDAC.h"
 121              		.file 4 "Generated_Source\\PSoC4/VAR_IDAC.h"
 122              		.file 5 "Generated_Source\\PSoC4/cytypes.h"
 123              		.section	.debug_info,"",%progbits
 124              	.Ldebug_info0:
 125 0000 32010000 		.4byte	0x132
 126 0004 0400     		.2byte	0x4
 127 0006 00000000 		.4byte	.Ldebug_abbrev0
 128 000a 04       		.byte	0x4
 129 000b 01       		.uleb128 0x1
 130 000c 51010000 		.4byte	.LASF18
 131 0010 0C       		.byte	0xc
 132 0011 24000000 		.4byte	.LASF19
 133 0015 30000000 		.4byte	.LASF20
 134 0019 00000000 		.4byte	.Ldebug_ranges0+0
 135 001d 00000000 		.4byte	0
 136 0021 00000000 		.4byte	.Ldebug_line0
 137 0025 02       		.uleb128 0x2
 138 0026 01       		.byte	0x1
 139 0027 06       		.byte	0x6
 140 0028 F2010000 		.4byte	.LASF0
 141 002c 02       		.uleb128 0x2
 142 002d 01       		.byte	0x1
 143 002e 08       		.byte	0x8
 144 002f 09010000 		.4byte	.LASF1
 145 0033 02       		.uleb128 0x2
 146 0034 02       		.byte	0x2
 147 0035 05       		.byte	0x5
 148 0036 0A020000 		.4byte	.LASF2
ARM GAS  C:\Users\Jeremias\AppData\Local\Temp\ccMvYsAi.s 			page 4


 149 003a 02       		.uleb128 0x2
 150 003b 02       		.byte	0x2
 151 003c 07       		.byte	0x7
 152 003d DF010000 		.4byte	.LASF3
 153 0041 02       		.uleb128 0x2
 154 0042 04       		.byte	0x4
 155 0043 05       		.byte	0x5
 156 0044 48010000 		.4byte	.LASF4
 157 0048 02       		.uleb128 0x2
 158 0049 04       		.byte	0x4
 159 004a 07       		.byte	0x7
 160 004b C9000000 		.4byte	.LASF5
 161 004f 02       		.uleb128 0x2
 162 0050 08       		.byte	0x8
 163 0051 05       		.byte	0x5
 164 0052 00000000 		.4byte	.LASF6
 165 0056 02       		.uleb128 0x2
 166 0057 08       		.byte	0x8
 167 0058 07       		.byte	0x7
 168 0059 EC000000 		.4byte	.LASF7
 169 005d 03       		.uleb128 0x3
 170 005e 04       		.byte	0x4
 171 005f 05       		.byte	0x5
 172 0060 696E7400 		.ascii	"int\000"
 173 0064 02       		.uleb128 0x2
 174 0065 04       		.byte	0x4
 175 0066 07       		.byte	0x7
 176 0067 14020000 		.4byte	.LASF8
 177 006b 04       		.uleb128 0x4
 178 006c C3000000 		.4byte	.LASF21
 179 0070 05       		.byte	0x5
 180 0071 FB01     		.2byte	0x1fb
 181 0073 2C000000 		.4byte	0x2c
 182 0077 02       		.uleb128 0x2
 183 0078 04       		.byte	0x4
 184 0079 04       		.byte	0x4
 185 007a 03010000 		.4byte	.LASF9
 186 007e 02       		.uleb128 0x2
 187 007f 08       		.byte	0x8
 188 0080 04       		.byte	0x4
 189 0081 41010000 		.4byte	.LASF10
 190 0085 02       		.uleb128 0x2
 191 0086 01       		.byte	0x1
 192 0087 08       		.byte	0x8
 193 0088 17010000 		.4byte	.LASF11
 194 008c 02       		.uleb128 0x2
 195 008d 08       		.byte	0x8
 196 008e 04       		.byte	0x4
 197 008f FE010000 		.4byte	.LASF12
 198 0093 02       		.uleb128 0x2
 199 0094 04       		.byte	0x4
 200 0095 07       		.byte	0x7
 201 0096 21020000 		.4byte	.LASF13
 202 009a 05       		.uleb128 0x5
 203 009b B2000000 		.4byte	.LASF22
 204 009f 01       		.byte	0x1
 205 00a0 09       		.byte	0x9
ARM GAS  C:\Users\Jeremias\AppData\Local\Temp\ccMvYsAi.s 			page 5


 206 00a1 00000000 		.4byte	.LFB32
 207 00a5 2C000000 		.4byte	.LFE32-.LFB32
 208 00a9 01       		.uleb128 0x1
 209 00aa 9C       		.byte	0x9c
 210 00ab C2000000 		.4byte	0xc2
 211 00af 06       		.uleb128 0x6
 212 00b0 20000000 		.4byte	.LVL0
 213 00b4 09010000 		.4byte	0x109
 214 00b8 06       		.uleb128 0x6
 215 00b9 24000000 		.4byte	.LVL1
 216 00bd 14010000 		.4byte	0x114
 217 00c1 00       		.byte	0
 218 00c2 07       		.uleb128 0x7
 219 00c3 2B000000 		.4byte	.LASF23
 220 00c7 01       		.byte	0x1
 221 00c8 13       		.byte	0x13
 222 00c9 5D000000 		.4byte	0x5d
 223 00cd 00000000 		.4byte	.LFB33
 224 00d1 14000000 		.4byte	.LFE33-.LFB33
 225 00d5 01       		.uleb128 0x1
 226 00d6 9C       		.byte	0x9c
 227 00d7 F8000000 		.4byte	0xf8
 228 00db 06       		.uleb128 0x6
 229 00dc 08000000 		.4byte	.LVL2
 230 00e0 1F010000 		.4byte	0x11f
 231 00e4 08       		.uleb128 0x8
 232 00e5 0E000000 		.4byte	.LVL3
 233 00e9 2A010000 		.4byte	0x12a
 234 00ed 09       		.uleb128 0x9
 235 00ee 01       		.uleb128 0x1
 236 00ef 50       		.byte	0x50
 237 00f0 05       		.uleb128 0x5
 238 00f1 03       		.byte	0x3
 239 00f2 00000000 		.4byte	VAR_IDAC_Handler
 240 00f6 00       		.byte	0
 241 00f7 00       		.byte	0
 242 00f8 0A       		.uleb128 0xa
 243 00f9 1E000000 		.4byte	.LASF24
 244 00fd 01       		.byte	0x1
 245 00fe 08       		.byte	0x8
 246 00ff 6B000000 		.4byte	0x6b
 247 0103 05       		.uleb128 0x5
 248 0104 03       		.byte	0x3
 249 0105 00000000 		.4byte	I_OUT
 250 0109 0B       		.uleb128 0xb
 251 010a 0E000000 		.4byte	.LASF14
 252 010e 0E000000 		.4byte	.LASF14
 253 0112 02       		.byte	0x2
 254 0113 54       		.byte	0x54
 255 0114 0B       		.uleb128 0xb
 256 0115 29010000 		.4byte	.LASF15
 257 0119 29010000 		.4byte	.LASF15
 258 011d 03       		.byte	0x3
 259 011e 39       		.byte	0x39
 260 011f 0B       		.uleb128 0xb
 261 0120 1C010000 		.4byte	.LASF16
 262 0124 1C010000 		.4byte	.LASF16
ARM GAS  C:\Users\Jeremias\AppData\Local\Temp\ccMvYsAi.s 			page 6


 263 0128 02       		.byte	0x2
 264 0129 52       		.byte	0x52
 265 012a 0B       		.uleb128 0xb
 266 012b DB000000 		.4byte	.LASF17
 267 012f DB000000 		.4byte	.LASF17
 268 0133 04       		.byte	0x4
 269 0134 18       		.byte	0x18
 270 0135 00       		.byte	0
 271              		.section	.debug_abbrev,"",%progbits
 272              	.Ldebug_abbrev0:
 273 0000 01       		.uleb128 0x1
 274 0001 11       		.uleb128 0x11
 275 0002 01       		.byte	0x1
 276 0003 25       		.uleb128 0x25
 277 0004 0E       		.uleb128 0xe
 278 0005 13       		.uleb128 0x13
 279 0006 0B       		.uleb128 0xb
 280 0007 03       		.uleb128 0x3
 281 0008 0E       		.uleb128 0xe
 282 0009 1B       		.uleb128 0x1b
 283 000a 0E       		.uleb128 0xe
 284 000b 55       		.uleb128 0x55
 285 000c 17       		.uleb128 0x17
 286 000d 11       		.uleb128 0x11
 287 000e 01       		.uleb128 0x1
 288 000f 10       		.uleb128 0x10
 289 0010 17       		.uleb128 0x17
 290 0011 00       		.byte	0
 291 0012 00       		.byte	0
 292 0013 02       		.uleb128 0x2
 293 0014 24       		.uleb128 0x24
 294 0015 00       		.byte	0
 295 0016 0B       		.uleb128 0xb
 296 0017 0B       		.uleb128 0xb
 297 0018 3E       		.uleb128 0x3e
 298 0019 0B       		.uleb128 0xb
 299 001a 03       		.uleb128 0x3
 300 001b 0E       		.uleb128 0xe
 301 001c 00       		.byte	0
 302 001d 00       		.byte	0
 303 001e 03       		.uleb128 0x3
 304 001f 24       		.uleb128 0x24
 305 0020 00       		.byte	0
 306 0021 0B       		.uleb128 0xb
 307 0022 0B       		.uleb128 0xb
 308 0023 3E       		.uleb128 0x3e
 309 0024 0B       		.uleb128 0xb
 310 0025 03       		.uleb128 0x3
 311 0026 08       		.uleb128 0x8
 312 0027 00       		.byte	0
 313 0028 00       		.byte	0
 314 0029 04       		.uleb128 0x4
 315 002a 16       		.uleb128 0x16
 316 002b 00       		.byte	0
 317 002c 03       		.uleb128 0x3
 318 002d 0E       		.uleb128 0xe
 319 002e 3A       		.uleb128 0x3a
ARM GAS  C:\Users\Jeremias\AppData\Local\Temp\ccMvYsAi.s 			page 7


 320 002f 0B       		.uleb128 0xb
 321 0030 3B       		.uleb128 0x3b
 322 0031 05       		.uleb128 0x5
 323 0032 49       		.uleb128 0x49
 324 0033 13       		.uleb128 0x13
 325 0034 00       		.byte	0
 326 0035 00       		.byte	0
 327 0036 05       		.uleb128 0x5
 328 0037 2E       		.uleb128 0x2e
 329 0038 01       		.byte	0x1
 330 0039 3F       		.uleb128 0x3f
 331 003a 19       		.uleb128 0x19
 332 003b 03       		.uleb128 0x3
 333 003c 0E       		.uleb128 0xe
 334 003d 3A       		.uleb128 0x3a
 335 003e 0B       		.uleb128 0xb
 336 003f 3B       		.uleb128 0x3b
 337 0040 0B       		.uleb128 0xb
 338 0041 27       		.uleb128 0x27
 339 0042 19       		.uleb128 0x19
 340 0043 11       		.uleb128 0x11
 341 0044 01       		.uleb128 0x1
 342 0045 12       		.uleb128 0x12
 343 0046 06       		.uleb128 0x6
 344 0047 40       		.uleb128 0x40
 345 0048 18       		.uleb128 0x18
 346 0049 9742     		.uleb128 0x2117
 347 004b 19       		.uleb128 0x19
 348 004c 01       		.uleb128 0x1
 349 004d 13       		.uleb128 0x13
 350 004e 00       		.byte	0
 351 004f 00       		.byte	0
 352 0050 06       		.uleb128 0x6
 353 0051 898201   		.uleb128 0x4109
 354 0054 00       		.byte	0
 355 0055 11       		.uleb128 0x11
 356 0056 01       		.uleb128 0x1
 357 0057 31       		.uleb128 0x31
 358 0058 13       		.uleb128 0x13
 359 0059 00       		.byte	0
 360 005a 00       		.byte	0
 361 005b 07       		.uleb128 0x7
 362 005c 2E       		.uleb128 0x2e
 363 005d 01       		.byte	0x1
 364 005e 3F       		.uleb128 0x3f
 365 005f 19       		.uleb128 0x19
 366 0060 03       		.uleb128 0x3
 367 0061 0E       		.uleb128 0xe
 368 0062 3A       		.uleb128 0x3a
 369 0063 0B       		.uleb128 0xb
 370 0064 3B       		.uleb128 0x3b
 371 0065 0B       		.uleb128 0xb
 372 0066 49       		.uleb128 0x49
 373 0067 13       		.uleb128 0x13
 374 0068 8701     		.uleb128 0x87
 375 006a 19       		.uleb128 0x19
 376 006b 11       		.uleb128 0x11
ARM GAS  C:\Users\Jeremias\AppData\Local\Temp\ccMvYsAi.s 			page 8


 377 006c 01       		.uleb128 0x1
 378 006d 12       		.uleb128 0x12
 379 006e 06       		.uleb128 0x6
 380 006f 40       		.uleb128 0x40
 381 0070 18       		.uleb128 0x18
 382 0071 9742     		.uleb128 0x2117
 383 0073 19       		.uleb128 0x19
 384 0074 01       		.uleb128 0x1
 385 0075 13       		.uleb128 0x13
 386 0076 00       		.byte	0
 387 0077 00       		.byte	0
 388 0078 08       		.uleb128 0x8
 389 0079 898201   		.uleb128 0x4109
 390 007c 01       		.byte	0x1
 391 007d 11       		.uleb128 0x11
 392 007e 01       		.uleb128 0x1
 393 007f 31       		.uleb128 0x31
 394 0080 13       		.uleb128 0x13
 395 0081 00       		.byte	0
 396 0082 00       		.byte	0
 397 0083 09       		.uleb128 0x9
 398 0084 8A8201   		.uleb128 0x410a
 399 0087 00       		.byte	0
 400 0088 02       		.uleb128 0x2
 401 0089 18       		.uleb128 0x18
 402 008a 9142     		.uleb128 0x2111
 403 008c 18       		.uleb128 0x18
 404 008d 00       		.byte	0
 405 008e 00       		.byte	0
 406 008f 0A       		.uleb128 0xa
 407 0090 34       		.uleb128 0x34
 408 0091 00       		.byte	0
 409 0092 03       		.uleb128 0x3
 410 0093 0E       		.uleb128 0xe
 411 0094 3A       		.uleb128 0x3a
 412 0095 0B       		.uleb128 0xb
 413 0096 3B       		.uleb128 0x3b
 414 0097 0B       		.uleb128 0xb
 415 0098 49       		.uleb128 0x49
 416 0099 13       		.uleb128 0x13
 417 009a 3F       		.uleb128 0x3f
 418 009b 19       		.uleb128 0x19
 419 009c 02       		.uleb128 0x2
 420 009d 18       		.uleb128 0x18
 421 009e 00       		.byte	0
 422 009f 00       		.byte	0
 423 00a0 0B       		.uleb128 0xb
 424 00a1 2E       		.uleb128 0x2e
 425 00a2 00       		.byte	0
 426 00a3 3F       		.uleb128 0x3f
 427 00a4 19       		.uleb128 0x19
 428 00a5 3C       		.uleb128 0x3c
 429 00a6 19       		.uleb128 0x19
 430 00a7 6E       		.uleb128 0x6e
 431 00a8 0E       		.uleb128 0xe
 432 00a9 03       		.uleb128 0x3
 433 00aa 0E       		.uleb128 0xe
ARM GAS  C:\Users\Jeremias\AppData\Local\Temp\ccMvYsAi.s 			page 9


 434 00ab 3A       		.uleb128 0x3a
 435 00ac 0B       		.uleb128 0xb
 436 00ad 3B       		.uleb128 0x3b
 437 00ae 0B       		.uleb128 0xb
 438 00af 00       		.byte	0
 439 00b0 00       		.byte	0
 440 00b1 00       		.byte	0
 441              		.section	.debug_aranges,"",%progbits
 442 0000 24000000 		.4byte	0x24
 443 0004 0200     		.2byte	0x2
 444 0006 00000000 		.4byte	.Ldebug_info0
 445 000a 04       		.byte	0x4
 446 000b 00       		.byte	0
 447 000c 0000     		.2byte	0
 448 000e 0000     		.2byte	0
 449 0010 00000000 		.4byte	.LFB32
 450 0014 2C000000 		.4byte	.LFE32-.LFB32
 451 0018 00000000 		.4byte	.LFB33
 452 001c 14000000 		.4byte	.LFE33-.LFB33
 453 0020 00000000 		.4byte	0
 454 0024 00000000 		.4byte	0
 455              		.section	.debug_ranges,"",%progbits
 456              	.Ldebug_ranges0:
 457 0000 00000000 		.4byte	.LFB32
 458 0004 2C000000 		.4byte	.LFE32
 459 0008 00000000 		.4byte	.LFB33
 460 000c 14000000 		.4byte	.LFE33
 461 0010 00000000 		.4byte	0
 462 0014 00000000 		.4byte	0
 463              		.section	.debug_line,"",%progbits
 464              	.Ldebug_line0:
 465 0000 96000000 		.section	.debug_str,"MS",%progbits,1
 465      02006900 
 465      00000201 
 465      FB0E0D00 
 465      01010101 
 466              	.LASF6:
 467 0000 6C6F6E67 		.ascii	"long long int\000"
 467      206C6F6E 
 467      6720696E 
 467      7400
 468              	.LASF14:
 469 000e 49444143 		.ascii	"IDAC_1_SetValue\000"
 469      5F315F53 
 469      65745661 
 469      6C756500 
 470              	.LASF24:
 471 001e 495F4F55 		.ascii	"I_OUT\000"
 471      5400
 472              	.LASF19:
 473 0024 6D61696E 		.ascii	"main.c\000"
 473      2E6300
 474              	.LASF23:
 475 002b 6D61696E 		.ascii	"main\000"
 475      00
 476              	.LASF20:
 477 0030 443A5C45 		.ascii	"D:\\ESCRITORIO\\Tesis MIB\\Proyecto de Tesis\\elect"
ARM GAS  C:\Users\Jeremias\AppData\Local\Temp\ccMvYsAi.s 			page 10


 477      53435249 
 477      544F5249 
 477      4F5C5465 
 477      73697320 
 478 005f 726F6573 		.ascii	"roestimulador\\PSoC\\electroestimulador\\Pruebas el"
 478      74696D75 
 478      6C61646F 
 478      725C5053 
 478      6F435C65 
 479 008f 65637472 		.ascii	"ectroestimulador\\prueba IDAC.cydsn\000"
 479      6F657374 
 479      696D756C 
 479      61646F72 
 479      5C707275 
 480              	.LASF22:
 481 00b2 5641525F 		.ascii	"VAR_IDAC_Handler\000"
 481      49444143 
 481      5F48616E 
 481      646C6572 
 481      00
 482              	.LASF21:
 483 00c3 75696E74 		.ascii	"uint8\000"
 483      3800
 484              	.LASF5:
 485 00c9 6C6F6E67 		.ascii	"long unsigned int\000"
 485      20756E73 
 485      69676E65 
 485      6420696E 
 485      7400
 486              	.LASF17:
 487 00db 5641525F 		.ascii	"VAR_IDAC_StartEx\000"
 487      49444143 
 487      5F537461 
 487      72744578 
 487      00
 488              	.LASF7:
 489 00ec 6C6F6E67 		.ascii	"long long unsigned int\000"
 489      206C6F6E 
 489      6720756E 
 489      7369676E 
 489      65642069 
 490              	.LASF9:
 491 0103 666C6F61 		.ascii	"float\000"
 491      7400
 492              	.LASF1:
 493 0109 756E7369 		.ascii	"unsigned char\000"
 493      676E6564 
 493      20636861 
 493      7200
 494              	.LASF11:
 495 0117 63686172 		.ascii	"char\000"
 495      00
 496              	.LASF16:
 497 011c 49444143 		.ascii	"IDAC_1_Start\000"
 497      5F315F53 
 497      74617274 
 497      00
ARM GAS  C:\Users\Jeremias\AppData\Local\Temp\ccMvYsAi.s 			page 11


 498              	.LASF15:
 499 0129 5357315F 		.ascii	"SW1_IDAC_ClearInterrupt\000"
 499      49444143 
 499      5F436C65 
 499      6172496E 
 499      74657272 
 500              	.LASF10:
 501 0141 646F7562 		.ascii	"double\000"
 501      6C6500
 502              	.LASF4:
 503 0148 6C6F6E67 		.ascii	"long int\000"
 503      20696E74 
 503      00
 504              	.LASF18:
 505 0151 474E5520 		.ascii	"GNU C11 5.4.1 20160609 (release) [ARM/embedded-5-br"
 505      43313120 
 505      352E342E 
 505      31203230 
 505      31363036 
 506 0184 616E6368 		.ascii	"anch revision 237715] -mcpu=cortex-m0 -mthumb -g -O"
 506      20726576 
 506      6973696F 
 506      6E203233 
 506      37373135 
 507 01b7 67202D66 		.ascii	"g -ffunction-sections -ffat-lto-objects\000"
 507      66756E63 
 507      74696F6E 
 507      2D736563 
 507      74696F6E 
 508              	.LASF3:
 509 01df 73686F72 		.ascii	"short unsigned int\000"
 509      7420756E 
 509      7369676E 
 509      65642069 
 509      6E7400
 510              	.LASF0:
 511 01f2 7369676E 		.ascii	"signed char\000"
 511      65642063 
 511      68617200 
 512              	.LASF12:
 513 01fe 6C6F6E67 		.ascii	"long double\000"
 513      20646F75 
 513      626C6500 
 514              	.LASF2:
 515 020a 73686F72 		.ascii	"short int\000"
 515      7420696E 
 515      7400
 516              	.LASF8:
 517 0214 756E7369 		.ascii	"unsigned int\000"
 517      676E6564 
 517      20696E74 
 517      00
 518              	.LASF13:
 519 0221 73697A65 		.ascii	"sizetype\000"
 519      74797065 
 519      00
 520              		.ident	"GCC: (GNU Tools for ARM Embedded Processors) 5.4.1 20160609 (release) [ARM/embedded-5-bran
ARM GAS  C:\Users\Jeremias\AppData\Local\Temp\ccMvYsAi.s 			page 12


