Drill report for Puente_H.kicad_pcb
Created on 5/11/2023 23:47:38

Copper Layer Stackup:
    =============================================================
    L1 :  F.Cu                      front
    L2 :  B.Cu                      back


Drill file 'Puente_H-PTH.drl' contains
    plated through holes:
    =============================================================
    T1  0,700mm  0,0276"  (10 holes)
    T2  0,800mm  0,0315"  (157 holes)
    T3  0,810mm  0,0319"  (4 holes)
    T4  1,100mm  0,0433"  (27 holes)
    T5  1,200mm  0,0472"  (4 holes)
    T6  1,520mm  0,0598"  (11 holes)
    T7  3,000mm  0,1181"  (3 holes)

    Total plated holes count 216


Drill file 'Puente_H-NPTH.drl' contains
    unplated through holes:
    =============================================================

    Total unplated holes count 0
