--------------- Rebuild Started: 11/30/2022 03:58:09 Project: Prueba de sensor FSR, Configuration: ARM GCC 5.4-2016-q2-update Debug ---------------
Deleting file ".\CortexM0\ARM_GCC_541\Debug\Prueba de sensor FSR.hex"
Deleting file ".\Prueba de sensor FSR.rpt"
cydsfit.exe -.appdatapath "C:\Users\Jeremias\AppData\Local\Cypress Semiconductor\PSoC Creator\4.4" -.fdsnotice -.fdswarpdepfile=warp_dependencies.txt -.fdselabdepfile=elab_dependencies.txt -.fdsbldfile=generated_files.txt -.fdsreffile=referenced_files.txt -p "D:\Tesis MIB\Proyecto de Tesis\TESIS - Desarrollo\PSoC\electroestimulador\WorkspaceMIB2\Prueba de sensor FSR.cydsn\Prueba de sensor FSR.cyprj" -d CY8C4245AXI-483 -s "D:\Tesis MIB\Proyecto de Tesis\TESIS - Desarrollo\PSoC\electroestimulador\WorkspaceMIB2\Prueba de sensor FSR.cydsn\Generated_Source\PSoC4" -- -yv2 -q10 -ygs -o2 -v3 -.fftcfgtype=LE
Elaborating Design...
HDL Generation...
Synthesis...
Tech Mapping...
Analog Placement...
Warning: apr.M0093: Opamp \Opamp_1:cy_psoc4_abuf\ output pin Pin_3(0) is fixed in an incompatible location [IOP=(1)][IoId=(6)] (App=cydsfit)
Analog Routing...
Info: apr.M0021: 
      Failed to route net "Net_398".
      Error: No valid route exists
      Ports:              analog_term
             vout10
      Sources:              CTB0.OA0.vout10
      Targets:              USERIO Pin_3(0)
     (App=cydsfit)
Error: apr.M0003: Unable to find a solution for the analog routing. (App=cydsfit)
Dependency Generation...
Cleanup...
Error: fit.M0050: The fitter aborted due to errors, please address all errors and rebuild. (App=cydsfit)
--------------- Rebuild Failed: 11/30/2022 03:58:15 ---------------
